2023-07-05 21:33:55,422 -  [BaseWing] the length is 0.10559576566307186
2023-07-05 21:33:55,423 -  [BaseWing] the chord of root is 0.013679980005579979
2023-07-05 21:33:55,423 -  [BaseWing] the chord of tip is 0.009028786803682786
2023-07-05 21:33:55,423 -  [BaseWing] the length is 0.10559576566307186
2023-07-05 21:33:55,424 -  [BaseWing] the chord of root is 0.013679980005579979
2023-07-05 21:33:55,424 -  [BaseWing] the chord of tip is 0.009028786803682786
2023-07-05 21:33:55,562 -  [BaseBLDC] right target amplitude is 1.04719755119660
2023-07-05 21:33:55,562 -  [BaseBLDC] left target amplitude is 1.04719755119660
2023-07-05 21:33:55,674 -  [BaseBLDC] right stroke amp is 0.10472396019045871
2023-07-05 21:33:55,675 -  [BaseBLDC] left stroke amp is 1.0471975511965976
2023-07-05 21:33:55,678 -  [BaseBLDC] right target amplitude is 1.04645353607079
2023-07-05 21:33:55,678 -  [BaseBLDC] left target amplitude is 1.04645353607079
2023-07-05 21:33:55,786 -  [BaseBLDC] right stroke amp is 0.19889671664580055
2023-07-05 21:33:55,786 -  [BaseBLDC] left stroke amp is 2.206555929590116
2023-07-05 21:33:55,789 -  [BaseBLDC] right target amplitude is 1.04422254791229
2023-07-05 21:33:55,789 -  [BaseBLDC] left target amplitude is 1.04422254791229
2023-07-05 21:33:55,897 -  [BaseBLDC] right stroke amp is 0.28342315413341135
2023-07-05 21:33:55,897 -  [BaseBLDC] left stroke amp is 2.202524898920054
2023-07-05 21:33:55,900 -  [BaseBLDC] right target amplitude is 1.04050775687551
2023-07-05 21:33:55,900 -  [BaseBLDC] left target amplitude is 1.04050775687551
2023-07-05 21:33:56,008 -  [BaseBLDC] right stroke amp is 0.35912551031761214
2023-07-05 21:33:56,008 -  [BaseBLDC] left stroke amp is 1.0364676870887055
2023-07-05 21:33:56,011 -  [BaseBLDC] right target amplitude is 1.03531444154575
2023-07-05 21:33:56,011 -  [BaseBLDC] left target amplitude is 1.03531444154575
2023-07-05 21:33:56,120 -  [BaseBLDC] right stroke amp is 0.42674436377441194
2023-07-05 21:33:56,121 -  [BaseBLDC] left stroke amp is -0.1330551569858489
2023-07-05 21:33:56,123 -  [BaseBLDC] right target amplitude is 1.02864998143846
2023-07-05 21:33:56,124 -  [BaseBLDC] left target amplitude is 1.02864998143846
2023-07-05 21:33:56,231 -  [BaseBLDC] right stroke amp is 0.48693965974347225
2023-07-05 21:33:56,231 -  [BaseBLDC] left stroke amp is -0.14197874588241388
2023-07-05 21:33:56,234 -  [BaseBLDC] right target amplitude is 1.02052384651324
2023-07-05 21:33:56,234 -  [BaseBLDC] left target amplitude is 1.02052384651324
2023-07-05 21:33:56,342 -  [BaseBLDC] right stroke amp is 0.5403028523888715
2023-07-05 21:33:56,342 -  [BaseBLDC] left stroke amp is 0.8760455271561368
2023-07-05 21:33:56,345 -  [BaseBLDC] right target amplitude is 1.01094758371736
2023-07-05 21:33:56,345 -  [BaseBLDC] left target amplitude is 1.01094758371736
2023-07-05 21:33:56,454 -  [BaseBLDC] right stroke amp is 0.5873678686980569
2023-07-05 21:33:56,454 -  [BaseBLDC] left stroke amp is 2.0302462971068853
2023-07-05 21:33:56,457 -  [BaseBLDC] right target amplitude is 0.999934800577948
2023-07-05 21:33:56,457 -  [BaseBLDC] left target amplitude is 0.999934800577948
2023-07-05 21:33:56,564 -  [BaseBLDC] right stroke amp is 0.6286198386406499
2023-07-05 21:33:56,564 -  [BaseBLDC] left stroke amp is 2.1561319177173344
2023-07-05 21:33:56,567 -  [BaseBLDC] right target amplitude is 0.987501145866170
2023-07-05 21:33:56,567 -  [BaseBLDC] left target amplitude is 0.987501145866170
2023-07-05 21:33:56,675 -  [BaseBLDC] right stroke amp is 0.6645025431813707
2023-07-05 21:33:56,675 -  [BaseBLDC] left stroke amp is 1.1133949353583343
2023-07-05 21:33:56,678 -  [BaseBLDC] right target amplitude is 0.973664287360898
2023-07-05 21:33:56,678 -  [BaseBLDC] left target amplitude is 0.973664287360898
2023-07-05 21:33:56,786 -  [BaseBLDC] right stroke amp is 0.6954180444175521
2023-07-05 21:33:56,786 -  [BaseBLDC] left stroke amp is -0.06950154261113073
2023-07-05 21:33:56,789 -  [BaseBLDC] right target amplitude is 0.958443886743414
2023-07-05 21:33:56,789 -  [BaseBLDC] left target amplitude is 0.958443886743414
2023-07-05 21:33:56,897 -  [BaseBLDC] right stroke amp is 0.7217256842604727
2023-07-05 21:33:56,897 -  [BaseBLDC] left stroke amp is -0.2240005389549822
2023-07-05 21:33:56,900 -  [BaseBLDC] right target amplitude is 0.941861571658857
2023-07-05 21:33:56,900 -  [BaseBLDC] left target amplitude is 0.941861571658857
2023-07-05 21:33:57,009 -  [BaseBLDC] right stroke amp is 0.7437447289064525
2023-07-05 21:33:57,010 -  [BaseBLDC] left stroke amp is 0.7879884208132322
2023-07-05 21:33:57,012 -  [BaseBLDC] right target amplitude is 0.923940904984112
2023-07-05 21:33:57,013 -  [BaseBLDC] left target amplitude is 0.923940904984112
2023-07-05 21:33:57,120 -  [BaseBLDC] right stroke amp is 0.7617651770375591
2023-07-05 21:33:57,120 -  [BaseBLDC] left stroke amp is 1.995179195703604
2023-07-05 21:33:57,123 -  [BaseBLDC] right target amplitude is 0.904707351345790
2023-07-05 21:33:57,123 -  [BaseBLDC] left target amplitude is 0.904707351345790
2023-07-05 21:33:57,232 -  [BaseBLDC] right stroke amp is 0.7760546543131442
2023-07-05 21:33:57,232 -  [BaseBLDC] left stroke amp is 2.110899054046145
2023-07-05 21:33:57,235 -  [BaseBLDC] right target amplitude is 0.884188240935905
2023-07-05 21:33:57,235 -  [BaseBLDC] left target amplitude is 0.884188240935905
2023-07-05 21:33:57,343 -  [BaseBLDC] right stroke amp is 0.786861839524518
2023-07-05 21:33:57,343 -  [BaseBLDC] left stroke amp is 0.8146569129949912
2023-07-05 21:33:57,346 -  [BaseBLDC] right target amplitude is 0.862412730676639
2023-07-05 21:33:57,346 -  [BaseBLDC] left target amplitude is 0.862412730676639
2023-07-05 21:33:57,454 -  [BaseBLDC] right stroke amp is 0.7944171754520994
2023-07-05 21:33:57,455 -  [BaseBLDC] left stroke amp is -0.43235446119789334
2023-07-05 21:33:57,457 -  [BaseBLDC] right target amplitude is 0.839411762789393
2023-07-05 21:33:57,458 -  [BaseBLDC] left target amplitude is 0.839411762789393
2023-07-05 21:33:57,565 -  [BaseBLDC] right stroke amp is 0.7989231806868774
2023-07-05 21:33:57,565 -  [BaseBLDC] left stroke amp is -0.405135149949013
2023-07-05 21:33:57,568 -  [BaseBLDC] right target amplitude is 0.815218020826987
2023-07-05 21:33:57,568 -  [BaseBLDC] left target amplitude is 0.815218020826987
2023-07-05 21:33:57,677 -  [BaseBLDC] right stroke amp is 0.8005589334312426
2023-07-05 21:33:57,677 -  [BaseBLDC] left stroke amp is 0.8424385321830337
2023-07-05 21:33:57,680 -  [BaseBLDC] right target amplitude is 0.789865883231501
2023-07-05 21:33:57,680 -  [BaseBLDC] left target amplitude is 0.789865883231501
2023-07-05 21:33:57,789 -  [BaseBLDC] right stroke amp is 0.7994893643650652
2023-07-05 21:33:57,789 -  [BaseBLDC] left stroke amp is 2.0388027852031243
2023-07-05 21:33:57,792 -  [BaseBLDC] right target amplitude is 0.763391374483726
2023-07-05 21:33:57,792 -  [BaseBLDC] left target amplitude is 0.763391374483726
2023-07-05 21:33:57,899 -  [BaseBLDC] right stroke amp is 0.7958737452848574
2023-07-05 21:33:57,899 -  [BaseBLDC] left stroke amp is 1.9616636687643378
2023-07-05 21:33:57,902 -  [BaseBLDC] right target amplitude is 0.735832113913662
2023-07-05 21:33:57,902 -  [BaseBLDC] left target amplitude is 0.735832113913662
2023-07-05 21:33:58,010 -  [BaseBLDC] right stroke amp is 0.7898631215887749
2023-07-05 21:33:58,010 -  [BaseBLDC] left stroke amp is 0.7550837719975392
2023-07-05 21:33:58,013 -  [BaseBLDC] right target amplitude is 0.707227262244792
2023-07-05 21:33:58,013 -  [BaseBLDC] left target amplitude is 0.707227262244792
2023-07-05 21:33:58,120 -  [BaseBLDC] right stroke amp is 0.781599264586904
2023-07-05 21:33:58,120 -  [BaseBLDC] left stroke amp is -0.5015981025340017
2023-07-05 21:33:58,123 -  [BaseBLDC] right target amplitude is 0.677617465948086
2023-07-05 21:33:58,123 -  [BaseBLDC] left target amplitude is 0.677617465948086
2023-07-05 21:33:58,229 -  [BaseBLDC] right stroke amp is 0.7712063477906378
2023-07-05 21:33:58,229 -  [BaseBLDC] left stroke amp is -0.5805684855106525
2023-07-05 21:33:58,232 -  [BaseBLDC] right target amplitude is 0.647044799484823
2023-07-05 21:33:58,232 -  [BaseBLDC] left target amplitude is 0.647044799484823
2023-07-05 21:33:58,338 -  [BaseBLDC] right stroke amp is 0.7587963559492933
2023-07-05 21:33:58,338 -  [BaseBLDC] left stroke amp is 0.3906938079865724
2023-07-05 21:33:58,341 -  [BaseBLDC] right target amplitude is 0.615552705520273
2023-07-05 21:33:58,341 -  [BaseBLDC] left target amplitude is 0.615552705520273
2023-07-05 21:33:58,448 -  [BaseBLDC] right stroke amp is 0.7444730989091833
2023-07-05 21:33:58,448 -  [BaseBLDC] left stroke amp is 1.587039542532867
2023-07-05 21:33:58,451 -  [BaseBLDC] right target amplitude is 0.583185933193230
2023-07-05 21:33:58,451 -  [BaseBLDC] left target amplitude is 0.583185933193230
2023-07-05 21:33:58,559 -  [BaseBLDC] right stroke amp is 0.7283394994926821
2023-07-05 21:33:58,559 -  [BaseBLDC] left stroke amp is 1.7796817604840198
2023-07-05 21:33:58,562 -  [BaseBLDC] right target amplitude is 0.549990474529080
2023-07-05 21:33:58,562 -  [BaseBLDC] left target amplitude is 0.549990474529080
2023-07-05 21:33:58,671 -  [BaseBLDC] right stroke amp is 0.7104990364225993
2023-07-05 21:33:58,671 -  [BaseBLDC] left stroke amp is 0.7507893134920953
2023-07-05 21:33:58,674 -  [BaseBLDC] right target amplitude is 0.516013499086778
2023-07-05 21:33:58,674 -  [BaseBLDC] left target amplitude is 0.516013499086778
2023-07-05 21:33:58,782 -  [BaseBLDC] right stroke amp is 0.6910492968467719
2023-07-05 21:33:58,783 -  [BaseBLDC] left stroke amp is -0.802513416639077
2023-07-05 21:33:58,785 -  [BaseBLDC] right target amplitude is 0.481303286932590
2023-07-05 21:33:58,785 -  [BaseBLDC] left target amplitude is 0.481303286932590
2023-07-05 21:33:58,894 -  [BaseBLDC] right stroke amp is 0.6700810640257296
2023-07-05 21:33:58,894 -  [BaseBLDC] left stroke amp is -1.071015827092654
2023-07-05 21:33:58,897 -  [BaseBLDC] right target amplitude is 0.445909160035849
2023-07-05 21:33:58,897 -  [BaseBLDC] left target amplitude is 0.445909160035849
2023-07-05 21:33:59,006 -  [BaseBLDC] right stroke amp is 0.6476720089387642
2023-07-05 21:33:59,007 -  [BaseBLDC] left stroke amp is 0.1774604356598568
2023-07-05 21:33:59,009 -  [BaseBLDC] right target amplitude is 0.409881412184201
2023-07-05 21:33:59,009 -  [BaseBLDC] left target amplitude is 0.409881412184201
2023-07-05 21:33:59,118 -  [BaseBLDC] right stroke amp is 0.623894178589278
2023-07-05 21:33:59,118 -  [BaseBLDC] left stroke amp is 1.658517816230629
2023-07-05 21:33:59,121 -  [BaseBLDC] right target amplitude is 0.373271237517931
2023-07-05 21:33:59,121 -  [BaseBLDC] left target amplitude is 0.373271237517931
2023-07-05 21:33:59,229 -  [BaseBLDC] right stroke amp is 0.5988265308170437
2023-07-05 21:33:59,229 -  [BaseBLDC] left stroke amp is 1.8539287208610782
2023-07-05 21:33:59,232 -  [BaseBLDC] right target amplitude is 0.336130657784932
2023-07-05 21:33:59,232 -  [BaseBLDC] left target amplitude is 0.336130657784932
2023-07-05 21:33:59,341 -  [BaseBLDC] right stroke amp is 0.572548690879691
2023-07-05 21:33:59,341 -  [BaseBLDC] left stroke amp is 0.3708034295599405
2023-07-05 21:33:59,344 -  [BaseBLDC] right target amplitude is 0.298512448419653
2023-07-05 21:33:59,344 -  [BaseBLDC] left target amplitude is 0.298512448419653
2023-07-05 21:33:59,452 -  [BaseBLDC] right stroke amp is 0.5451447497017455
2023-07-05 21:33:59,452 -  [BaseBLDC] left stroke amp is -1.1831502891688581
2023-07-05 21:33:59,455 -  [BaseBLDC] right target amplitude is 0.260470063551113
2023-07-05 21:33:59,455 -  [BaseBLDC] left target amplitude is 0.260470063551113
2023-07-05 21:33:59,563 -  [BaseBLDC] right stroke amp is 0.5166837199439347
2023-07-05 21:33:59,563 -  [BaseBLDC] left stroke amp is -1.2913765169712017
2023-07-05 21:33:59,566 -  [BaseBLDC] right target amplitude is 0.222057560046490
2023-07-05 21:33:59,566 -  [BaseBLDC] left target amplitude is 0.222057560046490
2023-07-05 21:33:59,675 -  [BaseBLDC] right stroke amp is 0.48722928456987596
2023-07-05 21:33:59,675 -  [BaseBLDC] left stroke amp is -0.14837249335738756
2023-07-05 21:33:59,678 -  [BaseBLDC] right target amplitude is 0.183329520698255
2023-07-05 21:33:59,678 -  [BaseBLDC] left target amplitude is 0.183329520698255
2023-07-05 21:33:59,786 -  [BaseBLDC] right stroke amp is 0.45684103169472734
2023-07-05 21:33:59,786 -  [BaseBLDC] left stroke amp is 1.3279234323566098
2023-07-05 21:33:59,789 -  [BaseBLDC] right target amplitude is 0.144340976663988
2023-07-05 21:33:59,789 -  [BaseBLDC] left target amplitude is 0.144340976663988
2023-07-05 21:33:59,897 -  [BaseBLDC] right stroke amp is 0.42558580565219806
2023-07-05 21:33:59,897 -  [BaseBLDC] left stroke amp is 1.6214552282874766
2023-07-05 21:33:59,900 -  [BaseBLDC] right target amplitude is 0.105147329269070
2023-07-05 21:33:59,900 -  [BaseBLDC] left target amplitude is 0.105147329269070
2023-07-05 21:34:00,008 -  [BaseBLDC] right stroke amp is 0.39353419060248584
2023-07-05 21:34:00,009 -  [BaseBLDC] left stroke amp is 0.5359467841419989
2023-07-05 21:34:00,012 -  [BaseBLDC] right target amplitude is 0.0658042712833928
2023-07-05 21:34:00,013 -  [BaseBLDC] left target amplitude is 0.0658042712833928
2023-07-05 21:34:00,120 -  [BaseBLDC] right stroke amp is 0.360758834742124
2023-07-05 21:34:00,120 -  [BaseBLDC] left stroke amp is -1.0207868270178897
2023-07-05 21:34:00,123 -  [BaseBLDC] right target amplitude is 0.0263677077839345
2023-07-05 21:34:00,123 -  [BaseBLDC] left target amplitude is 0.0263677077839345
2023-07-05 21:34:00,230 -  [BaseBLDC] right stroke amp is 0.32732463683017377
2023-07-05 21:34:00,230 -  [BaseBLDC] left stroke amp is -1.5306338958873495
2023-07-05 21:34:00,233 -  [BaseBLDC] right target amplitude is -0.0131063232843514
2023-07-05 21:34:00,233 -  [BaseBLDC] left target amplitude is -0.0131063232843514
2023-07-05 21:34:00,342 -  [BaseBLDC] right stroke amp is 0.29328825849525536
2023-07-05 21:34:00,343 -  [BaseBLDC] left stroke amp is -0.49417371183431213
2023-07-05 21:34:00,345 -  [BaseBLDC] right target amplitude is -0.0525617307364418
2023-07-05 21:34:00,346 -  [BaseBLDC] left target amplitude is -0.0525617307364418
2023-07-05 21:34:00,452 -  [BaseBLDC] right stroke amp is 0.25870551738841746
2023-07-05 21:34:00,452 -  [BaseBLDC] left stroke amp is 0.8221535098411259
2023-07-05 21:34:00,455 -  [BaseBLDC] right target amplitude is -0.0919424498508024
2023-07-05 21:34:00,455 -  [BaseBLDC] left target amplitude is -0.0919424498508024
2023-07-05 21:34:00,564 -  [BaseBLDC] right stroke amp is 0.22363635153925346
2023-07-05 21:34:00,564 -  [BaseBLDC] left stroke amp is 1.2243481846593995
2023-07-05 21:34:00,567 -  [BaseBLDC] right target amplitude is -0.131192522035345
2023-07-05 21:34:00,567 -  [BaseBLDC] left target amplitude is -0.131192522035345
2023-07-05 21:34:00,675 -  [BaseBLDC] right stroke amp is 0.1881468578881675
2023-07-05 21:34:00,675 -  [BaseBLDC] left stroke amp is 0.2886306055052211
2023-07-05 21:34:00,678 -  [BaseBLDC] right target amplitude is -0.170256174342578
2023-07-05 21:34:00,678 -  [BaseBLDC] left target amplitude is -0.170256174342578
2023-07-05 21:34:00,787 -  [BaseBLDC] right stroke amp is 0.1523040326165484
2023-07-05 21:34:00,787 -  [BaseBLDC] left stroke amp is -1.1073409095676876
2023-07-05 21:34:00,790 -  [BaseBLDC] right target amplitude is -0.209077898720959
2023-07-05 21:34:00,791 -  [BaseBLDC] left target amplitude is -0.209077898720959
2023-07-05 21:34:00,898 -  [BaseBLDC] right stroke amp is 0.1161696161420056
2023-07-05 21:34:00,898 -  [BaseBLDC] left stroke amp is -1.6042790275984367
2023-07-05 21:34:00,901 -  [BaseBLDC] right target amplitude is -0.247602530889847
2023-07-05 21:34:00,901 -  [BaseBLDC] left target amplitude is -0.247602530889847
2023-07-05 21:34:01,009 -  [BaseBLDC] right stroke amp is 0.07979929607536682
2023-07-05 21:34:01,009 -  [BaseBLDC] left stroke amp is -0.9004483853670084
2023-07-05 21:34:01,012 -  [BaseBLDC] right target amplitude is -0.285775328725964
2023-07-05 21:34:01,012 -  [BaseBLDC] left target amplitude is -0.285775328725964
2023-07-05 21:34:01,119 -  [BaseBLDC] right stroke amp is 0.04324469220511614
2023-07-05 21:34:01,119 -  [BaseBLDC] left stroke amp is 0.41857797836527966
2023-07-05 21:34:01,122 -  [BaseBLDC] right target amplitude is -0.323542050049986
2023-07-05 21:34:01,122 -  [BaseBLDC] left target amplitude is -0.323542050049986
2023-07-05 21:34:01,229 -  [BaseBLDC] right stroke amp is 0.00656240475052957
2023-07-05 21:34:01,229 -  [BaseBLDC] left stroke amp is 1.0351040043134012
2023-07-05 21:34:01,232 -  [BaseBLDC] right target amplitude is -0.360849029702735
2023-07-05 21:34:01,233 -  [BaseBLDC] left target amplitude is -0.360849029702735
2023-07-05 21:34:01,341 -  [BaseBLDC] right stroke amp is -0.030185699261967902
2023-07-05 21:34:01,341 -  [BaseBLDC] left stroke amp is 0.2251824408234413
2023-07-05 21:34:01,344 -  [BaseBLDC] right target amplitude is -0.397643255801443
2023-07-05 21:34:01,344 -  [BaseBLDC] left target amplitude is -0.397643255801443
2023-07-05 21:34:01,452 -  [BaseBLDC] right stroke amp is -0.06693452283783138
2023-07-05 21:34:01,452 -  [BaseBLDC] left stroke amp is -1.2073692184934375
2023-07-05 21:34:01,455 -  [BaseBLDC] right target amplitude is -0.433872445067743
2023-07-05 21:34:01,455 -  [BaseBLDC] left target amplitude is -0.433872445067743
2023-07-05 21:34:01,562 -  [BaseBLDC] right stroke amp is -0.10362459601121397
2023-07-05 21:34:01,562 -  [BaseBLDC] left stroke amp is -1.8642561096373838
2023-07-05 21:34:01,565 -  [BaseBLDC] right target amplitude is -0.469485117120324
2023-07-05 21:34:01,565 -  [BaseBLDC] left target amplitude is -0.469485117120324
2023-07-05 21:34:01,673 -  [BaseBLDC] right stroke amp is -0.1402035812582449
2023-07-05 21:34:01,673 -  [BaseBLDC] left stroke amp is -1.0880302875114225
2023-07-05 21:34:01,676 -  [BaseBLDC] right target amplitude is -0.504430667626718
2023-07-05 21:34:01,676 -  [BaseBLDC] left target amplitude is -0.504430667626718
2023-07-05 21:34:01,785 -  [BaseBLDC] right stroke amp is -0.17662338411298775
2023-07-05 21:34:01,785 -  [BaseBLDC] left stroke amp is 0.271832052636217
2023-07-05 21:34:01,788 -  [BaseBLDC] right target amplitude is -0.538659440210234
2023-07-05 21:34:01,788 -  [BaseBLDC] left target amplitude is -0.538659440210234
2023-07-05 21:34:01,896 -  [BaseBLDC] right stroke amp is -0.21283086897371223
2023-07-05 21:34:01,896 -  [BaseBLDC] left stroke amp is 0.8198171770123035
2023-07-05 21:34:01,899 -  [BaseBLDC] right target amplitude is -0.572122797009901
2023-07-05 21:34:01,899 -  [BaseBLDC] left target amplitude is -0.572122797009901
2023-07-05 21:34:02,007 -  [BaseBLDC] right stroke amp is -0.2487664594921373
2023-07-05 21:34:02,007 -  [BaseBLDC] left stroke amp is -0.04165365966722612
2023-07-05 21:34:02,010 -  [BaseBLDC] right target amplitude is -0.604773187793121
2023-07-05 21:34:02,010 -  [BaseBLDC] left target amplitude is -0.604773187793121
2023-07-05 21:34:02,119 -  [BaseBLDC] right stroke amp is -0.284369872785877
2023-07-05 21:34:02,119 -  [BaseBLDC] left stroke amp is -1.5202588718861958
2023-07-05 21:34:02,123 -  [BaseBLDC] right target amplitude is -0.636564217522852
2023-07-05 21:34:02,123 -  [BaseBLDC] left target amplitude is -0.636564217522852
2023-07-05 21:34:02,229 -  [BaseBLDC] right stroke amp is -0.31958481755364376
2023-07-05 21:34:02,229 -  [BaseBLDC] left stroke amp is -2.1124322735454113
2023-07-05 21:34:02,232 -  [BaseBLDC] right target amplitude is -0.667450712283295
2023-07-05 21:34:02,232 -  [BaseBLDC] left target amplitude is -0.667450712283295
2023-07-05 21:34:02,340 -  [BaseBLDC] right stroke amp is -0.3543640110215859
2023-07-05 21:34:02,340 -  [BaseBLDC] left stroke amp is -1.259367664745647
2023-07-05 21:34:02,343 -  [BaseBLDC] right target amplitude is -0.697388783470419
2023-07-05 21:34:02,343 -  [BaseBLDC] left target amplitude is -0.697388783470419
2023-07-05 21:34:02,452 -  [BaseBLDC] right stroke amp is -0.38866364967589373
2023-07-05 21:34:02,452 -  [BaseBLDC] left stroke amp is 0.15673247273764224
2023-07-05 21:34:02,455 -  [BaseBLDC] right target amplitude is -0.726335890156090
2023-07-05 21:34:02,455 -  [BaseBLDC] left target amplitude is -0.726335890156090
2023-07-05 21:34:02,563 -  [BaseBLDC] right stroke amp is -0.42243492474925637
2023-07-05 21:34:02,565 -  [BaseBLDC] left stroke amp is 0.6909845131732955
2023-07-05 21:34:02,566 -  [BaseBLDC] right target amplitude is -0.754250899537224
2023-07-05 21:34:02,568 -  [BaseBLDC] left target amplitude is -0.754250899537224
2023-07-05 21:34:02,676 -  [BaseBLDC] right stroke amp is -0.4556225248178628
2023-07-05 21:34:02,676 -  [BaseBLDC] left stroke amp is -0.21313257725130952
2023-07-05 21:34:02,679 -  [BaseBLDC] right target amplitude is -0.781094145384022
2023-07-05 21:34:02,679 -  [BaseBLDC] left target amplitude is -0.781094145384022
2023-07-05 21:34:02,787 -  [BaseBLDC] right stroke amp is -0.4881724469784765
2023-07-05 21:34:02,787 -  [BaseBLDC] left stroke amp is -1.746846235225659
2023-07-05 21:34:02,790 -  [BaseBLDC] right target amplitude is -0.806827484404273
2023-07-05 21:34:02,791 -  [BaseBLDC] left target amplitude is -0.806827484404273
2023-07-05 21:34:02,897 -  [BaseBLDC] right stroke amp is -0.5200329627316999
2023-07-05 21:34:02,897 -  [BaseBLDC] left stroke amp is -2.3385216220561307
2023-07-05 21:34:02,900 -  [BaseBLDC] right target amplitude is -0.831414350443615
2023-07-05 21:34:02,900 -  [BaseBLDC] left target amplitude is -0.831414350443615
2023-07-05 21:34:03,005 -  [BaseBLDC] right stroke amp is -0.5511630295096094
2023-07-05 21:34:03,006 -  [BaseBLDC] left stroke amp is -1.4229401648933897
2023-07-05 21:34:03,009 -  [BaseBLDC] right target amplitude is -0.854819806444733
2023-07-05 21:34:03,009 -  [BaseBLDC] left target amplitude is -0.854819806444733
2023-07-05 21:34:03,115 -  [BaseBLDC] right stroke amp is -0.5815257117163796
2023-07-05 21:34:03,115 -  [BaseBLDC] left stroke amp is 0.061690837939097465
2023-07-05 21:34:03,118 -  [BaseBLDC] right target amplitude is -0.877010594091674
2023-07-05 21:34:03,118 -  [BaseBLDC] left target amplitude is -0.877010594091674
2023-07-05 21:34:03,224 -  [BaseBLDC] right stroke amp is -0.6110780884780174
2023-07-05 21:34:03,224 -  [BaseBLDC] left stroke amp is 0.6086400276674803
2023-07-05 21:34:03,227 -  [BaseBLDC] right target amplitude is -0.897955181068738
2023-07-05 21:34:03,227 -  [BaseBLDC] left target amplitude is -0.897955181068738
2023-07-05 21:34:03,335 -  [BaseBLDC] right stroke amp is -0.6397731078192056
2023-07-05 21:34:03,335 -  [BaseBLDC] left stroke amp is -0.17721763770910637
2023-07-05 21:34:03,338 -  [BaseBLDC] right target amplitude is -0.917623805866767
2023-07-05 21:34:03,338 -  [BaseBLDC] left target amplitude is -0.917623805866767
2023-07-05 21:34:03,445 -  [BaseBLDC] right stroke amp is -0.6675617199420446
2023-07-05 21:34:03,445 -  [BaseBLDC] left stroke amp is -1.9127264378522475
2023-07-05 21:34:03,448 -  [BaseBLDC] right target amplitude is -0.935988520073197
2023-07-05 21:34:03,448 -  [BaseBLDC] left target amplitude is -0.935988520073197
2023-07-05 21:34:03,555 -  [BaseBLDC] right stroke amp is -0.6943995466839027
2023-07-05 21:34:03,555 -  [BaseBLDC] left stroke amp is -2.671184623216512
2023-07-05 21:34:03,558 -  [BaseBLDC] right target amplitude is -0.953023228085761
2023-07-05 21:34:03,558 -  [BaseBLDC] left target amplitude is -0.953023228085761
2023-07-05 21:34:03,666 -  [BaseBLDC] right stroke amp is -0.7202532419157949
2023-07-05 21:34:03,666 -  [BaseBLDC] left stroke amp is -1.7116199957995437
2023-07-05 21:34:03,669 -  [BaseBLDC] right target amplitude is -0.968703724193408
2023-07-05 21:34:03,669 -  [BaseBLDC] left target amplitude is -0.968703724193408
2023-07-05 21:34:03,778 -  [BaseBLDC] right stroke amp is -0.7450946188964114
2023-07-05 21:34:03,778 -  [BaseBLDC] left stroke amp is -0.008888413242820414
2023-07-05 21:34:03,781 -  [BaseBLDC] right target amplitude is -0.983007726971764
2023-07-05 21:34:03,781 -  [BaseBLDC] left target amplitude is -0.983007726971764
2023-07-05 21:34:03,890 -  [BaseBLDC] right stroke amp is -0.7688904821846911
2023-07-05 21:34:03,891 -  [BaseBLDC] left stroke amp is 0.7195516079908545
2023-07-05 21:34:03,893 -  [BaseBLDC] right target amplitude is -0.995914910944242
2023-07-05 21:34:03,893 -  [BaseBLDC] left target amplitude is -0.995914910944242
2023-07-05 21:34:04,001 -  [BaseBLDC] right stroke amp is -0.7916010273780462
2023-07-05 21:34:04,001 -  [BaseBLDC] left stroke amp is -0.25293877811257637
2023-07-05 21:34:04,004 -  [BaseBLDC] right target amplitude is -1.00740693546383
2023-07-05 21:34:04,004 -  [BaseBLDC] left target amplitude is -1.00740693546383
2023-07-05 21:34:04,113 -  [BaseBLDC] right stroke amp is -0.8131852934287394
2023-07-05 21:34:04,113 -  [BaseBLDC] left stroke amp is -1.9360270374239619
2023-07-05 21:34:04,116 -  [BaseBLDC] right target amplitude is -1.01746747077448
2023-07-05 21:34:04,116 -  [BaseBLDC] left target amplitude is -1.01746747077448
2023-07-05 21:34:04,223 -  [BaseBLDC] right stroke amp is -0.8336087525731877
2023-07-05 21:34:04,223 -  [BaseBLDC] left stroke amp is -2.7029051641667006
2023-07-05 21:34:04,226 -  [BaseBLDC] right target amplitude is -1.02608222121514
2023-07-05 21:34:04,226 -  [BaseBLDC] left target amplitude is -1.02608222121514
2023-07-05 21:34:04,334 -  [BaseBLDC] right stroke amp is -0.8528474269334196
2023-07-05 21:34:04,334 -  [BaseBLDC] left stroke amp is -1.7936384131603793
2023-07-05 21:34:04,337 -  [BaseBLDC] right target amplitude is -1.03323894553337
2023-07-05 21:34:04,337 -  [BaseBLDC] left target amplitude is -1.03323894553337
2023-07-05 21:34:04,446 -  [BaseBLDC] right stroke amp is -0.870882732809067
2023-07-05 21:34:04,446 -  [BaseBLDC] left stroke amp is -0.1245743823025891
2023-07-05 21:34:04,449 -  [BaseBLDC] right target amplitude is -1.03892747427972
2023-07-05 21:34:04,449 -  [BaseBLDC] left target amplitude is -1.03892747427972
2023-07-05 21:34:04,556 -  [BaseBLDC] right stroke amp is -0.8876908375386848
2023-07-05 21:34:04,556 -  [BaseBLDC] left stroke amp is 0.6274238385297211
2023-07-05 21:34:04,559 -  [BaseBLDC] right target amplitude is -1.04313972425818
2023-07-05 21:34:04,559 -  [BaseBLDC] left target amplitude is -1.04313972425818
2023-07-05 21:34:04,668 -  [BaseBLDC] right stroke amp is -0.9032423226500702
2023-07-05 21:34:04,668 -  [BaseBLDC] left stroke amp is -0.2668063191969561
2023-07-05 21:34:04,671 -  [BaseBLDC] right target amplitude is -1.04586971001207
2023-07-05 21:34:04,672 -  [BaseBLDC] left target amplitude is -1.04586971001207
2023-07-05 21:34:04,778 -  [BaseBLDC] right stroke amp is -0.9175081178834836
2023-07-05 21:34:04,778 -  [BaseBLDC] left stroke amp is -1.9078847205119993
2023-07-05 21:34:04,781 -  [BaseBLDC] right target amplitude is -1.04711355232922
2023-07-05 21:34:04,781 -  [BaseBLDC] left target amplitude is -1.04711355232922
2023-07-05 21:34:04,890 -  [BaseBLDC] right stroke amp is -0.9304647614770839
2023-07-05 21:34:04,890 -  [BaseBLDC] left stroke amp is -2.232783607348688
2023-07-05 21:34:04,893 -  [BaseBLDC] right target amplitude is -1.04686948375415
2023-07-05 21:34:04,893 -  [BaseBLDC] left target amplitude is -1.04686948375415
2023-07-05 21:34:05,001 -  [BaseBLDC] right stroke amp is -0.9420999475170055
2023-07-05 21:34:05,002 -  [BaseBLDC] left stroke amp is -1.3718020928346943
2023-07-05 21:34:05,005 -  [BaseBLDC] right target amplitude is -1.04513785109959
2023-07-05 21:34:05,005 -  [BaseBLDC] left target amplitude is -1.04513785109959
2023-07-05 21:34:05,110 -  [BaseBLDC] right stroke amp is -0.9524024819795004
2023-07-05 21:34:05,110 -  [BaseBLDC] left stroke amp is -0.17687135859778724
2023-07-05 21:34:05,113 -  [BaseBLDC] right target amplitude is -1.04192111495364
2023-07-05 21:34:05,113 -  [BaseBLDC] left target amplitude is -1.04192111495364
2023-07-05 21:34:05,221 -  [BaseBLDC] right stroke amp is -0.9613582640690217
2023-07-05 21:34:05,222 -  [BaseBLDC] left stroke amp is 0.1582088798595212
2023-07-05 21:34:05,224 -  [BaseBLDC] right target amplitude is -1.03722384618339
2023-07-05 21:34:05,225 -  [BaseBLDC] left target amplitude is -1.03722384618339
2023-07-05 21:34:05,331 -  [BaseBLDC] right stroke amp is -0.9689507043802298
2023-07-05 21:34:05,331 -  [BaseBLDC] left stroke amp is -0.7020494676505484
2023-07-05 21:34:05,334 -  [BaseBLDC] right target amplitude is -1.03105271943988
2023-07-05 21:34:05,334 -  [BaseBLDC] left target amplitude is -1.03105271943988
2023-07-05 21:34:05,439 -  [BaseBLDC] right stroke amp is -0.9751625342450402
2023-07-05 21:34:05,439 -  [BaseBLDC] left stroke amp is -1.8912145627419998
2023-07-05 21:34:05,442 -  [BaseBLDC] right target amplitude is -1.02341650367362
2023-07-05 21:34:05,443 -  [BaseBLDC] left target amplitude is -1.02341650367362
2023-07-05 21:34:05,549 -  [BaseBLDC] right stroke amp is -0.9799844978679478
2023-07-05 21:34:05,549 -  [BaseBLDC] left stroke amp is -2.212526599451658
2023-07-05 21:34:05,551 -  [BaseBLDC] right target amplitude is -1.01432604967428
2023-07-05 21:34:05,551 -  [BaseBLDC] left target amplitude is -1.01432604967428
2023-07-05 21:34:05,660 -  [BaseBLDC] right stroke amp is -0.983412752215263
2023-07-05 21:34:05,660 -  [BaseBLDC] left stroke amp is -1.5094262700679262
2023-07-05 21:34:05,663 -  [BaseBLDC] right target amplitude is -1.00379427465204
2023-07-05 21:34:05,663 -  [BaseBLDC] left target amplitude is -1.00379427465204
2023-07-05 21:34:05,771 -  [BaseBLDC] right stroke amp is -0.9854484852160931
2023-07-05 21:34:05,771 -  [BaseBLDC] left stroke amp is -0.3003886250812633
2023-07-05 21:34:05,774 -  [BaseBLDC] right target amplitude is -0.991836143882736
2023-07-05 21:34:05,775 -  [BaseBLDC] left target amplitude is -0.991836143882736
2023-07-05 21:34:05,882 -  [BaseBLDC] right stroke amp is -0.9860902035146741
2023-07-05 21:34:05,882 -  [BaseBLDC] left stroke amp is 0.21626343478665488
2023-07-05 21:34:05,885 -  [BaseBLDC] right target amplitude is -0.978468649442729
2023-07-05 21:34:05,885 -  [BaseBLDC] left target amplitude is -0.978468649442729
2023-07-05 21:34:05,994 -  [BaseBLDC] right stroke amp is -0.9853343742678762
2023-07-05 21:34:05,994 -  [BaseBLDC] left stroke amp is -0.3612879874414707
2023-07-05 21:34:05,997 -  [BaseBLDC] right target amplitude is -0.963710786063744
2023-07-05 21:34:05,997 -  [BaseBLDC] left target amplitude is -0.963710786063744
2023-07-05 21:34:06,105 -  [BaseBLDC] right stroke amp is -0.9831751294729991
2023-07-05 21:34:06,106 -  [BaseBLDC] left stroke amp is -1.541542417760858
2023-07-05 21:34:06,109 -  [BaseBLDC] right target amplitude is -0.947583524142050
2023-07-05 21:34:06,109 -  [BaseBLDC] left target amplitude is -0.947583524142050
2023-07-05 21:34:06,216 -  [BaseBLDC] right stroke amp is -0.9796133290899243
2023-07-05 21:34:06,216 -  [BaseBLDC] left stroke amp is -2.1285185186073465
2023-07-05 21:34:06,219 -  [BaseBLDC] right target amplitude is -0.930109779940264
2023-07-05 21:34:06,219 -  [BaseBLDC] left target amplitude is -0.930109779940264
2023-07-05 21:34:06,328 -  [BaseBLDC] right stroke amp is -0.9746568856420216
2023-07-05 21:34:06,328 -  [BaseBLDC] left stroke amp is -1.5325219091911577
2023-07-05 21:34:06,331 -  [BaseBLDC] right target amplitude is -0.911314383024152
2023-07-05 21:34:06,331 -  [BaseBLDC] left target amplitude is -0.911314383024152
2023-07-05 21:34:06,440 -  [BaseBLDC] right stroke amp is -0.9683194427825874
2023-07-05 21:34:06,440 -  [BaseBLDC] left stroke amp is -0.31479168968365623
2023-07-05 21:34:06,443 -  [BaseBLDC] right target amplitude is -0.891224040980705
2023-07-05 21:34:06,443 -  [BaseBLDC] left target amplitude is -0.891224040980705
2023-07-05 21:34:06,552 -  [BaseBLDC] right stroke amp is -0.960612422509784
2023-07-05 21:34:06,552 -  [BaseBLDC] left stroke amp is 0.32817442262283725
2023-07-05 21:34:06,554 -  [BaseBLDC] right target amplitude is -0.869867301467599
2023-07-05 21:34:06,555 -  [BaseBLDC] left target amplitude is -0.869867301467599
2023-07-05 21:34:06,662 -  [BaseBLDC] right stroke amp is -0.9515431533494381
2023-07-05 21:34:06,662 -  [BaseBLDC] left stroke amp is -0.24802651444472024
2023-07-05 21:34:06,665 -  [BaseBLDC] right target amplitude is -0.847274511647994
2023-07-05 21:34:06,665 -  [BaseBLDC] left target amplitude is -0.847274511647994
2023-07-05 21:34:06,774 -  [BaseBLDC] right stroke amp is -0.9411194830332069
2023-07-05 21:34:06,774 -  [BaseBLDC] left stroke amp is -1.491014674695851
2023-07-05 21:34:06,777 -  [BaseBLDC] right target amplitude is -0.823477775068291
2023-07-05 21:34:06,777 -  [BaseBLDC] left target amplitude is -0.823477775068291
2023-07-05 21:34:06,885 -  [BaseBLDC] right stroke amp is -0.9293523557811684
2023-07-05 21:34:06,885 -  [BaseBLDC] left stroke amp is -2.064947906009029
2023-07-05 21:34:06,888 -  [BaseBLDC] right target amplitude is -0.798510906040132
2023-07-05 21:34:06,888 -  [BaseBLDC] left target amplitude is -0.798510906040132
2023-07-05 21:34:06,995 -  [BaseBLDC] right stroke amp is -0.9162629932063556
2023-07-05 21:34:06,996 -  [BaseBLDC] left stroke amp is -1.3633106592320146
2023-07-05 21:34:06,998 -  [BaseBLDC] right target amplitude is -0.772409381591473
2023-07-05 21:34:06,998 -  [BaseBLDC] left target amplitude is -0.772409381591473
2023-07-05 21:34:07,104 -  [BaseBLDC] right stroke amp is -0.9018747796077191
2023-07-05 21:34:07,104 -  [BaseBLDC] left stroke amp is 0.745617343907667
2023-07-05 21:34:07,107 -  [BaseBLDC] right target amplitude is -0.745210291054983
2023-07-05 21:34:07,108 -  [BaseBLDC] left target amplitude is -0.745210291054983
2023-07-05 21:34:07,212 -  [BaseBLDC] right stroke amp is -0.8862157975364106
2023-07-05 21:34:07,212 -  [BaseBLDC] left stroke amp is 1.3625729318419335
2023-07-05 21:34:07,215 -  [BaseBLDC] right target amplitude is -0.716952283365430
2023-07-05 21:34:07,215 -  [BaseBLDC] left target amplitude is -0.716952283365430
2023-07-05 21:34:07,322 -  [BaseBLDC] right stroke amp is -0.8692999494461492
2023-07-05 21:34:07,322 -  [BaseBLDC] left stroke amp is -0.09996526972087483
2023-07-05 21:34:07,325 -  [BaseBLDC] right target amplitude is -0.687675512140920
2023-07-05 21:34:07,325 -  [BaseBLDC] left target amplitude is -0.687675512140920
2023-07-05 21:34:07,431 -  [BaseBLDC] right stroke amp is -0.8511404197393695
2023-07-05 21:34:07,431 -  [BaseBLDC] left stroke amp is -2.1507042482408636
2023-07-05 21:34:07,434 -  [BaseBLDC] right target amplitude is -0.657421578626036
2023-07-05 21:34:07,434 -  [BaseBLDC] left target amplitude is -0.657421578626036
2023-07-05 21:34:07,540 -  [BaseBLDC] right stroke amp is -0.8317613150249931
2023-07-05 21:34:07,540 -  [BaseBLDC] left stroke amp is -2.708799586853817
2023-07-05 21:34:07,542 -  [BaseBLDC] right target amplitude is -0.626233472577953
2023-07-05 21:34:07,542 -  [BaseBLDC] left target amplitude is -0.626233472577953
2023-07-05 21:34:07,651 -  [BaseBLDC] right stroke amp is -0.8111987349749694
2023-07-05 21:34:07,651 -  [BaseBLDC] left stroke amp is -1.1842297607099916
2023-07-05 21:34:07,654 -  [BaseBLDC] right target amplitude is -0.594155511179535
2023-07-05 21:34:07,654 -  [BaseBLDC] left target amplitude is -0.594155511179535
2023-07-05 21:34:07,761 -  [BaseBLDC] right stroke amp is -0.7894919291169166
2023-07-05 21:34:07,761 -  [BaseBLDC] left stroke amp is 0.8260208726971845
2023-07-05 21:34:07,764 -  [BaseBLDC] right target amplitude is -0.561233276066192
2023-07-05 21:34:07,764 -  [BaseBLDC] left target amplitude is -0.561233276066192
2023-07-05 21:34:07,873 -  [BaseBLDC] right stroke amp is -0.7666729994860192
2023-07-05 21:34:07,874 -  [BaseBLDC] left stroke amp is 1.379474195225547
2023-07-05 21:34:07,876 -  [BaseBLDC] right target amplitude is -0.527513548556012
2023-07-05 21:34:07,876 -  [BaseBLDC] left target amplitude is -0.527513548556012
2023-07-05 21:34:07,985 -  [BaseBLDC] right stroke amp is -0.7427656511443189
2023-07-05 21:34:07,985 -  [BaseBLDC] left stroke amp is 0.05367547023093788
2023-07-05 21:34:07,988 -  [BaseBLDC] right target amplitude is -0.493044243175178
2023-07-05 21:34:07,988 -  [BaseBLDC] left target amplitude is -0.493044243175178
2023-07-05 21:34:08,094 -  [BaseBLDC] right stroke amp is -0.7177962634118903
2023-07-05 21:34:08,095 -  [BaseBLDC] left stroke amp is -2.119484248638654
2023-07-05 21:34:08,098 -  [BaseBLDC] right target amplitude is -0.457874339573138
2023-07-05 21:34:08,098 -  [BaseBLDC] left target amplitude is -0.457874339573138
2023-07-05 21:34:08,205 -  [BaseBLDC] right stroke amp is -0.6917960744885727
2023-07-05 21:34:08,205 -  [BaseBLDC] left stroke amp is -2.63098444212684
2023-07-05 21:34:08,208 -  [BaseBLDC] right target amplitude is -0.422053812924281
2023-07-05 21:34:08,208 -  [BaseBLDC] left target amplitude is -0.422053812924281
2023-07-05 21:34:08,313 -  [BaseBLDC] right stroke amp is -0.6648110746333671
2023-07-05 21:34:08,314 -  [BaseBLDC] left stroke amp is -0.9055653536655499
2023-07-05 21:34:08,316 -  [BaseBLDC] right target amplitude is -0.385633562915000
2023-07-05 21:34:08,317 -  [BaseBLDC] left target amplitude is -0.385633562915000
2023-07-05 21:34:08,423 -  [BaseBLDC] right stroke amp is -0.6368911760278061
2023-07-05 21:34:08,423 -  [BaseBLDC] left stroke amp is 1.3405866122642922
2023-07-05 21:34:08,426 -  [BaseBLDC] right target amplitude is -0.348665341417065
2023-07-05 21:34:08,426 -  [BaseBLDC] left target amplitude is -0.348665341417065
2023-07-05 21:34:08,533 -  [BaseBLDC] right stroke amp is -0.6080764695430394
2023-07-05 21:34:08,533 -  [BaseBLDC] left stroke amp is 1.960143173523539
2023-07-05 21:34:08,536 -  [BaseBLDC] right target amplitude is -0.311201678950060
2023-07-05 21:34:08,536 -  [BaseBLDC] left target amplitude is -0.311201678950060
2023-07-05 21:34:08,643 -  [BaseBLDC] right stroke amp is -0.5784005351884521
2023-07-05 21:34:08,643 -  [BaseBLDC] left stroke amp is 0.44621334449471095
2023-07-05 21:34:08,646 -  [BaseBLDC] right target amplitude is -0.273295810037410
2023-07-05 21:34:08,646 -  [BaseBLDC] left target amplitude is -0.273295810037410
2023-07-05 21:34:08,755 -  [BaseBLDC] right stroke amp is -0.5478936310840297
2023-07-05 21:34:08,756 -  [BaseBLDC] left stroke amp is -1.7882170588843234
2023-07-05 21:34:08,758 -  [BaseBLDC] right target amplitude is -0.235001597562018
2023-07-05 21:34:08,759 -  [BaseBLDC] left target amplitude is -0.235001597562018
2023-07-05 21:34:08,865 -  [BaseBLDC] right stroke amp is -0.5165977427359245
2023-07-05 21:34:08,865 -  [BaseBLDC] left stroke amp is -2.474848496798791
2023-07-05 21:34:08,868 -  [BaseBLDC] right target amplitude is -0.196373456229053
2023-07-05 21:34:08,868 -  [BaseBLDC] left target amplitude is -0.196373456229053
2023-07-05 21:34:08,975 -  [BaseBLDC] right stroke amp is -0.4845648069506229
2023-07-05 21:34:08,976 -  [BaseBLDC] left stroke amp is -0.6163743402654134
2023-07-05 21:34:08,979 -  [BaseBLDC] right target amplitude is -0.157466275244598
2023-07-05 21:34:08,979 -  [BaseBLDC] left target amplitude is -0.157466275244598
2023-07-05 21:34:09,083 -  [BaseBLDC] right stroke amp is -0.45185269786267873
2023-07-05 21:34:09,083 -  [BaseBLDC] left stroke amp is 1.6851467534708957
2023-07-05 21:34:09,086 -  [BaseBLDC] right target amplitude is -0.118335340320064
2023-07-05 21:34:09,086 -  [BaseBLDC] left target amplitude is -0.118335340320064
2023-07-05 21:34:09,195 -  [BaseBLDC] right stroke amp is -0.41850961904404393
2023-07-05 21:34:09,196 -  [BaseBLDC] left stroke amp is 2.189809093212208
2023-07-05 21:34:09,198 -  [BaseBLDC] right target amplitude is -0.0790362551131765
2023-07-05 21:34:09,198 -  [BaseBLDC] left target amplitude is -0.0790362551131765
2023-07-05 21:34:09,305 -  [BaseBLDC] right stroke amp is -0.3845747625937479
2023-07-05 21:34:09,306 -  [BaseBLDC] left stroke amp is 0.3756300312552998
2023-07-05 21:34:09,308 -  [BaseBLDC] right target amplitude is -0.0396248622171714
2023-07-05 21:34:09,309 -  [BaseBLDC] left target amplitude is -0.0396248622171714
2023-07-05 21:34:09,414 -  [BaseBLDC] right stroke amp is -0.3500819374010496
2023-07-05 21:34:09,414 -  [BaseBLDC] left stroke amp is -1.851733476632337
2023-07-05 21:34:09,417 -  [BaseBLDC] right target amplitude is -0.000157163810477918
2023-07-05 21:34:09,417 -  [BaseBLDC] left target amplitude is -0.000157163810477918
2023-07-05 21:34:09,523 -  [BaseBLDC] right stroke amp is -0.3150817000815067
2023-07-05 21:34:09,523 -  [BaseBLDC] left stroke amp is -2.222204874335011
2023-07-05 21:34:09,526 -  [BaseBLDC] right target amplitude is 0.0393107579203630
2023-07-05 21:34:09,526 -  [BaseBLDC] left target amplitude is 0.0393107579203630
2023-07-05 21:34:09,635 -  [BaseBLDC] right stroke amp is -0.2796305472398628
2023-07-05 21:34:09,636 -  [BaseBLDC] left stroke amp is 0.1304478704271177
2023-07-05 21:34:09,638 -  [BaseBLDC] right target amplitude is 0.0787228204714787
2023-07-05 21:34:09,639 -  [BaseBLDC] left target amplitude is 0.0787228204714787
2023-07-05 21:34:09,746 -  [BaseBLDC] right stroke amp is -0.2437954408172748
2023-07-05 21:34:09,746 -  [BaseBLDC] left stroke amp is 2.4228972754740226
2023-07-05 21:34:09,749 -  [BaseBLDC] right target amplitude is 0.118023020712882
2023-07-05 21:34:09,749 -  [BaseBLDC] left target amplitude is 0.118023020712882
2023-07-05 21:34:09,857 -  [BaseBLDC] right stroke amp is -0.2076260319370306
2023-07-05 21:34:09,857 -  [BaseBLDC] left stroke amp is 2.4062623655154987
2023-07-05 21:34:09,860 -  [BaseBLDC] right target amplitude is 0.157155514466911
2023-07-05 21:34:09,860 -  [BaseBLDC] left target amplitude is 0.157155514466911
2023-07-05 21:34:09,968 -  [BaseBLDC] right stroke amp is -0.17116013419443582
2023-07-05 21:34:09,968 -  [BaseBLDC] left stroke amp is 0.1405200209047095
2023-07-05 21:34:09,971 -  [BaseBLDC] right target amplitude is 0.196064695860802
2023-07-05 21:34:09,971 -  [BaseBLDC] left target amplitude is 0.196064695860802
2023-07-05 21:34:10,080 -  [BaseBLDC] right stroke amp is -0.1344374205089476
2023-07-05 21:34:10,081 -  [BaseBLDC] left stroke amp is -2.0672440691033804
2023-07-05 21:34:10,083 -  [BaseBLDC] right target amplitude is 0.234695276340636
2023-07-05 21:34:10,084 -  [BaseBLDC] left target amplitude is 0.234695276340636
2023-07-05 21:34:10,192 -  [BaseBLDC] right stroke amp is -0.09751235682473075
2023-07-05 21:34:10,192 -  [BaseBLDC] left stroke amp is -1.9765204556889
2023-07-05 21:34:10,195 -  [BaseBLDC] right target amplitude is 0.272992363234385
2023-07-05 21:34:10,195 -  [BaseBLDC] left target amplitude is 0.272992363234385
2023-07-05 21:34:10,304 -  [BaseBLDC] right stroke amp is -0.060450335489373654
2023-07-05 21:34:10,304 -  [BaseBLDC] left stroke amp is 0.36372492546906376
2023-07-05 21:34:10,307 -  [BaseBLDC] right target amplitude is 0.310901537752440
2023-07-05 21:34:10,307 -  [BaseBLDC] left target amplitude is 0.310901537752440
2023-07-05 21:34:10,414 -  [BaseBLDC] right stroke amp is -0.023315376931172402
2023-07-05 21:34:10,414 -  [BaseBLDC] left stroke amp is 2.6549743146851927
2023-07-05 21:34:10,417 -  [BaseBLDC] right target amplitude is 0.348368932314746
2023-07-05 21:34:10,417 -  [BaseBLDC] left target amplitude is 0.348368932314746
2023-07-05 21:34:10,526 -  [BaseBLDC] right stroke amp is 0.013842721129521333
2023-07-05 21:34:10,526 -  [BaseBLDC] left stroke amp is 2.648171565403209
2023-07-05 21:34:10,529 -  [BaseBLDC] right target amplitude is 0.385341307094709
2023-07-05 21:34:10,529 -  [BaseBLDC] left target amplitude is 0.385341307094709
2023-07-05 21:34:10,637 -  [BaseBLDC] right stroke amp is 0.050980980886382456
2023-07-05 21:34:10,637 -  [BaseBLDC] left stroke amp is -0.4583476832777098
2023-07-05 21:34:10,640 -  [BaseBLDC] right target amplitude is 0.421766125671076
2023-07-05 21:34:10,640 -  [BaseBLDC] left target amplitude is 0.421766125671076
2023-07-05 21:34:10,749 -  [BaseBLDC] right stroke amp is 0.08806366161639681
2023-07-05 21:34:10,749 -  [BaseBLDC] left stroke amp is -2.6800690565326692
2023-07-05 21:34:10,752 -  [BaseBLDC] right target amplitude is 0.457591629680312
2023-07-05 21:34:10,752 -  [BaseBLDC] left target amplitude is 0.457591629680312
2023-07-05 21:34:10,859 -  [BaseBLDC] right stroke amp is 0.12503183542989812
2023-07-05 21:34:10,859 -  [BaseBLDC] left stroke amp is -1.7664637464430628
2023-07-05 21:34:10,862 -  [BaseBLDC] right target amplitude is 0.492766912363370
2023-07-05 21:34:10,862 -  [BaseBLDC] left target amplitude is 0.492766912363370
2023-07-05 21:34:10,971 -  [BaseBLDC] right stroke amp is 0.16181621407157457
2023-07-05 21:34:10,972 -  [BaseBLDC] left stroke amp is 1.4061363868760846
2023-07-05 21:34:10,975 -  [BaseBLDC] right target amplitude is 0.527241990902382
2023-07-05 21:34:10,975 -  [BaseBLDC] left target amplitude is 0.527241990902382
2023-07-05 21:34:11,082 -  [BaseBLDC] right stroke amp is 0.19835447208298188
2023-07-05 21:34:11,082 -  [BaseBLDC] left stroke amp is 3.6971148347106535
2023-07-05 21:34:11,085 -  [BaseBLDC] right target amplitude is 0.560967877444447
2023-07-05 21:34:11,085 -  [BaseBLDC] left target amplitude is 0.560967877444447
2023-07-05 21:34:11,193 -  [BaseBLDC] right stroke amp is 0.23459972295076234
2023-07-05 21:34:11,193 -  [BaseBLDC] left stroke amp is 2.8493643214849653
2023-07-05 21:34:11,196 -  [BaseBLDC] right target amplitude is 0.593896648711620
2023-07-05 21:34:11,196 -  [BaseBLDC] left target amplitude is 0.593896648711620
2023-07-05 21:34:11,304 -  [BaseBLDC] right stroke amp is 0.2705179632404876
2023-07-05 21:34:11,304 -  [BaseBLDC] left stroke amp is -0.23036460585444507
2023-07-05 21:34:11,307 -  [BaseBLDC] right target amplitude is 0.625981514098173
2023-07-05 21:34:11,307 -  [BaseBLDC] left target amplitude is 0.625981514098173
2023-07-05 21:34:11,416 -  [BaseBLDC] right stroke amp is 0.3060678076344753
2023-07-05 21:34:11,416 -  [BaseBLDC] left stroke amp is -2.429161397043176
2023-07-05 21:34:11,419 -  [BaseBLDC] right target amplitude is 0.657176882158375
2023-07-05 21:34:11,419 -  [BaseBLDC] left target amplitude is 0.657176882158375
2023-07-05 21:34:11,527 -  [BaseBLDC] right stroke amp is 0.341192270223738
2023-07-05 21:34:11,527 -  [BaseBLDC] left stroke amp is -1.5476721620875247
2023-07-05 21:34:11,530 -  [BaseBLDC] right target amplitude is 0.687438425390306
2023-07-05 21:34:11,530 -  [BaseBLDC] left target amplitude is 0.687438425390306
2023-07-05 21:34:11,639 -  [BaseBLDC] right stroke amp is 0.3758286875244885
2023-07-05 21:34:11,640 -  [BaseBLDC] left stroke amp is 1.0607206357874541
2023-07-05 21:34:11,643 -  [BaseBLDC] right target amplitude is 0.716723143223654
2023-07-05 21:34:11,643 -  [BaseBLDC] left target amplitude is 0.716723143223654
2023-07-05 21:34:11,750 -  [BaseBLDC] right stroke amp is 0.40991666311071145
2023-07-05 21:34:11,750 -  [BaseBLDC] left stroke amp is 3.326777288727154
2023-07-05 21:34:11,753 -  [BaseBLDC] right target amplitude is 0.744989423121988
2023-07-05 21:34:11,753 -  [BaseBLDC] left target amplitude is 0.744989423121988
2023-07-05 21:34:11,862 -  [BaseBLDC] right stroke amp is 0.4434129765493683
2023-07-05 21:34:11,863 -  [BaseBLDC] left stroke amp is 3.0149974360234078
2023-07-05 21:34:11,865 -  [BaseBLDC] right target amplitude is 0.772197099712692
2023-07-05 21:34:11,866 -  [BaseBLDC] left target amplitude is 0.772197099712692
2023-07-05 21:34:11,973 -  [BaseBLDC] right stroke amp is 0.4762813060937649
2023-07-05 21:34:11,973 -  [BaseBLDC] left stroke amp is 1.2188697485053055
2023-07-05 21:34:11,976 -  [BaseBLDC] right target amplitude is 0.798307511860523
2023-07-05 21:34:11,976 -  [BaseBLDC] left target amplitude is 0.798307511860523
2023-07-05 21:34:12,085 -  [BaseBLDC] right stroke amp is 0.5084820883895779
2023-07-05 21:34:12,085 -  [BaseBLDC] left stroke amp is 0.014730021170034968
2023-07-05 21:34:12,088 -  [BaseBLDC] right target amplitude is 0.823283557603707
2023-07-05 21:34:12,088 -  [BaseBLDC] left target amplitude is 0.823283557603707
2023-07-05 21:34:12,195 -  [BaseBLDC] right stroke amp is 0.5399660267090185
2023-07-05 21:34:12,195 -  [BaseBLDC] left stroke amp is -0.38113194649916154
2023-07-05 21:34:12,198 -  [BaseBLDC] right target amplitude is 0.847089746874507
2023-07-05 21:34:12,199 -  [BaseBLDC] left target amplitude is 0.847089746874507
2023-07-05 21:34:12,306 -  [BaseBLDC] right stroke amp is 0.5706841708273435
2023-07-05 21:34:12,306 -  [BaseBLDC] left stroke amp is 0.45123072445367923
2023-07-05 21:34:12,309 -  [BaseBLDC] right target amplitude is 0.869692251929344
2023-07-05 21:34:12,309 -  [BaseBLDC] left target amplitude is 0.869692251929344
2023-07-05 21:34:12,418 -  [BaseBLDC] right stroke amp is 0.6005869264158548
2023-07-05 21:34:12,418 -  [BaseBLDC] left stroke amp is 1.701637720175561
2023-07-05 21:34:12,451 -  [BaseBLDC] right target amplitude is 0.891058955416816
2023-07-05 21:34:12,451 -  [BaseBLDC] left target amplitude is 0.891058955416816
2023-07-05 21:34:12,560 -  [BaseBLDC] right stroke amp is 0.6296304277549833
2023-07-05 21:34:12,561 -  [BaseBLDC] left stroke amp is 2.1405016339912275
2023-07-05 21:34:12,563 -  [BaseBLDC] right target amplitude is 0.911159496015313
2023-07-05 21:34:12,563 -  [BaseBLDC] left target amplitude is 0.911159496015313
2023-07-05 21:34:12,672 -  [BaseBLDC] right stroke amp is 0.6577775549896648
2023-07-05 21:34:12,672 -  [BaseBLDC] left stroke amp is 1.3258961506357418
2023-07-05 21:34:12,675 -  [BaseBLDC] right target amplitude is 0.929965311575376
2023-07-05 21:34:12,675 -  [BaseBLDC] left target amplitude is 0.929965311575376
2023-07-05 21:34:12,784 -  [BaseBLDC] right stroke amp is 0.6849944899126276
2023-07-05 21:34:12,784 -  [BaseBLDC] left stroke amp is 0.11523181949691019
2023-07-05 21:34:12,786 -  [BaseBLDC] right target amplitude is 0.947449679705496
2023-07-05 21:34:12,787 -  [BaseBLDC] left target amplitude is 0.947449679705496
