2023-07-05 21:20:20,429 -  [BaseWing] the length is 0.10559576566307186
2023-07-05 21:20:20,429 -  [BaseWing] the chord of root is 0.013679980005579979
2023-07-05 21:20:20,429 -  [BaseWing] the chord of tip is 0.009028786803682786
2023-07-05 21:20:20,429 -  [BaseWing] the length is 0.10559576566307186
2023-07-05 21:20:20,430 -  [BaseWing] the chord of root is 0.013679980005579979
2023-07-05 21:20:20,430 -  [BaseWing] the chord of tip is 0.009028786803682786
2023-07-05 21:20:20,581 -  [BaseBLDC] right target amplitude is 0
2023-07-05 21:20:20,583 -  [BaseBLDC] left target amplitude is 0
2023-07-05 21:20:20,696 -  [BaseBLDC] right stroke amp is -3.3038868168966635e-08
2023-07-05 21:20:20,696 -  [BaseBLDC] left stroke amp is -3.918072513695483e-08
2023-07-05 21:20:20,699 -  [BaseBLDC] right target amplitude is 0
2023-07-05 21:20:20,699 -  [BaseBLDC] left target amplitude is 0
2023-07-05 21:20:20,808 -  [BaseBLDC] right stroke amp is -0.0014878293100943538
2023-07-05 21:20:20,809 -  [BaseBLDC] left stroke amp is -0.0014878209878254403
2023-07-05 21:20:20,812 -  [BaseBLDC] right target amplitude is 0
2023-07-05 21:20:20,812 -  [BaseBLDC] left target amplitude is 0
2023-07-05 21:20:20,919 -  [BaseBLDC] right stroke amp is -0.004461365376689307
2023-07-05 21:20:20,919 -  [BaseBLDC] left stroke amp is -0.004461342580067501
2023-07-05 21:20:20,922 -  [BaseBLDC] right target amplitude is 0
2023-07-05 21:20:20,922 -  [BaseBLDC] left target amplitude is 0
2023-07-05 21:20:21,031 -  [BaseBLDC] right stroke amp is -0.00891641570203882
2023-07-05 21:20:21,032 -  [BaseBLDC] left stroke amp is -0.008916378378952965
2023-07-05 21:20:21,034 -  [BaseBLDC] right target amplitude is 0
2023-07-05 21:20:21,034 -  [BaseBLDC] left target amplitude is 0
2023-07-05 21:20:21,142 -  [BaseBLDC] right stroke amp is -0.01484664953423626
2023-07-05 21:20:21,143 -  [BaseBLDC] left stroke amp is -0.014846597581191476
2023-07-05 21:20:21,145 -  [BaseBLDC] right target amplitude is 0
2023-07-05 21:20:21,146 -  [BaseBLDC] left target amplitude is 0
2023-07-05 21:20:21,252 -  [BaseBLDC] right stroke amp is -0.022243639891405834
2023-07-05 21:20:21,252 -  [BaseBLDC] left stroke amp is -0.022243573141462455
2023-07-05 21:20:21,255 -  [BaseBLDC] right target amplitude is 0
2023-07-05 21:20:21,255 -  [BaseBLDC] left target amplitude is 0
2023-07-05 21:20:21,364 -  [BaseBLDC] right stroke amp is -0.031096875504376478
2023-07-05 21:20:21,364 -  [BaseBLDC] left stroke amp is -0.031096793707350683
2023-07-05 21:20:21,367 -  [BaseBLDC] right target amplitude is 0
2023-07-05 21:20:21,367 -  [BaseBLDC] left target amplitude is 0
2023-07-05 21:20:21,476 -  [BaseBLDC] right stroke amp is -0.041393775670657385
2023-07-05 21:20:21,477 -  [BaseBLDC] left stroke amp is -0.04139367845297054
2023-07-05 21:20:21,479 -  [BaseBLDC] right target amplitude is 0
2023-07-05 21:20:21,479 -  [BaseBLDC] left target amplitude is 0
2023-07-05 21:20:21,587 -  [BaseBLDC] right stroke amp is -0.05311973019443037
2023-07-05 21:20:21,587 -  [BaseBLDC] left stroke amp is -0.053119622551942206
2023-07-05 21:20:21,590 -  [BaseBLDC] right target amplitude is 0
2023-07-05 21:20:21,590 -  [BaseBLDC] left target amplitude is 0
2023-07-05 21:20:21,698 -  [BaseBLDC] right stroke amp is -0.06625805519724717
2023-07-05 21:20:21,698 -  [BaseBLDC] left stroke amp is -0.06625793669693561
2023-07-05 21:20:21,701 -  [BaseBLDC] right target amplitude is 0
2023-07-05 21:20:21,701 -  [BaseBLDC] left target amplitude is 0
2023-07-05 21:20:21,810 -  [BaseBLDC] right stroke amp is -0.08079014569054116
2023-07-05 21:20:21,810 -  [BaseBLDC] left stroke amp is -0.08079000801365778
2023-07-05 21:20:21,813 -  [BaseBLDC] right target amplitude is 0
2023-07-05 21:20:21,813 -  [BaseBLDC] left target amplitude is 0
2023-07-05 21:20:21,922 -  [BaseBLDC] right stroke amp is -0.09669528784172107
2023-07-05 21:20:21,922 -  [BaseBLDC] left stroke amp is -0.09669513281207462
2023-07-05 21:20:21,925 -  [BaseBLDC] right target amplitude is 0
2023-07-05 21:20:21,925 -  [BaseBLDC] left target amplitude is 0
2023-07-05 21:20:22,034 -  [BaseBLDC] right stroke amp is -0.11395088332872148
2023-07-05 21:20:22,034 -  [BaseBLDC] left stroke amp is -0.11395071047847623
2023-07-05 21:20:22,037 -  [BaseBLDC] right target amplitude is 0
2023-07-05 21:20:22,037 -  [BaseBLDC] left target amplitude is 0
2023-07-05 21:20:22,145 -  [BaseBLDC] right stroke amp is -0.13253241263425278
2023-07-05 21:20:22,146 -  [BaseBLDC] left stroke amp is -0.13253222145393587
2023-07-05 21:20:22,148 -  [BaseBLDC] right target amplitude is 0
2023-07-05 21:20:22,148 -  [BaseBLDC] left target amplitude is 0
2023-07-05 21:20:22,256 -  [BaseBLDC] right stroke amp is -0.15241347196899982
2023-07-05 21:20:22,256 -  [BaseBLDC] left stroke amp is -0.1524132620757328
2023-07-05 21:20:22,259 -  [BaseBLDC] right target amplitude is 0
2023-07-05 21:20:22,259 -  [BaseBLDC] left target amplitude is 0
2023-07-05 21:20:22,368 -  [BaseBLDC] right stroke amp is -0.17356581080514263
2023-07-05 21:20:22,368 -  [BaseBLDC] left stroke amp is -0.17356558209601924
2023-07-05 21:20:22,371 -  [BaseBLDC] right target amplitude is 0
2023-07-05 21:20:22,371 -  [BaseBLDC] left target amplitude is 0
2023-07-05 21:20:22,479 -  [BaseBLDC] right stroke amp is -0.1959593697492676
2023-07-05 21:20:22,479 -  [BaseBLDC] left stroke amp is -0.19595912482441882
2023-07-05 21:20:22,482 -  [BaseBLDC] right target amplitude is 0
2023-07-05 21:20:22,482 -  [BaseBLDC] left target amplitude is 0
2023-07-05 21:20:22,590 -  [BaseBLDC] right stroke amp is -0.2195623315116345
2023-07-05 21:20:22,590 -  [BaseBLDC] left stroke amp is -0.21956206983751514
2023-07-05 21:20:22,593 -  [BaseBLDC] right target amplitude is 0
2023-07-05 21:20:22,593 -  [BaseBLDC] left target amplitude is 0
2023-07-05 21:20:22,702 -  [BaseBLDC] right stroke amp is -0.24434115647005206
2023-07-05 21:20:22,702 -  [BaseBLDC] left stroke amp is -0.24434087819454173
2023-07-05 21:20:22,705 -  [BaseBLDC] right target amplitude is 0
2023-07-05 21:20:22,705 -  [BaseBLDC] left target amplitude is 0
2023-07-05 21:20:22,813 -  [BaseBLDC] right stroke amp is -0.27026063500176145
2023-07-05 21:20:22,813 -  [BaseBLDC] left stroke amp is -0.2702603400950234
2023-07-05 21:20:22,816 -  [BaseBLDC] right target amplitude is 0
2023-07-05 21:20:22,816 -  [BaseBLDC] left target amplitude is 0
2023-07-05 21:20:22,925 -  [BaseBLDC] right stroke amp is -0.2972839364205484
2023-07-05 21:20:22,925 -  [BaseBLDC] left stroke amp is -0.29728362491064914
2023-07-05 21:20:22,928 -  [BaseBLDC] right target amplitude is 0
2023-07-05 21:20:22,928 -  [BaseBLDC] left target amplitude is 0
2023-07-05 21:20:23,036 -  [BaseBLDC] right stroke amp is -0.3253726615542014
2023-07-05 21:20:23,036 -  [BaseBLDC] left stroke amp is -0.325372333520283
2023-07-05 21:20:23,039 -  [BaseBLDC] right target amplitude is 0
2023-07-05 21:20:23,039 -  [BaseBLDC] left target amplitude is 0
2023-07-05 21:20:23,148 -  [BaseBLDC] right stroke amp is -0.3544868973375598
2023-07-05 21:20:23,148 -  [BaseBLDC] left stroke amp is -0.3544865528737466
2023-07-05 21:20:23,151 -  [BaseBLDC] right target amplitude is 0
2023-07-05 21:20:23,151 -  [BaseBLDC] left target amplitude is 0
2023-07-05 21:20:23,259 -  [BaseBLDC] right stroke amp is -0.3845852734897798
2023-07-05 21:20:23,260 -  [BaseBLDC] left stroke amp is -0.3845849127068402
2023-07-05 21:20:23,262 -  [BaseBLDC] right target amplitude is 0
2023-07-05 21:20:23,263 -  [BaseBLDC] left target amplitude is 0
2023-07-05 21:20:23,371 -  [BaseBLDC] right stroke amp is -0.415625021300325
2023-07-05 21:20:23,371 -  [BaseBLDC] left stroke amp is -0.41562464432701196
2023-07-05 21:20:23,374 -  [BaseBLDC] right target amplitude is 0
2023-07-05 21:20:23,374 -  [BaseBLDC] left target amplitude is 0
2023-07-05 21:20:23,483 -  [BaseBLDC] right stroke amp is -0.4475620344014263
2023-07-05 21:20:23,483 -  [BaseBLDC] left stroke amp is -0.4475616413861434
2023-07-05 21:20:23,486 -  [BaseBLDC] right target amplitude is 0
2023-07-05 21:20:23,486 -  [BaseBLDC] left target amplitude is 0
2023-07-05 21:20:23,595 -  [BaseBLDC] right stroke amp is -0.480350931441905
2023-07-05 21:20:23,595 -  [BaseBLDC] left stroke amp is -0.4803505225540946
2023-07-05 21:20:23,598 -  [BaseBLDC] right target amplitude is 0
2023-07-05 21:20:23,598 -  [BaseBLDC] left target amplitude is 0
2023-07-05 21:20:23,707 -  [BaseBLDC] right stroke amp is -0.5139451205723966
2023-07-05 21:20:23,708 -  [BaseBLDC] left stroke amp is -0.5139446960039527
2023-07-05 21:20:23,710 -  [BaseBLDC] right target amplitude is 0
2023-07-05 21:20:23,710 -  [BaseBLDC] left target amplitude is 0
2023-07-05 21:20:23,819 -  [BaseBLDC] right stroke amp is -0.5482968656508137
2023-07-05 21:20:23,819 -  [BaseBLDC] left stroke amp is -0.5482964256173518
2023-07-05 21:20:23,822 -  [BaseBLDC] right target amplitude is 0
2023-07-05 21:20:23,822 -  [BaseBLDC] left target amplitude is 0
2023-07-05 21:20:23,930 -  [BaseBLDC] right stroke amp is -0.5833573540734094
2023-07-05 21:20:23,930 -  [BaseBLDC] left stroke amp is -0.5833568988157901
2023-07-05 21:20:23,933 -  [BaseBLDC] right target amplitude is 0
2023-07-05 21:20:23,933 -  [BaseBLDC] left target amplitude is 0
2023-07-05 21:20:24,040 -  [BaseBLDC] right stroke amp is -0.6190767739109244
2023-07-05 21:20:24,040 -  [BaseBLDC] left stroke amp is -0.6190762959215566
2023-07-05 21:20:24,043 -  [BaseBLDC] right target amplitude is 0
2023-07-05 21:20:24,043 -  [BaseBLDC] left target amplitude is 0
2023-07-05 21:20:24,150 -  [BaseBLDC] right stroke amp is -0.6554043612233851
2023-07-05 21:20:24,151 -  [BaseBLDC] left stroke amp is -0.6554038609497094
2023-07-05 21:20:24,153 -  [BaseBLDC] right target amplitude is 0
2023-07-05 21:20:24,153 -  [BaseBLDC] left target amplitude is 0
2023-07-05 21:20:24,262 -  [BaseBLDC] right stroke amp is -0.6922884957970589
2023-07-05 21:20:24,262 -  [BaseBLDC] left stroke amp is -0.6922879737305124
2023-07-05 21:20:24,265 -  [BaseBLDC] right target amplitude is 0
2023-07-05 21:20:24,265 -  [BaseBLDC] left target amplitude is 0
2023-07-05 21:20:24,373 -  [BaseBLDC] right stroke amp is -0.7296767665830812
2023-07-05 21:20:24,373 -  [BaseBLDC] left stroke amp is -0.7296762232598468
2023-07-05 21:20:24,376 -  [BaseBLDC] right target amplitude is 0
2023-07-05 21:20:24,376 -  [BaseBLDC] left target amplitude is 0
2023-07-05 21:20:24,485 -  [BaseBLDC] right stroke amp is -0.7675160461711799
2023-07-05 21:20:24,485 -  [BaseBLDC] left stroke amp is -0.767515482173369
2023-07-05 21:20:24,488 -  [BaseBLDC] right target amplitude is 0
2023-07-05 21:20:24,488 -  [BaseBLDC] left target amplitude is 0
2023-07-05 21:20:24,596 -  [BaseBLDC] right stroke amp is -0.8057525662819536
2023-07-05 21:20:24,596 -  [BaseBLDC] left stroke amp is -0.8057519822385898
2023-07-05 21:20:24,599 -  [BaseBLDC] right target amplitude is 0
2023-07-05 21:20:24,599 -  [BaseBLDC] left target amplitude is 0
2023-07-05 21:20:24,708 -  [BaseBLDC] right stroke amp is -0.8443319941698378
2023-07-05 21:20:24,709 -  [BaseBLDC] left stroke amp is -0.844331390757605
2023-07-05 21:20:24,711 -  [BaseBLDC] right target amplitude is 0
2023-07-05 21:20:24,711 -  [BaseBLDC] left target amplitude is 0
2023-07-05 21:20:24,819 -  [BaseBLDC] right stroke amp is -0.8831995098281584
2023-07-05 21:20:24,819 -  [BaseBLDC] left stroke amp is -0.8831988877719089
2023-07-05 21:20:24,822 -  [BaseBLDC] right target amplitude is 0
2023-07-05 21:20:24,822 -  [BaseBLDC] left target amplitude is 0
2023-07-05 21:20:24,931 -  [BaseBLDC] right stroke amp is -0.9222998838865718
2023-07-05 21:20:24,931 -  [BaseBLDC] left stroke amp is -0.9222992439595881
2023-07-05 21:20:24,934 -  [BaseBLDC] right target amplitude is 0
2023-07-05 21:20:24,934 -  [BaseBLDC] left target amplitude is 0
2023-07-05 21:20:25,042 -  [BaseBLDC] right stroke amp is -0.9615775560902293
2023-07-05 21:20:25,043 -  [BaseBLDC] left stroke amp is -0.9615768991142053
2023-07-05 21:20:25,045 -  [BaseBLDC] right target amplitude is 0
2023-07-05 21:20:25,045 -  [BaseBLDC] left target amplitude is 0
2023-07-05 21:20:25,153 -  [BaseBLDC] right stroke amp is -1.0009767142490598
2023-07-05 21:20:25,153 -  [BaseBLDC] left stroke amp is -1.0009760410938582
2023-07-05 21:20:25,156 -  [BaseBLDC] right target amplitude is 0
2023-07-05 21:20:25,156 -  [BaseBLDC] left target amplitude is 0
2023-07-05 21:20:25,265 -  [BaseBLDC] right stroke amp is -1.040441373545119
2023-07-05 21:20:25,265 -  [BaseBLDC] left stroke amp is -1.0404406851282284
2023-07-05 21:20:25,268 -  [BaseBLDC] right target amplitude is 0
2023-07-05 21:20:25,268 -  [BaseBLDC] left target amplitude is 0
2023-07-05 21:20:25,377 -  [BaseBLDC] right stroke amp is -1.0799154635158286
2023-07-05 21:20:25,377 -  [BaseBLDC] left stroke amp is -1.0799147533709306
2023-07-05 21:20:25,380 -  [BaseBLDC] right target amplitude is 0
2023-07-05 21:20:25,380 -  [BaseBLDC] left target amplitude is 0
2023-07-05 21:20:25,488 -  [BaseBLDC] right stroke amp is -1.119342884922846
2023-07-05 21:20:25,488 -  [BaseBLDC] left stroke amp is -1.1193421545841176
2023-07-05 21:20:25,491 -  [BaseBLDC] right target amplitude is 0
2023-07-05 21:20:25,491 -  [BaseBLDC] left target amplitude is 0
2023-07-05 21:20:25,599 -  [BaseBLDC] right stroke amp is -1.1586676127721234
2023-07-05 21:20:25,599 -  [BaseBLDC] left stroke amp is -1.1586668638421154
2023-07-05 21:20:25,602 -  [BaseBLDC] right target amplitude is 0
2023-07-05 21:20:25,602 -  [BaseBLDC] left target amplitude is 0
2023-07-05 21:20:25,710 -  [BaseBLDC] right stroke amp is -1.197833767994633
2023-07-05 21:20:25,710 -  [BaseBLDC] left stroke amp is -1.1978330021408303
2023-07-05 21:20:25,713 -  [BaseBLDC] right target amplitude is 0
2023-07-05 21:20:25,713 -  [BaseBLDC] left target amplitude is 0
2023-07-05 21:20:25,822 -  [BaseBLDC] right stroke amp is -1.2367856968478697
2023-07-05 21:20:25,822 -  [BaseBLDC] left stroke amp is -1.2367849157998076
2023-07-05 21:20:25,825 -  [BaseBLDC] right target amplitude is 0
2023-07-05 21:20:25,825 -  [BaseBLDC] left target amplitude is 0
2023-07-05 21:20:25,933 -  [BaseBLDC] right stroke amp is -1.2754680569650838
2023-07-05 21:20:25,933 -  [BaseBLDC] left stroke amp is -1.2754672555441129
2023-07-05 21:20:25,936 -  [BaseBLDC] right target amplitude is 0
2023-07-05 21:20:25,936 -  [BaseBLDC] left target amplitude is 0
2023-07-05 21:20:26,045 -  [BaseBLDC] right stroke amp is -1.313825874147447
2023-07-05 21:20:26,045 -  [BaseBLDC] left stroke amp is -1.313825055153665
2023-07-05 21:20:26,048 -  [BaseBLDC] right target amplitude is 0
2023-07-05 21:20:26,048 -  [BaseBLDC] left target amplitude is 0
2023-07-05 21:20:26,157 -  [BaseBLDC] right stroke amp is -1.3518046508918222
2023-07-05 21:20:26,158 -  [BaseBLDC] left stroke amp is -1.351803809568262
2023-07-05 21:20:26,160 -  [BaseBLDC] right target amplitude is 0
2023-07-05 21:20:26,161 -  [BaseBLDC] left target amplitude is 0
2023-07-05 21:20:26,269 -  [BaseBLDC] right stroke amp is -1.3893504115099915
2023-07-05 21:20:26,270 -  [BaseBLDC] left stroke amp is -1.389349552337316
2023-07-05 21:20:26,272 -  [BaseBLDC] right target amplitude is 0
2023-07-05 21:20:26,272 -  [BaseBLDC] left target amplitude is 0
2023-07-05 21:20:26,380 -  [BaseBLDC] right stroke amp is -1.4264098116421748
2023-07-05 21:20:26,381 -  [BaseBLDC] left stroke amp is -1.4264089323042428
2023-07-05 21:20:26,383 -  [BaseBLDC] right target amplitude is 0
2023-07-05 21:20:26,384 -  [BaseBLDC] left target amplitude is 0
2023-07-05 21:20:26,491 -  [BaseBLDC] right stroke amp is -1.462930188631748
2023-07-05 21:20:26,491 -  [BaseBLDC] left stroke amp is -1.4629292894165427
2023-07-05 21:20:26,494 -  [BaseBLDC] right target amplitude is 0
2023-07-05 21:20:26,495 -  [BaseBLDC] left target amplitude is 0
2023-07-05 21:20:26,601 -  [BaseBLDC] right stroke amp is -1.498859649419738
2023-07-05 21:20:26,601 -  [BaseBLDC] left stroke amp is -1.4988587295538467
2023-07-05 21:20:26,604 -  [BaseBLDC] right target amplitude is 0
2023-07-05 21:20:26,604 -  [BaseBLDC] left target amplitude is 0
2023-07-05 21:20:26,713 -  [BaseBLDC] right stroke amp is -1.5341471008837926
2023-07-05 21:20:26,713 -  [BaseBLDC] left stroke amp is -1.534146198267602
2023-07-05 21:20:26,716 -  [BaseBLDC] right target amplitude is 0
2023-07-05 21:20:26,716 -  [BaseBLDC] left target amplitude is 0
2023-07-05 21:20:26,823 -  [BaseBLDC] right stroke amp is -1.5687424356908517
2023-07-05 21:20:26,823 -  [BaseBLDC] left stroke amp is -1.5687415533276141
2023-07-05 21:20:26,826 -  [BaseBLDC] right target amplitude is 0
2023-07-05 21:20:26,826 -  [BaseBLDC] left target amplitude is 0
2023-07-05 21:20:26,934 -  [BaseBLDC] right stroke amp is -1.602596502164735
2023-07-05 21:20:26,934 -  [BaseBLDC] left stroke amp is -1.6025956359723612
2023-07-05 21:20:26,937 -  [BaseBLDC] right target amplitude is 0
2023-07-05 21:20:26,937 -  [BaseBLDC] left target amplitude is 0
2023-07-05 21:20:27,046 -  [BaseBLDC] right stroke amp is -1.6356609606718568
2023-07-05 21:20:27,046 -  [BaseBLDC] left stroke amp is -1.6356603407618333
2023-07-05 21:20:27,049 -  [BaseBLDC] right target amplitude is 0
2023-07-05 21:20:27,049 -  [BaseBLDC] left target amplitude is 0
2023-07-05 21:20:27,158 -  [BaseBLDC] right stroke amp is -1.6678893931871839
2023-07-05 21:20:27,158 -  [BaseBLDC] left stroke amp is -1.6678886839336426
2023-07-05 21:20:27,161 -  [BaseBLDC] right target amplitude is 0
2023-07-05 21:20:27,161 -  [BaseBLDC] left target amplitude is 0
2023-07-05 21:20:27,269 -  [BaseBLDC] right stroke amp is -1.699235609750472
2023-07-05 21:20:27,269 -  [BaseBLDC] left stroke amp is -1.6992348701652693
2023-07-05 21:20:27,272 -  [BaseBLDC] right target amplitude is 0
2023-07-05 21:20:27,272 -  [BaseBLDC] left target amplitude is 0
2023-07-05 21:20:27,381 -  [BaseBLDC] right stroke amp is -1.7296551201877932
2023-07-05 21:20:27,381 -  [BaseBLDC] left stroke amp is -1.7296543576475778
2023-07-05 21:20:27,384 -  [BaseBLDC] right target amplitude is 0
2023-07-05 21:20:27,384 -  [BaseBLDC] left target amplitude is 0
2023-07-05 21:20:27,492 -  [BaseBLDC] right stroke amp is -1.759104700863486
2023-07-05 21:20:27,493 -  [BaseBLDC] left stroke amp is -1.7591039213771364
2023-07-05 21:20:27,495 -  [BaseBLDC] right target amplitude is 0
2023-07-05 21:20:27,495 -  [BaseBLDC] left target amplitude is 0
2023-07-05 21:20:27,604 -  [BaseBLDC] right stroke amp is -1.7875425062433474
2023-07-05 21:20:27,604 -  [BaseBLDC] left stroke amp is -1.7875417145774046
2023-07-05 21:20:27,607 -  [BaseBLDC] right target amplitude is 0
2023-07-05 21:20:27,607 -  [BaseBLDC] left target amplitude is 0
2023-07-05 21:20:27,715 -  [BaseBLDC] right stroke amp is -1.8149281281033658
2023-07-05 21:20:27,715 -  [BaseBLDC] left stroke amp is -1.8149273281615081
2023-07-05 21:20:27,718 -  [BaseBLDC] right target amplitude is 0
2023-07-05 21:20:27,718 -  [BaseBLDC] left target amplitude is 0
2023-07-05 21:20:27,826 -  [BaseBLDC] right stroke amp is -1.8412226531307585
2023-07-05 21:20:27,826 -  [BaseBLDC] left stroke amp is -1.8412218481521108
2023-07-05 21:20:27,829 -  [BaseBLDC] right target amplitude is 0
2023-07-05 21:20:27,829 -  [BaseBLDC] left target amplitude is 0
2023-07-05 21:20:27,937 -  [BaseBLDC] right stroke amp is -1.8663887182867238
2023-07-05 21:20:27,937 -  [BaseBLDC] left stroke amp is -1.8663879109767885
2023-07-05 21:20:27,940 -  [BaseBLDC] right target amplitude is 0
2023-07-05 21:20:27,940 -  [BaseBLDC] left target amplitude is 0
2023-07-05 21:20:28,049 -  [BaseBLDC] right stroke amp is -1.89039056392528
2023-07-05 21:20:28,049 -  [BaseBLDC] left stroke amp is -1.8903897565603354
2023-07-05 21:20:28,052 -  [BaseBLDC] right target amplitude is 0
2023-07-05 21:20:28,052 -  [BaseBLDC] left target amplitude is 0
