2023-07-05 21:36:15,902 -  [BaseWing] the length is 0.10559576566307186
2023-07-05 21:36:15,902 -  [BaseWing] the chord of root is 0.013679980005579979
2023-07-05 21:36:15,902 -  [BaseWing] the chord of tip is 0.009028786803682786
2023-07-05 21:36:15,903 -  [BaseWing] the length is 0.10559576566307186
2023-07-05 21:36:15,903 -  [BaseWing] the chord of root is 0.013679980005579979
2023-07-05 21:36:15,903 -  [BaseWing] the chord of tip is 0.009028786803682786
2023-07-05 21:36:16,072 -  [BaseBLDC] right target amplitude is 1.04719755119660
2023-07-05 21:36:16,074 -  [BaseBLDC] left target amplitude is 1.04719755119660
2023-07-05 21:36:16,188 -  [BaseBLDC] right stroke amp is 0.05236018778682086
2023-07-05 21:36:16,188 -  [BaseBLDC] left stroke amp is 0.05235987755982989
2023-07-05 21:36:16,191 -  [BaseBLDC] right target amplitude is 1.04645353607079
2023-07-05 21:36:16,191 -  [BaseBLDC] left target amplitude is 1.04645353607079
2023-07-05 21:36:16,299 -  [BaseBLDC] right stroke amp is 0.15142504129635206
2023-07-05 21:36:16,299 -  [BaseBLDC] left stroke amp is 0.1514241667174448
2023-07-05 21:36:16,302 -  [BaseBLDC] right target amplitude is 1.04422254791229
2023-07-05 21:36:16,302 -  [BaseBLDC] left target amplitude is 1.04422254791229
2023-07-05 21:36:16,410 -  [BaseBLDC] right stroke amp is 0.28804528186630185
2023-07-05 21:36:16,410 -  [BaseBLDC] left stroke amp is 0.2880435918586298
2023-07-05 21:36:16,413 -  [BaseBLDC] right target amplitude is 1.04050775687551
2023-07-05 21:36:16,413 -  [BaseBLDC] left target amplitude is 1.04050775687551
2023-07-05 21:36:16,522 -  [BaseBLDC] right stroke amp is 0.4552368465698413
2023-07-05 21:36:16,522 -  [BaseBLDC] left stroke amp is 0.4552342420454204
2023-07-05 21:36:16,525 -  [BaseBLDC] right target amplitude is 1.03531444154575
2023-07-05 21:36:16,526 -  [BaseBLDC] left target amplitude is 1.03531444154575
2023-07-05 21:36:16,633 -  [BaseBLDC] right stroke amp is 0.6427789502394328
2023-07-05 21:36:16,633 -  [BaseBLDC] left stroke amp is 0.6427754662929689
2023-07-05 21:36:16,636 -  [BaseBLDC] right target amplitude is 1.02864998143846
2023-07-05 21:36:16,636 -  [BaseBLDC] left target amplitude is 1.02864998143846
2023-07-05 21:36:16,745 -  [BaseBLDC] right stroke amp is 0.839870987433221
2023-07-05 21:36:16,745 -  [BaseBLDC] left stroke amp is 0.8398667883105133
2023-07-05 21:36:16,748 -  [BaseBLDC] right target amplitude is 1.02052384651324
2023-07-05 21:36:16,748 -  [BaseBLDC] left target amplitude is 1.02052384651324
2023-07-05 21:36:16,856 -  [BaseBLDC] right stroke amp is 1.0357019859924468
2023-07-05 21:36:16,856 -  [BaseBLDC] left stroke amp is 1.0356973612180425
2023-07-05 21:36:16,859 -  [BaseBLDC] right target amplitude is 1.01094758371736
2023-07-05 21:36:16,859 -  [BaseBLDC] left target amplitude is 1.01094758371736
2023-07-05 21:36:16,968 -  [BaseBLDC] right stroke amp is 1.2199923403061652
2023-07-05 21:36:16,968 -  [BaseBLDC] left stroke amp is 1.219987651018765
2023-07-05 21:36:16,971 -  [BaseBLDC] right target amplitude is 0.999934800577948
2023-07-05 21:36:16,971 -  [BaseBLDC] left target amplitude is 0.999934800577948
2023-07-05 21:36:17,080 -  [BaseBLDC] right stroke amp is 1.383482246369988
2023-07-05 21:36:17,080 -  [BaseBLDC] left stroke amp is 1.3834779093210887
2023-07-05 21:36:17,083 -  [BaseBLDC] right target amplitude is 0.987501145866170
2023-07-05 21:36:17,083 -  [BaseBLDC] left target amplitude is 0.987501145866170
2023-07-05 21:36:17,191 -  [BaseBLDC] right stroke amp is 1.5183411176167763
2023-07-05 21:36:17,192 -  [BaseBLDC] left stroke amp is 1.5183375821674892
2023-07-05 21:36:17,194 -  [BaseBLDC] right target amplitude is 0.973664287360898
2023-07-05 21:36:17,195 -  [BaseBLDC] left target amplitude is 0.973664287360898
2023-07-05 21:36:17,302 -  [BaseBLDC] right stroke amp is 1.618475947697314
2023-07-05 21:36:17,302 -  [BaseBLDC] left stroke amp is 1.6184736839002005
2023-07-05 21:36:17,305 -  [BaseBLDC] right target amplitude is 0.958443886743414
2023-07-05 21:36:17,305 -  [BaseBLDC] left target amplitude is 0.958443886743414
2023-07-05 21:36:17,412 -  [BaseBLDC] right stroke amp is 1.679714877172971
2023-07-05 21:36:17,413 -  [BaseBLDC] left stroke amp is 1.6797143824610794
2023-07-05 21:36:17,415 -  [BaseBLDC] right target amplitude is 0.941861571658857
2023-07-05 21:36:17,415 -  [BaseBLDC] left target amplitude is 0.941861571658857
2023-07-05 21:36:17,523 -  [BaseBLDC] right stroke amp is 1.6998999955023455
2023-07-05 21:36:17,523 -  [BaseBLDC] left stroke amp is 1.6999015747454544
2023-07-05 21:36:17,526 -  [BaseBLDC] right target amplitude is 0.923940904984112
2023-07-05 21:36:17,526 -  [BaseBLDC] left target amplitude is 0.923940904984112
2023-07-05 21:36:17,635 -  [BaseBLDC] right stroke amp is 1.679588896804061
2023-07-05 21:36:17,636 -  [BaseBLDC] left stroke amp is 1.6795903439810733
2023-07-05 21:36:17,638 -  [BaseBLDC] right target amplitude is 0.904707351345790
2023-07-05 21:36:17,638 -  [BaseBLDC] left target amplitude is 0.904707351345790
2023-07-05 21:36:17,746 -  [BaseBLDC] right stroke amp is 1.6236495164335465
2023-07-05 21:36:17,746 -  [BaseBLDC] left stroke amp is 1.623647129800051
2023-07-05 21:36:17,749 -  [BaseBLDC] right target amplitude is 0.884188240935905
2023-07-05 21:36:17,749 -  [BaseBLDC] left target amplitude is 0.884188240935905
2023-07-05 21:36:17,858 -  [BaseBLDC] right stroke amp is 1.532475537236199
2023-07-05 21:36:17,858 -  [BaseBLDC] left stroke amp is 1.5324698950733218
2023-07-05 21:36:17,861 -  [BaseBLDC] right target amplitude is 0.862412730676639
2023-07-05 21:36:17,861 -  [BaseBLDC] left target amplitude is 0.862412730676639
2023-07-05 21:36:17,970 -  [BaseBLDC] right stroke amp is 1.4112355713431777
2023-07-05 21:36:17,970 -  [BaseBLDC] left stroke amp is 1.4112273375584556
2023-07-05 21:36:17,973 -  [BaseBLDC] right target amplitude is 0.839411762789393
2023-07-05 21:36:17,973 -  [BaseBLDC] left target amplitude is 0.839411762789393
2023-07-05 21:36:18,081 -  [BaseBLDC] right stroke amp is 1.266283190238239
2023-07-05 21:36:18,082 -  [BaseBLDC] left stroke amp is 1.2662730657533174
2023-07-05 21:36:18,084 -  [BaseBLDC] right target amplitude is 0.815218020826987
2023-07-05 21:36:18,084 -  [BaseBLDC] left target amplitude is 0.815218020826987
2023-07-05 21:36:18,193 -  [BaseBLDC] right stroke amp is 1.1047819667748275
2023-07-05 21:36:18,193 -  [BaseBLDC] left stroke amp is 1.1047706464413682
2023-07-05 21:36:18,196 -  [BaseBLDC] right target amplitude is 0.789865883231501
2023-07-05 21:36:18,196 -  [BaseBLDC] left target amplitude is 0.789865883231501
2023-07-05 21:36:18,304 -  [BaseBLDC] right stroke amp is 0.9343088253153924
2023-07-05 21:36:18,304 -  [BaseBLDC] left stroke amp is 0.9342969622816539
2023-07-05 21:36:18,307 -  [BaseBLDC] right target amplitude is 0.763391374483726
2023-07-05 21:36:18,307 -  [BaseBLDC] left target amplitude is 0.763391374483726
2023-07-05 21:36:18,415 -  [BaseBLDC] right stroke amp is 0.7624565692360366
2023-07-05 21:36:18,415 -  [BaseBLDC] left stroke amp is 0.7624447532692469
2023-07-05 21:36:18,418 -  [BaseBLDC] right target amplitude is 0.735832113913662
2023-07-05 21:36:18,418 -  [BaseBLDC] left target amplitude is 0.735832113913662
2023-07-05 21:36:18,526 -  [BaseBLDC] right stroke amp is 0.5964555001411762
2023-07-05 21:36:18,526 -  [BaseBLDC] left stroke amp is 0.5964442282672417
2023-07-05 21:36:18,529 -  [BaseBLDC] right target amplitude is 0.707227262244792
2023-07-05 21:36:18,529 -  [BaseBLDC] left target amplitude is 0.707227262244792
2023-07-05 21:36:18,638 -  [BaseBLDC] right stroke amp is 0.4428317127079028
2023-07-05 21:36:18,638 -  [BaseBLDC] left stroke amp is 0.4428213810977134
2023-07-05 21:36:18,641 -  [BaseBLDC] right target amplitude is 0.677617465948086
2023-07-05 21:36:18,641 -  [BaseBLDC] left target amplitude is 0.677617465948086
2023-07-05 21:36:18,750 -  [BaseBLDC] right stroke amp is 0.30711958477304085
2023-07-05 21:36:18,750 -  [BaseBLDC] left stroke amp is 0.3071105100002313
2023-07-05 21:36:18,753 -  [BaseBLDC] right target amplitude is 0.647044799484823
2023-07-05 21:36:18,754 -  [BaseBLDC] left target amplitude is 0.647044799484823
2023-07-05 21:36:18,860 -  [BaseBLDC] right stroke amp is 0.19364397539443945
2023-07-05 21:36:18,860 -  [BaseBLDC] left stroke amp is 0.19363650958287953
2023-07-05 21:36:18,863 -  [BaseBLDC] right target amplitude is 0.615552705520273
2023-07-05 21:36:18,863 -  [BaseBLDC] left target amplitude is 0.615552705520273
2023-07-05 21:36:18,972 -  [BaseBLDC] right stroke amp is 0.10538273983196869
2023-07-05 21:36:18,972 -  [BaseBLDC] left stroke amp is 0.10537751778000867
2023-07-05 21:36:18,976 -  [BaseBLDC] right target amplitude is 0.583185933193230
2023-07-05 21:36:18,976 -  [BaseBLDC] left target amplitude is 0.583185933193230
2023-07-05 21:36:19,082 -  [BaseBLDC] right stroke amp is 0.04390645541657838
2023-07-05 21:36:19,082 -  [BaseBLDC] left stroke amp is 0.043904319793781565
2023-07-05 21:36:19,085 -  [BaseBLDC] right target amplitude is 0.549990474529080
2023-07-05 21:36:19,085 -  [BaseBLDC] left target amplitude is 0.549990474529080
2023-07-05 21:36:19,193 -  [BaseBLDC] right stroke amp is 0.00926953881131172
2023-07-05 21:36:19,193 -  [BaseBLDC] left stroke amp is 0.009267463450965935
2023-07-05 21:36:19,196 -  [BaseBLDC] right target amplitude is 0.516013499086778
2023-07-05 21:36:19,196 -  [BaseBLDC] left target amplitude is 0.516013499086778
2023-07-05 21:36:19,305 -  [BaseBLDC] right stroke amp is -0.0005792378178769205
2023-07-05 21:36:19,305 -  [BaseBLDC] left stroke amp is -0.0006007170436531026
2023-07-05 21:36:19,308 -  [BaseBLDC] right target amplitude is 0.481303286932590
2023-07-05 21:36:19,308 -  [BaseBLDC] left target amplitude is 0.481303286932590
2023-07-05 21:36:19,416 -  [BaseBLDC] right stroke amp is 0.01027111471216197
2023-07-05 21:36:19,416 -  [BaseBLDC] left stroke amp is 0.01021700358985766
2023-07-05 21:36:19,419 -  [BaseBLDC] right target amplitude is 0.445909160035849
2023-07-05 21:36:19,419 -  [BaseBLDC] left target amplitude is 0.445909160035849
2023-07-05 21:36:19,528 -  [BaseBLDC] right stroke amp is 0.040575043223331456
2023-07-05 21:36:19,528 -  [BaseBLDC] left stroke amp is 0.040492486886978415
2023-07-05 21:36:19,531 -  [BaseBLDC] right target amplitude is 0.409881412184201
2023-07-05 21:36:19,531 -  [BaseBLDC] left target amplitude is 0.409881412184201
2023-07-05 21:36:19,640 -  [BaseBLDC] right stroke amp is 0.08601292644481903
2023-07-05 21:36:19,641 -  [BaseBLDC] left stroke amp is 0.08590734789658214
2023-07-05 21:36:19,644 -  [BaseBLDC] right target amplitude is 0.373271237517931
2023-07-05 21:36:19,644 -  [BaseBLDC] left target amplitude is 0.373271237517931
2023-07-05 21:36:19,751 -  [BaseBLDC] right stroke amp is 0.14169791746468138
2023-07-05 21:36:19,751 -  [BaseBLDC] left stroke amp is 0.14157564343522877
2023-07-05 21:36:19,754 -  [BaseBLDC] right target amplitude is 0.336130657784932
2023-07-05 21:36:19,754 -  [BaseBLDC] left target amplitude is 0.336130657784932
2023-07-05 21:36:19,862 -  [BaseBLDC] right stroke amp is 0.20245124296582864
2023-07-05 21:36:19,863 -  [BaseBLDC] left stroke amp is 0.2023191460737048
2023-07-05 21:36:19,865 -  [BaseBLDC] right target amplitude is 0.298512448419653
2023-07-05 21:36:19,866 -  [BaseBLDC] left target amplitude is 0.298512448419653
2023-07-05 21:36:19,974 -  [BaseBLDC] right stroke amp is 0.2630784293620107
2023-07-05 21:36:19,974 -  [BaseBLDC] left stroke amp is 0.2629435738623682
2023-07-05 21:36:19,977 -  [BaseBLDC] right target amplitude is 0.260470063551113
2023-07-05 21:36:19,977 -  [BaseBLDC] left target amplitude is 0.260470063551113
2023-07-05 21:36:20,086 -  [BaseBLDC] right stroke amp is 0.3186323550233496
2023-07-05 21:36:20,086 -  [BaseBLDC] left stroke amp is 0.3185016159826068
2023-07-05 21:36:20,089 -  [BaseBLDC] right target amplitude is 0.222057560046490
2023-07-05 21:36:20,089 -  [BaseBLDC] left target amplitude is 0.222057560046490
2023-07-05 21:36:20,197 -  [BaseBLDC] right stroke amp is 0.3646510015304798
2023-07-05 21:36:20,197 -  [BaseBLDC] left stroke amp is 0.3645307610937728
2023-07-05 21:36:20,200 -  [BaseBLDC] right target amplitude is 0.183329520698255
2023-07-05 21:36:20,200 -  [BaseBLDC] left target amplitude is 0.183329520698255
2023-07-05 21:36:20,308 -  [BaseBLDC] right stroke amp is 0.3973577394488328
2023-07-05 21:36:20,309 -  [BaseBLDC] left stroke amp is 0.3972537716796309
2023-07-05 21:36:20,311 -  [BaseBLDC] right target amplitude is 0.144340976663988
2023-07-05 21:36:20,311 -  [BaseBLDC] left target amplitude is 0.144340976663988
2023-07-05 21:36:20,420 -  [BaseBLDC] right stroke amp is 0.4138156692309314
2023-07-05 21:36:20,420 -  [BaseBLDC] left stroke amp is 0.4137334229434349
2023-07-05 21:36:20,423 -  [BaseBLDC] right target amplitude is 0.105147329269070
2023-07-05 21:36:20,423 -  [BaseBLDC] left target amplitude is 0.105147329269070
2023-07-05 21:36:20,531 -  [BaseBLDC] right stroke amp is 0.4120290639923817
2023-07-05 21:36:20,531 -  [BaseBLDC] left stroke amp is 0.41197460179114376
2023-07-05 21:36:20,534 -  [BaseBLDC] right target amplitude is 0.0658042712833928
2023-07-05 21:36:20,534 -  [BaseBLDC] left target amplitude is 0.0658042712833928
2023-07-05 21:36:20,642 -  [BaseBLDC] right stroke amp is 0.3909882292598513
2023-07-05 21:36:20,642 -  [BaseBLDC] left stroke amp is 0.3909696675078658
2023-07-05 21:36:20,645 -  [BaseBLDC] right target amplitude is 0.0263677077839345
2023-07-05 21:36:20,645 -  [BaseBLDC] left target amplitude is 0.0263677077839345
2023-07-05 21:36:20,754 -  [BaseBLDC] right stroke amp is 0.3506695477707431
2023-07-05 21:36:20,755 -  [BaseBLDC] left stroke amp is 0.3506950792385467
2023-07-05 21:36:20,758 -  [BaseBLDC] right target amplitude is -0.0131063232843514
2023-07-05 21:36:20,758 -  [BaseBLDC] left target amplitude is -0.0131063232843514
2023-07-05 21:36:20,865 -  [BaseBLDC] right stroke amp is 0.2920635188685801
2023-07-05 21:36:20,865 -  [BaseBLDC] left stroke amp is 0.2921177799490765
2023-07-05 21:36:20,868 -  [BaseBLDC] right target amplitude is -0.0525617307364418
2023-07-05 21:36:20,868 -  [BaseBLDC] left target amplitude is -0.0525617307364418
2023-07-05 21:36:20,976 -  [BaseBLDC] right stroke amp is 0.21737742151660527
2023-07-05 21:36:20,976 -  [BaseBLDC] left stroke amp is 0.21735520567464722
2023-07-05 21:36:20,979 -  [BaseBLDC] right target amplitude is -0.0919424498508024
2023-07-05 21:36:20,979 -  [BaseBLDC] left target amplitude is -0.0919424498508024
2023-07-05 21:36:21,088 -  [BaseBLDC] right stroke amp is 0.13006849336103013
2023-07-05 21:36:21,088 -  [BaseBLDC] left stroke amp is 0.12979612073616045
2023-07-05 21:36:21,091 -  [BaseBLDC] right target amplitude is -0.131192522035345
2023-07-05 21:36:21,091 -  [BaseBLDC] left target amplitude is -0.131192522035345
2023-07-05 21:36:21,200 -  [BaseBLDC] right stroke amp is 0.032098009240046244
2023-07-05 21:36:21,200 -  [BaseBLDC] left stroke amp is 0.031600262896546966
2023-07-05 21:36:21,203 -  [BaseBLDC] right target amplitude is -0.170256174342578
2023-07-05 21:36:21,203 -  [BaseBLDC] left target amplitude is -0.170256174342578
2023-07-05 21:36:21,312 -  [BaseBLDC] right stroke amp is -0.07304632462592735
2023-07-05 21:36:21,312 -  [BaseBLDC] left stroke amp is -0.07373501508427845
2023-07-05 21:36:21,315 -  [BaseBLDC] right target amplitude is -0.209077898720959
2023-07-05 21:36:21,315 -  [BaseBLDC] left target amplitude is -0.209077898720959
2023-07-05 21:36:21,423 -  [BaseBLDC] right stroke amp is -0.18167725353498312
2023-07-05 21:36:21,424 -  [BaseBLDC] left stroke amp is -0.18251491418192256
2023-07-05 21:36:21,427 -  [BaseBLDC] right target amplitude is -0.247602530889847
2023-07-05 21:36:21,427 -  [BaseBLDC] left target amplitude is -0.247602530889847
2023-07-05 21:36:21,534 -  [BaseBLDC] right stroke amp is -0.29009941072684897
2023-07-05 21:36:21,534 -  [BaseBLDC] left stroke amp is -0.2910388887663135
2023-07-05 21:36:21,537 -  [BaseBLDC] right target amplitude is -0.285775328725964
2023-07-05 21:36:21,537 -  [BaseBLDC] left target amplitude is -0.285775328725964
2023-07-05 21:36:21,646 -  [BaseBLDC] right stroke amp is -0.39479178427611805
2023-07-05 21:36:21,646 -  [BaseBLDC] left stroke amp is -0.3957831778144621
2023-07-05 21:36:21,649 -  [BaseBLDC] right target amplitude is -0.323542050049986
2023-07-05 21:36:21,649 -  [BaseBLDC] left target amplitude is -0.323542050049986
2023-07-05 21:36:21,758 -  [BaseBLDC] right stroke amp is -0.4925725136284327
2023-07-05 21:36:21,758 -  [BaseBLDC] left stroke amp is -0.4935654756140619
2023-07-05 21:36:21,761 -  [BaseBLDC] right target amplitude is -0.360849029702735
2023-07-05 21:36:21,761 -  [BaseBLDC] left target amplitude is -0.360849029702735
2023-07-05 21:36:21,868 -  [BaseBLDC] right stroke amp is -0.5807352602051394
2023-07-05 21:36:21,868 -  [BaseBLDC] left stroke amp is -0.5816801380362544
2023-07-05 21:36:21,871 -  [BaseBLDC] right target amplitude is -0.397643255801443
2023-07-05 21:36:21,871 -  [BaseBLDC] left target amplitude is -0.397643255801443
2023-07-05 21:36:21,979 -  [BaseBLDC] right stroke amp is -0.6571517002576122
2023-07-05 21:36:21,979 -  [BaseBLDC] left stroke amp is -0.6580006520083297
2023-07-05 21:36:21,982 -  [BaseBLDC] right target amplitude is -0.433872445067743
2023-07-05 21:36:21,982 -  [BaseBLDC] left target amplitude is -0.433872445067743
2023-07-05 21:36:22,091 -  [BaseBLDC] right stroke amp is -0.7203421840892406
2023-07-05 21:36:22,092 -  [BaseBLDC] left stroke amp is -0.7210591903584478
2023-07-05 21:36:22,095 -  [BaseBLDC] right target amplitude is -0.469485117120324
2023-07-05 21:36:22,095 -  [BaseBLDC] left target amplitude is -0.469485117120324
2023-07-05 21:36:22,202 -  [BaseBLDC] right stroke amp is -0.7695358693976778
2023-07-05 21:36:22,202 -  [BaseBLDC] left stroke amp is -0.7701420124050036
2023-07-05 21:36:22,205 -  [BaseBLDC] right target amplitude is -0.504430667626718
2023-07-05 21:36:22,205 -  [BaseBLDC] left target amplitude is -0.504430667626718
2023-07-05 21:36:22,312 -  [BaseBLDC] right stroke amp is -0.8047789029665116
2023-07-05 21:36:22,313 -  [BaseBLDC] left stroke amp is -0.80544376359584
2023-07-05 21:36:22,315 -  [BaseBLDC] right target amplitude is -0.538659440210234
2023-07-05 21:36:22,316 -  [BaseBLDC] left target amplitude is -0.538659440210234
2023-07-05 21:36:22,423 -  [BaseBLDC] right stroke amp is -0.8270748904987916
2023-07-05 21:36:22,423 -  [BaseBLDC] left stroke amp is -0.8280747666131782
2023-07-05 21:36:22,426 -  [BaseBLDC] right target amplitude is -0.572122797009901
2023-07-05 21:36:22,426 -  [BaseBLDC] left target amplitude is -0.572122797009901
2023-07-05 21:36:22,532 -  [BaseBLDC] right stroke amp is -0.8381499126256985
2023-07-05 21:36:22,532 -  [BaseBLDC] left stroke amp is -0.8384271048915396
2023-07-05 21:36:22,535 -  [BaseBLDC] right target amplitude is -0.604773187793121
2023-07-05 21:36:22,535 -  [BaseBLDC] left target amplitude is -0.604773187793121
2023-07-05 21:36:22,642 -  [BaseBLDC] right stroke amp is -0.8386136505513082
2023-07-05 21:36:22,642 -  [BaseBLDC] left stroke amp is -0.8381904824923667
2023-07-05 21:36:22,645 -  [BaseBLDC] right target amplitude is -0.636564217522852
2023-07-05 21:36:22,646 -  [BaseBLDC] left target amplitude is -0.636564217522852
2023-07-05 21:36:22,752 -  [BaseBLDC] right stroke amp is -0.8305189724737628
2023-07-05 21:36:22,753 -  [BaseBLDC] left stroke amp is -0.8294516872553068
2023-07-05 21:36:22,755 -  [BaseBLDC] right target amplitude is -0.667450712283295
2023-07-05 21:36:22,755 -  [BaseBLDC] left target amplitude is -0.667450712283295
2023-07-05 21:36:22,862 -  [BaseBLDC] right stroke amp is -0.8161965274877261
2023-07-05 21:36:22,862 -  [BaseBLDC] left stroke amp is -0.8145707093517365
2023-07-05 21:36:22,865 -  [BaseBLDC] right target amplitude is -0.697388783470419
2023-07-05 21:36:22,865 -  [BaseBLDC] left target amplitude is -0.697388783470419
2023-07-05 21:36:22,974 -  [BaseBLDC] right stroke amp is -0.7981222206262185
2023-07-05 21:36:22,974 -  [BaseBLDC] left stroke amp is -0.7960470244051043
2023-07-05 21:36:22,977 -  [BaseBLDC] right target amplitude is -0.726335890156090
2023-07-05 21:36:22,978 -  [BaseBLDC] left target amplitude is -0.726335890156090
2023-07-05 21:36:23,084 -  [BaseBLDC] right stroke amp is -0.778784105394307
2023-07-05 21:36:23,084 -  [BaseBLDC] left stroke amp is -0.7763856441362429
2023-07-05 21:36:23,087 -  [BaseBLDC] right target amplitude is -0.754250899537224
2023-07-05 21:36:23,087 -  [BaseBLDC] left target amplitude is -0.754250899537224
2023-07-05 21:36:23,194 -  [BaseBLDC] right stroke amp is -0.7605553731003847
2023-07-05 21:36:23,194 -  [BaseBLDC] left stroke amp is -0.7579695679080899
2023-07-05 21:36:23,197 -  [BaseBLDC] right target amplitude is -0.781094145384022
2023-07-05 21:36:23,198 -  [BaseBLDC] left target amplitude is -0.781094145384022
2023-07-05 21:36:23,306 -  [BaseBLDC] right stroke amp is -0.7455797010271982
2023-07-05 21:36:23,306 -  [BaseBLDC] left stroke amp is -0.7429450911257466
2023-07-05 21:36:23,309 -  [BaseBLDC] right target amplitude is -0.806827484404273
2023-07-05 21:36:23,309 -  [BaseBLDC] left target amplitude is -0.806827484404273
2023-07-05 21:36:23,417 -  [BaseBLDC] right stroke amp is -0.7356738414460016
2023-07-05 21:36:23,417 -  [BaseBLDC] left stroke amp is -0.7331251737987893
2023-07-05 21:36:23,420 -  [BaseBLDC] right target amplitude is -0.831414350443615
2023-07-05 21:36:23,420 -  [BaseBLDC] left target amplitude is -0.831414350443615
2023-07-05 21:36:23,528 -  [BaseBLDC] right stroke amp is -0.7322522686463371
2023-07-05 21:36:23,528 -  [BaseBLDC] left stroke amp is -0.7299158740775175
2023-07-05 21:36:23,531 -  [BaseBLDC] right target amplitude is -0.854819806444733
2023-07-05 21:36:23,531 -  [BaseBLDC] left target amplitude is -0.854819806444733
2023-07-05 21:36:23,636 -  [BaseBLDC] right stroke amp is -0.7362761680685264
2023-07-05 21:36:23,637 -  [BaseBLDC] left stroke amp is -0.734267221704268
2023-07-05 21:36:23,639 -  [BaseBLDC] right target amplitude is -0.877010594091674
2023-07-05 21:36:23,639 -  [BaseBLDC] left target amplitude is -0.877010594091674
2023-07-05 21:36:23,747 -  [BaseBLDC] right stroke amp is -0.7482280912472263
2023-07-05 21:36:23,747 -  [BaseBLDC] left stroke amp is -0.7466479553228272
2023-07-05 21:36:23,750 -  [BaseBLDC] right target amplitude is -0.897955181068738
2023-07-05 21:36:23,750 -  [BaseBLDC] left target amplitude is -0.897955181068738
2023-07-05 21:36:23,858 -  [BaseBLDC] right stroke amp is -0.7681117629603157
2023-07-05 21:36:23,859 -  [BaseBLDC] left stroke amp is -0.7670392089625595
2023-07-05 21:36:23,861 -  [BaseBLDC] right target amplitude is -0.917623805866767
2023-07-05 21:36:23,862 -  [BaseBLDC] left target amplitude is -0.917623805866767
2023-07-05 21:36:23,970 -  [BaseBLDC] right stroke amp is -0.795473916272348
2023-07-05 21:36:23,970 -  [BaseBLDC] left stroke amp is -0.7949372468456549
2023-07-05 21:36:23,973 -  [BaseBLDC] right target amplitude is -0.935988520073197
2023-07-05 21:36:23,973 -  [BaseBLDC] left target amplitude is -0.935988520073197
2023-07-05 21:36:24,081 -  [BaseBLDC] right stroke amp is -0.8294417369118872
2023-07-05 21:36:24,081 -  [BaseBLDC] left stroke amp is -0.8293604674410551
2023-07-05 21:36:24,084 -  [BaseBLDC] right target amplitude is -0.953023228085761
2023-07-05 21:36:24,084 -  [BaseBLDC] left target amplitude is -0.953023228085761
2023-07-05 21:36:24,192 -  [BaseBLDC] right stroke amp is -0.8687686291711074
2023-07-05 21:36:24,192 -  [BaseBLDC] left stroke amp is -0.8688900450366539
2023-07-05 21:36:24,195 -  [BaseBLDC] right target amplitude is -0.968703724193408
2023-07-05 21:36:24,195 -  [BaseBLDC] left target amplitude is -0.968703724193408
2023-07-05 21:36:24,304 -  [BaseBLDC] right stroke amp is -0.9118902379184117
2023-07-05 21:36:24,305 -  [BaseBLDC] left stroke amp is -0.9118054652711548
2023-07-05 21:36:24,307 -  [BaseBLDC] right target amplitude is -0.983007726971764
2023-07-05 21:36:24,308 -  [BaseBLDC] left target amplitude is -0.983007726971764
2023-07-05 21:36:24,414 -  [BaseBLDC] right stroke amp is -0.9570106715547989
2023-07-05 21:36:24,414 -  [BaseBLDC] left stroke amp is -0.956815033394043
2023-07-05 21:36:24,417 -  [BaseBLDC] right target amplitude is -0.995914910944242
2023-07-05 21:36:24,417 -  [BaseBLDC] left target amplitude is -0.995914910944242
