2023-07-05 21:57:21,771 -  [BaseWing] the length is 0.10559576566307186
2023-07-05 21:57:21,771 -  [BaseWing] the chord of root is 0.013679980005579979
2023-07-05 21:57:21,771 -  [BaseWing] the chord of tip is 0.009028786803682786
2023-07-05 21:57:21,772 -  [BaseWing] the length is 0.10559576566307186
2023-07-05 21:57:21,772 -  [BaseWing] the chord of root is 0.013679980005579979
2023-07-05 21:57:21,772 -  [BaseWing] the chord of tip is 0.009028786803682786
2023-07-05 21:57:21,951 -  [BaseBLDC] right target amplitude is 0
2023-07-05 21:57:21,952 -  [BaseBLDC] left target amplitude is 0
2023-07-05 21:57:22,072 -  [BaseBLDC] right stroke amp is -3.3038868168966635e-08
2023-07-05 21:57:22,072 -  [BaseBLDC] left stroke amp is -3.918072513695483e-08
2023-07-05 21:57:22,076 -  [BaseBLDC] right target amplitude is 0.0394678105132561
2023-07-05 21:57:22,077 -  [BaseBLDC] left target amplitude is -0.0394678105132561
2023-07-05 21:57:22,183 -  [BaseBLDC] right stroke amp is 0.00394679480438067
2023-07-05 21:57:22,183 -  [BaseBLDC] left stroke amp is -0.003946761934294676
2023-07-05 21:57:22,186 -  [BaseBLDC] right target amplitude is 0.0788795386806738
2023-07-05 21:57:22,186 -  [BaseBLDC] left target amplitude is -0.0788795386806738
2023-07-05 21:57:22,293 -  [BaseBLDC] right stroke amp is 0.011440129269066367
2023-07-05 21:57:22,293 -  [BaseBLDC] left stroke amp is -0.011439964485150868
2023-07-05 21:57:22,296 -  [BaseBLDC] right target amplitude is 0.118179181847414
2023-07-05 21:57:22,296 -  [BaseBLDC] left target amplitude is -0.118179181847414
2023-07-05 21:57:22,404 -  [BaseBLDC] right stroke amp is 0.022114088550308733
2023-07-05 21:57:22,404 -  [BaseBLDC] left stroke amp is -0.022113818665220122
2023-07-05 21:57:22,407 -  [BaseBLDC] right target amplitude is 0.157310896627400
2023-07-05 21:57:22,408 -  [BaseBLDC] left target amplitude is -0.157310896627400
2023-07-05 21:57:22,516 -  [BaseBLDC] right stroke amp is 0.03563381809774192
2023-07-05 21:57:22,516 -  [BaseBLDC] left stroke amp is -0.03563346550643935
2023-07-05 21:57:22,519 -  [BaseBLDC] right target amplitude is 0.196219078254759
2023-07-05 21:57:22,519 -  [BaseBLDC] left target amplitude is -0.196219078254759
2023-07-05 21:57:22,627 -  [BaseBLDC] right stroke amp is 0.05169238837942078
2023-07-05 21:57:22,627 -  [BaseBLDC] left stroke amp is -0.05169197140967788
2023-07-05 21:57:22,630 -  [BaseBLDC] right target amplitude is 0.234848439596204
2023-07-05 21:57:22,630 -  [BaseBLDC] left target amplitude is -0.234848439596204
2023-07-05 21:57:22,739 -  [BaseBLDC] right stroke amp is 0.07000805570495897
2023-07-05 21:57:22,739 -  [BaseBLDC] left stroke amp is -0.07000754039148785
2023-07-05 21:57:22,742 -  [BaseBLDC] right target amplitude is 0.273144089712063
2023-07-05 21:57:22,743 -  [BaseBLDC] left target amplitude is -0.273144089712063
2023-07-05 21:57:22,851 -  [BaseBLDC] right stroke amp is 0.09032171652555082
2023-07-05 21:57:22,852 -  [BaseBLDC] left stroke amp is -0.09032112343807173
2023-07-05 21:57:22,854 -  [BaseBLDC] right target amplitude is 0.311051611854332
2023-07-05 21:57:22,854 -  [BaseBLDC] left target amplitude is -0.311051611854332
2023-07-05 21:57:22,961 -  [BaseBLDC] right stroke amp is 0.11239468993835477
2023-07-05 21:57:22,962 -  [BaseBLDC] left stroke amp is -0.1123941722796978
2023-07-05 21:57:22,964 -  [BaseBLDC] right target amplitude is 0.348517140790926
2023-07-05 21:57:22,964 -  [BaseBLDC] left target amplitude is -0.348517140790926
2023-07-05 21:57:23,072 -  [BaseBLDC] right stroke amp is 0.13600691674423823
2023-07-05 21:57:23,072 -  [BaseBLDC] left stroke amp is -0.13600646913082065
2023-07-05 21:57:23,075 -  [BaseBLDC] right target amplitude is 0.385487439346237
2023-07-05 21:57:23,075 -  [BaseBLDC] left target amplitude is -0.385487439346237
2023-07-05 21:57:23,184 -  [BaseBLDC] right stroke amp is 0.1609549531398949
2023-07-05 21:57:23,184 -  [BaseBLDC] left stroke amp is -0.1609545661523623
2023-07-05 21:57:23,187 -  [BaseBLDC] right target amplitude is 0.421909974049254
2023-07-05 21:57:23,187 -  [BaseBLDC] left target amplitude is -0.421909974049254
2023-07-05 21:57:23,296 -  [BaseBLDC] right stroke amp is 0.18705043452564793
2023-07-05 21:57:23,296 -  [BaseBLDC] left stroke amp is -0.18705010694205151
2023-07-05 21:57:23,299 -  [BaseBLDC] right target amplitude is 0.457732989781741
2023-07-05 21:57:23,299 -  [BaseBLDC] left target amplitude is -0.457732989781741
2023-07-05 21:57:23,406 -  [BaseBLDC] right stroke amp is 0.2141186724936996
2023-07-05 21:57:23,406 -  [BaseBLDC] left stroke amp is -0.21411839522602052
2023-07-05 21:57:23,409 -  [BaseBLDC] right target amplitude is 0.492905583320407
2023-07-05 21:57:23,409 -  [BaseBLDC] left target amplitude is -0.492905583320407
2023-07-05 21:57:23,518 -  [BaseBLDC] right stroke amp is 0.2419973413484563
2023-07-05 21:57:23,518 -  [BaseBLDC] left stroke amp is -0.24199711403545912
2023-07-05 21:57:23,521 -  [BaseBLDC] right target amplitude is 0.527377775668558
2023-07-05 21:57:23,521 -  [BaseBLDC] left target amplitude is -0.527377775668558
2023-07-05 21:57:23,629 -  [BaseBLDC] right stroke amp is 0.2705353666875904
2023-07-05 21:57:23,629 -  [BaseBLDC] left stroke amp is -0.270535180198769
2023-07-05 21:57:23,632 -  [BaseBLDC] right target amplitude is 0.561100583074469
2023-07-05 21:57:23,632 -  [BaseBLDC] left target amplitude is -0.561100583074469
2023-07-05 21:57:23,741 -  [BaseBLDC] right stroke amp is 0.2995918667036941
2023-07-05 21:57:23,741 -  [BaseBLDC] left stroke amp is -0.299591720486339
2023-07-05 21:57:23,744 -  [BaseBLDC] right target amplitude is 0.594026086635535
2023-07-05 21:57:23,744 -  [BaseBLDC] left target amplitude is -0.594026086635535
2023-07-05 21:57:23,853 -  [BaseBLDC] right stroke amp is 0.3290352725485784
2023-07-05 21:57:23,853 -  [BaseBLDC] left stroke amp is -0.32903515710125864
2023-07-05 21:57:23,856 -  [BaseBLDC] right target amplitude is 0.626107500389324
2023-07-05 21:57:23,856 -  [BaseBLDC] left target amplitude is -0.626107500389324
2023-07-05 21:57:23,964 -  [BaseBLDC] right stroke amp is 0.35874247859392
2023-07-05 21:57:23,964 -  [BaseBLDC] left stroke amp is -0.35874239143006514
2023-07-05 21:57:23,967 -  [BaseBLDC] right target amplitude is 0.657299237794749
2023-07-05 21:57:23,967 -  [BaseBLDC] left target amplitude is -0.657299237794749
2023-07-05 21:57:24,074 -  [BaseBLDC] right stroke amp is 0.388598132735289
2023-07-05 21:57:24,074 -  [BaseBLDC] left stroke amp is -0.38859807606653357
2023-07-05 21:57:24,076 -  [BaseBLDC] right target amplitude is 0.687556976508922
2023-07-05 21:57:24,077 -  [BaseBLDC] left target amplitude is -0.687556976508922
2023-07-05 21:57:24,182 -  [BaseBLDC] right stroke amp is 0.41849399621064604
2023-07-05 21:57:24,182 -  [BaseBLDC] left stroke amp is -0.41849396611077244
2023-07-05 21:57:24,185 -  [BaseBLDC] right target amplitude is 0.716837721367612
2023-07-05 21:57:24,185 -  [BaseBLDC] left target amplitude is -0.716837721367612
