2023-07-05 22:04:08,300 -  [BaseWing] the length is 0.10559576566307186
2023-07-05 22:04:08,300 -  [BaseWing] the chord of root is 0.013679980005579979
2023-07-05 22:04:08,301 -  [BaseWing] the chord of tip is 0.009028786803682786
2023-07-05 22:04:08,301 -  [BaseWing] the length is 0.10559576566307186
2023-07-05 22:04:08,301 -  [BaseWing] the chord of root is 0.013679980005579979
2023-07-05 22:04:08,301 -  [BaseWing] the chord of tip is 0.009028786803682786
2023-07-05 22:04:08,447 -  [BaseBLDC] right target amplitude is 0
2023-07-05 22:04:08,448 -  [BaseBLDC] left target amplitude is 0
2023-07-05 22:04:08,562 -  [BaseBLDC] right stroke amp is -3.3038868168966635e-08
2023-07-05 22:04:08,562 -  [BaseBLDC] left stroke amp is -3.918072513695483e-08
2023-07-05 22:04:08,565 -  [BaseBLDC] right target amplitude is 0.0394678105132561
2023-07-05 22:04:08,565 -  [BaseBLDC] left target amplitude is -0.0394678105132561
2023-07-05 22:04:08,673 -  [BaseBLDC] right stroke amp is 0.015787048094522152
2023-07-05 22:04:08,673 -  [BaseBLDC] left stroke amp is -0.01578718297639129
2023-07-05 22:04:08,676 -  [BaseBLDC] right target amplitude is 0.0788795386806738
2023-07-05 22:04:08,677 -  [BaseBLDC] left target amplitude is -0.0788795386806738
2023-07-05 22:04:08,783 -  [BaseBLDC] right stroke amp is 0.05429979407354166
2023-07-05 22:04:08,784 -  [BaseBLDC] left stroke amp is -0.05429997682783686
2023-07-05 22:04:08,787 -  [BaseBLDC] right target amplitude is 0.118179181847414
2023-07-05 22:04:08,788 -  [BaseBLDC] left target amplitude is -0.118179181847414
2023-07-05 22:04:08,894 -  [BaseBLDC] right stroke amp is 0.11154028695858478
2023-07-05 22:04:08,894 -  [BaseBLDC] left stroke amp is -0.1115404096398051
2023-07-05 22:04:08,897 -  [BaseBLDC] right target amplitude is 0.157310896627400
2023-07-05 22:04:08,898 -  [BaseBLDC] left target amplitude is -0.157310896627400
2023-07-05 22:04:09,006 -  [BaseBLDC] right stroke amp is 0.17884589499308262
2023-07-05 22:04:09,006 -  [BaseBLDC] left stroke amp is -0.17884570842293868
2023-07-05 22:04:09,009 -  [BaseBLDC] right target amplitude is 0.196219078254759
2023-07-05 22:04:09,010 -  [BaseBLDC] left target amplitude is -0.196219078254759
2023-07-05 22:04:09,117 -  [BaseBLDC] right stroke amp is 0.2386055127627584
2023-07-05 22:04:09,117 -  [BaseBLDC] left stroke amp is -0.23860558616073377
2023-07-05 22:04:09,120 -  [BaseBLDC] right target amplitude is 0.234848439596204
2023-07-05 22:04:09,120 -  [BaseBLDC] left target amplitude is -0.234848439596204
2023-07-05 22:04:09,229 -  [BaseBLDC] right stroke amp is 0.2340984281395414
2023-07-05 22:04:09,229 -  [BaseBLDC] left stroke amp is -0.23410441827192427
2023-07-05 22:04:09,232 -  [BaseBLDC] right target amplitude is 0.273144089712063
2023-07-05 22:04:09,232 -  [BaseBLDC] left target amplitude is -0.273144089712063
2023-07-05 22:04:09,340 -  [BaseBLDC] right stroke amp is -0.09843530317043725
2023-07-05 22:04:09,341 -  [BaseBLDC] left stroke amp is 0.09850221907632387
2023-07-05 22:04:09,343 -  [BaseBLDC] right target amplitude is 0.311051611854332
2023-07-05 22:04:09,344 -  [BaseBLDC] left target amplitude is -0.311051611854332
2023-07-05 22:04:09,452 -  [BaseBLDC] right stroke amp is 1.9505129233890537
2023-07-05 22:04:09,452 -  [BaseBLDC] left stroke amp is -1.9504667804425109
2023-07-05 22:04:09,455 -  [BaseBLDC] right target amplitude is 0.348517140790926
2023-07-05 22:04:09,455 -  [BaseBLDC] left target amplitude is -0.348517140790926
2023-07-05 22:04:09,563 -  [BaseBLDC] right stroke amp is -10.754328182608925
2023-07-05 22:04:09,563 -  [BaseBLDC] left stroke amp is 10.754223037203129
2023-07-05 22:04:09,565 -  [BaseBLDC] right target amplitude is 0.385487439346237
2023-07-05 22:04:09,565 -  [BaseBLDC] left target amplitude is -0.385487439346237
2023-07-05 22:04:09,673 -  [BaseBLDC] right stroke amp is 9.245671073435998
2023-07-05 22:04:09,673 -  [BaseBLDC] left stroke amp is -9.245776962796871
2023-07-05 22:04:09,676 -  [BaseBLDC] right target amplitude is 0.421909974049254
2023-07-05 22:04:09,676 -  [BaseBLDC] left target amplitude is -0.421909974049254
2023-07-05 22:04:09,783 -  [BaseBLDC] right stroke amp is 23.71618031770979
2023-07-05 22:04:09,784 -  [BaseBLDC] left stroke amp is -23.716230167297827
2023-07-05 22:04:09,786 -  [BaseBLDC] right target amplitude is 0.457732989781741
2023-07-05 22:04:09,787 -  [BaseBLDC] left target amplitude is -0.457732989781741
2023-07-05 22:04:09,894 -  [BaseBLDC] right stroke amp is 3.7161809970752486
2023-07-05 22:04:09,894 -  [BaseBLDC] left stroke amp is -3.7162301672978266
2023-07-05 22:04:09,897 -  [BaseBLDC] right target amplitude is 0.492905583320407
2023-07-05 22:04:09,898 -  [BaseBLDC] left target amplitude is -0.492905583320407
2023-07-05 22:04:10,006 -  [BaseBLDC] right stroke amp is -15.573087979575988
2023-07-05 22:04:10,006 -  [BaseBLDC] left stroke amp is 15.573099666293142
2023-07-05 22:04:10,009 -  [BaseBLDC] right target amplitude is 0.527377775668558
2023-07-05 22:04:10,009 -  [BaseBLDC] left target amplitude is -0.527377775668558
2023-07-05 22:04:10,118 -  [BaseBLDC] right stroke amp is 4.426633759509681
2023-07-05 22:04:10,118 -  [BaseBLDC] left stroke amp is 27.13290868950846
2023-07-05 22:04:10,121 -  [BaseBLDC] right target amplitude is 0.561100583074469
2023-07-05 22:04:10,121 -  [BaseBLDC] left target amplitude is -0.561100583074469
2023-07-05 22:04:10,229 -  [BaseBLDC] right stroke amp is -15.119873705521513
2023-07-05 22:04:10,230 -  [BaseBLDC] left stroke amp is 7.1329086895084615
2023-07-05 22:04:10,232 -  [BaseBLDC] right target amplitude is 0.594026086635535
2023-07-05 22:04:10,232 -  [BaseBLDC] left target amplitude is -0.594026086635535
2023-07-05 22:04:10,341 -  [BaseBLDC] right stroke amp is 4.880126294478487
2023-07-05 22:04:10,341 -  [BaseBLDC] left stroke amp is 22.042134779050862
2023-07-05 22:04:10,344 -  [BaseBLDC] right target amplitude is 0.626107500389324
2023-07-05 22:04:10,344 -  [BaseBLDC] left target amplitude is -0.626107500389324
2023-07-05 22:04:10,453 -  [BaseBLDC] right stroke amp is -14.821832038198522
2023-07-05 22:04:10,453 -  [BaseBLDC] left stroke amp is 30.974837867274786
2023-07-05 22:04:10,456 -  [BaseBLDC] right target amplitude is 0.657299237794749
2023-07-05 22:04:10,456 -  [BaseBLDC] left target amplitude is -0.657299237794749
2023-07-05 22:04:10,564 -  [BaseBLDC] right stroke amp is 5.178038677509981
2023-07-05 22:04:10,564 -  [BaseBLDC] left stroke amp is 36.32198302524697
2023-07-05 22:04:10,566 -  [BaseBLDC] right target amplitude is 0.687556976508922
2023-07-05 22:04:10,567 -  [BaseBLDC] left target amplitude is -0.687556976508922
2023-07-05 22:04:10,675 -  [BaseBLDC] right stroke amp is -14.618416570779754
2023-07-05 22:04:10,676 -  [BaseBLDC] left stroke amp is 16.321983025246972
2023-07-05 22:04:10,678 -  [BaseBLDC] right target amplitude is 0.716837721367612
2023-07-05 22:04:10,678 -  [BaseBLDC] left target amplitude is -0.716837721367612
2023-07-05 22:04:10,787 -  [BaseBLDC] right stroke amp is 5.381259380015294
2023-07-05 22:04:10,787 -  [BaseBLDC] left stroke amp is 27.50645472660114
2023-07-05 22:04:10,790 -  [BaseBLDC] right target amplitude is 0.745099865479846
2023-07-05 22:04:10,790 -  [BaseBLDC] left target amplitude is -0.745099865479846
2023-07-05 22:04:10,899 -  [BaseBLDC] right stroke amp is 21.526694318419164
2023-07-05 22:04:10,900 -  [BaseBLDC] left stroke amp is 7.506454726601142
2023-07-05 22:04:10,940 -  [BaseBLDC] right target amplitude is 0.772303249349808
2023-07-05 22:04:10,940 -  [BaseBLDC] left target amplitude is -0.772303249349808
2023-07-05 22:04:11,042 -  [BaseBLDC] right stroke amp is 31.225167630638467
2023-07-05 22:04:11,042 -  [BaseBLDC] left stroke amp is -12.493545273398858
2023-07-05 22:04:11,045 -  [BaseBLDC] right target amplitude is 0.798409217942060
2023-07-05 22:04:11,045 -  [BaseBLDC] left target amplitude is -0.798409217942060
2023-07-05 22:04:11,154 -  [BaseBLDC] right stroke amp is 37.05423322476271
2023-07-05 22:04:11,154 -  [BaseBLDC] left stroke amp is -25.81549085121614
2023-07-05 22:04:11,157 -  [BaseBLDC] right target amplitude is 0.823380675608962
2023-07-05 22:04:11,157 -  [BaseBLDC] left target amplitude is -0.823380675608962
2023-07-05 22:04:11,265 -  [BaseBLDC] right stroke amp is 17.05423322476271
2023-07-05 22:04:11,265 -  [BaseBLDC] left stroke amp is -33.81864678097327
2023-07-05 22:04:11,268 -  [BaseBLDC] right target amplitude is 0.847182138802268
2023-07-05 22:04:11,268 -  [BaseBLDC] left target amplitude is -0.847182138802268
2023-07-05 22:04:11,377 -  [BaseBLDC] right stroke amp is 28.57142784043701
2023-07-05 22:04:11,377 -  [BaseBLDC] left stroke amp is -38.63006092410487
2023-07-05 22:04:11,380 -  [BaseBLDC] right target amplitude is 0.869779786493985
2023-07-05 22:04:11,380 -  [BaseBLDC] left target amplitude is -0.869779786493985
