2023-07-05 21:15:24,756 -  [BaseWing] the length is 0.10559576566307186
2023-07-05 21:15:24,757 -  [BaseWing] the chord of root is 0.013679980005579979
2023-07-05 21:15:24,757 -  [BaseWing] the chord of tip is 0.009028786803682786
2023-07-05 21:15:24,757 -  [BaseWing] the length is 0.10559576566307186
2023-07-05 21:15:24,758 -  [BaseWing] the chord of root is 0.013679980005579979
2023-07-05 21:15:24,758 -  [BaseWing] the chord of tip is 0.009028786803682786
2023-07-05 21:15:24,917 -  [BaseBLDC] right target amplitude is 1.04719755119660
2023-07-05 21:15:24,917 -  [BaseBLDC] left target amplitude is 1.04719755119660
2023-07-05 21:15:25,033 -  [BaseBLDC] right target amplitude is 1.04645353607079
2023-07-05 21:15:25,033 -  [BaseBLDC] left target amplitude is 1.04645353607079
2023-07-05 21:15:25,143 -  [BaseBLDC] right target amplitude is 1.04422254791229
2023-07-05 21:15:25,144 -  [BaseBLDC] left target amplitude is 1.04422254791229
2023-07-05 21:15:25,254 -  [BaseBLDC] right target amplitude is 1.04050775687551
2023-07-05 21:15:25,255 -  [BaseBLDC] left target amplitude is 1.04050775687551
2023-07-05 21:15:25,365 -  [BaseBLDC] right target amplitude is 1.03531444154575
2023-07-05 21:15:25,365 -  [BaseBLDC] left target amplitude is 1.03531444154575
2023-07-05 21:15:25,475 -  [BaseBLDC] right target amplitude is 1.02864998143846
2023-07-05 21:15:25,475 -  [BaseBLDC] left target amplitude is 1.02864998143846
2023-07-05 21:15:25,583 -  [BaseBLDC] right target amplitude is 1.02052384651324
2023-07-05 21:15:25,584 -  [BaseBLDC] left target amplitude is 1.02052384651324
2023-07-05 21:15:25,691 -  [BaseBLDC] right target amplitude is 1.01094758371736
2023-07-05 21:15:25,691 -  [BaseBLDC] left target amplitude is 1.01094758371736
2023-07-05 21:15:25,801 -  [BaseBLDC] right target amplitude is 0.999934800577948
2023-07-05 21:15:25,801 -  [BaseBLDC] left target amplitude is 0.999934800577948
2023-07-05 21:15:25,910 -  [BaseBLDC] right target amplitude is 0.987501145866170
2023-07-05 21:15:25,911 -  [BaseBLDC] left target amplitude is 0.987501145866170
2023-07-05 21:15:26,020 -  [BaseBLDC] right target amplitude is 0.973664287360898
2023-07-05 21:15:26,020 -  [BaseBLDC] left target amplitude is 0.973664287360898
2023-07-05 21:15:26,132 -  [BaseBLDC] right target amplitude is 0.958443886743414
2023-07-05 21:15:26,132 -  [BaseBLDC] left target amplitude is 0.958443886743414
2023-07-05 21:15:26,243 -  [BaseBLDC] right target amplitude is 0.941861571658857
2023-07-05 21:15:26,244 -  [BaseBLDC] left target amplitude is 0.941861571658857
2023-07-05 21:15:26,355 -  [BaseBLDC] right target amplitude is 0.923940904984112
2023-07-05 21:15:26,356 -  [BaseBLDC] left target amplitude is 0.923940904984112
2023-07-05 21:15:26,466 -  [BaseBLDC] right target amplitude is 0.904707351345790
2023-07-05 21:15:26,467 -  [BaseBLDC] left target amplitude is 0.904707351345790
2023-07-05 21:15:26,578 -  [BaseBLDC] right target amplitude is 0.884188240935905
2023-07-05 21:15:26,578 -  [BaseBLDC] left target amplitude is 0.884188240935905
2023-07-05 21:15:26,690 -  [BaseBLDC] right target amplitude is 0.862412730676639
2023-07-05 21:15:26,691 -  [BaseBLDC] left target amplitude is 0.862412730676639
2023-07-05 21:15:26,801 -  [BaseBLDC] right target amplitude is 0.839411762789393
2023-07-05 21:15:26,801 -  [BaseBLDC] left target amplitude is 0.839411762789393
2023-07-05 21:15:26,912 -  [BaseBLDC] right target amplitude is 0.815218020826987
2023-07-05 21:15:26,912 -  [BaseBLDC] left target amplitude is 0.815218020826987
2023-07-05 21:15:27,024 -  [BaseBLDC] right target amplitude is 0.789865883231501
2023-07-05 21:15:27,024 -  [BaseBLDC] left target amplitude is 0.789865883231501
2023-07-05 21:15:27,135 -  [BaseBLDC] right target amplitude is 0.763391374483726
2023-07-05 21:15:27,135 -  [BaseBLDC] left target amplitude is 0.763391374483726
2023-07-05 21:15:27,247 -  [BaseBLDC] right target amplitude is 0.735832113913662
2023-07-05 21:15:27,248 -  [BaseBLDC] left target amplitude is 0.735832113913662
2023-07-05 21:15:27,358 -  [BaseBLDC] right target amplitude is 0.707227262244792
2023-07-05 21:15:27,359 -  [BaseBLDC] left target amplitude is 0.707227262244792
2023-07-05 21:15:27,469 -  [BaseBLDC] right target amplitude is 0.677617465948086
2023-07-05 21:15:27,469 -  [BaseBLDC] left target amplitude is 0.677617465948086
2023-07-05 21:15:27,581 -  [BaseBLDC] right target amplitude is 0.647044799484823
2023-07-05 21:15:27,581 -  [BaseBLDC] left target amplitude is 0.647044799484823
2023-07-05 21:15:27,692 -  [BaseBLDC] right target amplitude is 0.615552705520273
2023-07-05 21:15:27,692 -  [BaseBLDC] left target amplitude is 0.615552705520273
2023-07-05 21:15:27,803 -  [BaseBLDC] right target amplitude is 0.583185933193230
2023-07-05 21:15:27,803 -  [BaseBLDC] left target amplitude is 0.583185933193230
2023-07-05 21:15:27,913 -  [BaseBLDC] right target amplitude is 0.549990474529080
2023-07-05 21:15:27,913 -  [BaseBLDC] left target amplitude is 0.549990474529080
2023-07-05 21:15:28,024 -  [BaseBLDC] right target amplitude is 0.516013499086778
2023-07-05 21:15:28,024 -  [BaseBLDC] left target amplitude is 0.516013499086778
2023-07-05 21:15:28,136 -  [BaseBLDC] right target amplitude is 0.481303286932590
2023-07-05 21:15:28,136 -  [BaseBLDC] left target amplitude is 0.481303286932590
2023-07-05 21:15:28,247 -  [BaseBLDC] right target amplitude is 0.445909160035849
2023-07-05 21:15:28,247 -  [BaseBLDC] left target amplitude is 0.445909160035849
2023-07-05 21:15:28,358 -  [BaseBLDC] right target amplitude is 0.409881412184201
2023-07-05 21:15:28,358 -  [BaseBLDC] left target amplitude is 0.409881412184201
2023-07-05 21:15:28,469 -  [BaseBLDC] right target amplitude is 0.373271237517931
2023-07-05 21:15:28,470 -  [BaseBLDC] left target amplitude is 0.373271237517931
2023-07-05 21:15:28,580 -  [BaseBLDC] right target amplitude is 0.336130657784932
2023-07-05 21:15:28,581 -  [BaseBLDC] left target amplitude is 0.336130657784932
2023-07-05 21:15:28,692 -  [BaseBLDC] right target amplitude is 0.298512448419653
2023-07-05 21:15:28,692 -  [BaseBLDC] left target amplitude is 0.298512448419653
2023-07-05 21:15:28,803 -  [BaseBLDC] right target amplitude is 0.260470063551113
2023-07-05 21:15:28,804 -  [BaseBLDC] left target amplitude is 0.260470063551113
2023-07-05 21:15:28,915 -  [BaseBLDC] right target amplitude is 0.222057560046490
2023-07-05 21:15:28,916 -  [BaseBLDC] left target amplitude is 0.222057560046490
2023-07-05 21:15:29,026 -  [BaseBLDC] right target amplitude is 0.183329520698255
2023-07-05 21:15:29,026 -  [BaseBLDC] left target amplitude is 0.183329520698255
2023-07-05 21:15:29,138 -  [BaseBLDC] right target amplitude is 0.144340976663988
2023-07-05 21:15:29,139 -  [BaseBLDC] left target amplitude is 0.144340976663988
2023-07-05 21:15:29,250 -  [BaseBLDC] right target amplitude is 0.105147329269070
2023-07-05 21:15:29,251 -  [BaseBLDC] left target amplitude is 0.105147329269070
2023-07-05 21:15:29,360 -  [BaseBLDC] right target amplitude is 0.0658042712833928
2023-07-05 21:15:29,360 -  [BaseBLDC] left target amplitude is 0.0658042712833928
2023-07-05 21:15:29,470 -  [BaseBLDC] right target amplitude is 0.0263677077839345
2023-07-05 21:15:29,471 -  [BaseBLDC] left target amplitude is 0.0263677077839345
2023-07-05 21:15:29,582 -  [BaseBLDC] right target amplitude is -0.0131063232843514
2023-07-05 21:15:29,583 -  [BaseBLDC] left target amplitude is -0.0131063232843514
2023-07-05 21:15:29,694 -  [BaseBLDC] right target amplitude is -0.0525617307364418
2023-07-05 21:15:29,694 -  [BaseBLDC] left target amplitude is -0.0525617307364418
2023-07-05 21:15:29,805 -  [BaseBLDC] right target amplitude is -0.0919424498508024
2023-07-05 21:15:29,805 -  [BaseBLDC] left target amplitude is -0.0919424498508024
2023-07-05 21:15:29,916 -  [BaseBLDC] right target amplitude is -0.131192522035345
2023-07-05 21:15:29,917 -  [BaseBLDC] left target amplitude is -0.131192522035345
2023-07-05 21:15:30,027 -  [BaseBLDC] right target amplitude is -0.170256174342578
2023-07-05 21:15:30,028 -  [BaseBLDC] left target amplitude is -0.170256174342578
2023-07-05 21:15:30,138 -  [BaseBLDC] right target amplitude is -0.209077898720959
2023-07-05 21:15:30,139 -  [BaseBLDC] left target amplitude is -0.209077898720959
2023-07-05 21:15:30,250 -  [BaseBLDC] right target amplitude is -0.247602530889847
2023-07-05 21:15:30,251 -  [BaseBLDC] left target amplitude is -0.247602530889847
2023-07-05 21:15:30,362 -  [BaseBLDC] right target amplitude is -0.285775328725964
2023-07-05 21:15:30,362 -  [BaseBLDC] left target amplitude is -0.285775328725964
2023-07-05 21:15:30,475 -  [BaseBLDC] right target amplitude is -0.323542050049986
2023-07-05 21:15:30,475 -  [BaseBLDC] left target amplitude is -0.323542050049986
2023-07-05 21:15:30,584 -  [BaseBLDC] right target amplitude is -0.360849029702735
2023-07-05 21:15:30,585 -  [BaseBLDC] left target amplitude is -0.360849029702735
2023-07-05 21:15:30,694 -  [BaseBLDC] right target amplitude is -0.397643255801443
2023-07-05 21:15:30,695 -  [BaseBLDC] left target amplitude is -0.397643255801443
2023-07-05 21:15:30,804 -  [BaseBLDC] right target amplitude is -0.433872445067743
2023-07-05 21:15:30,805 -  [BaseBLDC] left target amplitude is -0.433872445067743
2023-07-05 21:15:30,913 -  [BaseBLDC] right target amplitude is -0.469485117120324
2023-07-05 21:15:30,914 -  [BaseBLDC] left target amplitude is -0.469485117120324
2023-07-05 21:15:31,025 -  [BaseBLDC] right target amplitude is -0.504430667626718
2023-07-05 21:15:31,025 -  [BaseBLDC] left target amplitude is -0.504430667626718
2023-07-05 21:15:31,136 -  [BaseBLDC] right target amplitude is -0.538659440210234
2023-07-05 21:15:31,137 -  [BaseBLDC] left target amplitude is -0.538659440210234
2023-07-05 21:15:31,248 -  [BaseBLDC] right target amplitude is -0.572122797009901
2023-07-05 21:15:31,249 -  [BaseBLDC] left target amplitude is -0.572122797009901
2023-07-05 21:15:31,360 -  [BaseBLDC] right target amplitude is -0.604773187793121
2023-07-05 21:15:31,360 -  [BaseBLDC] left target amplitude is -0.604773187793121
2023-07-05 21:15:31,470 -  [BaseBLDC] right target amplitude is -0.636564217522852
2023-07-05 21:15:31,471 -  [BaseBLDC] left target amplitude is -0.636564217522852
2023-07-05 21:15:31,582 -  [BaseBLDC] right target amplitude is -0.667450712283295
2023-07-05 21:15:31,583 -  [BaseBLDC] left target amplitude is -0.667450712283295
2023-07-05 21:15:31,693 -  [BaseBLDC] right target amplitude is -0.697388783470419
2023-07-05 21:15:31,693 -  [BaseBLDC] left target amplitude is -0.697388783470419
2023-07-05 21:15:31,805 -  [BaseBLDC] right target amplitude is -0.726335890156090
2023-07-05 21:15:31,805 -  [BaseBLDC] left target amplitude is -0.726335890156090
2023-07-05 21:15:31,916 -  [BaseBLDC] right target amplitude is -0.754250899537224
2023-07-05 21:15:31,917 -  [BaseBLDC] left target amplitude is -0.754250899537224
2023-07-05 21:15:32,027 -  [BaseBLDC] right target amplitude is -0.781094145384022
2023-07-05 21:15:32,027 -  [BaseBLDC] left target amplitude is -0.781094145384022
2023-07-05 21:15:32,138 -  [BaseBLDC] right target amplitude is -0.806827484404273
2023-07-05 21:15:32,139 -  [BaseBLDC] left target amplitude is -0.806827484404273
2023-07-05 21:15:32,249 -  [BaseBLDC] right target amplitude is -0.831414350443615
2023-07-05 21:15:32,250 -  [BaseBLDC] left target amplitude is -0.831414350443615
2023-07-05 21:15:32,359 -  [BaseBLDC] right target amplitude is -0.854819806444733
2023-07-05 21:15:32,360 -  [BaseBLDC] left target amplitude is -0.854819806444733
2023-07-05 21:15:32,472 -  [BaseBLDC] right target amplitude is -0.877010594091674
2023-07-05 21:15:32,472 -  [BaseBLDC] left target amplitude is -0.877010594091674
2023-07-05 21:15:32,579 -  [BaseBLDC] right target amplitude is -0.897955181068738
2023-07-05 21:15:32,580 -  [BaseBLDC] left target amplitude is -0.897955181068738
2023-07-05 21:15:32,689 -  [BaseBLDC] right target amplitude is -0.917623805866767
2023-07-05 21:15:32,689 -  [BaseBLDC] left target amplitude is -0.917623805866767
2023-07-05 21:15:32,799 -  [BaseBLDC] right target amplitude is -0.935988520073197
2023-07-05 21:15:32,800 -  [BaseBLDC] left target amplitude is -0.935988520073197
2023-07-05 21:15:32,909 -  [BaseBLDC] right target amplitude is -0.953023228085761
2023-07-05 21:15:32,910 -  [BaseBLDC] left target amplitude is -0.953023228085761
2023-07-05 21:15:33,018 -  [BaseBLDC] right target amplitude is -0.968703724193408
2023-07-05 21:15:33,018 -  [BaseBLDC] left target amplitude is -0.968703724193408
2023-07-05 21:15:33,129 -  [BaseBLDC] right target amplitude is -0.983007726971764
2023-07-05 21:15:33,130 -  [BaseBLDC] left target amplitude is -0.983007726971764
2023-07-05 21:15:33,241 -  [BaseBLDC] right target amplitude is -0.995914910944242
2023-07-05 21:15:33,242 -  [BaseBLDC] left target amplitude is -0.995914910944242
2023-07-05 21:15:33,353 -  [BaseBLDC] right target amplitude is -1.00740693546383
2023-07-05 21:15:33,354 -  [BaseBLDC] left target amplitude is -1.00740693546383
2023-07-05 21:15:33,464 -  [BaseBLDC] right target amplitude is -1.01746747077448
2023-07-05 21:15:33,465 -  [BaseBLDC] left target amplitude is -1.01746747077448
2023-07-05 21:15:33,576 -  [BaseBLDC] right target amplitude is -1.02608222121514
2023-07-05 21:15:33,576 -  [BaseBLDC] left target amplitude is -1.02608222121514
2023-07-05 21:15:33,686 -  [BaseBLDC] right target amplitude is -1.03323894553337
2023-07-05 21:15:33,686 -  [BaseBLDC] left target amplitude is -1.03323894553337
2023-07-05 21:15:33,797 -  [BaseBLDC] right target amplitude is -1.03892747427972
2023-07-05 21:15:33,798 -  [BaseBLDC] left target amplitude is -1.03892747427972
2023-07-05 21:15:33,909 -  [BaseBLDC] right target amplitude is -1.04313972425818
2023-07-05 21:15:33,910 -  [BaseBLDC] left target amplitude is -1.04313972425818
2023-07-05 21:15:34,021 -  [BaseBLDC] right target amplitude is -1.04586971001207
2023-07-05 21:15:34,022 -  [BaseBLDC] left target amplitude is -1.04586971001207
2023-07-05 21:15:34,132 -  [BaseBLDC] right target amplitude is -1.04711355232922
2023-07-05 21:15:34,133 -  [BaseBLDC] left target amplitude is -1.04711355232922
2023-07-05 21:15:34,243 -  [BaseBLDC] right target amplitude is -1.04686948375415
2023-07-05 21:15:34,244 -  [BaseBLDC] left target amplitude is -1.04686948375415
2023-07-05 21:15:34,354 -  [BaseBLDC] right target amplitude is -1.04513785109959
2023-07-05 21:15:34,354 -  [BaseBLDC] left target amplitude is -1.04513785109959
2023-07-05 21:15:34,464 -  [BaseBLDC] right target amplitude is -1.04192111495364
2023-07-05 21:15:34,465 -  [BaseBLDC] left target amplitude is -1.04192111495364
2023-07-05 21:15:34,574 -  [BaseBLDC] right target amplitude is -1.03722384618339
2023-07-05 21:15:34,575 -  [BaseBLDC] left target amplitude is -1.03722384618339
2023-07-05 21:15:34,682 -  [BaseBLDC] right target amplitude is -1.03105271943988
2023-07-05 21:15:34,683 -  [BaseBLDC] left target amplitude is -1.03105271943988
2023-07-05 21:15:34,791 -  [BaseBLDC] right target amplitude is -1.02341650367362
2023-07-05 21:15:34,792 -  [BaseBLDC] left target amplitude is -1.02341650367362
2023-07-05 21:15:34,901 -  [BaseBLDC] right target amplitude is -1.01432604967428
2023-07-05 21:15:34,902 -  [BaseBLDC] left target amplitude is -1.01432604967428
2023-07-05 21:15:35,009 -  [BaseBLDC] right target amplitude is -1.00379427465204
2023-07-05 21:15:35,010 -  [BaseBLDC] left target amplitude is -1.00379427465204
2023-07-05 21:15:35,119 -  [BaseBLDC] right target amplitude is -0.991836143882736
2023-07-05 21:15:35,120 -  [BaseBLDC] left target amplitude is -0.991836143882736
2023-07-05 21:15:35,230 -  [BaseBLDC] right target amplitude is -0.978468649442729
2023-07-05 21:15:35,230 -  [BaseBLDC] left target amplitude is -0.978468649442729
2023-07-05 21:15:35,342 -  [BaseBLDC] right target amplitude is -0.963710786063744
2023-07-05 21:15:35,343 -  [BaseBLDC] left target amplitude is -0.963710786063744
2023-07-05 21:15:35,453 -  [BaseBLDC] right target amplitude is -0.947583524142050
2023-07-05 21:15:35,454 -  [BaseBLDC] left target amplitude is -0.947583524142050
2023-07-05 21:15:35,562 -  [BaseBLDC] right target amplitude is -0.930109779940264
2023-07-05 21:15:35,563 -  [BaseBLDC] left target amplitude is -0.930109779940264
2023-07-05 21:15:35,671 -  [BaseBLDC] right target amplitude is -0.911314383024152
2023-07-05 21:15:35,671 -  [BaseBLDC] left target amplitude is -0.911314383024152
2023-07-05 21:15:35,781 -  [BaseBLDC] right target amplitude is -0.891224040980705
2023-07-05 21:15:35,781 -  [BaseBLDC] left target amplitude is -0.891224040980705
2023-07-05 21:15:35,890 -  [BaseBLDC] right target amplitude is -0.869867301467599
2023-07-05 21:15:35,891 -  [BaseBLDC] left target amplitude is -0.869867301467599
2023-07-05 21:15:35,998 -  [BaseBLDC] right target amplitude is -0.847274511647994
2023-07-05 21:15:35,999 -  [BaseBLDC] left target amplitude is -0.847274511647994
2023-07-05 21:15:36,109 -  [BaseBLDC] right target amplitude is -0.823477775068291
2023-07-05 21:15:36,110 -  [BaseBLDC] left target amplitude is -0.823477775068291
2023-07-05 21:15:36,220 -  [BaseBLDC] right target amplitude is -0.798510906040132
2023-07-05 21:15:36,221 -  [BaseBLDC] left target amplitude is -0.798510906040132
2023-07-05 21:15:36,332 -  [BaseBLDC] right target amplitude is -0.772409381591473
2023-07-05 21:15:36,333 -  [BaseBLDC] left target amplitude is -0.772409381591473
2023-07-05 21:15:36,442 -  [BaseBLDC] right target amplitude is -0.745210291054983
2023-07-05 21:15:36,443 -  [BaseBLDC] left target amplitude is -0.745210291054983
2023-07-05 21:15:36,551 -  [BaseBLDC] right target amplitude is -0.716952283365430
2023-07-05 21:15:36,552 -  [BaseBLDC] left target amplitude is -0.716952283365430
2023-07-05 21:15:36,661 -  [BaseBLDC] right target amplitude is -0.687675512140920
2023-07-05 21:15:36,662 -  [BaseBLDC] left target amplitude is -0.687675512140920
2023-07-05 21:15:36,769 -  [BaseBLDC] right target amplitude is -0.657421578626036
2023-07-05 21:15:36,769 -  [BaseBLDC] left target amplitude is -0.657421578626036
2023-07-05 21:15:36,879 -  [BaseBLDC] right target amplitude is -0.626233472577953
2023-07-05 21:15:36,880 -  [BaseBLDC] left target amplitude is -0.626233472577953
2023-07-05 21:15:36,990 -  [BaseBLDC] right target amplitude is -0.594155511179535
2023-07-05 21:15:36,990 -  [BaseBLDC] left target amplitude is -0.594155511179535
2023-07-05 21:15:37,098 -  [BaseBLDC] right target amplitude is -0.561233276066192
2023-07-05 21:15:37,099 -  [BaseBLDC] left target amplitude is -0.561233276066192
2023-07-05 21:15:37,210 -  [BaseBLDC] right target amplitude is -0.527513548556012
2023-07-05 21:15:37,211 -  [BaseBLDC] left target amplitude is -0.527513548556012
2023-07-05 21:15:37,322 -  [BaseBLDC] right target amplitude is -0.493044243175178
2023-07-05 21:15:37,323 -  [BaseBLDC] left target amplitude is -0.493044243175178
2023-07-05 21:15:37,432 -  [BaseBLDC] right target amplitude is -0.457874339573138
2023-07-05 21:15:37,433 -  [BaseBLDC] left target amplitude is -0.457874339573138
2023-07-05 21:15:37,542 -  [BaseBLDC] right target amplitude is -0.422053812924281
2023-07-05 21:15:37,543 -  [BaseBLDC] left target amplitude is -0.422053812924281
2023-07-05 21:15:37,653 -  [BaseBLDC] right target amplitude is -0.385633562915000
2023-07-05 21:15:37,653 -  [BaseBLDC] left target amplitude is -0.385633562915000
2023-07-05 21:15:37,766 -  [BaseBLDC] right target amplitude is -0.348665341417065
2023-07-05 21:15:37,766 -  [BaseBLDC] left target amplitude is -0.348665341417065
2023-07-05 21:15:37,876 -  [BaseBLDC] right target amplitude is -0.311201678950060
2023-07-05 21:15:37,877 -  [BaseBLDC] left target amplitude is -0.311201678950060
2023-07-05 21:15:37,987 -  [BaseBLDC] right target amplitude is -0.273295810037410
2023-07-05 21:15:37,988 -  [BaseBLDC] left target amplitude is -0.273295810037410
2023-07-05 21:15:38,099 -  [BaseBLDC] right target amplitude is -0.235001597562018
2023-07-05 21:15:38,100 -  [BaseBLDC] left target amplitude is -0.235001597562018
2023-07-05 21:15:38,211 -  [BaseBLDC] right target amplitude is -0.196373456229053
2023-07-05 21:15:38,211 -  [BaseBLDC] left target amplitude is -0.196373456229053
2023-07-05 21:15:38,321 -  [BaseBLDC] right target amplitude is -0.157466275244598
2023-07-05 21:15:38,322 -  [BaseBLDC] left target amplitude is -0.157466275244598
2023-07-05 21:15:38,431 -  [BaseBLDC] right target amplitude is -0.118335340320064
2023-07-05 21:15:38,432 -  [BaseBLDC] left target amplitude is -0.118335340320064
2023-07-05 21:15:38,542 -  [BaseBLDC] right target amplitude is -0.0790362551131765
2023-07-05 21:15:38,542 -  [BaseBLDC] left target amplitude is -0.0790362551131765
2023-07-05 21:15:38,653 -  [BaseBLDC] right target amplitude is -0.0396248622171714
2023-07-05 21:15:38,654 -  [BaseBLDC] left target amplitude is -0.0396248622171714
2023-07-05 21:15:38,764 -  [BaseBLDC] right target amplitude is -0.000157163810477918
2023-07-05 21:15:38,765 -  [BaseBLDC] left target amplitude is -0.000157163810477918
2023-07-05 21:15:38,875 -  [BaseBLDC] right target amplitude is 0.0393107579203630
2023-07-05 21:15:38,876 -  [BaseBLDC] left target amplitude is 0.0393107579203630
2023-07-05 21:15:38,986 -  [BaseBLDC] right target amplitude is 0.0787228204714787
2023-07-05 21:15:38,987 -  [BaseBLDC] left target amplitude is 0.0787228204714787
2023-07-05 21:15:39,097 -  [BaseBLDC] right target amplitude is 0.118023020712882
2023-07-05 21:15:39,098 -  [BaseBLDC] left target amplitude is 0.118023020712882
2023-07-05 21:15:39,208 -  [BaseBLDC] right target amplitude is 0.157155514466911
2023-07-05 21:15:39,208 -  [BaseBLDC] left target amplitude is 0.157155514466911
2023-07-05 21:15:39,319 -  [BaseBLDC] right target amplitude is 0.196064695860802
2023-07-05 21:15:39,320 -  [BaseBLDC] left target amplitude is 0.196064695860802
2023-07-05 21:15:39,430 -  [BaseBLDC] right target amplitude is 0.234695276340636
2023-07-05 21:15:39,430 -  [BaseBLDC] left target amplitude is 0.234695276340636
2023-07-05 21:15:39,541 -  [BaseBLDC] right target amplitude is 0.272992363234385
2023-07-05 21:15:39,542 -  [BaseBLDC] left target amplitude is 0.272992363234385
2023-07-05 21:15:39,652 -  [BaseBLDC] right target amplitude is 0.310901537752440
2023-07-05 21:15:39,653 -  [BaseBLDC] left target amplitude is 0.310901537752440
2023-07-05 21:15:39,764 -  [BaseBLDC] right target amplitude is 0.348368932314746
2023-07-05 21:15:39,765 -  [BaseBLDC] left target amplitude is 0.348368932314746
2023-07-05 21:15:39,874 -  [BaseBLDC] right target amplitude is 0.385341307094709
2023-07-05 21:15:39,875 -  [BaseBLDC] left target amplitude is 0.385341307094709
2023-07-05 21:15:39,985 -  [BaseBLDC] right target amplitude is 0.421766125671076
2023-07-05 21:15:39,985 -  [BaseBLDC] left target amplitude is 0.421766125671076
2023-07-05 21:15:40,096 -  [BaseBLDC] right target amplitude is 0.457591629680312
2023-07-05 21:15:40,097 -  [BaseBLDC] left target amplitude is 0.457591629680312
2023-07-05 21:15:40,207 -  [BaseBLDC] right target amplitude is 0.492766912363370
2023-07-05 21:15:40,208 -  [BaseBLDC] left target amplitude is 0.492766912363370
2023-07-05 21:15:40,317 -  [BaseBLDC] right target amplitude is 0.527241990902382
2023-07-05 21:15:40,318 -  [BaseBLDC] left target amplitude is 0.527241990902382
2023-07-05 21:15:40,429 -  [BaseBLDC] right target amplitude is 0.560967877444447
2023-07-05 21:15:40,429 -  [BaseBLDC] left target amplitude is 0.560967877444447
2023-07-05 21:15:40,539 -  [BaseBLDC] right target amplitude is 0.593896648711620
2023-07-05 21:15:40,540 -  [BaseBLDC] left target amplitude is 0.593896648711620
2023-07-05 21:15:40,650 -  [BaseBLDC] right target amplitude is 0.625981514098173
2023-07-05 21:15:40,650 -  [BaseBLDC] left target amplitude is 0.625981514098173
2023-07-05 21:15:40,761 -  [BaseBLDC] right target amplitude is 0.657176882158375
2023-07-05 21:15:40,762 -  [BaseBLDC] left target amplitude is 0.657176882158375
2023-07-05 21:15:40,873 -  [BaseBLDC] right target amplitude is 0.687438425390306
2023-07-05 21:15:40,874 -  [BaseBLDC] left target amplitude is 0.687438425390306
2023-07-05 21:15:40,984 -  [BaseBLDC] right target amplitude is 0.716723143223654
2023-07-05 21:15:40,985 -  [BaseBLDC] left target amplitude is 0.716723143223654
2023-07-05 21:15:41,094 -  [BaseBLDC] right target amplitude is 0.744989423121988
2023-07-05 21:15:41,095 -  [BaseBLDC] left target amplitude is 0.744989423121988
2023-07-05 21:15:41,205 -  [BaseBLDC] right target amplitude is 0.772197099712692
2023-07-05 21:15:41,206 -  [BaseBLDC] left target amplitude is 0.772197099712692
2023-07-05 21:15:41,316 -  [BaseBLDC] right target amplitude is 0.798307511860523
2023-07-05 21:15:41,317 -  [BaseBLDC] left target amplitude is 0.798307511860523
2023-07-05 21:15:41,426 -  [BaseBLDC] right target amplitude is 0.823283557603707
2023-07-05 21:15:41,427 -  [BaseBLDC] left target amplitude is 0.823283557603707
2023-07-05 21:15:41,538 -  [BaseBLDC] right target amplitude is 0.847089746874507
2023-07-05 21:15:41,538 -  [BaseBLDC] left target amplitude is 0.847089746874507
2023-07-05 21:15:41,649 -  [BaseBLDC] right target amplitude is 0.869692251929344
2023-07-05 21:15:41,649 -  [BaseBLDC] left target amplitude is 0.869692251929344
2023-07-05 21:15:41,760 -  [BaseBLDC] right target amplitude is 0.891058955416816
2023-07-05 21:15:41,760 -  [BaseBLDC] left target amplitude is 0.891058955416816
2023-07-05 21:15:41,872 -  [BaseBLDC] right target amplitude is 0.911159496015313
2023-07-05 21:15:41,873 -  [BaseBLDC] left target amplitude is 0.911159496015313
2023-07-05 21:15:41,984 -  [BaseBLDC] right target amplitude is 0.929965311575376
2023-07-05 21:15:41,984 -  [BaseBLDC] left target amplitude is 0.929965311575376
2023-07-05 21:15:42,094 -  [BaseBLDC] right target amplitude is 0.947449679705496
2023-07-05 21:15:42,095 -  [BaseBLDC] left target amplitude is 0.947449679705496
2023-07-05 21:15:42,238 -  [BaseBLDC] right target amplitude is 0.963587755743680
2023-07-05 21:15:42,239 -  [BaseBLDC] left target amplitude is 0.963587755743680
2023-07-05 21:15:42,349 -  [BaseBLDC] right target amplitude is 0.978356608060843
2023-07-05 21:15:42,349 -  [BaseBLDC] left target amplitude is 0.978356608060843
2023-07-05 21:15:42,460 -  [BaseBLDC] right target amplitude is 0.991735250645827
2023-07-05 21:15:42,460 -  [BaseBLDC] left target amplitude is 0.991735250645827
2023-07-05 21:15:42,572 -  [BaseBLDC] right target amplitude is 1.00370467292579
2023-07-05 21:15:42,573 -  [BaseBLDC] left target amplitude is 1.00370467292579
2023-07-05 21:15:42,683 -  [BaseBLDC] right target amplitude is 1.01424786677954
2023-07-05 21:15:42,684 -  [BaseBLDC] left target amplitude is 1.01424786677954
2023-07-05 21:15:42,795 -  [BaseBLDC] right target amplitude is 1.02334985070549
2023-07-05 21:15:42,795 -  [BaseBLDC] left target amplitude is 1.02334985070549
2023-07-05 21:15:42,906 -  [BaseBLDC] right target amplitude is 1.03099769110984
2023-07-05 21:15:42,907 -  [BaseBLDC] left target amplitude is 1.03099769110984
2023-07-05 21:15:43,018 -  [BaseBLDC] right target amplitude is 1.03718052068474
2023-07-05 21:15:43,018 -  [BaseBLDC] left target amplitude is 1.03718052068474
2023-07-05 21:15:43,130 -  [BaseBLDC] right target amplitude is 1.04188955385035
2023-07-05 21:15:43,130 -  [BaseBLDC] left target amplitude is 1.04188955385035
2023-07-05 21:15:43,238 -  [BaseBLDC] right target amplitude is 1.04511809923887
2023-07-05 21:15:43,239 -  [BaseBLDC] left target amplitude is 1.04511809923887
2023-07-05 21:15:43,350 -  [BaseBLDC] right target amplitude is 1.04686156920269
2023-07-05 21:15:43,350 -  [BaseBLDC] left target amplitude is 1.04686156920269
2023-07-05 21:15:43,461 -  [BaseBLDC] right target amplitude is 1.04711487414629
2023-07-05 21:15:43,462 -  [BaseBLDC] left target amplitude is 1.04711487414629
2023-07-05 21:15:43,573 -  [BaseBLDC] right target amplitude is 1.04587497947190
2023-07-05 21:15:43,574 -  [BaseBLDC] left target amplitude is 1.04587497947190
2023-07-05 21:15:43,685 -  [BaseBLDC] right target amplitude is 1.04314893387305
2023-07-05 21:15:43,686 -  [BaseBLDC] left target amplitude is 1.04314893387305
2023-07-05 21:15:43,797 -  [BaseBLDC] right target amplitude is 1.03894061096311
2023-07-05 21:15:43,797 -  [BaseBLDC] left target amplitude is 1.03894061096311
2023-07-05 21:15:43,907 -  [BaseBLDC] right target amplitude is 1.03325599061851
2023-07-05 21:15:43,907 -  [BaseBLDC] left target amplitude is 1.03325599061851
2023-07-05 21:15:44,020 -  [BaseBLDC] right target amplitude is 1.02610315048157
2023-07-05 21:15:44,020 -  [BaseBLDC] left target amplitude is 1.02610315048157
2023-07-05 21:15:44,131 -  [BaseBLDC] right target amplitude is 1.01749225448247
2023-07-05 21:15:44,131 -  [BaseBLDC] left target amplitude is 1.01749225448247
2023-07-05 21:15:44,242 -  [BaseBLDC] right target amplitude is 1.00743553839661
2023-07-05 21:15:44,242 -  [BaseBLDC] left target amplitude is 1.00743553839661
2023-07-05 21:15:44,354 -  [BaseBLDC] right target amplitude is 0.995947292458077
2023-07-05 21:15:44,354 -  [BaseBLDC] left target amplitude is 0.995947292458077
2023-07-05 21:15:44,463 -  [BaseBLDC] right target amplitude is 0.983043841053674
2023-07-05 21:15:44,464 -  [BaseBLDC] left target amplitude is 0.983043841053674
2023-07-05 21:15:44,575 -  [BaseBLDC] right target amplitude is 0.968743519526573
2023-07-05 21:15:44,575 -  [BaseBLDC] left target amplitude is 0.968743519526573
2023-07-05 21:15:44,687 -  [BaseBLDC] right target amplitude is 0.953066648122436
2023-07-05 21:15:44,687 -  [BaseBLDC] left target amplitude is 0.953066648122436
2023-07-05 21:15:44,797 -  [BaseBLDC] right target amplitude is 0.936035503115062
2023-07-05 21:15:44,798 -  [BaseBLDC] left target amplitude is 0.936035503115062
2023-07-05 21:15:44,910 -  [BaseBLDC] right target amplitude is 0.917674285152599
2023-07-05 21:15:44,910 -  [BaseBLDC] left target amplitude is 0.917674285152599
2023-07-05 21:15:45,021 -  [BaseBLDC] right target amplitude is 0.898009084869277
2023-07-05 21:15:45,021 -  [BaseBLDC] left target amplitude is 0.898009084869277
2023-07-05 21:15:45,132 -  [BaseBLDC] right target amplitude is 0.877067845811548
2023-07-05 21:15:45,133 -  [BaseBLDC] left target amplitude is 0.877067845811548
2023-07-05 21:15:45,242 -  [BaseBLDC] right target amplitude is 0.854880324731293
2023-07-05 21:15:45,243 -  [BaseBLDC] left target amplitude is 0.854880324731293
2023-07-05 21:15:45,354 -  [BaseBLDC] right target amplitude is 0.831478049302542
2023-07-05 21:15:45,355 -  [BaseBLDC] left target amplitude is 0.831478049302542
2023-07-05 21:15:45,467 -  [BaseBLDC] right target amplitude is 0.806894273321766
2023-07-05 21:15:45,467 -  [BaseBLDC] left target amplitude is 0.806894273321766
2023-07-05 21:15:45,577 -  [BaseBLDC] right target amplitude is 0.781163929455417
2023-07-05 21:15:45,578 -  [BaseBLDC] left target amplitude is 0.781163929455417
2023-07-05 21:15:45,689 -  [BaseBLDC] right target amplitude is 0.754323579601852
2023-07-05 21:15:45,689 -  [BaseBLDC] left target amplitude is 0.754323579601852
2023-07-05 21:15:45,800 -  [BaseBLDC] right target amplitude is 0.726411362938180
2023-07-05 21:15:45,800 -  [BaseBLDC] left target amplitude is 0.726411362938180
2023-07-05 21:15:45,911 -  [BaseBLDC] right target amplitude is 0.697466941725846
2023-07-05 21:15:45,912 -  [BaseBLDC] left target amplitude is 0.697466941725846
2023-07-05 21:15:46,023 -  [BaseBLDC] right target amplitude is 0.667531444951976
2023-07-05 21:15:46,024 -  [BaseBLDC] left target amplitude is 0.667531444951976
2023-07-05 21:15:46,134 -  [BaseBLDC] right target amplitude is 0.636647409886551
2023-07-05 21:15:46,135 -  [BaseBLDC] left target amplitude is 0.636647409886551
2023-07-05 21:15:46,245 -  [BaseBLDC] right target amplitude is 0.604858721638467
2023-07-05 21:15:46,246 -  [BaseBLDC] left target amplitude is 0.604858721638467
2023-07-05 21:15:46,357 -  [BaseBLDC] right target amplitude is 0.572210550796358
2023-07-05 21:15:46,358 -  [BaseBLDC] left target amplitude is 0.572210550796358
2023-07-05 21:15:46,469 -  [BaseBLDC] right target amplitude is 0.538749289242814
2023-07-05 21:15:46,470 -  [BaseBLDC] left target amplitude is 0.538749289242814
2023-07-05 21:15:46,580 -  [BaseBLDC] right target amplitude is 0.504522484233159
2023-07-05 21:15:46,580 -  [BaseBLDC] left target amplitude is 0.504522484233159
2023-07-05 21:15:46,693 -  [BaseBLDC] right target amplitude is 0.469578770832516
2023-07-05 21:15:46,693 -  [BaseBLDC] left target amplitude is 0.469578770832516
2023-07-05 21:15:46,803 -  [BaseBLDC] right target amplitude is 0.433967802807111
2023-07-05 21:15:46,803 -  [BaseBLDC] left target amplitude is 0.433967802807111
2023-07-05 21:15:46,915 -  [BaseBLDC] right target amplitude is 0.397740182068051
2023-07-05 21:15:46,916 -  [BaseBLDC] left target amplitude is 0.397740182068051
2023-07-05 21:15:47,026 -  [BaseBLDC] right target amplitude is 0.360947386767829
2023-07-05 21:15:47,027 -  [BaseBLDC] left target amplitude is 0.360947386767829
2023-07-05 21:15:47,137 -  [BaseBLDC] right target amplitude is 0.323641698151697
2023-07-05 21:15:47,137 -  [BaseBLDC] left target amplitude is 0.323641698151697
2023-07-05 21:15:47,248 -  [BaseBLDC] right target amplitude is 0.285876126267906
2023-07-05 21:15:47,248 -  [BaseBLDC] left target amplitude is 0.285876126267906
