2023-07-05 21:56:24,636 -  [BaseWing] the length is 0.10559576566307186
2023-07-05 21:56:24,636 -  [BaseWing] the chord of root is 0.013679980005579979
2023-07-05 21:56:24,637 -  [BaseWing] the chord of tip is 0.009028786803682786
2023-07-05 21:56:24,637 -  [BaseWing] the length is 0.10559576566307186
2023-07-05 21:56:24,637 -  [BaseWing] the chord of root is 0.013679980005579979
2023-07-05 21:56:24,637 -  [BaseWing] the chord of tip is 0.009028786803682786
2023-07-05 21:56:24,773 -  [BaseBLDC] right target amplitude is 0
2023-07-05 21:56:24,774 -  [BaseBLDC] left target amplitude is 0
2023-07-05 21:56:24,886 -  [BaseBLDC] right stroke amp is -3.3038868168966635e-08
2023-07-05 21:56:24,886 -  [BaseBLDC] left stroke amp is -3.918072513695483e-08
2023-07-05 21:56:24,889 -  [BaseBLDC] right target amplitude is 0.0394678105132561
2023-07-05 21:56:24,890 -  [BaseBLDC] left target amplitude is -0.0394678105132561
2023-07-05 21:56:24,997 -  [BaseBLDC] right stroke amp is 0.00394679480438067
2023-07-05 21:56:24,997 -  [BaseBLDC] left stroke amp is -0.003946761934294676
2023-07-05 21:56:25,000 -  [BaseBLDC] right target amplitude is 0.0788795386806738
2023-07-05 21:56:25,000 -  [BaseBLDC] left target amplitude is -0.0788795386806738
2023-07-05 21:56:25,109 -  [BaseBLDC] right stroke amp is 0.011440129269066367
2023-07-05 21:56:25,109 -  [BaseBLDC] left stroke amp is -0.011439964485150868
2023-07-05 21:56:25,112 -  [BaseBLDC] right target amplitude is 0.118179181847414
2023-07-05 21:56:25,112 -  [BaseBLDC] left target amplitude is -0.118179181847414
2023-07-05 21:56:25,221 -  [BaseBLDC] right stroke amp is 0.022114088550308733
2023-07-05 21:56:25,221 -  [BaseBLDC] left stroke amp is -0.022113818665220122
2023-07-05 21:56:25,224 -  [BaseBLDC] right target amplitude is 0.157310896627400
2023-07-05 21:56:25,225 -  [BaseBLDC] left target amplitude is -0.157310896627400
2023-07-05 21:56:25,331 -  [BaseBLDC] right stroke amp is 0.03563381809774192
2023-07-05 21:56:25,332 -  [BaseBLDC] left stroke amp is -0.03563346550643935
2023-07-05 21:56:25,335 -  [BaseBLDC] right target amplitude is 0.196219078254759
2023-07-05 21:56:25,335 -  [BaseBLDC] left target amplitude is -0.196219078254759
2023-07-05 21:56:25,442 -  [BaseBLDC] right stroke amp is 0.05169238837942078
2023-07-05 21:56:25,442 -  [BaseBLDC] left stroke amp is -0.05169197140967788
2023-07-05 21:56:25,445 -  [BaseBLDC] right target amplitude is 0.234848439596204
2023-07-05 21:56:25,445 -  [BaseBLDC] left target amplitude is -0.234848439596204
2023-07-05 21:56:25,554 -  [BaseBLDC] right stroke amp is 0.07000805570495897
2023-07-05 21:56:25,554 -  [BaseBLDC] left stroke amp is -0.07000754039148785
2023-07-05 21:56:25,557 -  [BaseBLDC] right target amplitude is 0.273144089712063
2023-07-05 21:56:25,557 -  [BaseBLDC] left target amplitude is -0.273144089712063
2023-07-05 21:56:25,664 -  [BaseBLDC] right stroke amp is 0.09032171652555082
2023-07-05 21:56:25,664 -  [BaseBLDC] left stroke amp is -0.09032112343807173
2023-07-05 21:56:25,667 -  [BaseBLDC] right target amplitude is 0.311051611854332
2023-07-05 21:56:25,667 -  [BaseBLDC] left target amplitude is -0.311051611854332
2023-07-05 21:56:25,775 -  [BaseBLDC] right stroke amp is 0.11239468993835477
2023-07-05 21:56:25,775 -  [BaseBLDC] left stroke amp is -0.1123941722796978
2023-07-05 21:56:25,778 -  [BaseBLDC] right target amplitude is 0.348517140790926
2023-07-05 21:56:25,778 -  [BaseBLDC] left target amplitude is -0.348517140790926
2023-07-05 21:56:25,886 -  [BaseBLDC] right stroke amp is 0.13600691674423823
2023-07-05 21:56:25,886 -  [BaseBLDC] left stroke amp is -0.13600646913082065
2023-07-05 21:56:25,889 -  [BaseBLDC] right target amplitude is 0.385487439346237
2023-07-05 21:56:25,889 -  [BaseBLDC] left target amplitude is -0.385487439346237
2023-07-05 21:56:25,997 -  [BaseBLDC] right stroke amp is 0.1609549531398949
2023-07-05 21:56:25,997 -  [BaseBLDC] left stroke amp is -0.1609545661523623
2023-07-05 21:56:26,000 -  [BaseBLDC] right target amplitude is 0.421909974049254
2023-07-05 21:56:26,000 -  [BaseBLDC] left target amplitude is -0.421909974049254
2023-07-05 21:56:26,108 -  [BaseBLDC] right stroke amp is 0.18705043452564793
2023-07-05 21:56:26,108 -  [BaseBLDC] left stroke amp is -0.18705010694205151
2023-07-05 21:56:26,111 -  [BaseBLDC] right target amplitude is 0.457732989781741
2023-07-05 21:56:26,111 -  [BaseBLDC] left target amplitude is -0.457732989781741
2023-07-05 21:56:26,220 -  [BaseBLDC] right stroke amp is 0.2141186724936996
2023-07-05 21:56:26,220 -  [BaseBLDC] left stroke amp is -0.21411839522602052
2023-07-05 21:56:26,223 -  [BaseBLDC] right target amplitude is 0.492905583320407
2023-07-05 21:56:26,223 -  [BaseBLDC] left target amplitude is -0.492905583320407
2023-07-05 21:56:26,334 -  [BaseBLDC] right stroke amp is 0.2419973413484563
2023-07-05 21:56:26,336 -  [BaseBLDC] left stroke amp is -0.24199711403545912
2023-07-05 21:56:26,341 -  [BaseBLDC] right target amplitude is 0.527377775668558
2023-07-05 21:56:26,341 -  [BaseBLDC] left target amplitude is -0.527377775668558
2023-07-05 21:56:26,443 -  [BaseBLDC] right stroke amp is 0.2705353666875904
2023-07-05 21:56:26,443 -  [BaseBLDC] left stroke amp is -0.270535180198769
2023-07-05 21:56:26,446 -  [BaseBLDC] right target amplitude is 0.561100583074469
2023-07-05 21:56:26,446 -  [BaseBLDC] left target amplitude is -0.561100583074469
2023-07-05 21:56:26,555 -  [BaseBLDC] right stroke amp is 0.2995918667036941
2023-07-05 21:56:26,556 -  [BaseBLDC] left stroke amp is -0.299591720486339
2023-07-05 21:56:26,558 -  [BaseBLDC] right target amplitude is 0.594026086635535
2023-07-05 21:56:26,558 -  [BaseBLDC] left target amplitude is -0.594026086635535
2023-07-05 21:56:26,667 -  [BaseBLDC] right stroke amp is 0.3290352725485784
2023-07-05 21:56:26,668 -  [BaseBLDC] left stroke amp is -0.32903515710125864
2023-07-05 21:56:26,670 -  [BaseBLDC] right target amplitude is 0.626107500389324
2023-07-05 21:56:26,670 -  [BaseBLDC] left target amplitude is -0.626107500389324
2023-07-05 21:56:26,777 -  [BaseBLDC] right stroke amp is 0.35874247859392
2023-07-05 21:56:26,777 -  [BaseBLDC] left stroke amp is -0.35874239143006514
2023-07-05 21:56:26,780 -  [BaseBLDC] right target amplitude is 0.657299237794749
2023-07-05 21:56:26,780 -  [BaseBLDC] left target amplitude is -0.657299237794749
2023-07-05 21:56:26,888 -  [BaseBLDC] right stroke amp is 0.388598132735289
2023-07-05 21:56:26,888 -  [BaseBLDC] left stroke amp is -0.38859807606653357
2023-07-05 21:56:26,891 -  [BaseBLDC] right target amplitude is 0.687556976508922
2023-07-05 21:56:26,891 -  [BaseBLDC] left target amplitude is -0.687556976508922
2023-07-05 21:56:26,999 -  [BaseBLDC] right stroke amp is 0.41849399621064604
2023-07-05 21:56:26,999 -  [BaseBLDC] left stroke amp is -0.41849396611077244
2023-07-05 21:56:27,002 -  [BaseBLDC] right target amplitude is 0.716837721367612
2023-07-05 21:56:27,002 -  [BaseBLDC] left target amplitude is -0.716837721367612
2023-07-05 21:56:27,111 -  [BaseBLDC] right stroke amp is 0.44832838932851926
2023-07-05 21:56:27,111 -  [BaseBLDC] left stroke amp is -0.4483283416364564
2023-07-05 21:56:27,114 -  [BaseBLDC] right target amplitude is 0.745099865479846
2023-07-05 21:56:27,114 -  [BaseBLDC] left target amplitude is -0.745099865479846
2023-07-05 21:56:27,223 -  [BaseBLDC] right stroke amp is 0.478005478210691
2023-07-05 21:56:27,223 -  [BaseBLDC] left stroke amp is -0.47800556761251345
2023-07-05 21:56:27,261 -  [BaseBLDC] right target amplitude is 0.772303249349808
2023-07-05 21:56:27,261 -  [BaseBLDC] left target amplitude is -0.772303249349808
2023-07-05 21:56:27,366 -  [BaseBLDC] right stroke amp is 0.5074351949510265
2023-07-05 21:56:27,367 -  [BaseBLDC] left stroke amp is -0.5074354114362772
2023-07-05 21:56:27,370 -  [BaseBLDC] right target amplitude is 0.798409217942060
2023-07-05 21:56:27,370 -  [BaseBLDC] left target amplitude is -0.798409217942060
2023-07-05 21:56:27,476 -  [BaseBLDC] right stroke amp is 0.5365325441950931
2023-07-05 21:56:27,476 -  [BaseBLDC] left stroke amp is -0.5365328585686342
2023-07-05 21:56:27,479 -  [BaseBLDC] right target amplitude is 0.823380675608962
2023-07-05 21:56:27,479 -  [BaseBLDC] left target amplitude is -0.823380675608962
2023-07-05 21:56:27,587 -  [BaseBLDC] right stroke amp is 0.56521731426713
2023-07-05 21:56:27,587 -  [BaseBLDC] left stroke amp is -0.5652176942430861
2023-07-05 21:56:27,590 -  [BaseBLDC] right target amplitude is 0.847182138802268
2023-07-05 21:56:27,591 -  [BaseBLDC] left target amplitude is -0.847182138802268
2023-07-05 21:56:27,699 -  [BaseBLDC] right stroke amp is 0.593413745787343
2023-07-05 21:56:27,699 -  [BaseBLDC] left stroke amp is -0.5934142025249951
2023-07-05 21:56:27,702 -  [BaseBLDC] right target amplitude is 0.869779786493985
2023-07-05 21:56:27,702 -  [BaseBLDC] left target amplitude is -0.869779786493985
2023-07-05 21:56:27,810 -  [BaseBLDC] right stroke amp is 0.6210502915263341
2023-07-05 21:56:27,810 -  [BaseBLDC] left stroke amp is -0.6210508340197148
2023-07-05 21:56:27,813 -  [BaseBLDC] right target amplitude is 0.891141508234850
2023-07-05 21:56:27,813 -  [BaseBLDC] left target amplitude is -0.891141508234850
2023-07-05 21:56:27,921 -  [BaseBLDC] right stroke amp is 0.6480593705004021
2023-07-05 21:56:27,921 -  [BaseBLDC] left stroke amp is -0.6480599549462578
2023-07-05 21:56:27,924 -  [BaseBLDC] right target amplitude is 0.911236949782139
2023-07-05 21:56:27,924 -  [BaseBLDC] left target amplitude is -0.911236949782139
2023-07-05 21:56:28,032 -  [BaseBLDC] right stroke amp is 0.6743770815096531
2023-07-05 21:56:28,033 -  [BaseBLDC] left stroke amp is -0.674377713224979
2023-07-05 21:56:28,035 -  [BaseBLDC] right target amplitude is 0.930037556231960
2023-07-05 21:56:28,036 -  [BaseBLDC] left target amplitude is -0.930037556231960
2023-07-05 21:56:28,143 -  [BaseBLDC] right stroke amp is 0.6999430781375315
2023-07-05 21:56:28,143 -  [BaseBLDC] left stroke amp is -0.699943761238041
2023-07-05 21:56:28,146 -  [BaseBLDC] right target amplitude is 0.947516612594763
2023-07-05 21:56:28,146 -  [BaseBLDC] left target amplitude is -0.947516612594763
2023-07-05 21:56:28,254 -  [BaseBLDC] right stroke amp is 0.7247003771176389
2023-07-05 21:56:28,254 -  [BaseBLDC] left stroke amp is -0.724701114620812
2023-07-05 21:56:28,257 -  [BaseBLDC] right target amplitude is 0.963649281756389
2023-07-05 21:56:28,257 -  [BaseBLDC] left target amplitude is -0.963649281756389
2023-07-05 21:56:28,366 -  [BaseBLDC] right stroke amp is 0.7485952098007411
2023-07-05 21:56:28,366 -  [BaseBLDC] left stroke amp is -0.7485960037310245
2023-07-05 21:56:28,369 -  [BaseBLDC] right target amplitude is 0.978412639770728
2023-07-05 21:56:28,369 -  [BaseBLDC] left target amplitude is -0.978412639770728
2023-07-05 21:56:28,477 -  [BaseBLDC] right stroke amp is 0.7715768920093
2023-07-05 21:56:28,478 -  [BaseBLDC] left stroke amp is -0.7715777434940922
2023-07-05 21:56:28,480 -  [BaseBLDC] right target amplitude is 0.991785708433832
2023-07-05 21:56:28,480 -  [BaseBLDC] left target amplitude is -0.991785708433832
2023-07-05 21:56:28,589 -  [BaseBLDC] right stroke amp is 0.7935977321769142
2023-07-05 21:56:28,589 -  [BaseBLDC] left stroke amp is -0.7935985919449798
2023-07-05 21:56:28,592 -  [BaseBLDC] right target amplitude is 1.00374948509320
2023-07-05 21:56:28,592 -  [BaseBLDC] left target amplitude is -1.00374948509320
2023-07-05 21:56:28,700 -  [BaseBLDC] right stroke amp is 0.8146128644480544
2023-07-05 21:56:28,700 -  [BaseBLDC] left stroke amp is -0.8146137351468529
2023-07-05 21:56:28,703 -  [BaseBLDC] right target amplitude is 1.01428696964987
2023-07-05 21:56:28,703 -  [BaseBLDC] left target amplitude is -1.01428696964987
2023-07-05 21:56:28,810 -  [BaseBLDC] right stroke amp is 0.8345802305883876
2023-07-05 21:56:28,810 -  [BaseBLDC] left stroke amp is -0.8345811141797734
2023-07-05 21:56:28,813 -  [BaseBLDC] right target amplitude is 1.02338318871496
2023-07-05 21:56:28,813 -  [BaseBLDC] left target amplitude is -1.02338318871496
2023-07-05 21:56:28,922 -  [BaseBLDC] right stroke amp is 0.8534604808341465
2023-07-05 21:56:28,922 -  [BaseBLDC] left stroke amp is -0.853461378694697
2023-07-05 21:56:28,925 -  [BaseBLDC] right target amplitude is 1.03102521688633
2023-07-05 21:56:28,925 -  [BaseBLDC] left target amplitude is -1.03102521688633
2023-07-05 21:56:29,032 -  [BaseBLDC] right stroke amp is 0.8712169078274047
2023-07-05 21:56:29,032 -  [BaseBLDC] left stroke amp is -0.871217820875724
2023-07-05 21:56:29,035 -  [BaseBLDC] right target amplitude is 1.03720219511510
2023-07-05 21:56:29,035 -  [BaseBLDC] left target amplitude is -1.03720219511510
2023-07-05 21:56:29,143 -  [BaseBLDC] right stroke amp is 0.88781538899473
2023-07-05 21:56:29,143 -  [BaseBLDC] left stroke amp is -0.8878163178425064
2023-07-05 21:56:29,146 -  [BaseBLDC] right target amplitude is 1.04190534613600
2023-07-05 21:56:29,146 -  [BaseBLDC] left target amplitude is -1.04190534613600
2023-07-05 21:56:29,253 -  [BaseBLDC] right stroke amp is 0.9032243362274108
2023-07-05 21:56:29,253 -  [BaseBLDC] left stroke amp is -0.9032252813599799
2023-07-05 21:56:29,256 -  [BaseBLDC] right target amplitude is 1.04512798693952
2023-07-05 21:56:29,256 -  [BaseBLDC] left target amplitude is -1.04512798693952
2023-07-05 21:56:29,365 -  [BaseBLDC] right stroke amp is 0.9174146518386643
2023-07-05 21:56:29,365 -  [BaseBLDC] left stroke amp is -0.9174156138271372
2023-07-05 21:56:29,368 -  [BaseBLDC] right target amplitude is 1.04686553826828
2023-07-05 21:56:29,368 -  [BaseBLDC] left target amplitude is -1.04686553826828
2023-07-05 21:56:29,476 -  [BaseBLDC] right stroke amp is 0.9303596898756157
2023-07-05 21:56:29,476 -  [BaseBLDC] left stroke amp is -0.9303606696154789
2023-07-05 21:56:29,479 -  [BaseBLDC] right target amplitude is 1.04711553112394
2023-07-05 21:56:29,479 -  [BaseBLDC] left target amplitude is -1.04711553112394
2023-07-05 21:56:29,586 -  [BaseBLDC] right stroke amp is 0.9420352219571241
2023-07-05 21:56:29,586 -  [BaseBLDC] left stroke amp is -0.9420362209163351
2023-07-05 21:56:29,589 -  [BaseBLDC] right target amplitude is 1.04587761027559
2023-07-05 21:56:29,589 -  [BaseBLDC] left target amplitude is -1.04587761027559
