2023-07-05 21:35:30,720 -  [BaseWing] the length is 0.10559576566307186
2023-07-05 21:35:30,720 -  [BaseWing] the chord of root is 0.013679980005579979
2023-07-05 21:35:30,721 -  [BaseWing] the chord of tip is 0.009028786803682786
2023-07-05 21:35:30,721 -  [BaseWing] the length is 0.10559576566307186
2023-07-05 21:35:30,721 -  [BaseWing] the chord of root is 0.013679980005579979
2023-07-05 21:35:30,721 -  [BaseWing] the chord of tip is 0.009028786803682786
2023-07-05 21:35:30,885 -  [BaseBLDC] right target amplitude is 1.04719755119660
2023-07-05 21:35:30,885 -  [BaseBLDC] left target amplitude is 1.04719755119660
2023-07-05 21:35:30,994 -  [BaseBLDC] right stroke amp is 0.20944075114551552
2023-07-05 21:35:30,995 -  [BaseBLDC] left stroke amp is 0.20943951023931956
2023-07-05 21:35:30,998 -  [BaseBLDC] right target amplitude is 1.04645353607079
2023-07-05 21:35:30,998 -  [BaseBLDC] left target amplitude is 1.04645353607079
2023-07-05 21:35:31,106 -  [BaseBLDC] right stroke amp is 0.5766145235512999
2023-07-05 21:35:31,107 -  [BaseBLDC] left stroke amp is 0.5766108735964836
2023-07-05 21:35:31,109 -  [BaseBLDC] right target amplitude is 1.04422254791229
2023-07-05 21:35:31,110 -  [BaseBLDC] left target amplitude is 1.04422254791229
2023-07-05 21:35:31,216 -  [BaseBLDC] right stroke amp is 1.0373630899452468
2023-07-05 21:35:31,217 -  [BaseBLDC] left stroke amp is 1.0373569627759165
2023-07-05 21:35:31,219 -  [BaseBLDC] right target amplitude is 1.04050775687551
2023-07-05 21:35:31,220 -  [BaseBLDC] left target amplitude is 1.04050775687551
2023-07-05 21:35:31,327 -  [BaseBLDC] right stroke amp is 1.4983110803570414
2023-07-05 21:35:31,327 -  [BaseBLDC] left stroke amp is 1.4983040424462817
2023-07-05 21:35:31,330 -  [BaseBLDC] right target amplitude is 1.03531444154575
2023-07-05 21:35:31,330 -  [BaseBLDC] left target amplitude is 1.03531444154575
2023-07-05 21:35:31,438 -  [BaseBLDC] right stroke amp is 1.8663722903581894
2023-07-05 21:35:31,438 -  [BaseBLDC] left stroke amp is 1.8663670638097911
2023-07-05 21:35:31,441 -  [BaseBLDC] right target amplitude is 1.02864998143846
2023-07-05 21:35:31,441 -  [BaseBLDC] left target amplitude is 1.02864998143846
2023-07-05 21:35:31,550 -  [BaseBLDC] right stroke amp is 2.066491705030874
2023-07-05 21:35:31,550 -  [BaseBLDC] left stroke amp is 2.0664904223225515
2023-07-05 21:35:31,553 -  [BaseBLDC] right target amplitude is 1.02052384651324
2023-07-05 21:35:31,553 -  [BaseBLDC] left target amplitude is 1.02052384651324
2023-07-05 21:35:31,661 -  [BaseBLDC] right stroke amp is 2.0679043350349224
2023-07-05 21:35:31,661 -  [BaseBLDC] left stroke amp is 2.067885970705181
2023-07-05 21:35:31,664 -  [BaseBLDC] right target amplitude is 1.01094758371736
2023-07-05 21:35:31,664 -  [BaseBLDC] left target amplitude is 1.01094758371736
2023-07-05 21:35:31,773 -  [BaseBLDC] right stroke amp is 1.8579239927764024
2023-07-05 21:35:31,773 -  [BaseBLDC] left stroke amp is 1.8578938416027042
2023-07-05 21:35:31,776 -  [BaseBLDC] right target amplitude is 0.999934800577948
2023-07-05 21:35:31,777 -  [BaseBLDC] left target amplitude is 0.999934800577948
2023-07-05 21:35:31,883 -  [BaseBLDC] right stroke amp is 1.4763428945638157
2023-07-05 21:35:31,883 -  [BaseBLDC] left stroke amp is 1.476308244522691
2023-07-05 21:35:31,886 -  [BaseBLDC] right target amplitude is 0.987501145866170
2023-07-05 21:35:31,886 -  [BaseBLDC] left target amplitude is 0.987501145866170
2023-07-05 21:35:31,993 -  [BaseBLDC] right stroke amp is 0.9969874155784897
2023-07-05 21:35:31,993 -  [BaseBLDC] left stroke amp is 0.9969557432277746
2023-07-05 21:35:31,996 -  [BaseBLDC] right target amplitude is 0.973664287360898
2023-07-05 21:35:31,996 -  [BaseBLDC] left target amplitude is 0.973664287360898
2023-07-05 21:35:32,105 -  [BaseBLDC] right stroke amp is 0.5129589437054232
2023-07-05 21:35:32,105 -  [BaseBLDC] left stroke amp is 0.5129362945644603
2023-07-05 21:35:32,108 -  [BaseBLDC] right target amplitude is 0.958443886743414
2023-07-05 21:35:32,108 -  [BaseBLDC] left target amplitude is 0.958443886743414
2023-07-05 21:35:32,217 -  [BaseBLDC] right stroke amp is 0.11801964511011032
2023-07-05 21:35:32,218 -  [BaseBLDC] left stroke amp is 0.11800953825121835
2023-07-05 21:35:32,220 -  [BaseBLDC] right target amplitude is 0.941861571658857
2023-07-05 21:35:32,220 -  [BaseBLDC] left target amplitude is 0.941861571658857
2023-07-05 21:35:32,327 -  [BaseBLDC] right stroke amp is -0.11215402562551025
2023-07-05 21:35:32,328 -  [BaseBLDC] left stroke amp is -0.11215085756781071
2023-07-05 21:35:32,330 -  [BaseBLDC] right target amplitude is 0.923940904984112
2023-07-05 21:35:32,330 -  [BaseBLDC] left target amplitude is 0.923940904984112
2023-07-05 21:35:32,438 -  [BaseBLDC] right stroke amp is -0.1348978944297453
2023-07-05 21:35:32,438 -  [BaseBLDC] left stroke amp is -0.13487328312685742
2023-07-05 21:35:32,441 -  [BaseBLDC] right target amplitude is 0.904707351345790
2023-07-05 21:35:32,441 -  [BaseBLDC] left target amplitude is 0.904707351345790
2023-07-05 21:35:32,548 -  [BaseBLDC] right stroke amp is 0.049296679976148366
2023-07-05 21:35:32,548 -  [BaseBLDC] left stroke amp is 0.04906873052831284
2023-07-05 21:35:32,550 -  [BaseBLDC] right target amplitude is 0.884188240935905
2023-07-05 21:35:32,550 -  [BaseBLDC] left target amplitude is 0.884188240935905
2023-07-05 21:35:32,659 -  [BaseBLDC] right stroke amp is 0.4075718045557142
2023-07-05 21:35:32,659 -  [BaseBLDC] left stroke amp is 0.4086499484936403
2023-07-05 21:35:32,662 -  [BaseBLDC] right target amplitude is 0.862412730676639
2023-07-05 21:35:32,662 -  [BaseBLDC] left target amplitude is 0.862412730676639
2023-07-05 21:35:32,771 -  [BaseBLDC] right stroke amp is 0.8567309957861542
2023-07-05 21:35:32,771 -  [BaseBLDC] left stroke amp is 0.8588828539223059
2023-07-05 21:35:32,774 -  [BaseBLDC] right target amplitude is 0.839411762789393
2023-07-05 21:35:32,775 -  [BaseBLDC] left target amplitude is 0.839411762789393
2023-07-05 21:35:32,881 -  [BaseBLDC] right stroke amp is 1.3016449910948824
2023-07-05 21:35:32,881 -  [BaseBLDC] left stroke amp is 1.3045979353183739
2023-07-05 21:35:32,884 -  [BaseBLDC] right target amplitude is 0.815218020826987
2023-07-05 21:35:32,884 -  [BaseBLDC] left target amplitude is 0.815218020826987
2023-07-05 21:35:32,990 -  [BaseBLDC] right stroke amp is 1.6473173558245566
2023-07-05 21:35:32,991 -  [BaseBLDC] left stroke amp is 1.6506787425719258
2023-07-05 21:35:32,993 -  [BaseBLDC] right target amplitude is 0.789865883231501
2023-07-05 21:35:32,993 -  [BaseBLDC] left target amplitude is 0.789865883231501
2023-07-05 21:35:33,102 -  [BaseBLDC] right stroke amp is 1.8204270965768523
2023-07-05 21:35:33,103 -  [BaseBLDC] left stroke amp is 1.823720815822588
2023-07-05 21:35:33,105 -  [BaseBLDC] right target amplitude is 0.763391374483726
2023-07-05 21:35:33,106 -  [BaseBLDC] left target amplitude is 0.763391374483726
2023-07-05 21:35:33,214 -  [BaseBLDC] right stroke amp is 1.7847880345730214
2023-07-05 21:35:33,214 -  [BaseBLDC] left stroke amp is 1.7841219980376914
2023-07-05 21:35:33,217 -  [BaseBLDC] right target amplitude is 0.735832113913662
2023-07-05 21:35:33,217 -  [BaseBLDC] left target amplitude is 0.735832113913662
2023-07-05 21:35:33,325 -  [BaseBLDC] right stroke amp is 1.5228517697760109
2023-07-05 21:35:33,326 -  [BaseBLDC] left stroke amp is 1.5425045143627347
2023-07-05 21:35:33,328 -  [BaseBLDC] right target amplitude is 0.707227262244792
2023-07-05 21:35:33,328 -  [BaseBLDC] left target amplitude is 0.707227262244792
