2023-07-05 21:57:35,172 -  [BaseWing] the length is 0.10559576566307186
2023-07-05 21:57:35,172 -  [BaseWing] the chord of root is 0.013679980005579979
2023-07-05 21:57:35,173 -  [BaseWing] the chord of tip is 0.009028786803682786
2023-07-05 21:57:35,173 -  [BaseWing] the length is 0.10559576566307186
2023-07-05 21:57:35,173 -  [BaseWing] the chord of root is 0.013679980005579979
2023-07-05 21:57:35,173 -  [BaseWing] the chord of tip is 0.009028786803682786
2023-07-05 21:57:35,335 -  [BaseBLDC] right target amplitude is 0
2023-07-05 21:57:35,336 -  [BaseBLDC] left target amplitude is 0
2023-07-05 21:57:35,447 -  [BaseBLDC] right stroke amp is -3.3038868168966635e-08
2023-07-05 21:57:35,447 -  [BaseBLDC] left stroke amp is -3.918072513695483e-08
2023-07-05 21:57:35,450 -  [BaseBLDC] right target amplitude is 0.0394678105132561
2023-07-05 21:57:35,451 -  [BaseBLDC] left target amplitude is -0.0394678105132561
2023-07-05 21:57:35,558 -  [BaseBLDC] right stroke amp is 0.00394679480438067
2023-07-05 21:57:35,558 -  [BaseBLDC] left stroke amp is -0.003946761934294676
2023-07-05 21:57:35,560 -  [BaseBLDC] right target amplitude is 0.0788795386806738
2023-07-05 21:57:35,560 -  [BaseBLDC] left target amplitude is -0.0788795386806738
2023-07-05 21:57:35,668 -  [BaseBLDC] right stroke amp is 0.011440129269066367
2023-07-05 21:57:35,668 -  [BaseBLDC] left stroke amp is -0.011439964485150868
2023-07-05 21:57:35,671 -  [BaseBLDC] right target amplitude is 0.118179181847414
2023-07-05 21:57:35,671 -  [BaseBLDC] left target amplitude is -0.118179181847414
2023-07-05 21:57:35,777 -  [BaseBLDC] right stroke amp is 0.022114088550308733
2023-07-05 21:57:35,777 -  [BaseBLDC] left stroke amp is -0.022113818665220122
2023-07-05 21:57:35,780 -  [BaseBLDC] right target amplitude is 0.157310896627400
2023-07-05 21:57:35,780 -  [BaseBLDC] left target amplitude is -0.157310896627400
2023-07-05 21:57:35,887 -  [BaseBLDC] right stroke amp is 0.03563381809774192
2023-07-05 21:57:35,888 -  [BaseBLDC] left stroke amp is -0.03563346550643935
2023-07-05 21:57:35,890 -  [BaseBLDC] right target amplitude is 0.196219078254759
2023-07-05 21:57:35,891 -  [BaseBLDC] left target amplitude is -0.196219078254759
2023-07-05 21:57:35,997 -  [BaseBLDC] right stroke amp is 0.05169238837942078
2023-07-05 21:57:35,997 -  [BaseBLDC] left stroke amp is -0.05169197140967788
2023-07-05 21:57:36,000 -  [BaseBLDC] right target amplitude is 0.234848439596204
2023-07-05 21:57:36,000 -  [BaseBLDC] left target amplitude is -0.234848439596204
2023-07-05 21:57:36,108 -  [BaseBLDC] right stroke amp is 0.07000805570495897
2023-07-05 21:57:36,108 -  [BaseBLDC] left stroke amp is -0.07000754039148785
2023-07-05 21:57:36,111 -  [BaseBLDC] right target amplitude is 0.273144089712063
2023-07-05 21:57:36,111 -  [BaseBLDC] left target amplitude is -0.273144089712063
2023-07-05 21:57:36,219 -  [BaseBLDC] right stroke amp is 0.09032171652555082
2023-07-05 21:57:36,219 -  [BaseBLDC] left stroke amp is -0.09032112343807173
2023-07-05 21:57:36,222 -  [BaseBLDC] right target amplitude is 0.311051611854332
2023-07-05 21:57:36,222 -  [BaseBLDC] left target amplitude is -0.311051611854332
2023-07-05 21:57:36,331 -  [BaseBLDC] right stroke amp is 0.11239468993835477
2023-07-05 21:57:36,331 -  [BaseBLDC] left stroke amp is -0.1123941722796978
2023-07-05 21:57:36,334 -  [BaseBLDC] right target amplitude is 0.348517140790926
2023-07-05 21:57:36,334 -  [BaseBLDC] left target amplitude is -0.348517140790926
2023-07-05 21:57:36,442 -  [BaseBLDC] right stroke amp is 0.13600691674423823
2023-07-05 21:57:36,442 -  [BaseBLDC] left stroke amp is -0.13600646913082065
2023-07-05 21:57:36,445 -  [BaseBLDC] right target amplitude is 0.385487439346237
2023-07-05 21:57:36,445 -  [BaseBLDC] left target amplitude is -0.385487439346237
2023-07-05 21:57:36,554 -  [BaseBLDC] right stroke amp is 0.1609549531398949
2023-07-05 21:57:36,554 -  [BaseBLDC] left stroke amp is -0.1609545661523623
2023-07-05 21:57:36,557 -  [BaseBLDC] right target amplitude is 0.421909974049254
2023-07-05 21:57:36,558 -  [BaseBLDC] left target amplitude is -0.421909974049254
2023-07-05 21:57:36,665 -  [BaseBLDC] right stroke amp is 0.18705043452564793
2023-07-05 21:57:36,665 -  [BaseBLDC] left stroke amp is -0.18705010694205151
2023-07-05 21:57:36,668 -  [BaseBLDC] right target amplitude is 0.457732989781741
2023-07-05 21:57:36,668 -  [BaseBLDC] left target amplitude is -0.457732989781741
2023-07-05 21:57:36,775 -  [BaseBLDC] right stroke amp is 0.2141186724936996
2023-07-05 21:57:36,775 -  [BaseBLDC] left stroke amp is -0.21411839522602052
2023-07-05 21:57:36,778 -  [BaseBLDC] right target amplitude is 0.492905583320407
2023-07-05 21:57:36,778 -  [BaseBLDC] left target amplitude is -0.492905583320407
2023-07-05 21:57:36,887 -  [BaseBLDC] right stroke amp is 0.2419973413484563
2023-07-05 21:57:36,887 -  [BaseBLDC] left stroke amp is -0.24199711403545912
2023-07-05 21:57:36,890 -  [BaseBLDC] right target amplitude is 0.527377775668558
2023-07-05 21:57:36,890 -  [BaseBLDC] left target amplitude is -0.527377775668558
2023-07-05 21:57:36,998 -  [BaseBLDC] right stroke amp is 0.2705353666875904
2023-07-05 21:57:36,998 -  [BaseBLDC] left stroke amp is -0.270535180198769
2023-07-05 21:57:37,001 -  [BaseBLDC] right target amplitude is 0.561100583074469
2023-07-05 21:57:37,001 -  [BaseBLDC] left target amplitude is -0.561100583074469
2023-07-05 21:57:37,109 -  [BaseBLDC] right stroke amp is 0.2995918667036941
2023-07-05 21:57:37,109 -  [BaseBLDC] left stroke amp is -0.299591720486339
2023-07-05 21:57:37,112 -  [BaseBLDC] right target amplitude is 0.594026086635535
2023-07-05 21:57:37,112 -  [BaseBLDC] left target amplitude is -0.594026086635535
2023-07-05 21:57:37,220 -  [BaseBLDC] right stroke amp is 0.3290352725485784
2023-07-05 21:57:37,220 -  [BaseBLDC] left stroke amp is -0.32903515710125864
2023-07-05 21:57:37,223 -  [BaseBLDC] right target amplitude is 0.626107500389324
2023-07-05 21:57:37,223 -  [BaseBLDC] left target amplitude is -0.626107500389324
2023-07-05 21:57:37,330 -  [BaseBLDC] right stroke amp is 0.35874247859392
2023-07-05 21:57:37,330 -  [BaseBLDC] left stroke amp is -0.35874239143006514
2023-07-05 21:57:37,333 -  [BaseBLDC] right target amplitude is 0.657299237794749
2023-07-05 21:57:37,333 -  [BaseBLDC] left target amplitude is -0.657299237794749
2023-07-05 21:57:37,441 -  [BaseBLDC] right stroke amp is 0.388598132735289
2023-07-05 21:57:37,442 -  [BaseBLDC] left stroke amp is -0.38859807606653357
2023-07-05 21:57:37,444 -  [BaseBLDC] right target amplitude is 0.687556976508922
2023-07-05 21:57:37,444 -  [BaseBLDC] left target amplitude is -0.687556976508922
2023-07-05 21:57:37,551 -  [BaseBLDC] right stroke amp is 0.41849399621064604
2023-07-05 21:57:37,551 -  [BaseBLDC] left stroke amp is -0.41849396611077244
2023-07-05 21:57:37,554 -  [BaseBLDC] right target amplitude is 0.716837721367612
2023-07-05 21:57:37,554 -  [BaseBLDC] left target amplitude is -0.716837721367612
2023-07-05 21:57:37,661 -  [BaseBLDC] right stroke amp is 0.44832838932851926
2023-07-05 21:57:37,661 -  [BaseBLDC] left stroke amp is -0.4483283416364564
2023-07-05 21:57:37,664 -  [BaseBLDC] right target amplitude is 0.745099865479846
2023-07-05 21:57:37,664 -  [BaseBLDC] left target amplitude is -0.745099865479846
2023-07-05 21:57:37,772 -  [BaseBLDC] right stroke amp is 0.478005478210691
2023-07-05 21:57:37,772 -  [BaseBLDC] left stroke amp is -0.47800556761251345
2023-07-05 21:57:37,809 -  [BaseBLDC] right target amplitude is 0.772303249349808
2023-07-05 21:57:37,809 -  [BaseBLDC] left target amplitude is -0.772303249349808
2023-07-05 21:57:37,913 -  [BaseBLDC] right stroke amp is 0.5074351949510265
2023-07-05 21:57:37,913 -  [BaseBLDC] left stroke amp is -0.5074354114362772
2023-07-05 21:57:37,916 -  [BaseBLDC] right target amplitude is 0.798409217942060
2023-07-05 21:57:37,916 -  [BaseBLDC] left target amplitude is -0.798409217942060
2023-07-05 21:57:38,024 -  [BaseBLDC] right stroke amp is 0.5365325441950931
2023-07-05 21:57:38,024 -  [BaseBLDC] left stroke amp is -0.5365328585686342
2023-07-05 21:57:38,026 -  [BaseBLDC] right target amplitude is 0.823380675608962
2023-07-05 21:57:38,027 -  [BaseBLDC] left target amplitude is -0.823380675608962
2023-07-05 21:57:38,133 -  [BaseBLDC] right stroke amp is 0.56521731426713
2023-07-05 21:57:38,133 -  [BaseBLDC] left stroke amp is -0.5652176942430861
2023-07-05 21:57:38,136 -  [BaseBLDC] right target amplitude is 0.847182138802268
2023-07-05 21:57:38,136 -  [BaseBLDC] left target amplitude is -0.847182138802268
2023-07-05 21:57:38,242 -  [BaseBLDC] right stroke amp is 0.593413745787343
2023-07-05 21:57:38,242 -  [BaseBLDC] left stroke amp is -0.5934142025249951
2023-07-05 21:57:38,245 -  [BaseBLDC] right target amplitude is 0.869779786493985
2023-07-05 21:57:38,245 -  [BaseBLDC] left target amplitude is -0.869779786493985
2023-07-05 21:57:38,352 -  [BaseBLDC] right stroke amp is 0.6210502915263341
2023-07-05 21:57:38,353 -  [BaseBLDC] left stroke amp is -0.6210508340197148
2023-07-05 21:57:38,355 -  [BaseBLDC] right target amplitude is 0.891141508234850
2023-07-05 21:57:38,355 -  [BaseBLDC] left target amplitude is -0.891141508234850
2023-07-05 21:57:38,464 -  [BaseBLDC] right stroke amp is 0.6480593705004021
2023-07-05 21:57:38,464 -  [BaseBLDC] left stroke amp is -0.6480599549462578
2023-07-05 21:57:38,467 -  [BaseBLDC] right target amplitude is 0.911236949782139
2023-07-05 21:57:38,467 -  [BaseBLDC] left target amplitude is -0.911236949782139
2023-07-05 21:57:38,575 -  [BaseBLDC] right stroke amp is 0.6743770815096531
2023-07-05 21:57:38,575 -  [BaseBLDC] left stroke amp is -0.674377713224979
2023-07-05 21:57:38,578 -  [BaseBLDC] right target amplitude is 0.930037556231960
2023-07-05 21:57:38,578 -  [BaseBLDC] left target amplitude is -0.930037556231960
2023-07-05 21:57:38,686 -  [BaseBLDC] right stroke amp is 0.6999430781375315
2023-07-05 21:57:38,686 -  [BaseBLDC] left stroke amp is -0.699943761238041
2023-07-05 21:57:38,689 -  [BaseBLDC] right target amplitude is 0.947516612594763
2023-07-05 21:57:38,690 -  [BaseBLDC] left target amplitude is -0.947516612594763
2023-07-05 21:57:38,796 -  [BaseBLDC] right stroke amp is 0.7247003771176389
2023-07-05 21:57:38,796 -  [BaseBLDC] left stroke amp is -0.724701114620812
2023-07-05 21:57:38,799 -  [BaseBLDC] right target amplitude is 0.963649281756389
2023-07-05 21:57:38,799 -  [BaseBLDC] left target amplitude is -0.963649281756389
2023-07-05 21:57:38,908 -  [BaseBLDC] right stroke amp is 0.7485952098007411
2023-07-05 21:57:38,909 -  [BaseBLDC] left stroke amp is -0.7485960037310245
2023-07-05 21:57:38,911 -  [BaseBLDC] right target amplitude is 0.978412639770728
2023-07-05 21:57:38,911 -  [BaseBLDC] left target amplitude is -0.978412639770728
2023-07-05 21:57:39,019 -  [BaseBLDC] right stroke amp is 0.7715768920093
2023-07-05 21:57:39,019 -  [BaseBLDC] left stroke amp is -0.7715777434940922
2023-07-05 21:57:39,022 -  [BaseBLDC] right target amplitude is 0.991785708433832
2023-07-05 21:57:39,022 -  [BaseBLDC] left target amplitude is -0.991785708433832
2023-07-05 21:57:39,130 -  [BaseBLDC] right stroke amp is 0.7935977321769142
2023-07-05 21:57:39,130 -  [BaseBLDC] left stroke amp is -0.7935985919449798
2023-07-05 21:57:39,133 -  [BaseBLDC] right target amplitude is 1.00374948509320
2023-07-05 21:57:39,133 -  [BaseBLDC] left target amplitude is -1.00374948509320
2023-07-05 21:57:39,242 -  [BaseBLDC] right stroke amp is 0.8146128644480544
2023-07-05 21:57:39,242 -  [BaseBLDC] left stroke amp is -0.8146137351468529
2023-07-05 21:57:39,245 -  [BaseBLDC] right target amplitude is 1.01428696964987
2023-07-05 21:57:39,245 -  [BaseBLDC] left target amplitude is -1.01428696964987
