2023-07-05 21:35:08,145 -  [BaseWing] the length is 0.10559576566307186
2023-07-05 21:35:08,145 -  [BaseWing] the chord of root is 0.013679980005579979
2023-07-05 21:35:08,145 -  [BaseWing] the chord of tip is 0.009028786803682786
2023-07-05 21:35:08,146 -  [BaseWing] the length is 0.10559576566307186
2023-07-05 21:35:08,146 -  [BaseWing] the chord of root is 0.013679980005579979
2023-07-05 21:35:08,146 -  [BaseWing] the chord of tip is 0.009028786803682786
2023-07-05 21:35:08,334 -  [BaseBLDC] right target amplitude is 1.04719755119660
2023-07-05 21:35:08,335 -  [BaseBLDC] left target amplitude is 1.04719755119660
2023-07-05 21:35:08,442 -  [BaseBLDC] right stroke amp is 0.10472037557305242
2023-07-05 21:35:08,442 -  [BaseBLDC] left stroke amp is 0.10471975511965978
2023-07-05 21:35:08,446 -  [BaseBLDC] right target amplitude is 1.04645353607079
2023-07-05 21:35:08,446 -  [BaseBLDC] left target amplitude is 1.04645353607079
2023-07-05 21:35:08,551 -  [BaseBLDC] right stroke amp is 0.29096927669722605
2023-07-05 21:35:08,551 -  [BaseBLDC] left stroke amp is 0.290967496461505
2023-07-05 21:35:08,553 -  [BaseBLDC] right target amplitude is 1.04422254791229
2023-07-05 21:35:08,553 -  [BaseBLDC] left target amplitude is 1.04422254791229
2023-07-05 21:35:08,662 -  [BaseBLDC] right stroke amp is 0.53364320006772
2023-07-05 21:35:08,662 -  [BaseBLDC] left stroke amp is 0.5336401317702647
2023-07-05 21:35:08,665 -  [BaseBLDC] right target amplitude is 1.04050775687551
2023-07-05 21:35:08,665 -  [BaseBLDC] left target amplitude is 1.04050775687551
2023-07-05 21:35:08,774 -  [BaseBLDC] right stroke amp is 0.8023273833280941
2023-07-05 21:35:08,775 -  [BaseBLDC] left stroke amp is 0.8023232941487433
2023-07-05 21:35:08,777 -  [BaseBLDC] right target amplitude is 1.03531444154575
2023-07-05 21:35:08,778 -  [BaseBLDC] left target amplitude is 1.03531444154575
2023-07-05 21:35:08,886 -  [BaseBLDC] right stroke amp is 1.0668935398039414
2023-07-05 21:35:08,886 -  [BaseBLDC] left stroke amp is 1.0668890175248582
2023-07-05 21:35:08,889 -  [BaseBLDC] right target amplitude is 1.02864998143846
2023-07-05 21:35:08,889 -  [BaseBLDC] left target amplitude is 1.02864998143846
2023-07-05 21:35:08,997 -  [BaseBLDC] right stroke amp is 1.3004821858789224
2023-07-05 21:35:08,997 -  [BaseBLDC] left stroke amp is 1.3004779895244512
2023-07-05 21:35:09,000 -  [BaseBLDC] right target amplitude is 1.02052384651324
2023-07-05 21:35:09,000 -  [BaseBLDC] left target amplitude is 1.02052384651324
2023-07-05 21:35:09,107 -  [BaseBLDC] right stroke amp is 1.481850567187068
2023-07-05 21:35:09,107 -  [BaseBLDC] left stroke amp is 1.4818474720929178
2023-07-05 21:35:09,110 -  [BaseBLDC] right target amplitude is 1.01094758371736
2023-07-05 21:35:09,110 -  [BaseBLDC] left target amplitude is 1.01094758371736
2023-07-05 21:35:09,218 -  [BaseBLDC] right stroke amp is 1.596816696674159
2023-07-05 21:35:09,218 -  [BaseBLDC] left stroke amp is 1.5968152530890014
2023-07-05 21:35:09,221 -  [BaseBLDC] right target amplitude is 0.999934800577948
2023-07-05 21:35:09,221 -  [BaseBLDC] left target amplitude is 0.999934800577948
2023-07-05 21:35:09,329 -  [BaseBLDC] right stroke amp is 1.640618103965268
2023-07-05 21:35:09,329 -  [BaseBLDC] left stroke amp is 1.6406182832619696
2023-07-05 21:35:09,332 -  [BaseBLDC] right target amplitude is 0.987501145866170
2023-07-05 21:35:09,332 -  [BaseBLDC] left target amplitude is 0.987501145866170
2023-07-05 21:35:09,440 -  [BaseBLDC] right stroke amp is 1.6185804845017397
2023-07-05 21:35:09,441 -  [BaseBLDC] left stroke amp is 1.6185830476417342
2023-07-05 21:35:09,443 -  [BaseBLDC] right target amplitude is 0.973664287360898
2023-07-05 21:35:09,444 -  [BaseBLDC] left target amplitude is 0.973664287360898
2023-07-05 21:35:09,551 -  [BaseBLDC] right stroke amp is 1.5328010778591352
2023-07-05 21:35:09,552 -  [BaseBLDC] left stroke amp is 1.532805988517633
2023-07-05 21:35:09,554 -  [BaseBLDC] right target amplitude is 0.958443886743414
2023-07-05 21:35:09,554 -  [BaseBLDC] left target amplitude is 0.958443886743414
2023-07-05 21:35:09,663 -  [BaseBLDC] right stroke amp is 1.3967970981186262
2023-07-05 21:35:09,663 -  [BaseBLDC] left stroke amp is 1.396803915583597
2023-07-05 21:35:09,666 -  [BaseBLDC] right target amplitude is 0.941861571658857
2023-07-05 21:35:09,666 -  [BaseBLDC] left target amplitude is 0.941861571658857
2023-07-05 21:35:09,773 -  [BaseBLDC] right stroke amp is 1.2275775924062287
2023-07-05 21:35:09,773 -  [BaseBLDC] left stroke amp is 1.227585546494984
2023-07-05 21:35:09,776 -  [BaseBLDC] right target amplitude is 0.923940904984112
2023-07-05 21:35:09,776 -  [BaseBLDC] left target amplitude is 0.923940904984112
2023-07-05 21:35:09,885 -  [BaseBLDC] right stroke amp is 1.043289724727475
2023-07-05 21:35:09,885 -  [BaseBLDC] left stroke amp is 1.043297968589273
2023-07-05 21:35:09,888 -  [BaseBLDC] right target amplitude is 0.904707351345790
2023-07-05 21:35:09,888 -  [BaseBLDC] left target amplitude is 0.904707351345790
2023-07-05 21:35:09,995 -  [BaseBLDC] right stroke amp is 0.8616628407425698
2023-07-05 21:35:09,995 -  [BaseBLDC] left stroke amp is 0.8616704859729483
2023-07-05 21:35:09,998 -  [BaseBLDC] right target amplitude is 0.884188240935905
2023-07-05 21:35:09,998 -  [BaseBLDC] left target amplitude is 0.884188240935905
2023-07-05 21:35:10,107 -  [BaseBLDC] right stroke amp is 0.6983802876190696
2023-07-05 21:35:10,107 -  [BaseBLDC] left stroke amp is 0.6983864449092986
2023-07-05 21:35:10,110 -  [BaseBLDC] right target amplitude is 0.862412730676639
2023-07-05 21:35:10,110 -  [BaseBLDC] left target amplitude is 0.862412730676639
2023-07-05 21:35:10,218 -  [BaseBLDC] right stroke amp is 0.5656189313926224
2023-07-05 21:35:10,218 -  [BaseBLDC] left stroke amp is 0.5656229177144216
2023-07-05 21:35:10,221 -  [BaseBLDC] right target amplitude is 0.839411762789393
2023-07-05 21:35:10,221 -  [BaseBLDC] left target amplitude is 0.839411762789393
2023-07-05 21:35:10,329 -  [BaseBLDC] right stroke amp is 0.47052657212545057
2023-07-05 21:35:10,330 -  [BaseBLDC] left stroke amp is 0.4705286596956576
2023-07-05 21:35:10,332 -  [BaseBLDC] right target amplitude is 0.815218020826987
2023-07-05 21:35:10,332 -  [BaseBLDC] left target amplitude is 0.815218020826987
2023-07-05 21:35:10,441 -  [BaseBLDC] right stroke amp is 0.41453160937927996
2023-07-05 21:35:10,441 -  [BaseBLDC] left stroke amp is 0.41453187046373896
2023-07-05 21:35:10,444 -  [BaseBLDC] right target amplitude is 0.789865883231501
2023-07-05 21:35:10,444 -  [BaseBLDC] left target amplitude is 0.789865883231501
2023-07-05 21:35:10,553 -  [BaseBLDC] right stroke amp is 0.3990779367007884
2023-07-05 21:35:10,553 -  [BaseBLDC] left stroke amp is 0.3990762176645644
2023-07-05 21:35:10,556 -  [BaseBLDC] right target amplitude is 0.763391374483726
2023-07-05 21:35:10,556 -  [BaseBLDC] left target amplitude is 0.763391374483726
2023-07-05 21:35:10,664 -  [BaseBLDC] right stroke amp is 0.41889878859399493
2023-07-05 21:35:10,664 -  [BaseBLDC] left stroke amp is 0.41889519703727573
2023-07-05 21:35:10,667 -  [BaseBLDC] right target amplitude is 0.735832113913662
2023-07-05 21:35:10,667 -  [BaseBLDC] left target amplitude is 0.735832113913662
2023-07-05 21:35:10,775 -  [BaseBLDC] right stroke amp is 0.465621921874963
2023-07-05 21:35:10,775 -  [BaseBLDC] left stroke amp is 0.46561681588562215
2023-07-05 21:35:10,778 -  [BaseBLDC] right target amplitude is 0.707227262244792
2023-07-05 21:35:10,778 -  [BaseBLDC] left target amplitude is 0.707227262244792
2023-07-05 21:35:10,885 -  [BaseBLDC] right stroke amp is 0.5289216771959757
2023-07-05 21:35:10,885 -  [BaseBLDC] left stroke amp is 0.5289156097958341
2023-07-05 21:35:10,888 -  [BaseBLDC] right target amplitude is 0.677617465948086
2023-07-05 21:35:10,888 -  [BaseBLDC] left target amplitude is 0.677617465948086
2023-07-05 21:35:10,994 -  [BaseBLDC] right stroke amp is 0.5977510316635133
2023-07-05 21:35:10,995 -  [BaseBLDC] left stroke amp is 0.5977446761914377
2023-07-05 21:35:10,997 -  [BaseBLDC] right target amplitude is 0.647044799484823
2023-07-05 21:35:10,998 -  [BaseBLDC] left target amplitude is 0.647044799484823
2023-07-05 21:35:11,104 -  [BaseBLDC] right stroke amp is 0.661522662358923
2023-07-05 21:35:11,104 -  [BaseBLDC] left stroke amp is 0.6615167315894142
2023-07-05 21:35:11,107 -  [BaseBLDC] right target amplitude is 0.615552705520273
2023-07-05 21:35:11,107 -  [BaseBLDC] left target amplitude is 0.615552705520273
2023-07-05 21:35:11,216 -  [BaseBLDC] right stroke amp is 0.7111261275369398
2023-07-05 21:35:11,217 -  [BaseBLDC] left stroke amp is 0.7111212930070692
2023-07-05 21:35:11,219 -  [BaseBLDC] right target amplitude is 0.583185933193230
2023-07-05 21:35:11,219 -  [BaseBLDC] left target amplitude is 0.583185933193230
2023-07-05 21:35:11,327 -  [BaseBLDC] right stroke amp is 0.7396956970472257
2023-07-05 21:35:11,327 -  [BaseBLDC] left stroke amp is 0.739692522614523
2023-07-05 21:35:11,329 -  [BaseBLDC] right target amplitude is 0.549990474529080
2023-07-05 21:35:11,330 -  [BaseBLDC] left target amplitude is 0.549990474529080
2023-07-05 21:35:11,439 -  [BaseBLDC] right stroke amp is 0.7430767078254861
2023-07-05 21:35:11,439 -  [BaseBLDC] left stroke amp is 0.7430756243770812
2023-07-05 21:35:11,442 -  [BaseBLDC] right target amplitude is 0.516013499086778
2023-07-05 21:35:11,442 -  [BaseBLDC] left target amplitude is 0.516013499086778
2023-07-05 21:35:11,550 -  [BaseBLDC] right stroke amp is 0.7199733873113005
2023-07-05 21:35:11,551 -  [BaseBLDC] left stroke amp is 0.7199747606425219
2023-07-05 21:35:11,553 -  [BaseBLDC] right target amplitude is 0.481303286932590
2023-07-05 21:35:11,553 -  [BaseBLDC] left target amplitude is 0.481303286932590
2023-07-05 21:35:11,662 -  [BaseBLDC] right stroke amp is 0.6717940958519867
2023-07-05 21:35:11,662 -  [BaseBLDC] left stroke amp is 0.6717984826300084
2023-07-05 21:35:11,665 -  [BaseBLDC] right target amplitude is 0.445909160035849
2023-07-05 21:35:11,665 -  [BaseBLDC] left target amplitude is 0.445909160035849
2023-07-05 21:35:11,774 -  [BaseBLDC] right stroke amp is 0.602238772614851
2023-07-05 21:35:11,774 -  [BaseBLDC] left stroke amp is 0.6022474400754148
2023-07-05 21:35:11,777 -  [BaseBLDC] right target amplitude is 0.409881412184201
2023-07-05 21:35:11,777 -  [BaseBLDC] left target amplitude is 0.409881412184201
2023-07-05 21:35:11,885 -  [BaseBLDC] right stroke amp is 0.5166994852280112
2023-07-05 21:35:11,885 -  [BaseBLDC] left stroke amp is 0.5167148215209687
2023-07-05 21:35:11,888 -  [BaseBLDC] right target amplitude is 0.373271237517931
2023-07-05 21:35:11,888 -  [BaseBLDC] left target amplitude is 0.373271237517931
2023-07-05 21:35:11,996 -  [BaseBLDC] right stroke amp is 0.4215696810280996
2023-07-05 21:35:11,996 -  [BaseBLDC] left stroke amp is 0.4215938488062288
2023-07-05 21:35:11,999 -  [BaseBLDC] right target amplitude is 0.336130657784932
2023-07-05 21:35:11,999 -  [BaseBLDC] left target amplitude is 0.336130657784932
2023-07-05 21:35:12,108 -  [BaseBLDC] right stroke amp is 0.3235551002995638
2023-07-05 21:35:12,108 -  [BaseBLDC] left stroke amp is 0.3235854443508238
2023-07-05 21:35:12,111 -  [BaseBLDC] right target amplitude is 0.298512448419653
2023-07-05 21:35:12,111 -  [BaseBLDC] left target amplitude is 0.298512448419653
2023-07-05 21:35:12,219 -  [BaseBLDC] right stroke amp is 0.22900405629372
2023-07-05 21:35:12,219 -  [BaseBLDC] left stroke amp is 0.22903002311534562
2023-07-05 21:35:12,222 -  [BaseBLDC] right target amplitude is 0.260470063551113
2023-07-05 21:35:12,222 -  [BaseBLDC] left target amplitude is 0.260470063551113
2023-07-05 21:35:12,331 -  [BaseBLDC] right stroke amp is 0.1432525935652167
2023-07-05 21:35:12,332 -  [BaseBLDC] left stroke amp is 0.14326095938783023
2023-07-05 21:35:12,334 -  [BaseBLDC] right target amplitude is 0.222057560046490
2023-07-05 21:35:12,334 -  [BaseBLDC] left target amplitude is 0.222057560046490
2023-07-05 21:35:12,442 -  [BaseBLDC] right stroke amp is 0.07013142918750648
2023-07-05 21:35:12,442 -  [BaseBLDC] left stroke amp is 0.07011432927571738
2023-07-05 21:35:12,445 -  [BaseBLDC] right target amplitude is 0.183329520698255
2023-07-05 21:35:12,445 -  [BaseBLDC] left target amplitude is 0.183329520698255
2023-07-05 21:35:12,555 -  [BaseBLDC] right stroke amp is 0.011762722405304418
2023-07-05 21:35:12,555 -  [BaseBLDC] left stroke amp is 0.01172089190363753
2023-07-05 21:35:12,558 -  [BaseBLDC] right target amplitude is 0.144340976663988
2023-07-05 21:35:12,558 -  [BaseBLDC] left target amplitude is 0.144340976663988
2023-07-05 21:35:12,665 -  [BaseBLDC] right stroke amp is -0.03142368660178815
2023-07-05 21:35:12,665 -  [BaseBLDC] left stroke amp is -0.031482681664205134
2023-07-05 21:35:12,668 -  [BaseBLDC] right target amplitude is 0.105147329269070
2023-07-05 21:35:12,668 -  [BaseBLDC] left target amplitude is 0.105147329269070
2023-07-05 21:35:12,777 -  [BaseBLDC] right stroke amp is -0.060549661151236306
2023-07-05 21:35:12,778 -  [BaseBLDC] left stroke amp is -0.060621832642594346
2023-07-05 21:35:12,780 -  [BaseBLDC] right target amplitude is 0.0658042712833928
2023-07-05 21:35:12,780 -  [BaseBLDC] left target amplitude is 0.0658042712833928
2023-07-05 21:35:12,888 -  [BaseBLDC] right stroke amp is -0.07807701116111768
2023-07-05 21:35:12,888 -  [BaseBLDC] left stroke amp is -0.07818552352002153
2023-07-05 21:35:12,891 -  [BaseBLDC] right target amplitude is 0.0263677077839345
2023-07-05 21:35:12,892 -  [BaseBLDC] left target amplitude is 0.0263677077839345
2023-07-05 21:35:13,000 -  [BaseBLDC] right stroke amp is -0.08751740995298202
2023-07-05 21:35:13,001 -  [BaseBLDC] left stroke amp is -0.08772223330646498
2023-07-05 21:35:13,003 -  [BaseBLDC] right target amplitude is -0.0131063232843514
2023-07-05 21:35:13,003 -  [BaseBLDC] left target amplitude is -0.0131063232843514
2023-07-05 21:35:13,111 -  [BaseBLDC] right stroke amp is -0.09293415097823589
2023-07-05 21:35:13,111 -  [BaseBLDC] left stroke amp is -0.0932836784187584
2023-07-05 21:35:13,114 -  [BaseBLDC] right target amplitude is -0.0525617307364418
2023-07-05 21:35:13,114 -  [BaseBLDC] left target amplitude is -0.0525617307364418
2023-07-05 21:35:13,223 -  [BaseBLDC] right stroke amp is -0.09771467586708125
2023-07-05 21:35:13,224 -  [BaseBLDC] left stroke amp is -0.09815950928921957
2023-07-05 21:35:13,226 -  [BaseBLDC] right target amplitude is -0.0919424498508024
2023-07-05 21:35:13,227 -  [BaseBLDC] left target amplitude is -0.0919424498508024
2023-07-05 21:35:13,335 -  [BaseBLDC] right stroke amp is -0.10537232420216049
2023-07-05 21:35:13,335 -  [BaseBLDC] left stroke amp is -0.10585844088441371
2023-07-05 21:35:13,338 -  [BaseBLDC] right target amplitude is -0.131192522035345
2023-07-05 21:35:13,338 -  [BaseBLDC] left target amplitude is -0.131192522035345
2023-07-05 21:35:13,446 -  [BaseBLDC] right stroke amp is -0.11876340689023253
2023-07-05 21:35:13,446 -  [BaseBLDC] left stroke amp is -0.11923783889259279
2023-07-05 21:35:13,449 -  [BaseBLDC] right target amplitude is -0.170256174342578
2023-07-05 21:35:13,449 -  [BaseBLDC] left target amplitude is -0.170256174342578
2023-07-05 21:35:13,557 -  [BaseBLDC] right stroke amp is -0.1398646739125492
2023-07-05 21:35:13,558 -  [BaseBLDC] left stroke amp is -0.14027950977568993
2023-07-05 21:35:13,560 -  [BaseBLDC] right target amplitude is -0.209077898720959
2023-07-05 21:35:13,560 -  [BaseBLDC] left target amplitude is -0.209077898720959
2023-07-05 21:35:13,669 -  [BaseBLDC] right stroke amp is -0.16966204147205188
2023-07-05 21:35:13,669 -  [BaseBLDC] left stroke amp is -0.16997688508983855
2023-07-05 21:35:13,672 -  [BaseBLDC] right target amplitude is -0.247602530889847
2023-07-05 21:35:13,672 -  [BaseBLDC] left target amplitude is -0.247602530889847
2023-07-05 21:35:13,780 -  [BaseBLDC] right stroke amp is -0.20814460732356888
2023-07-05 21:35:13,780 -  [BaseBLDC] left stroke amp is -0.20833099709550576
2023-07-05 21:35:13,783 -  [BaseBLDC] right target amplitude is -0.285775328725964
2023-07-05 21:35:13,783 -  [BaseBLDC] left target amplitude is -0.285775328725964
2023-07-05 21:35:13,891 -  [BaseBLDC] right stroke amp is -0.25438495282529355
2023-07-05 21:35:13,892 -  [BaseBLDC] left stroke amp is -0.2544402155363214
2023-07-05 21:35:13,894 -  [BaseBLDC] right target amplitude is -0.323542050049986
2023-07-05 21:35:13,895 -  [BaseBLDC] left target amplitude is -0.323542050049986
2023-07-05 21:35:14,003 -  [BaseBLDC] right stroke amp is -0.30668379030836856
2023-07-05 21:35:14,003 -  [BaseBLDC] left stroke amp is -0.3066589253139975
2023-07-05 21:35:14,006 -  [BaseBLDC] right target amplitude is -0.360849029702735
2023-07-05 21:35:14,006 -  [BaseBLDC] left target amplitude is -0.360849029702735
2023-07-05 21:35:14,114 -  [BaseBLDC] right stroke amp is -0.3627826191311347
2023-07-05 21:35:14,115 -  [BaseBLDC] left stroke amp is -0.3628047994274929
2023-07-05 21:35:14,117 -  [BaseBLDC] right target amplitude is -0.397643255801443
2023-07-05 21:35:14,118 -  [BaseBLDC] left target amplitude is -0.397643255801443
2023-07-05 21:35:14,225 -  [BaseBLDC] right stroke amp is -0.4201695405348339
2023-07-05 21:35:14,225 -  [BaseBLDC] left stroke amp is -0.4204155995194482
2023-07-05 21:35:14,228 -  [BaseBLDC] right target amplitude is -0.433872445067743
2023-07-05 21:35:14,228 -  [BaseBLDC] left target amplitude is -0.433872445067743
2023-07-05 21:35:14,336 -  [BaseBLDC] right stroke amp is -0.47643044183502664
2023-07-05 21:35:14,336 -  [BaseBLDC] left stroke amp is -0.4770519713166673
2023-07-05 21:35:14,339 -  [BaseBLDC] right target amplitude is -0.469485117120324
2023-07-05 21:35:14,339 -  [BaseBLDC] left target amplitude is -0.469485117120324
2023-07-05 21:35:14,446 -  [BaseBLDC] right stroke amp is -0.5299003093647715
2023-07-05 21:35:14,446 -  [BaseBLDC] left stroke amp is -0.5305816732235612
2023-07-05 21:35:14,449 -  [BaseBLDC] right target amplitude is -0.504430667626718
2023-07-05 21:35:14,449 -  [BaseBLDC] left target amplitude is -0.504430667626718
2023-07-05 21:35:14,558 -  [BaseBLDC] right stroke amp is -0.5789370036361571
2023-07-05 21:35:14,558 -  [BaseBLDC] left stroke amp is -0.5796050066808287
2023-07-05 21:35:14,561 -  [BaseBLDC] right target amplitude is -0.538659440210234
2023-07-05 21:35:14,562 -  [BaseBLDC] left target amplitude is -0.538659440210234
2023-07-05 21:35:14,669 -  [BaseBLDC] right stroke amp is -0.6224273883938213
2023-07-05 21:35:14,669 -  [BaseBLDC] left stroke amp is -0.6230178617019582
2023-07-05 21:35:14,672 -  [BaseBLDC] right target amplitude is -0.572122797009901
2023-07-05 21:35:14,672 -  [BaseBLDC] left target amplitude is -0.572122797009901
2023-07-05 21:35:14,780 -  [BaseBLDC] right stroke amp is -0.6598402371612503
2023-07-05 21:35:14,780 -  [BaseBLDC] left stroke amp is -0.6603025441192893
2023-07-05 21:35:14,783 -  [BaseBLDC] right target amplitude is -0.604773187793121
2023-07-05 21:35:14,783 -  [BaseBLDC] left target amplitude is -0.604773187793121
2023-07-05 21:35:14,892 -  [BaseBLDC] right stroke amp is -0.6912155291899637
2023-07-05 21:35:14,892 -  [BaseBLDC] left stroke amp is -0.6915155238922386
2023-07-05 21:35:14,895 -  [BaseBLDC] right target amplitude is -0.636564217522852
2023-07-05 21:35:14,895 -  [BaseBLDC] left target amplitude is -0.636564217522852
2023-07-05 21:35:15,003 -  [BaseBLDC] right stroke amp is -0.7170993060233682
2023-07-05 21:35:15,003 -  [BaseBLDC] left stroke amp is -0.7172223745611593
2023-07-05 21:35:15,006 -  [BaseBLDC] right target amplitude is -0.667450712283295
2023-07-05 21:35:15,006 -  [BaseBLDC] left target amplitude is -0.667450712283295
2023-07-05 21:35:15,112 -  [BaseBLDC] right stroke amp is -0.7384375629676392
2023-07-05 21:35:15,112 -  [BaseBLDC] left stroke amp is -0.7383934666119377
2023-07-05 21:35:15,115 -  [BaseBLDC] right target amplitude is -0.697388783470419
2023-07-05 21:35:15,115 -  [BaseBLDC] left target amplitude is -0.697388783470419
2023-07-05 21:35:15,224 -  [BaseBLDC] right stroke amp is -0.7564445599360938
2023-07-05 21:35:15,225 -  [BaseBLDC] left stroke amp is -0.7562733806247746
2023-07-05 21:35:15,227 -  [BaseBLDC] right target amplitude is -0.726335890156090
2023-07-05 21:35:15,228 -  [BaseBLDC] left target amplitude is -0.726335890156090
2023-07-05 21:35:15,336 -  [BaseBLDC] right stroke amp is -0.7724579181730139
2023-07-05 21:35:15,336 -  [BaseBLDC] left stroke amp is -0.772231394355305
2023-07-05 21:35:15,339 -  [BaseBLDC] right target amplitude is -0.754250899537224
2023-07-05 21:35:15,339 -  [BaseBLDC] left target amplitude is -0.754250899537224
2023-07-05 21:35:15,446 -  [BaseBLDC] right stroke amp is -0.78778991193736
2023-07-05 21:35:15,446 -  [BaseBLDC] left stroke amp is -0.7876008406474097
2023-07-05 21:35:15,449 -  [BaseBLDC] right target amplitude is -0.781094145384022
2023-07-05 21:35:15,449 -  [BaseBLDC] left target amplitude is -0.781094145384022
2023-07-05 21:35:15,554 -  [BaseBLDC] right stroke amp is -0.8035858680067521
2023-07-05 21:35:15,554 -  [BaseBLDC] left stroke amp is -0.8035268451080402
2023-07-05 21:35:15,557 -  [BaseBLDC] right target amplitude is -0.806827484404273
2023-07-05 21:35:15,557 -  [BaseBLDC] left target amplitude is -0.806827484404273
2023-07-05 21:35:15,664 -  [BaseBLDC] right stroke amp is -0.8207101441883334
2023-07-05 21:35:15,664 -  [BaseBLDC] left stroke amp is -0.8208531866100904
2023-07-05 21:35:15,667 -  [BaseBLDC] right target amplitude is -0.831414350443615
2023-07-05 21:35:15,667 -  [BaseBLDC] left target amplitude is -0.831414350443615
2023-07-05 21:35:15,776 -  [BaseBLDC] right stroke amp is -0.83967751052647
2023-07-05 21:35:15,776 -  [BaseBLDC] left stroke amp is -0.8399026307349494
2023-07-05 21:35:15,779 -  [BaseBLDC] right target amplitude is -0.854819806444733
2023-07-05 21:35:15,779 -  [BaseBLDC] left target amplitude is -0.854819806444733
2023-07-05 21:35:15,887 -  [BaseBLDC] right stroke amp is -0.8606344041143235
2023-07-05 21:35:15,887 -  [BaseBLDC] left stroke amp is -0.8608189069072799
2023-07-05 21:35:15,890 -  [BaseBLDC] right target amplitude is -0.877010594091674
2023-07-05 21:35:15,891 -  [BaseBLDC] left target amplitude is -0.877010594091674
2023-07-05 21:35:15,997 -  [BaseBLDC] right stroke amp is -0.8832901542021291
2023-07-05 21:35:15,997 -  [BaseBLDC] left stroke amp is -0.8834205104392922
2023-07-05 21:35:16,000 -  [BaseBLDC] right target amplitude is -0.897955181068738
2023-07-05 21:35:16,000 -  [BaseBLDC] left target amplitude is -0.897955181068738
2023-07-05 21:35:16,109 -  [BaseBLDC] right stroke amp is -0.9071777758024246
2023-07-05 21:35:16,109 -  [BaseBLDC] left stroke amp is -0.9072479579866888
2023-07-05 21:35:16,112 -  [BaseBLDC] right target amplitude is -0.917623805866767
2023-07-05 21:35:16,112 -  [BaseBLDC] left target amplitude is -0.917623805866767
2023-07-05 21:35:16,220 -  [BaseBLDC] right stroke amp is -0.9316234697328424
2023-07-05 21:35:16,220 -  [BaseBLDC] left stroke amp is -0.9316345783786165
2023-07-05 21:35:16,223 -  [BaseBLDC] right target amplitude is -0.935988520073197
2023-07-05 21:35:16,223 -  [BaseBLDC] left target amplitude is -0.935988520073197
2023-07-05 21:35:16,331 -  [BaseBLDC] right stroke amp is -0.9558318930878857
2023-07-05 21:35:16,331 -  [BaseBLDC] left stroke amp is -0.9557910159029397
2023-07-05 21:35:16,334 -  [BaseBLDC] right target amplitude is -0.953023228085761
2023-07-05 21:35:16,334 -  [BaseBLDC] left target amplitude is -0.953023228085761
2023-07-05 21:35:16,444 -  [BaseBLDC] right stroke amp is -0.9789750105202002
2023-07-05 21:35:16,444 -  [BaseBLDC] left stroke amp is -0.9788934817304917
2023-07-05 21:35:16,446 -  [BaseBLDC] right target amplitude is -0.968703724193408
2023-07-05 21:35:16,447 -  [BaseBLDC] left target amplitude is -0.968703724193408
2023-07-05 21:35:16,554 -  [BaseBLDC] right stroke amp is -1.000276094773971
2023-07-05 21:35:16,554 -  [BaseBLDC] left stroke amp is -1.0001675793167726
2023-07-05 21:35:16,557 -  [BaseBLDC] right target amplitude is -0.983007726971764
2023-07-05 21:35:16,558 -  [BaseBLDC] left target amplitude is -0.983007726971764
2023-07-05 21:35:16,665 -  [BaseBLDC] right stroke amp is -1.019080742914205
2023-07-05 21:35:16,665 -  [BaseBLDC] left stroke amp is -1.0189593487713915
2023-07-05 21:35:16,668 -  [BaseBLDC] right target amplitude is -0.995914910944242
2023-07-05 21:35:16,668 -  [BaseBLDC] left target amplitude is -0.995914910944242
2023-07-05 21:35:16,776 -  [BaseBLDC] right stroke amp is -1.0349082958964169
2023-07-05 21:35:16,776 -  [BaseBLDC] left stroke amp is -1.034787416226647
2023-07-05 21:35:16,779 -  [BaseBLDC] right target amplitude is -1.00740693546383
2023-07-05 21:35:16,779 -  [BaseBLDC] left target amplitude is -1.00740693546383
2023-07-05 21:35:16,888 -  [BaseBLDC] right stroke amp is -1.047480621117894
2023-07-05 21:35:16,888 -  [BaseBLDC] left stroke amp is -1.0473729770880935
2023-07-05 21:35:16,891 -  [BaseBLDC] right target amplitude is -1.01746747077448
2023-07-05 21:35:16,891 -  [BaseBLDC] left target amplitude is -1.01746747077448
2023-07-05 21:35:16,999 -  [BaseBLDC] right stroke amp is -1.0567282310052197
2023-07-05 21:35:16,999 -  [BaseBLDC] left stroke amp is -1.0566466102776102
2023-07-05 21:35:17,002 -  [BaseBLDC] right target amplitude is -1.02608222121514
2023-07-05 21:35:17,002 -  [BaseBLDC] left target amplitude is -1.02608222121514
2023-07-05 21:35:17,111 -  [BaseBLDC] right stroke amp is -1.062775131304378
2023-07-05 21:35:17,111 -  [BaseBLDC] left stroke amp is -1.0627333479648409
2023-07-05 21:35:17,114 -  [BaseBLDC] right target amplitude is -1.03323894553337
2023-07-05 21:35:17,114 -  [BaseBLDC] left target amplitude is -1.03323894553337
2023-07-05 21:35:17,223 -  [BaseBLDC] right stroke amp is -1.0659060860137857
2023-07-05 21:35:17,223 -  [BaseBLDC] left stroke amp is -1.0659043558686798
2023-07-05 21:35:17,226 -  [BaseBLDC] right target amplitude is -1.03892747427972
2023-07-05 21:35:17,226 -  [BaseBLDC] left target amplitude is -1.03892747427972
2023-07-05 21:35:17,333 -  [BaseBLDC] right stroke amp is -1.0665212125358008
2023-07-05 21:35:17,333 -  [BaseBLDC] left stroke amp is -1.066555722733227
2023-07-05 21:35:17,336 -  [BaseBLDC] right target amplitude is -1.04313972425818
2023-07-05 21:35:17,336 -  [BaseBLDC] left target amplitude is -1.04313972425818
2023-07-05 21:35:17,444 -  [BaseBLDC] right stroke amp is -1.0650838548705739
2023-07-05 21:35:17,444 -  [BaseBLDC] left stroke amp is -1.0651475467292237
2023-07-05 21:35:17,447 -  [BaseBLDC] right target amplitude is -1.04586971001207
2023-07-05 21:35:17,447 -  [BaseBLDC] left target amplitude is -1.04586971001207
2023-07-05 21:35:17,556 -  [BaseBLDC] right stroke amp is -1.0620675361207015
2023-07-05 21:35:17,556 -  [BaseBLDC] left stroke amp is -1.062151141489696
2023-07-05 21:35:17,559 -  [BaseBLDC] right target amplitude is -1.04711355232922
2023-07-05 21:35:17,559 -  [BaseBLDC] left target amplitude is -1.04711355232922
2023-07-05 21:35:17,668 -  [BaseBLDC] right stroke amp is -1.0579074231045953
2023-07-05 21:35:17,668 -  [BaseBLDC] left stroke amp is -1.0580006109765163
2023-07-05 21:35:17,671 -  [BaseBLDC] right target amplitude is -1.04686948375415
2023-07-05 21:35:17,671 -  [BaseBLDC] left target amplitude is -1.04686948375415
2023-07-05 21:35:17,780 -  [BaseBLDC] right stroke amp is -1.0529606832996248
2023-07-05 21:35:17,780 -  [BaseBLDC] left stroke amp is -1.0530531981100806
2023-07-05 21:35:17,783 -  [BaseBLDC] right target amplitude is -1.04513785109959
2023-07-05 21:35:17,783 -  [BaseBLDC] left target amplitude is -1.04513785109959
2023-07-05 21:35:17,891 -  [BaseBLDC] right stroke amp is -1.0474788229895442
2023-07-05 21:35:17,892 -  [BaseBLDC] left stroke amp is -1.0475614945733847
2023-07-05 21:35:17,894 -  [BaseBLDC] right target amplitude is -1.04192111495364
2023-07-05 21:35:17,895 -  [BaseBLDC] left target amplitude is -1.04192111495364
2023-07-05 21:35:18,002 -  [BaseBLDC] right stroke amp is -1.0415935431516066
2023-07-05 21:35:18,002 -  [BaseBLDC] left stroke amp is -1.0416591045491344
2023-07-05 21:35:18,005 -  [BaseBLDC] right target amplitude is -1.03722384618339
2023-07-05 21:35:18,005 -  [BaseBLDC] left target amplitude is -1.03722384618339
2023-07-05 21:35:18,114 -  [BaseBLDC] right stroke amp is -1.0353162292990143
2023-07-05 21:35:18,115 -  [BaseBLDC] left stroke amp is -1.035359850425183
2023-07-05 21:35:18,117 -  [BaseBLDC] right target amplitude is -1.03105271943988
2023-07-05 21:35:18,118 -  [BaseBLDC] left target amplitude is -1.03105271943988
2023-07-05 21:35:18,226 -  [BaseBLDC] right stroke amp is -1.0285497136094444
2023-07-05 21:35:18,226 -  [BaseBLDC] left stroke amp is -1.0285692451919186
2023-07-05 21:35:18,229 -  [BaseBLDC] right target amplitude is -1.02341650367362
2023-07-05 21:35:18,229 -  [BaseBLDC] left target amplitude is -1.02341650367362
2023-07-05 21:35:18,337 -  [BaseBLDC] right stroke amp is -1.0211099423691923
2023-07-05 21:35:18,337 -  [BaseBLDC] left stroke amp is -1.0211058566576054
2023-07-05 21:35:18,340 -  [BaseBLDC] right target amplitude is -1.01432604967428
2023-07-05 21:35:18,341 -  [BaseBLDC] left target amplitude is -1.01432604967428
2023-07-05 21:35:18,448 -  [BaseBLDC] right stroke amp is -1.0127543551394735
2023-07-05 21:35:18,449 -  [BaseBLDC] left stroke amp is -1.012729436431836
2023-07-05 21:35:18,451 -  [BaseBLDC] right target amplitude is -1.00379427465204
2023-07-05 21:35:18,451 -  [BaseBLDC] left target amplitude is -1.00379427465204
2023-07-05 21:35:18,559 -  [BaseBLDC] right stroke amp is -1.003213480716727
2023-07-05 21:35:18,560 -  [BaseBLDC] left stroke amp is -1.0031723224642932
2023-07-05 21:35:18,562 -  [BaseBLDC] right target amplitude is -0.991836143882736
2023-07-05 21:35:18,562 -  [BaseBLDC] left target amplitude is -0.991836143882736
2023-07-05 21:35:18,671 -  [BaseBLDC] right stroke amp is -0.9922222903328112
2023-07-05 21:35:18,671 -  [BaseBLDC] left stroke amp is -0.9921706454176993
2023-07-05 21:35:18,674 -  [BaseBLDC] right target amplitude is -0.978468649442729
2023-07-05 21:35:18,674 -  [BaseBLDC] left target amplitude is -0.978468649442729
2023-07-05 21:35:18,783 -  [BaseBLDC] right stroke amp is -0.9795481393579818
2023-07-05 21:35:18,783 -  [BaseBLDC] left stroke amp is -0.9794922355617538
2023-07-05 21:35:18,786 -  [BaseBLDC] right target amplitude is -0.963710786063744
2023-07-05 21:35:18,786 -  [BaseBLDC] left target amplitude is -0.963710786063744
2023-07-05 21:35:18,894 -  [BaseBLDC] right stroke amp is -0.9650128983433638
2023-07-05 21:35:18,894 -  [BaseBLDC] left stroke amp is -0.9649587669994487
2023-07-05 21:35:18,898 -  [BaseBLDC] right target amplitude is -0.947583524142050
2023-07-05 21:35:18,898 -  [BaseBLDC] left target amplitude is -0.947583524142050
2023-07-05 21:35:19,006 -  [BaseBLDC] right stroke amp is -0.9485076153475153
2023-07-05 21:35:19,007 -  [BaseBLDC] left stroke amp is -0.9484604984011792
2023-07-05 21:35:19,009 -  [BaseBLDC] right target amplitude is -0.930109779940264
2023-07-05 21:35:19,010 -  [BaseBLDC] left target amplitude is -0.930109779940264
2023-07-05 21:35:19,118 -  [BaseBLDC] right stroke amp is -0.9299989621623529
2023-07-05 21:35:19,118 -  [BaseBLDC] left stroke amp is -0.9299628735424774
2023-07-05 21:35:19,121 -  [BaseBLDC] right target amplitude is -0.911314383024152
2023-07-05 21:35:19,121 -  [BaseBLDC] left target amplitude is -0.911314383024152
2023-07-05 21:35:19,229 -  [BaseBLDC] right stroke amp is -0.9095276862001973
2023-07-05 21:35:19,229 -  [BaseBLDC] left stroke amp is -0.9095051322154857
2023-07-05 21:35:19,232 -  [BaseBLDC] right target amplitude is -0.891224040980705
2023-07-05 21:35:19,232 -  [BaseBLDC] left target amplitude is -0.891224040980705
2023-07-05 21:35:19,341 -  [BaseBLDC] right stroke amp is -0.8871999791963316
2023-07-05 21:35:19,341 -  [BaseBLDC] left stroke amp is -0.8871918655064341
2023-07-05 21:35:19,344 -  [BaseBLDC] right target amplitude is -0.869867301467599
2023-07-05 21:35:19,344 -  [BaseBLDC] left target amplitude is -0.869867301467599
2023-07-05 21:35:19,452 -  [BaseBLDC] right stroke amp is -0.863173368967421
2023-07-05 21:35:19,452 -  [BaseBLDC] left stroke amp is -0.8631790611356573
2023-07-05 21:35:19,455 -  [BaseBLDC] right target amplitude is -0.847274511647994
2023-07-05 21:35:19,455 -  [BaseBLDC] left target amplitude is -0.847274511647994
2023-07-05 21:35:19,564 -  [BaseBLDC] right stroke amp is -0.8376390400800068
2023-07-05 21:35:19,564 -  [BaseBLDC] left stroke amp is -0.8376565805722845
2023-07-05 21:35:19,567 -  [BaseBLDC] right target amplitude is -0.823477775068291
2023-07-05 21:35:19,567 -  [BaseBLDC] left target amplitude is -0.823477775068291
2023-07-05 21:35:19,676 -  [BaseBLDC] right stroke amp is -0.8108027358327161
2023-07-05 21:35:19,676 -  [BaseBLDC] left stroke amp is -0.810829172008232
2023-07-05 21:35:19,679 -  [BaseBLDC] right target amplitude is -0.798510906040132
2023-07-05 21:35:19,679 -  [BaseBLDC] left target amplitude is -0.798510906040132
2023-07-05 21:35:19,788 -  [BaseBLDC] right stroke amp is -0.7828662729892188
2023-07-05 21:35:19,788 -  [BaseBLDC] left stroke amp is -0.7828980590930269
2023-07-05 21:35:19,791 -  [BaseBLDC] right target amplitude is -0.772409381591473
2023-07-05 21:35:19,791 -  [BaseBLDC] left target amplitude is -0.772409381591473
2023-07-05 21:35:19,899 -  [BaseBLDC] right stroke amp is -0.754011480155947
2023-07-05 21:35:19,899 -  [BaseBLDC] left stroke amp is -0.7540448836810303
2023-07-05 21:35:19,902 -  [BaseBLDC] right target amplitude is -0.745210291054983
2023-07-05 21:35:19,902 -  [BaseBLDC] left target amplitude is -0.745210291054983
2023-07-05 21:35:20,010 -  [BaseBLDC] right stroke amp is -0.7243878656276584
2023-07-05 21:35:20,010 -  [BaseBLDC] left stroke amp is -0.7244193675604712
2023-07-05 21:35:20,013 -  [BaseBLDC] right target amplitude is -0.716952283365430
2023-07-05 21:35:20,013 -  [BaseBLDC] left target amplitude is -0.716952283365430
2023-07-05 21:35:20,122 -  [BaseBLDC] right stroke amp is -0.6941049316774366
2023-07-05 21:35:20,123 -  [BaseBLDC] left stroke amp is -0.6941315497012069
2023-07-05 21:35:20,126 -  [BaseBLDC] right target amplitude is -0.687675512140920
2023-07-05 21:35:20,126 -  [BaseBLDC] left target amplitude is -0.687675512140920
2023-07-05 21:35:20,233 -  [BaseBLDC] right stroke amp is -0.6632293777058421
2023-07-05 21:35:20,233 -  [BaseBLDC] left stroke amp is -0.6632489122416708
2023-07-05 21:35:20,236 -  [BaseBLDC] right target amplitude is -0.657421578626036
2023-07-05 21:35:20,236 -  [BaseBLDC] left target amplitude is -0.657421578626036
2023-07-05 21:35:20,345 -  [BaseBLDC] right stroke amp is -0.63178701088307
2023-07-05 21:35:20,346 -  [BaseBLDC] left stroke amp is -0.6317981881195788
2023-07-05 21:35:20,348 -  [BaseBLDC] right target amplitude is -0.626233472577953
2023-07-05 21:35:20,348 -  [BaseBLDC] left target amplitude is -0.626233472577953
2023-07-05 21:35:20,457 -  [BaseBLDC] right stroke amp is -0.5997686878061659
2023-07-05 21:35:20,457 -  [BaseBLDC] left stroke amp is -0.5997711955880466
2023-07-05 21:35:20,459 -  [BaseBLDC] right target amplitude is -0.594155511179535
2023-07-05 21:35:20,460 -  [BaseBLDC] left target amplitude is -0.594155511179535
2023-07-05 21:35:20,568 -  [BaseBLDC] right stroke amp is -0.5671392838148235
2023-07-05 21:35:20,568 -  [BaseBLDC] left stroke amp is -0.5671337074312136
2023-07-05 21:35:20,571 -  [BaseBLDC] right target amplitude is -0.561233276066192
2023-07-05 21:35:20,571 -  [BaseBLDC] left target amplitude is -0.561233276066192
2023-07-05 21:35:20,680 -  [BaseBLDC] right stroke amp is -0.5338484839393681
2023-07-05 21:35:20,680 -  [BaseBLDC] left stroke amp is -0.5338361582044661
2023-07-05 21:35:20,683 -  [BaseBLDC] right target amplitude is -0.527513548556012
2023-07-05 21:35:20,683 -  [BaseBLDC] left target amplitude is -0.527513548556012
2023-07-05 21:35:20,792 -  [BaseBLDC] right stroke amp is -0.4998421276628009
2023-07-05 21:35:20,792 -  [BaseBLDC] left stroke amp is -0.4998249284569623
2023-07-05 21:35:20,795 -  [BaseBLDC] right target amplitude is -0.493044243175178
2023-07-05 21:35:20,795 -  [BaseBLDC] left target amplitude is -0.493044243175178
2023-07-05 21:35:20,903 -  [BaseBLDC] right stroke amp is -0.4650729108642436
2023-07-05 21:35:20,903 -  [BaseBLDC] left stroke amp is -0.46505301308014363
2023-07-05 21:35:20,906 -  [BaseBLDC] right target amplitude is -0.457874339573138
2023-07-05 21:35:20,907 -  [BaseBLDC] left target amplitude is -0.457874339573138
2023-07-05 21:35:21,015 -  [BaseBLDC] right stroke amp is -0.4295094320587976
2023-07-05 21:35:21,016 -  [BaseBLDC] left stroke amp is -0.42948906159348965
2023-07-05 21:35:21,018 -  [BaseBLDC] right target amplitude is -0.422053812924281
2023-07-05 21:35:21,019 -  [BaseBLDC] left target amplitude is -0.422053812924281
2023-07-05 21:35:21,126 -  [BaseBLDC] right stroke amp is -0.39314283672540257
2023-07-05 21:35:21,126 -  [BaseBLDC] left stroke amp is -0.3931240420115421
2023-07-05 21:35:21,129 -  [BaseBLDC] right target amplitude is -0.385633562915000
2023-07-05 21:35:21,129 -  [BaseBLDC] left target amplitude is -0.385633562915000
2023-07-05 21:35:21,236 -  [BaseBLDC] right stroke amp is -0.35599062815712157
2023-07-05 21:35:21,236 -  [BaseBLDC] left stroke amp is -0.355975092233143
2023-07-05 21:35:21,239 -  [BaseBLDC] right target amplitude is -0.348665341417065
2023-07-05 21:35:21,240 -  [BaseBLDC] left target amplitude is -0.348665341417065
2023-07-05 21:35:21,347 -  [BaseBLDC] right stroke amp is -0.31809753961725157
2023-07-05 21:35:21,347 -  [BaseBLDC] left stroke amp is -0.3180864475805299
2023-07-05 21:35:21,350 -  [BaseBLDC] right target amplitude is -0.311201678950060
2023-07-05 21:35:21,350 -  [BaseBLDC] left target amplitude is -0.311201678950060
2023-07-05 21:35:21,459 -  [BaseBLDC] right stroke amp is -0.27953366683843905
2023-07-05 21:35:21,459 -  [BaseBLDC] left stroke amp is -0.2795276364899966
2023-07-05 21:35:21,462 -  [BaseBLDC] right target amplitude is -0.273295810037410
2023-07-05 21:35:21,462 -  [BaseBLDC] left target amplitude is -0.273295810037410
2023-07-05 21:35:21,569 -  [BaseBLDC] right stroke amp is -0.24039031385075987
2023-07-05 21:35:21,570 -  [BaseBLDC] left stroke amp is -0.24038939021827954
2023-07-05 21:35:21,573 -  [BaseBLDC] right target amplitude is -0.235001597562018
2023-07-05 21:35:21,573 -  [BaseBLDC] left target amplitude is -0.235001597562018
2023-07-05 21:35:21,681 -  [BaseBLDC] right stroke amp is -0.2007741815391925
2023-07-05 21:35:21,682 -  [BaseBLDC] left stroke amp is -0.20077789635087345
2023-07-05 21:35:21,684 -  [BaseBLDC] right target amplitude is -0.196373456229053
2023-07-05 21:35:21,685 -  [BaseBLDC] left target amplitude is -0.196373456229053
2023-07-05 21:35:21,792 -  [BaseBLDC] right stroke amp is -0.1608006670852239
2023-07-05 21:35:21,792 -  [BaseBLDC] left stroke amp is -0.16080812848637088
2023-07-05 21:35:21,795 -  [BaseBLDC] right target amplitude is -0.157466275244598
2023-07-05 21:35:21,795 -  [BaseBLDC] left target amplitude is -0.157466275244598
2023-07-05 21:35:21,904 -  [BaseBLDC] right stroke amp is -0.12058697384384925
2023-07-05 21:35:21,905 -  [BaseBLDC] left stroke amp is -0.12059700358479199
2023-07-05 21:35:21,908 -  [BaseBLDC] right target amplitude is -0.118335340320064
2023-07-05 21:35:21,908 -  [BaseBLDC] left target amplitude is -0.118335340320064
2023-07-05 21:35:22,015 -  [BaseBLDC] right stroke amp is -0.08024577695594345
2023-07-05 21:35:22,015 -  [BaseBLDC] left stroke amp is -0.08025706057644813
2023-07-05 21:35:22,018 -  [BaseBLDC] right target amplitude is -0.0790362551131765
2023-07-05 21:35:22,018 -  [BaseBLDC] left target amplitude is -0.0790362551131765
2023-07-05 21:35:22,127 -  [BaseBLDC] right stroke amp is -0.03988000187142796
2023-07-05 21:35:22,128 -  [BaseBLDC] left stroke amp is -0.039891232336174684
2023-07-05 21:35:22,131 -  [BaseBLDC] right target amplitude is -0.0396248622171714
2023-07-05 21:35:22,131 -  [BaseBLDC] left target amplitude is -0.0396248622171714
2023-07-05 21:35:22,236 -  [BaseBLDC] right stroke amp is 0.00042084701956824483
2023-07-05 21:35:22,236 -  [BaseBLDC] left stroke amp is 0.0004108833799001538
2023-07-05 21:35:22,239 -  [BaseBLDC] right target amplitude is -0.000157163810477918
2023-07-05 21:35:22,239 -  [BaseBLDC] left target amplitude is -0.000157163810477918
2023-07-05 21:35:22,347 -  [BaseBLDC] right stroke amp is 0.040582844438268775
2023-07-05 21:35:22,347 -  [BaseBLDC] left stroke amp is 0.04057510455511627
2023-07-05 21:35:22,350 -  [BaseBLDC] right target amplitude is 0.0393107579203630
2023-07-05 21:35:22,350 -  [BaseBLDC] left target amplitude is 0.0393107579203630
2023-07-05 21:35:22,458 -  [BaseBLDC] right stroke amp is 0.08054767276704068
2023-07-05 21:35:22,458 -  [BaseBLDC] left stroke amp is 0.08054279396744457
2023-07-05 21:35:22,460 -  [BaseBLDC] right target amplitude is 0.0787228204714787
2023-07-05 21:35:22,460 -  [BaseBLDC] left target amplitude is 0.0787228204714787
2023-07-05 21:35:22,568 -  [BaseBLDC] right stroke amp is 0.12027138723547337
2023-07-05 21:35:22,568 -  [BaseBLDC] left stroke amp is 0.1202696591986437
2023-07-05 21:35:22,571 -  [BaseBLDC] right target amplitude is 0.118023020712882
2023-07-05 21:35:22,571 -  [BaseBLDC] left target amplitude is 0.118023020712882
2023-07-05 21:35:22,678 -  [BaseBLDC] right stroke amp is 0.15972174316889087
2023-07-05 21:35:22,678 -  [BaseBLDC] left stroke amp is 0.15972310695790098
2023-07-05 21:35:22,681 -  [BaseBLDC] right target amplitude is 0.157155514466911
2023-07-05 21:35:22,681 -  [BaseBLDC] left target amplitude is 0.157155514466911
2023-07-05 21:35:22,789 -  [BaseBLDC] right stroke amp is 0.1988747290744301
2023-07-05 21:35:22,790 -  [BaseBLDC] left stroke amp is 0.19887882216635283
2023-07-05 21:35:22,792 -  [BaseBLDC] right target amplitude is 0.196064695860802
2023-07-05 21:35:22,792 -  [BaseBLDC] left target amplitude is 0.196064695860802
2023-07-05 21:35:22,899 -  [BaseBLDC] right stroke amp is 0.2377105908573901
2023-07-05 21:35:22,899 -  [BaseBLDC] left stroke amp is 0.2377168129312089
2023-07-05 21:35:22,902 -  [BaseBLDC] right target amplitude is 0.234695276340636
2023-07-05 21:35:22,902 -  [BaseBLDC] left target amplitude is 0.234695276340636
2023-07-05 21:35:23,009 -  [BaseBLDC] right stroke amp is 0.2762098138614105
2023-07-05 21:35:23,010 -  [BaseBLDC] left stroke amp is 0.27621741695241653
2023-07-05 21:35:23,012 -  [BaseBLDC] right target amplitude is 0.272992363234385
2023-07-05 21:35:23,012 -  [BaseBLDC] left target amplitude is 0.272992363234385
2023-07-05 21:35:23,120 -  [BaseBLDC] right stroke amp is 0.3143498246393592
2023-07-05 21:35:23,121 -  [BaseBLDC] left stroke amp is 0.31435797494205525
2023-07-05 21:35:23,123 -  [BaseBLDC] right target amplitude is 0.310901537752440
2023-07-05 21:35:23,123 -  [BaseBLDC] left target amplitude is 0.310901537752440
2023-07-05 21:35:23,230 -  [BaseBLDC] right stroke amp is 0.3521019403808015
2023-07-05 21:35:23,230 -  [BaseBLDC] left stroke amp is 0.352109824607565
2023-07-05 21:35:23,233 -  [BaseBLDC] right target amplitude is 0.348368932314746
2023-07-05 21:35:23,233 -  [BaseBLDC] left target amplitude is 0.348368932314746
