2023-07-05 22:03:50,640 -  [BaseWing] the length is 0.10559576566307186
2023-07-05 22:03:50,640 -  [BaseWing] the chord of root is 0.013679980005579979
2023-07-05 22:03:50,641 -  [BaseWing] the chord of tip is 0.009028786803682786
2023-07-05 22:03:50,641 -  [BaseWing] the length is 0.10559576566307186
2023-07-05 22:03:50,641 -  [BaseWing] the chord of root is 0.013679980005579979
2023-07-05 22:03:50,641 -  [BaseWing] the chord of tip is 0.009028786803682786
2023-07-05 22:03:50,848 -  [BaseBLDC] right target amplitude is 0
2023-07-05 22:03:50,849 -  [BaseBLDC] left target amplitude is 0
2023-07-05 22:03:50,964 -  [BaseBLDC] right stroke amp is -3.3038868168966635e-08
2023-07-05 22:03:50,965 -  [BaseBLDC] left stroke amp is -3.918072513695483e-08
2023-07-05 22:03:50,969 -  [BaseBLDC] right target amplitude is 0.0394678105132561
2023-07-05 22:03:50,969 -  [BaseBLDC] left target amplitude is -0.0394678105132561
2023-07-05 22:03:51,074 -  [BaseBLDC] right stroke amp is 0.039467712745272165
2023-07-05 22:03:51,074 -  [BaseBLDC] left stroke amp is -0.03946784773494617
2023-07-05 22:03:51,077 -  [BaseBLDC] right target amplitude is 0.0788795386806738
2023-07-05 22:03:51,077 -  [BaseBLDC] left target amplitude is -0.0788795386806738
2023-07-05 22:03:51,186 -  [BaseBLDC] right stroke amp is 0.11042182115130617
2023-07-05 22:03:51,186 -  [BaseBLDC] left stroke amp is -0.11042183758490637
2023-07-05 22:03:51,189 -  [BaseBLDC] right target amplitude is 0.118179181847414
2023-07-05 22:03:51,189 -  [BaseBLDC] left target amplitude is -0.118179181847414
2023-07-05 22:03:51,298 -  [BaseBLDC] right stroke amp is 0.19839629042647894
2023-07-05 22:03:51,298 -  [BaseBLDC] left stroke amp is -0.1983937436847889
2023-07-05 22:03:51,301 -  [BaseBLDC] right target amplitude is 0.157310896627400
2023-07-05 22:03:51,302 -  [BaseBLDC] left target amplitude is -0.157310896627400
2023-07-05 22:03:51,408 -  [BaseBLDC] right stroke amp is -0.591313313273856
2023-07-05 22:03:51,408 -  [BaseBLDC] left stroke amp is 0.5908805555411193
2023-07-05 22:03:51,411 -  [BaseBLDC] right target amplitude is 0.196219078254759
2023-07-05 22:03:51,411 -  [BaseBLDC] left target amplitude is -0.196219078254759
2023-07-05 22:03:51,519 -  [BaseBLDC] right stroke amp is 1.871883004164977
2023-07-05 22:03:51,520 -  [BaseBLDC] left stroke amp is -1.8712028848997577
2023-07-05 22:03:51,522 -  [BaseBLDC] right target amplitude is 0.234848439596204
2023-07-05 22:03:51,523 -  [BaseBLDC] left target amplitude is -0.234848439596204
2023-07-05 22:03:51,630 -  [BaseBLDC] right stroke amp is 2.440055425814214
2023-07-05 22:03:51,630 -  [BaseBLDC] left stroke amp is -2.4597644294396916
2023-07-05 22:03:51,633 -  [BaseBLDC] right target amplitude is 0.273144089712063
2023-07-05 22:03:51,633 -  [BaseBLDC] left target amplitude is -0.273144089712063
2023-07-05 22:03:51,741 -  [BaseBLDC] right stroke amp is 0.8121746282723041
2023-07-05 22:03:51,741 -  [BaseBLDC] left stroke amp is -0.8316363449607718
2023-07-05 22:03:51,744 -  [BaseBLDC] right target amplitude is 0.311051611854332
2023-07-05 22:03:51,744 -  [BaseBLDC] left target amplitude is -0.311051611854332
2023-07-05 22:03:51,853 -  [BaseBLDC] right stroke amp is -1.2373338695887282
2023-07-05 22:03:51,853 -  [BaseBLDC] left stroke amp is 1.2323808004879526
2023-07-05 22:03:51,856 -  [BaseBLDC] right target amplitude is 0.348517140790926
2023-07-05 22:03:51,856 -  [BaseBLDC] left target amplitude is -0.348517140790926
2023-07-05 22:03:51,965 -  [BaseBLDC] right stroke amp is -1.608212411291303
2023-07-05 22:03:51,965 -  [BaseBLDC] left stroke amp is 1.6203637309790377
2023-07-05 22:03:51,968 -  [BaseBLDC] right target amplitude is 0.385487439346237
2023-07-05 22:03:51,968 -  [BaseBLDC] left target amplitude is -0.385487439346237
2023-07-05 22:03:52,077 -  [BaseBLDC] right stroke amp is 0.03309503437523009
2023-07-05 22:03:52,077 -  [BaseBLDC] left stroke amp is -0.016878357955993906
2023-07-05 22:03:52,080 -  [BaseBLDC] right target amplitude is 0.421909974049254
2023-07-05 22:03:52,080 -  [BaseBLDC] left target amplitude is -0.421909974049254
2023-07-05 22:03:52,188 -  [BaseBLDC] right stroke amp is 1.9750917432606556
2023-07-05 22:03:52,188 -  [BaseBLDC] left stroke amp is -1.9749377912958486
2023-07-05 22:03:52,191 -  [BaseBLDC] right target amplitude is 0.457732989781741
2023-07-05 22:03:52,191 -  [BaseBLDC] left target amplitude is -0.457732989781741
2023-07-05 22:03:52,299 -  [BaseBLDC] right stroke amp is 2.29336013549333
2023-07-05 22:03:52,299 -  [BaseBLDC] left stroke amp is -2.31054170280389
2023-07-05 22:03:52,302 -  [BaseBLDC] right target amplitude is 0.492905583320407
2023-07-05 22:03:52,302 -  [BaseBLDC] left target amplitude is -0.492905583320407
2023-07-05 22:03:52,411 -  [BaseBLDC] right stroke amp is 0.7951487404398505
2023-07-05 22:03:52,412 -  [BaseBLDC] left stroke amp is -0.8116280184664595
2023-07-05 22:03:52,414 -  [BaseBLDC] right target amplitude is 0.527377775668558
2023-07-05 22:03:52,415 -  [BaseBLDC] left target amplitude is -0.527377775668558
2023-07-05 22:03:52,523 -  [BaseBLDC] right stroke amp is -0.897576461395788
2023-07-05 22:03:52,523 -  [BaseBLDC] left stroke amp is 0.8939686091900281
2023-07-05 22:03:52,526 -  [BaseBLDC] right target amplitude is 0.561100583074469
2023-07-05 22:03:52,526 -  [BaseBLDC] left target amplitude is -0.561100583074469
2023-07-05 22:03:52,634 -  [BaseBLDC] right stroke amp is -1.0558846685125427
2023-07-05 22:03:52,634 -  [BaseBLDC] left stroke amp is 1.0674997198265868
2023-07-05 22:03:52,637 -  [BaseBLDC] right target amplitude is 0.594026086635535
2023-07-05 22:03:52,637 -  [BaseBLDC] left target amplitude is -0.594026086635535
