2023-07-05 21:24:15,480 -  [BaseWing] the length is 0.10559576566307186
2023-07-05 21:24:15,481 -  [BaseWing] the chord of root is 0.013679980005579979
2023-07-05 21:24:15,481 -  [BaseWing] the chord of tip is 0.009028786803682786
2023-07-05 21:24:15,481 -  [BaseWing] the length is 0.10559576566307186
2023-07-05 21:24:15,482 -  [BaseWing] the chord of root is 0.013679980005579979
2023-07-05 21:24:15,482 -  [BaseWing] the chord of tip is 0.009028786803682786
2023-07-05 21:24:15,688 -  [BaseBLDC] right target amplitude is 1.04719755119660
2023-07-05 21:24:15,689 -  [BaseBLDC] left target amplitude is 1.04719755119660
2023-07-05 21:24:15,801 -  [BaseBLDC] right stroke amp is -3.3038868168966635e-08
2023-07-05 21:24:15,801 -  [BaseBLDC] left stroke amp is -3.918072513695483e-08
2023-07-05 21:24:15,804 -  [BaseBLDC] right target amplitude is 1.04645353607079
2023-07-05 21:24:15,805 -  [BaseBLDC] left target amplitude is 1.04645353607079
2023-07-05 21:24:15,911 -  [BaseBLDC] right stroke amp is -3.925415977813537e-08
2023-07-05 21:24:15,911 -  [BaseBLDC] left stroke amp is -4.5490734291740357e-08
2023-07-05 21:24:15,915 -  [BaseBLDC] right target amplitude is 1.04422254791229
2023-07-05 21:24:15,915 -  [BaseBLDC] left target amplitude is 1.04422254791229
2023-07-05 21:24:16,023 -  [BaseBLDC] right stroke amp is -3.6173961755448914e-08
2023-07-05 21:24:16,023 -  [BaseBLDC] left stroke amp is -4.159633103420946e-08
2023-07-05 21:24:16,026 -  [BaseBLDC] right target amplitude is 1.04050775687551
2023-07-05 21:24:16,026 -  [BaseBLDC] left target amplitude is 1.04050775687551
2023-07-05 21:24:16,134 -  [BaseBLDC] right stroke amp is -3.0702472251662036e-08
2023-07-05 21:24:16,135 -  [BaseBLDC] left stroke amp is -3.5197151514846775e-08
2023-07-05 21:24:16,137 -  [BaseBLDC] right target amplitude is 1.03531444154575
2023-07-05 21:24:16,138 -  [BaseBLDC] left target amplitude is 1.03531444154575
2023-07-05 21:24:16,246 -  [BaseBLDC] right stroke amp is -2.5213117188775635e-08
2023-07-05 21:24:16,247 -  [BaseBLDC] left stroke amp is -2.8866437064030177e-08
2023-07-05 21:24:16,250 -  [BaseBLDC] right target amplitude is 1.02864998143846
2023-07-05 21:24:16,250 -  [BaseBLDC] left target amplitude is 1.02864998143846
2023-07-05 21:24:16,357 -  [BaseBLDC] right stroke amp is -2.0410910020975118e-08
2023-07-05 21:24:16,357 -  [BaseBLDC] left stroke amp is -2.3354696657880864e-08
2023-07-05 21:24:16,360 -  [BaseBLDC] right target amplitude is 1.02052384651324
2023-07-05 21:24:16,360 -  [BaseBLDC] left target amplitude is 1.02052384651324
2023-07-05 21:24:16,467 -  [BaseBLDC] right stroke amp is -1.641749267057704e-08
2023-07-05 21:24:16,467 -  [BaseBLDC] left stroke amp is -1.8780233298432016e-08
2023-07-05 21:24:16,470 -  [BaseBLDC] right target amplitude is 1.01094758371736
2023-07-05 21:24:16,470 -  [BaseBLDC] left target amplitude is 1.01094758371736
2023-07-05 21:24:16,578 -  [BaseBLDC] right stroke amp is -1.3166764541657167e-08
2023-07-05 21:24:16,578 -  [BaseBLDC] left stroke amp is -1.5059737680452436e-08
2023-07-05 21:24:16,582 -  [BaseBLDC] right target amplitude is 0.999934800577948
2023-07-05 21:24:16,582 -  [BaseBLDC] left target amplitude is 0.999934800577948
2023-07-05 21:24:16,687 -  [BaseBLDC] right stroke amp is -1.0545506159262612e-08
2023-07-05 21:24:16,687 -  [BaseBLDC] left stroke amp is -1.2060864011736711e-08
2023-07-05 21:24:16,690 -  [BaseBLDC] right target amplitude is 0.987501145866170
2023-07-05 21:24:16,690 -  [BaseBLDC] left target amplitude is 0.987501145866170
2023-07-05 21:24:16,799 -  [BaseBLDC] right stroke amp is -8.440863797405158e-09
2023-07-05 21:24:16,799 -  [BaseBLDC] left stroke amp is -9.653480025498585e-09
2023-07-05 21:24:16,802 -  [BaseBLDC] right target amplitude is 0.973664287360898
2023-07-05 21:24:16,802 -  [BaseBLDC] left target amplitude is 0.973664287360898
2023-07-05 21:24:16,909 -  [BaseBLDC] right stroke amp is -6.754329065691012e-09
2023-07-05 21:24:16,909 -  [BaseBLDC] left stroke amp is -7.724525106383752e-09
2023-07-05 21:24:16,912 -  [BaseBLDC] right target amplitude is 0.958443886743414
2023-07-05 21:24:16,912 -  [BaseBLDC] left target amplitude is 0.958443886743414
2023-07-05 21:24:17,021 -  [BaseBLDC] right stroke amp is -7.195439776085347e-09
2023-07-05 21:24:17,021 -  [BaseBLDC] left stroke amp is -7.724525106383752e-09
2023-07-05 21:24:17,024 -  [BaseBLDC] right target amplitude is 0.941861571658857
2023-07-05 21:24:17,024 -  [BaseBLDC] left target amplitude is 0.941861571658857
2023-07-05 21:24:17,133 -  [BaseBLDC] right stroke amp is -7.932142918711463e-09
2023-07-05 21:24:17,133 -  [BaseBLDC] left stroke amp is -7.724525106383752e-09
2023-07-05 21:24:17,136 -  [BaseBLDC] right target amplitude is 0.923940904984112
2023-07-05 21:24:17,136 -  [BaseBLDC] left target amplitude is 0.923940904984112
