2023-07-05 21:57:47,452 -  [BaseWing] the length is 0.10559576566307186
2023-07-05 21:57:47,453 -  [BaseWing] the chord of root is 0.013679980005579979
2023-07-05 21:57:47,453 -  [BaseWing] the chord of tip is 0.009028786803682786
2023-07-05 21:57:47,453 -  [BaseWing] the length is 0.10559576566307186
2023-07-05 21:57:47,454 -  [BaseWing] the chord of root is 0.013679980005579979
2023-07-05 21:57:47,454 -  [BaseWing] the chord of tip is 0.009028786803682786
2023-07-05 21:57:47,605 -  [BaseBLDC] right target amplitude is 0
2023-07-05 21:57:47,605 -  [BaseBLDC] left target amplitude is 0
2023-07-05 21:57:47,709 -  [BaseBLDC] right stroke amp is -3.3038868168966635e-08
2023-07-05 21:57:47,710 -  [BaseBLDC] left stroke amp is -3.918072513695483e-08
2023-07-05 21:57:47,712 -  [BaseBLDC] right target amplitude is 0.0394678105132561
2023-07-05 21:57:47,713 -  [BaseBLDC] left target amplitude is -0.0394678105132561
2023-07-05 21:57:47,821 -  [BaseBLDC] right stroke amp is 0.00394679480438067
2023-07-05 21:57:47,821 -  [BaseBLDC] left stroke amp is -0.003946761934294676
2023-07-05 21:57:47,825 -  [BaseBLDC] right target amplitude is 0.0788795386806738
2023-07-05 21:57:47,825 -  [BaseBLDC] left target amplitude is -0.0788795386806738
2023-07-05 21:57:47,932 -  [BaseBLDC] right stroke amp is 0.011440129269066367
2023-07-05 21:57:47,932 -  [BaseBLDC] left stroke amp is -0.011439964485150868
2023-07-05 21:57:47,935 -  [BaseBLDC] right target amplitude is 0.118179181847414
2023-07-05 21:57:47,935 -  [BaseBLDC] left target amplitude is -0.118179181847414
2023-07-05 21:57:48,042 -  [BaseBLDC] right stroke amp is 0.022114088550308733
2023-07-05 21:57:48,042 -  [BaseBLDC] left stroke amp is -0.022113818665220122
2023-07-05 21:57:48,045 -  [BaseBLDC] right target amplitude is 0.157310896627400
2023-07-05 21:57:48,045 -  [BaseBLDC] left target amplitude is -0.157310896627400
2023-07-05 21:57:48,153 -  [BaseBLDC] right stroke amp is 0.03563381809774192
2023-07-05 21:57:48,153 -  [BaseBLDC] left stroke amp is -0.03563346550643935
2023-07-05 21:57:48,156 -  [BaseBLDC] right target amplitude is 0.196219078254759
2023-07-05 21:57:48,156 -  [BaseBLDC] left target amplitude is -0.196219078254759
2023-07-05 21:57:48,264 -  [BaseBLDC] right stroke amp is 0.05169238837942078
2023-07-05 21:57:48,264 -  [BaseBLDC] left stroke amp is -0.05169197140967788
2023-07-05 21:57:48,267 -  [BaseBLDC] right target amplitude is 0.234848439596204
2023-07-05 21:57:48,267 -  [BaseBLDC] left target amplitude is -0.234848439596204
2023-07-05 21:57:48,375 -  [BaseBLDC] right stroke amp is 0.07000805570495897
2023-07-05 21:57:48,375 -  [BaseBLDC] left stroke amp is -0.07000754039148785
2023-07-05 21:57:48,378 -  [BaseBLDC] right target amplitude is 0.273144089712063
2023-07-05 21:57:48,378 -  [BaseBLDC] left target amplitude is -0.273144089712063
2023-07-05 21:57:48,487 -  [BaseBLDC] right stroke amp is 0.09032171652555082
2023-07-05 21:57:48,487 -  [BaseBLDC] left stroke amp is -0.09032112343807173
2023-07-05 21:57:48,490 -  [BaseBLDC] right target amplitude is 0.311051611854332
2023-07-05 21:57:48,490 -  [BaseBLDC] left target amplitude is -0.311051611854332
2023-07-05 21:57:48,598 -  [BaseBLDC] right stroke amp is 0.11239468993835477
2023-07-05 21:57:48,599 -  [BaseBLDC] left stroke amp is -0.1123941722796978
2023-07-05 21:57:48,601 -  [BaseBLDC] right target amplitude is 0.348517140790926
2023-07-05 21:57:48,601 -  [BaseBLDC] left target amplitude is -0.348517140790926
2023-07-05 21:57:48,709 -  [BaseBLDC] right stroke amp is 0.13600691674423823
2023-07-05 21:57:48,709 -  [BaseBLDC] left stroke amp is -0.13600646913082065
2023-07-05 21:57:48,712 -  [BaseBLDC] right target amplitude is 0.385487439346237
2023-07-05 21:57:48,712 -  [BaseBLDC] left target amplitude is -0.385487439346237
2023-07-05 21:57:48,820 -  [BaseBLDC] right stroke amp is 0.1609549531398949
2023-07-05 21:57:48,820 -  [BaseBLDC] left stroke amp is -0.1609545661523623
2023-07-05 21:57:48,823 -  [BaseBLDC] right target amplitude is 0.421909974049254
2023-07-05 21:57:48,823 -  [BaseBLDC] left target amplitude is -0.421909974049254
2023-07-05 21:57:48,931 -  [BaseBLDC] right stroke amp is 0.18705043452564793
2023-07-05 21:57:48,931 -  [BaseBLDC] left stroke amp is -0.18705010694205151
2023-07-05 21:57:48,934 -  [BaseBLDC] right target amplitude is 0.457732989781741
2023-07-05 21:57:48,934 -  [BaseBLDC] left target amplitude is -0.457732989781741
2023-07-05 21:57:49,042 -  [BaseBLDC] right stroke amp is 0.2141186724936996
2023-07-05 21:57:49,043 -  [BaseBLDC] left stroke amp is -0.21411839522602052
2023-07-05 21:57:49,045 -  [BaseBLDC] right target amplitude is 0.492905583320407
2023-07-05 21:57:49,045 -  [BaseBLDC] left target amplitude is -0.492905583320407
2023-07-05 21:57:49,154 -  [BaseBLDC] right stroke amp is 0.2419973413484563
2023-07-05 21:57:49,154 -  [BaseBLDC] left stroke amp is -0.24199711403545912
2023-07-05 21:57:49,157 -  [BaseBLDC] right target amplitude is 0.527377775668558
2023-07-05 21:57:49,157 -  [BaseBLDC] left target amplitude is -0.527377775668558
2023-07-05 21:57:49,262 -  [BaseBLDC] right stroke amp is 0.2705353666875904
2023-07-05 21:57:49,262 -  [BaseBLDC] left stroke amp is -0.270535180198769
2023-07-05 21:57:49,265 -  [BaseBLDC] right target amplitude is 0.561100583074469
2023-07-05 21:57:49,265 -  [BaseBLDC] left target amplitude is -0.561100583074469
2023-07-05 21:57:49,373 -  [BaseBLDC] right stroke amp is 0.2995918667036941
2023-07-05 21:57:49,373 -  [BaseBLDC] left stroke amp is -0.299591720486339
2023-07-05 21:57:49,376 -  [BaseBLDC] right target amplitude is 0.594026086635535
2023-07-05 21:57:49,376 -  [BaseBLDC] left target amplitude is -0.594026086635535
2023-07-05 21:57:49,483 -  [BaseBLDC] right stroke amp is 0.3290352725485784
2023-07-05 21:57:49,483 -  [BaseBLDC] left stroke amp is -0.32903515710125864
2023-07-05 21:57:49,486 -  [BaseBLDC] right target amplitude is 0.626107500389324
2023-07-05 21:57:49,486 -  [BaseBLDC] left target amplitude is -0.626107500389324
2023-07-05 21:57:49,595 -  [BaseBLDC] right stroke amp is 0.35874247859392
2023-07-05 21:57:49,595 -  [BaseBLDC] left stroke amp is -0.35874239143006514
2023-07-05 21:57:49,598 -  [BaseBLDC] right target amplitude is 0.657299237794749
2023-07-05 21:57:49,598 -  [BaseBLDC] left target amplitude is -0.657299237794749
2023-07-05 21:57:49,707 -  [BaseBLDC] right stroke amp is 0.388598132735289
2023-07-05 21:57:49,708 -  [BaseBLDC] left stroke amp is -0.38859807606653357
2023-07-05 21:57:49,710 -  [BaseBLDC] right target amplitude is 0.687556976508922
2023-07-05 21:57:49,710 -  [BaseBLDC] left target amplitude is -0.687556976508922
2023-07-05 21:57:49,818 -  [BaseBLDC] right stroke amp is 0.41849399621064604
2023-07-05 21:57:49,818 -  [BaseBLDC] left stroke amp is -0.41849396611077244
2023-07-05 21:57:49,821 -  [BaseBLDC] right target amplitude is 0.716837721367612
2023-07-05 21:57:49,821 -  [BaseBLDC] left target amplitude is -0.716837721367612
2023-07-05 21:57:49,929 -  [BaseBLDC] right stroke amp is 0.44832838932851926
2023-07-05 21:57:49,929 -  [BaseBLDC] left stroke amp is -0.4483283416364564
2023-07-05 21:57:49,932 -  [BaseBLDC] right target amplitude is 0.745099865479846
2023-07-05 21:57:49,932 -  [BaseBLDC] left target amplitude is -0.745099865479846
2023-07-05 21:57:50,041 -  [BaseBLDC] right stroke amp is 0.478005478210691
2023-07-05 21:57:50,041 -  [BaseBLDC] left stroke amp is -0.47800556761251345
2023-07-05 21:57:50,077 -  [BaseBLDC] right target amplitude is 0.772303249349808
2023-07-05 21:57:50,077 -  [BaseBLDC] left target amplitude is -0.772303249349808
