2023-07-05 21:36:55,460 -  [BaseWing] the length is 0.10559576566307186
2023-07-05 21:36:55,460 -  [BaseWing] the chord of root is 0.013679980005579979
2023-07-05 21:36:55,460 -  [BaseWing] the chord of tip is 0.009028786803682786
2023-07-05 21:36:55,460 -  [BaseWing] the length is 0.10559576566307186
2023-07-05 21:36:55,461 -  [BaseWing] the chord of root is 0.013679980005579979
2023-07-05 21:36:55,461 -  [BaseWing] the chord of tip is 0.009028786803682786
2023-07-05 21:36:55,640 -  [BaseBLDC] right target amplitude is 1.04719755119660
2023-07-05 21:36:55,641 -  [BaseBLDC] left target amplitude is 1.04719755119660
2023-07-05 21:36:55,745 -  [BaseBLDC] right stroke amp is 1.0472037557252203
2023-07-05 21:36:55,745 -  [BaseBLDC] left stroke amp is 1.0471975511965976
2023-07-05 21:36:55,748 -  [BaseBLDC] right target amplitude is 1.04645353607079
2023-07-05 21:36:55,749 -  [BaseBLDC] left target amplitude is 1.04645353607079
2023-07-05 21:36:55,856 -  [BaseBLDC] right stroke amp is 2.1517130418815356
2023-07-05 21:36:55,856 -  [BaseBLDC] left stroke amp is 2.151699280295462
2023-07-05 21:36:55,859 -  [BaseBLDC] right target amplitude is 1.04422254791229
2023-07-05 21:36:55,859 -  [BaseBLDC] left target amplitude is 1.04422254791229
2023-07-05 21:36:55,967 -  [BaseBLDC] right stroke amp is 2.092356256657956
2023-07-05 21:36:55,967 -  [BaseBLDC] left stroke amp is 2.092360744491466
2023-07-05 21:36:55,970 -  [BaseBLDC] right target amplitude is 1.04050775687551
2023-07-05 21:36:55,970 -  [BaseBLDC] left target amplitude is 1.04050775687551
2023-07-05 21:36:56,078 -  [BaseBLDC] right stroke amp is 0.9841068543704834
2023-07-05 21:36:56,078 -  [BaseBLDC] left stroke amp is 0.9841328652727157
2023-07-05 21:36:56,081 -  [BaseBLDC] right target amplitude is 1.03531444154575
2023-07-05 21:36:56,081 -  [BaseBLDC] left target amplitude is 1.03531444154575
2023-07-05 21:36:56,190 -  [BaseBLDC] right stroke amp is -0.01867019388032154
2023-07-05 21:36:56,190 -  [BaseBLDC] left stroke amp is -0.018648388668542015
2023-07-05 21:36:56,193 -  [BaseBLDC] right target amplitude is 1.02864998143846
2023-07-05 21:36:56,193 -  [BaseBLDC] left target amplitude is 1.02864998143846
2023-07-05 21:36:56,301 -  [BaseBLDC] right stroke amp is 0.07588728824540572
2023-07-05 21:36:56,301 -  [BaseBLDC] left stroke amp is 0.07588199188417462
2023-07-05 21:36:56,304 -  [BaseBLDC] right target amplitude is 1.02052384651324
2023-07-05 21:36:56,304 -  [BaseBLDC] left target amplitude is 1.02052384651324
2023-07-05 21:36:56,412 -  [BaseBLDC] right stroke amp is 1.3872248227137345
2023-07-05 21:36:56,412 -  [BaseBLDC] left stroke amp is 1.3877319926071139
2023-07-05 21:36:56,415 -  [BaseBLDC] right target amplitude is 1.01094758371736
2023-07-05 21:36:56,415 -  [BaseBLDC] left target amplitude is 1.01094758371736
2023-07-05 21:36:56,523 -  [BaseBLDC] right stroke amp is 2.2562118727089
2023-07-05 21:36:56,523 -  [BaseBLDC] left stroke amp is 2.2567103545320712
2023-07-05 21:36:56,526 -  [BaseBLDC] right target amplitude is 0.999934800577948
2023-07-05 21:36:56,527 -  [BaseBLDC] left target amplitude is 0.999934800577948
2023-07-05 21:36:56,633 -  [BaseBLDC] right stroke amp is 1.8252417712710138
2023-07-05 21:36:56,633 -  [BaseBLDC] left stroke amp is 1.82524697261647
2023-07-05 21:36:56,636 -  [BaseBLDC] right target amplitude is 0.987501145866170
2023-07-05 21:36:56,636 -  [BaseBLDC] left target amplitude is 0.987501145866170
2023-07-05 21:36:56,745 -  [BaseBLDC] right stroke amp is 0.5780186767087161
2023-07-05 21:36:56,745 -  [BaseBLDC] left stroke amp is 0.5775576856713582
2023-07-05 21:36:56,748 -  [BaseBLDC] right target amplitude is 0.973664287360898
2023-07-05 21:36:56,748 -  [BaseBLDC] left target amplitude is 0.973664287360898
2023-07-05 21:36:56,855 -  [BaseBLDC] right stroke amp is -0.21165154208737802
2023-07-05 21:36:56,855 -  [BaseBLDC] left stroke amp is -0.2120853329646306
2023-07-05 21:36:56,858 -  [BaseBLDC] right target amplitude is 0.958443886743414
2023-07-05 21:36:56,858 -  [BaseBLDC] left target amplitude is 0.958443886743414
2023-07-05 21:36:56,965 -  [BaseBLDC] right stroke amp is 0.20840073532073844
2023-07-05 21:36:56,966 -  [BaseBLDC] left stroke amp is 0.20841935530400085
2023-07-05 21:36:56,968 -  [BaseBLDC] right target amplitude is 0.941861571658857
2023-07-05 21:36:56,968 -  [BaseBLDC] left target amplitude is 0.941861571658857
2023-07-05 21:36:57,076 -  [BaseBLDC] right stroke amp is 1.6066234463397007
2023-07-05 21:36:57,077 -  [BaseBLDC] left stroke amp is 1.6193173080363774
2023-07-05 21:36:57,079 -  [BaseBLDC] right target amplitude is 0.923940904984112
2023-07-05 21:36:57,080 -  [BaseBLDC] left target amplitude is 0.923940904984112
2023-07-05 21:36:57,187 -  [BaseBLDC] right stroke amp is 2.2504673672444686
2023-07-05 21:36:57,188 -  [BaseBLDC] left stroke amp is 2.2625366313328494
2023-07-05 21:36:57,190 -  [BaseBLDC] right target amplitude is 0.904707351345790
2023-07-05 21:36:57,191 -  [BaseBLDC] left target amplitude is 0.904707351345790
2023-07-05 21:36:57,298 -  [BaseBLDC] right stroke amp is 1.5638835551802361
2023-07-05 21:36:57,298 -  [BaseBLDC] left stroke amp is 1.5496713154155417
2023-07-05 21:36:57,301 -  [BaseBLDC] right target amplitude is 0.884188240935905
2023-07-05 21:36:57,301 -  [BaseBLDC] left target amplitude is 0.884188240935905
2023-07-05 21:36:57,408 -  [BaseBLDC] right stroke amp is -0.4901474557262291
2023-07-05 21:36:57,409 -  [BaseBLDC] left stroke amp is -0.30451974679222027
2023-07-05 21:36:57,411 -  [BaseBLDC] right target amplitude is 0.862412730676639
2023-07-05 21:36:57,412 -  [BaseBLDC] left target amplitude is 0.862412730676639
2023-07-05 21:36:57,519 -  [BaseBLDC] right stroke amp is -1.0864370728573354
2023-07-05 21:36:57,519 -  [BaseBLDC] left stroke amp is -0.8974872139491973
2023-07-05 21:36:57,522 -  [BaseBLDC] right target amplitude is 0.839411762789393
2023-07-05 21:36:57,522 -  [BaseBLDC] left target amplitude is 0.839411762789393
2023-07-05 21:36:57,627 -  [BaseBLDC] right stroke amp is 0.28048393497852997
2023-07-05 21:36:57,628 -  [BaseBLDC] left stroke amp is 0.5153336361818023
2023-07-05 21:36:57,630 -  [BaseBLDC] right target amplitude is 0.815218020826987
2023-07-05 21:36:57,630 -  [BaseBLDC] left target amplitude is 0.815218020826987
2023-07-05 21:36:57,737 -  [BaseBLDC] right stroke amp is 1.2152606162546944
2023-07-05 21:36:57,737 -  [BaseBLDC] left stroke amp is 1.867270489300656
2023-07-05 21:36:57,740 -  [BaseBLDC] right target amplitude is 0.789865883231501
2023-07-05 21:36:57,740 -  [BaseBLDC] left target amplitude is 0.789865883231501
2023-07-05 21:36:57,847 -  [BaseBLDC] right stroke amp is 1.6801264355834304
2023-07-05 21:36:57,847 -  [BaseBLDC] left stroke amp is 2.07444910035173
2023-07-05 21:36:57,850 -  [BaseBLDC] right target amplitude is 0.763391374483726
2023-07-05 21:36:57,850 -  [BaseBLDC] left target amplitude is 0.763391374483726
2023-07-05 21:36:57,956 -  [BaseBLDC] right stroke amp is 1.2134252169484392
2023-07-05 21:36:57,956 -  [BaseBLDC] left stroke amp is 0.9176868028567637
2023-07-05 21:36:57,959 -  [BaseBLDC] right target amplitude is 0.735832113913662
2023-07-05 21:36:57,959 -  [BaseBLDC] left target amplitude is 0.735832113913662
2023-07-05 21:36:58,065 -  [BaseBLDC] right stroke amp is 0.4197932659068859
2023-07-05 21:36:58,065 -  [BaseBLDC] left stroke amp is -0.36226446164823645
2023-07-05 21:36:58,068 -  [BaseBLDC] right target amplitude is 0.707227262244792
2023-07-05 21:36:58,068 -  [BaseBLDC] left target amplitude is 0.707227262244792
2023-07-05 21:36:58,175 -  [BaseBLDC] right stroke amp is 0.04613769678518137
2023-07-05 21:36:58,175 -  [BaseBLDC] left stroke amp is -0.5062912370002852
2023-07-05 21:36:58,178 -  [BaseBLDC] right target amplitude is 0.677617465948086
2023-07-05 21:36:58,178 -  [BaseBLDC] left target amplitude is 0.677617465948086
2023-07-05 21:36:58,287 -  [BaseBLDC] right stroke amp is 0.32182435997322306
2023-07-05 21:36:58,287 -  [BaseBLDC] left stroke amp is 0.8443463606148389
2023-07-05 21:36:58,290 -  [BaseBLDC] right target amplitude is 0.647044799484823
2023-07-05 21:36:58,290 -  [BaseBLDC] left target amplitude is 0.647044799484823
2023-07-05 21:36:58,398 -  [BaseBLDC] right stroke amp is 0.9109332595464017
2023-07-05 21:36:58,398 -  [BaseBLDC] left stroke amp is 1.9291853382363247
2023-07-05 21:36:58,401 -  [BaseBLDC] right target amplitude is 0.615552705520273
2023-07-05 21:36:58,401 -  [BaseBLDC] left target amplitude is 0.615552705520273
2023-07-05 21:36:58,509 -  [BaseBLDC] right stroke amp is 1.1765554987447353
2023-07-05 21:36:58,509 -  [BaseBLDC] left stroke amp is 1.64578246111199
2023-07-05 21:36:58,512 -  [BaseBLDC] right target amplitude is 0.583185933193230
2023-07-05 21:36:58,512 -  [BaseBLDC] left target amplitude is 0.583185933193230
2023-07-05 21:36:58,621 -  [BaseBLDC] right stroke amp is 0.8367496575862756
2023-07-05 21:36:58,621 -  [BaseBLDC] left stroke amp is 0.31391008633541095
2023-07-05 21:36:58,623 -  [BaseBLDC] right target amplitude is 0.549990474529080
2023-07-05 21:36:58,624 -  [BaseBLDC] left target amplitude is 0.549990474529080
