2023-07-05 21:58:58,877 -  [BaseWing] the length is 0.10559576566307186
2023-07-05 21:58:58,877 -  [BaseWing] the chord of root is 0.013679980005579979
2023-07-05 21:58:58,878 -  [BaseWing] the chord of tip is 0.009028786803682786
2023-07-05 21:58:58,878 -  [BaseWing] the length is 0.10559576566307186
2023-07-05 21:58:58,878 -  [BaseWing] the chord of root is 0.013679980005579979
2023-07-05 21:58:58,878 -  [BaseWing] the chord of tip is 0.009028786803682786
2023-07-05 21:58:59,063 -  [BaseBLDC] right target amplitude is 0
2023-07-05 21:58:59,063 -  [BaseBLDC] left target amplitude is 0
2023-07-05 21:58:59,178 -  [BaseBLDC] right stroke amp is -3.3038868168966635e-08
2023-07-05 21:58:59,178 -  [BaseBLDC] left stroke amp is -3.918072513695483e-08
2023-07-05 21:58:59,181 -  [BaseBLDC] right target amplitude is 0.0394678105132561
2023-07-05 21:58:59,181 -  [BaseBLDC] left target amplitude is -0.0394678105132561
2023-07-05 21:58:59,288 -  [BaseBLDC] right stroke amp is 0.00394679480438067
2023-07-05 21:58:59,288 -  [BaseBLDC] left stroke amp is -0.003946761934294676
2023-07-05 21:58:59,291 -  [BaseBLDC] right target amplitude is 0.0788795386806738
2023-07-05 21:58:59,291 -  [BaseBLDC] left target amplitude is -0.0788795386806738
2023-07-05 21:58:59,400 -  [BaseBLDC] right stroke amp is 0.011440129269066367
2023-07-05 21:58:59,401 -  [BaseBLDC] left stroke amp is -0.011439964485150868
2023-07-05 21:58:59,403 -  [BaseBLDC] right target amplitude is 0.118179181847414
2023-07-05 21:58:59,403 -  [BaseBLDC] left target amplitude is -0.118179181847414
2023-07-05 21:58:59,511 -  [BaseBLDC] right stroke amp is 0.022114088550308733
2023-07-05 21:58:59,511 -  [BaseBLDC] left stroke amp is -0.022113818665220122
2023-07-05 21:58:59,514 -  [BaseBLDC] right target amplitude is 0.157310896627400
2023-07-05 21:58:59,514 -  [BaseBLDC] left target amplitude is -0.157310896627400
2023-07-05 21:58:59,621 -  [BaseBLDC] right stroke amp is 0.03563381809774192
2023-07-05 21:58:59,621 -  [BaseBLDC] left stroke amp is -0.03563346550643935
2023-07-05 21:58:59,624 -  [BaseBLDC] right target amplitude is 0.196219078254759
2023-07-05 21:58:59,624 -  [BaseBLDC] left target amplitude is -0.196219078254759
2023-07-05 21:58:59,733 -  [BaseBLDC] right stroke amp is 0.05169238837942078
2023-07-05 21:58:59,733 -  [BaseBLDC] left stroke amp is -0.05169197140967788
2023-07-05 21:58:59,736 -  [BaseBLDC] right target amplitude is 0.234848439596204
2023-07-05 21:58:59,736 -  [BaseBLDC] left target amplitude is -0.234848439596204
2023-07-05 21:58:59,844 -  [BaseBLDC] right stroke amp is 0.07000805570495897
2023-07-05 21:58:59,844 -  [BaseBLDC] left stroke amp is -0.07000754039148785
2023-07-05 21:58:59,847 -  [BaseBLDC] right target amplitude is 0.273144089712063
2023-07-05 21:58:59,847 -  [BaseBLDC] left target amplitude is -0.273144089712063
2023-07-05 21:58:59,955 -  [BaseBLDC] right stroke amp is 0.09032171652555082
2023-07-05 21:58:59,955 -  [BaseBLDC] left stroke amp is -0.09032112343807173
2023-07-05 21:58:59,958 -  [BaseBLDC] right target amplitude is 0.311051611854332
2023-07-05 21:58:59,958 -  [BaseBLDC] left target amplitude is -0.311051611854332
2023-07-05 21:59:00,067 -  [BaseBLDC] right stroke amp is 0.11239468993835477
2023-07-05 21:59:00,067 -  [BaseBLDC] left stroke amp is -0.1123941722796978
2023-07-05 21:59:00,070 -  [BaseBLDC] right target amplitude is 0.348517140790926
2023-07-05 21:59:00,070 -  [BaseBLDC] left target amplitude is -0.348517140790926
2023-07-05 21:59:00,178 -  [BaseBLDC] right stroke amp is 0.13600691674423823
2023-07-05 21:59:00,178 -  [BaseBLDC] left stroke amp is -0.13600646913082065
2023-07-05 21:59:00,181 -  [BaseBLDC] right target amplitude is 0.385487439346237
2023-07-05 21:59:00,181 -  [BaseBLDC] left target amplitude is -0.385487439346237
2023-07-05 21:59:00,289 -  [BaseBLDC] right stroke amp is 0.1609549531398949
2023-07-05 21:59:00,289 -  [BaseBLDC] left stroke amp is -0.1609545661523623
2023-07-05 21:59:00,292 -  [BaseBLDC] right target amplitude is 0.421909974049254
2023-07-05 21:59:00,293 -  [BaseBLDC] left target amplitude is -0.421909974049254
2023-07-05 21:59:00,400 -  [BaseBLDC] right stroke amp is 0.18705043452564793
2023-07-05 21:59:00,400 -  [BaseBLDC] left stroke amp is -0.18705010694205151
2023-07-05 21:59:00,403 -  [BaseBLDC] right target amplitude is 0.457732989781741
2023-07-05 21:59:00,403 -  [BaseBLDC] left target amplitude is -0.457732989781741
2023-07-05 21:59:00,510 -  [BaseBLDC] right stroke amp is 0.2141186724936996
2023-07-05 21:59:00,510 -  [BaseBLDC] left stroke amp is -0.21411839522602052
2023-07-05 21:59:00,513 -  [BaseBLDC] right target amplitude is 0.492905583320407
2023-07-05 21:59:00,513 -  [BaseBLDC] left target amplitude is -0.492905583320407
2023-07-05 21:59:00,621 -  [BaseBLDC] right stroke amp is 0.2419973413484563
2023-07-05 21:59:00,621 -  [BaseBLDC] left stroke amp is -0.24199711403545912
2023-07-05 21:59:00,624 -  [BaseBLDC] right target amplitude is 0.527377775668558
2023-07-05 21:59:00,624 -  [BaseBLDC] left target amplitude is -0.527377775668558
2023-07-05 21:59:00,732 -  [BaseBLDC] right stroke amp is 0.2705353666875904
2023-07-05 21:59:00,732 -  [BaseBLDC] left stroke amp is -0.270535180198769
2023-07-05 21:59:00,735 -  [BaseBLDC] right target amplitude is 0.561100583074469
2023-07-05 21:59:00,735 -  [BaseBLDC] left target amplitude is -0.561100583074469
2023-07-05 21:59:00,844 -  [BaseBLDC] right stroke amp is 0.2995918667036941
2023-07-05 21:59:00,844 -  [BaseBLDC] left stroke amp is -0.299591720486339
2023-07-05 21:59:00,847 -  [BaseBLDC] right target amplitude is 0.594026086635535
2023-07-05 21:59:00,847 -  [BaseBLDC] left target amplitude is -0.594026086635535
2023-07-05 21:59:00,955 -  [BaseBLDC] right stroke amp is 0.3290352725485784
2023-07-05 21:59:00,955 -  [BaseBLDC] left stroke amp is -0.32903515710125864
2023-07-05 21:59:00,958 -  [BaseBLDC] right target amplitude is 0.626107500389324
2023-07-05 21:59:00,958 -  [BaseBLDC] left target amplitude is -0.626107500389324
2023-07-05 21:59:01,066 -  [BaseBLDC] right stroke amp is 0.35874247859392
2023-07-05 21:59:01,066 -  [BaseBLDC] left stroke amp is -0.35874239143006514
2023-07-05 21:59:01,069 -  [BaseBLDC] right target amplitude is 0.657299237794749
2023-07-05 21:59:01,069 -  [BaseBLDC] left target amplitude is -0.657299237794749
2023-07-05 21:59:01,178 -  [BaseBLDC] right stroke amp is 0.388598132735289
2023-07-05 21:59:01,178 -  [BaseBLDC] left stroke amp is -0.38859807606653357
2023-07-05 21:59:01,181 -  [BaseBLDC] right target amplitude is 0.687556976508922
2023-07-05 21:59:01,181 -  [BaseBLDC] left target amplitude is -0.687556976508922
2023-07-05 21:59:01,290 -  [BaseBLDC] right stroke amp is 0.41849399621064604
2023-07-05 21:59:01,290 -  [BaseBLDC] left stroke amp is -0.41849396611077244
2023-07-05 21:59:01,293 -  [BaseBLDC] right target amplitude is 0.716837721367612
2023-07-05 21:59:01,293 -  [BaseBLDC] left target amplitude is -0.716837721367612
2023-07-05 21:59:01,401 -  [BaseBLDC] right stroke amp is 0.44832838932851926
2023-07-05 21:59:01,401 -  [BaseBLDC] left stroke amp is -0.4483283416364564
2023-07-05 21:59:01,404 -  [BaseBLDC] right target amplitude is 0.745099865479846
2023-07-05 21:59:01,405 -  [BaseBLDC] left target amplitude is -0.745099865479846
2023-07-05 21:59:01,512 -  [BaseBLDC] right stroke amp is 0.478005478210691
2023-07-05 21:59:01,512 -  [BaseBLDC] left stroke amp is -0.47800556761251345
2023-07-05 21:59:01,549 -  [BaseBLDC] right target amplitude is 0.772303249349808
2023-07-05 21:59:01,549 -  [BaseBLDC] left target amplitude is -0.772303249349808
2023-07-05 21:59:01,655 -  [BaseBLDC] right stroke amp is 0.5074351949510265
2023-07-05 21:59:01,655 -  [BaseBLDC] left stroke amp is -0.5074354114362772
2023-07-05 21:59:01,658 -  [BaseBLDC] right target amplitude is 0.798409217942060
2023-07-05 21:59:01,658 -  [BaseBLDC] left target amplitude is -0.798409217942060
2023-07-05 21:59:01,767 -  [BaseBLDC] right stroke amp is 0.5365325441950931
2023-07-05 21:59:01,767 -  [BaseBLDC] left stroke amp is -0.5365328585686342
2023-07-05 21:59:01,770 -  [BaseBLDC] right target amplitude is 0.823380675608962
2023-07-05 21:59:01,770 -  [BaseBLDC] left target amplitude is -0.823380675608962
2023-07-05 21:59:01,878 -  [BaseBLDC] right stroke amp is 0.56521731426713
2023-07-05 21:59:01,878 -  [BaseBLDC] left stroke amp is -0.5652176942430861
2023-07-05 21:59:01,881 -  [BaseBLDC] right target amplitude is 0.847182138802268
2023-07-05 21:59:01,881 -  [BaseBLDC] left target amplitude is -0.847182138802268
2023-07-05 21:59:01,989 -  [BaseBLDC] right stroke amp is 0.593413745787343
2023-07-05 21:59:01,989 -  [BaseBLDC] left stroke amp is -0.5934142025249951
2023-07-05 21:59:01,992 -  [BaseBLDC] right target amplitude is 0.869779786493985
2023-07-05 21:59:01,992 -  [BaseBLDC] left target amplitude is -0.869779786493985
2023-07-05 21:59:02,100 -  [BaseBLDC] right stroke amp is 0.6210502915263341
2023-07-05 21:59:02,100 -  [BaseBLDC] left stroke amp is -0.6210508340197148
2023-07-05 21:59:02,103 -  [BaseBLDC] right target amplitude is 0.891141508234850
2023-07-05 21:59:02,104 -  [BaseBLDC] left target amplitude is -0.891141508234850
2023-07-05 21:59:02,211 -  [BaseBLDC] right stroke amp is 0.6480593705004021
2023-07-05 21:59:02,211 -  [BaseBLDC] left stroke amp is -0.6480599549462578
2023-07-05 21:59:02,214 -  [BaseBLDC] right target amplitude is 0.911236949782139
2023-07-05 21:59:02,214 -  [BaseBLDC] left target amplitude is -0.911236949782139
2023-07-05 21:59:02,323 -  [BaseBLDC] right stroke amp is 0.6743770815096531
2023-07-05 21:59:02,323 -  [BaseBLDC] left stroke amp is -0.674377713224979
2023-07-05 21:59:02,326 -  [BaseBLDC] right target amplitude is 0.930037556231960
2023-07-05 21:59:02,327 -  [BaseBLDC] left target amplitude is -0.930037556231960
2023-07-05 21:59:02,432 -  [BaseBLDC] right stroke amp is 0.6999430781375315
2023-07-05 21:59:02,432 -  [BaseBLDC] left stroke amp is -0.699943761238041
2023-07-05 21:59:02,435 -  [BaseBLDC] right target amplitude is 0.947516612594763
2023-07-05 21:59:02,435 -  [BaseBLDC] left target amplitude is -0.947516612594763
2023-07-05 21:59:02,543 -  [BaseBLDC] right stroke amp is 0.7247003771176389
2023-07-05 21:59:02,544 -  [BaseBLDC] left stroke amp is -0.724701114620812
2023-07-05 21:59:02,546 -  [BaseBLDC] right target amplitude is 0.963649281756389
2023-07-05 21:59:02,546 -  [BaseBLDC] left target amplitude is -0.963649281756389
2023-07-05 21:59:02,654 -  [BaseBLDC] right stroke amp is 0.7485952098007411
2023-07-05 21:59:02,654 -  [BaseBLDC] left stroke amp is -0.7485960037310245
2023-07-05 21:59:02,657 -  [BaseBLDC] right target amplitude is 0.978412639770728
2023-07-05 21:59:02,657 -  [BaseBLDC] left target amplitude is -0.978412639770728
2023-07-05 21:59:02,766 -  [BaseBLDC] right stroke amp is 0.7715768920093
2023-07-05 21:59:02,767 -  [BaseBLDC] left stroke amp is -0.7715777434940922
2023-07-05 21:59:02,769 -  [BaseBLDC] right target amplitude is 0.991785708433832
2023-07-05 21:59:02,769 -  [BaseBLDC] left target amplitude is -0.991785708433832
2023-07-05 21:59:02,877 -  [BaseBLDC] right stroke amp is 0.7935977321769142
2023-07-05 21:59:02,877 -  [BaseBLDC] left stroke amp is -0.7935985919449798
2023-07-05 21:59:02,880 -  [BaseBLDC] right target amplitude is 1.00374948509320
2023-07-05 21:59:02,880 -  [BaseBLDC] left target amplitude is -1.00374948509320
2023-07-05 21:59:02,988 -  [BaseBLDC] right stroke amp is 0.8146128644480544
2023-07-05 21:59:02,988 -  [BaseBLDC] left stroke amp is -0.8146137351468529
2023-07-05 21:59:02,991 -  [BaseBLDC] right target amplitude is 1.01428696964987
2023-07-05 21:59:02,991 -  [BaseBLDC] left target amplitude is -1.01428696964987
2023-07-05 21:59:03,100 -  [BaseBLDC] right stroke amp is 0.8345802305883876
2023-07-05 21:59:03,100 -  [BaseBLDC] left stroke amp is -0.8345811141797734
2023-07-05 21:59:03,103 -  [BaseBLDC] right target amplitude is 1.02338318871496
2023-07-05 21:59:03,103 -  [BaseBLDC] left target amplitude is -1.02338318871496
2023-07-05 21:59:03,212 -  [BaseBLDC] right stroke amp is 0.8534604808341465
2023-07-05 21:59:03,212 -  [BaseBLDC] left stroke amp is -0.853461378694697
2023-07-05 21:59:03,215 -  [BaseBLDC] right target amplitude is 1.03102521688633
2023-07-05 21:59:03,215 -  [BaseBLDC] left target amplitude is -1.03102521688633
2023-07-05 21:59:03,321 -  [BaseBLDC] right stroke amp is 0.8712169078274047
2023-07-05 21:59:03,321 -  [BaseBLDC] left stroke amp is -0.871217820875724
2023-07-05 21:59:03,324 -  [BaseBLDC] right target amplitude is 1.03720219511510
2023-07-05 21:59:03,324 -  [BaseBLDC] left target amplitude is -1.03720219511510
2023-07-05 21:59:03,433 -  [BaseBLDC] right stroke amp is 0.88781538899473
2023-07-05 21:59:03,434 -  [BaseBLDC] left stroke amp is -0.8878163178425064
2023-07-05 21:59:03,436 -  [BaseBLDC] right target amplitude is 1.04190534613600
2023-07-05 21:59:03,437 -  [BaseBLDC] left target amplitude is -1.04190534613600
2023-07-05 21:59:03,541 -  [BaseBLDC] right stroke amp is 0.9032243362274108
2023-07-05 21:59:03,541 -  [BaseBLDC] left stroke amp is -0.9032252813599799
2023-07-05 21:59:03,544 -  [BaseBLDC] right target amplitude is 1.04512798693952
2023-07-05 21:59:03,544 -  [BaseBLDC] left target amplitude is -1.04512798693952
2023-07-05 21:59:03,652 -  [BaseBLDC] right stroke amp is 0.9174146518386643
2023-07-05 21:59:03,652 -  [BaseBLDC] left stroke amp is -0.9174156138271372
2023-07-05 21:59:03,655 -  [BaseBLDC] right target amplitude is 1.04686553826828
2023-07-05 21:59:03,655 -  [BaseBLDC] left target amplitude is -1.04686553826828
2023-07-05 21:59:03,762 -  [BaseBLDC] right stroke amp is 0.9303596898756157
2023-07-05 21:59:03,762 -  [BaseBLDC] left stroke amp is -0.9303606696154789
2023-07-05 21:59:03,765 -  [BaseBLDC] right target amplitude is 1.04711553112394
2023-07-05 21:59:03,765 -  [BaseBLDC] left target amplitude is -1.04711553112394
2023-07-05 21:59:03,874 -  [BaseBLDC] right stroke amp is 0.9420352219571241
2023-07-05 21:59:03,875 -  [BaseBLDC] left stroke amp is -0.9420362209163351
2023-07-05 21:59:03,877 -  [BaseBLDC] right target amplitude is 1.04587761027559
2023-07-05 21:59:03,878 -  [BaseBLDC] left target amplitude is -1.04587761027559
2023-07-05 21:59:03,985 -  [BaseBLDC] right stroke amp is 0.9524194068936296
2023-07-05 21:59:03,985 -  [BaseBLDC] left stroke amp is -0.9524204273354396
2023-07-05 21:59:03,988 -  [BaseBLDC] right target amplitude is 1.04315353476450
2023-07-05 21:59:03,988 -  [BaseBLDC] left target amplitude is -1.04315353476450
2023-07-05 21:59:04,096 -  [BaseBLDC] right stroke amp is 0.9614927634224797
2023-07-05 21:59:04,096 -  [BaseBLDC] left stroke amp is -0.9614938085444498
2023-07-05 21:59:04,099 -  [BaseBLDC] right target amplitude is 1.03894717540461
2023-07-05 21:59:04,099 -  [BaseBLDC] left target amplitude is -1.03894717540461
2023-07-05 21:59:04,208 -  [BaseBLDC] right stroke amp is 0.969238145460712
2023-07-05 21:59:04,208 -  [BaseBLDC] left stroke amp is -0.969239219365482
2023-07-05 21:59:04,211 -  [BaseBLDC] right target amplitude is 1.03326450928223
2023-07-05 21:59:04,211 -  [BaseBLDC] left target amplitude is -1.03326450928223
2023-07-05 21:59:04,319 -  [BaseBLDC] right stroke amp is 0.9756407193336203
2023-07-05 21:59:04,319 -  [BaseBLDC] left stroke amp is -0.9756418267321111
2023-07-05 21:59:04,322 -  [BaseBLDC] right target amplitude is 1.02611361126279
2023-07-05 21:59:04,322 -  [BaseBLDC] left target amplitude is -1.02611361126279
2023-07-05 21:59:04,431 -  [BaseBLDC] right stroke amp is 0.9806880282987309
2023-07-05 21:59:04,431 -  [BaseBLDC] left stroke amp is -0.9806890051851794
2023-07-05 21:59:04,434 -  [BaseBLDC] right target amplitude is 1.01750464251679
2023-07-05 21:59:04,434 -  [BaseBLDC] left target amplitude is -1.01750464251679
2023-07-05 21:59:04,542 -  [BaseBLDC] right stroke amp is 0.9843697062555016
2023-07-05 21:59:04,542 -  [BaseBLDC] left stroke amp is -0.9843705689183408
2023-07-05 21:59:04,545 -  [BaseBLDC] right target amplitude is 1.00744983608109
2023-07-05 21:59:04,545 -  [BaseBLDC] left target amplitude is -1.00744983608109
2023-07-05 21:59:04,654 -  [BaseBLDC] right stroke amp is 0.9866777358707978
2023-07-05 21:59:04,654 -  [BaseBLDC] left stroke amp is -0.9866784956346157
2023-07-05 21:59:04,657 -  [BaseBLDC] right target amplitude is 0.995963479476208
2023-07-05 21:59:04,657 -  [BaseBLDC] left target amplitude is -0.995963479476208
2023-07-05 21:59:04,762 -  [BaseBLDC] right stroke amp is 0.9876063269350082
2023-07-05 21:59:04,762 -  [BaseBLDC] left stroke amp is -0.9876069940187749
2023-07-05 21:59:04,765 -  [BaseBLDC] right target amplitude is 0.983061894404285
2023-07-05 21:59:04,765 -  [BaseBLDC] left target amplitude is -0.983061894404285
2023-07-05 21:59:04,873 -  [BaseBLDC] right stroke amp is 0.9871519004292655
2023-07-05 21:59:04,873 -  [BaseBLDC] left stroke amp is -0.9871524840573259
2023-07-05 21:59:04,876 -  [BaseBLDC] right target amplitude is 0.968763413556498
2023-07-05 21:59:04,876 -  [BaseBLDC] left target amplitude is -0.968763413556498
2023-07-05 21:59:04,985 -  [BaseBLDC] right stroke amp is 0.9853130685059417
2023-07-05 21:59:04,985 -  [BaseBLDC] left stroke amp is -0.9853135770072431
2023-07-05 21:59:04,988 -  [BaseBLDC] right target amplitude is 0.953088354562969
2023-07-05 21:59:04,988 -  [BaseBLDC] left target amplitude is -0.953088354562969
2023-07-05 21:59:05,096 -  [BaseBLDC] right stroke amp is 0.9820906138654291
2023-07-05 21:59:05,096 -  [BaseBLDC] left stroke amp is -0.9820910547628157
2023-07-05 21:59:05,099 -  [BaseBLDC] right target amplitude is 0.936058991122128
2023-07-05 21:59:05,099 -  [BaseBLDC] left target amplitude is -0.936058991122128
2023-07-05 21:59:05,208 -  [BaseBLDC] right stroke amp is 0.9774874683081821
2023-07-05 21:59:05,209 -  [BaseBLDC] left stroke amp is -0.9774878483987469
2023-07-05 21:59:05,212 -  [BaseBLDC] right target amplitude is 0.917699521350579
2023-07-05 21:59:05,212 -  [BaseBLDC] left target amplitude is -0.917699521350579
2023-07-05 21:59:05,319 -  [BaseBLDC] right stroke amp is 0.9715086902665446
2023-07-05 21:59:05,319 -  [BaseBLDC] left stroke amp is -0.9715090156939301
2023-07-05 21:59:05,322 -  [BaseBLDC] right target amplitude is 0.898036033398437
2023-07-05 21:59:05,322 -  [BaseBLDC] left target amplitude is -0.898036033398437
2023-07-05 21:59:05,430 -  [BaseBLDC] right stroke amp is 0.9641614411449295
2023-07-05 21:59:05,430 -  [BaseBLDC] left stroke amp is -0.9641617174643807
2023-07-05 21:59:05,433 -  [BaseBLDC] right target amplitude is 0.877096468378990
2023-07-05 21:59:05,433 -  [BaseBLDC] left target amplitude is -0.877096468378990
2023-07-05 21:59:05,542 -  [BaseBLDC] right stroke amp is 0.9554549603189489
2023-07-05 21:59:05,542 -  [BaseBLDC] left stroke amp is -0.9554551925558417
2023-07-05 21:59:05,545 -  [BaseBLDC] right target amplitude is 0.854910580665373
2023-07-05 21:59:05,545 -  [BaseBLDC] left target amplitude is -0.854910580665373
2023-07-05 21:59:05,653 -  [BaseBLDC] right stroke amp is 0.9454005386643003
2023-07-05 21:59:05,654 -  [BaseBLDC] left stroke amp is -0.9454007313667948
2023-07-05 21:59:05,656 -  [BaseBLDC] right target amplitude is 0.831509895610660
2023-07-05 21:59:05,656 -  [BaseBLDC] left target amplitude is -0.831509895610660
2023-07-05 21:59:05,764 -  [BaseBLDC] right stroke amp is 0.934011490504775
2023-07-05 21:59:05,764 -  [BaseBLDC] left stroke amp is -0.9340116477911813
2023-07-05 21:59:05,767 -  [BaseBLDC] right target amplitude is 0.806927664751456
2023-07-05 21:59:05,767 -  [BaseBLDC] left target amplitude is -0.806927664751456
