2023-07-05 21:37:08,583 -  [BaseWing] the length is 0.10559576566307186
2023-07-05 21:37:08,584 -  [BaseWing] the chord of root is 0.013679980005579979
2023-07-05 21:37:08,584 -  [BaseWing] the chord of tip is 0.009028786803682786
2023-07-05 21:37:08,585 -  [BaseWing] the length is 0.10559576566307186
2023-07-05 21:37:08,585 -  [BaseWing] the chord of root is 0.013679980005579979
2023-07-05 21:37:08,585 -  [BaseWing] the chord of tip is 0.009028786803682786
2023-07-05 21:37:08,741 -  [BaseBLDC] right target amplitude is 1.04719755119660
2023-07-05 21:37:08,742 -  [BaseBLDC] left target amplitude is 1.04719755119660
2023-07-05 21:37:08,858 -  [BaseBLDC] right stroke amp is 0.10472037557305242
2023-07-05 21:37:08,859 -  [BaseBLDC] left stroke amp is 0.10471975511965978
2023-07-05 21:37:08,862 -  [BaseBLDC] right target amplitude is 1.04645353607079
2023-07-05 21:37:08,862 -  [BaseBLDC] left target amplitude is 1.04645353607079
2023-07-05 21:37:08,969 -  [BaseBLDC] right stroke amp is 0.19889364664315032
2023-07-05 21:37:08,969 -  [BaseBLDC] left stroke amp is 0.19889313321477328
2023-07-05 21:37:08,972 -  [BaseBLDC] right target amplitude is 1.04422254791229
2023-07-05 21:37:08,972 -  [BaseBLDC] left target amplitude is 1.04422254791229
2023-07-05 21:37:09,078 -  [BaseBLDC] right stroke amp is 0.2834264684853323
2023-07-05 21:37:09,079 -  [BaseBLDC] left stroke amp is 0.28342607468452474
2023-07-05 21:37:09,081 -  [BaseBLDC] right target amplitude is 1.04050775687551
2023-07-05 21:37:09,082 -  [BaseBLDC] left target amplitude is 1.04050775687551
2023-07-05 21:37:09,190 -  [BaseBLDC] right stroke amp is 0.35913453550541036
2023-07-05 21:37:09,190 -  [BaseBLDC] left stroke amp is 0.35913424290362317
2023-07-05 21:37:09,194 -  [BaseBLDC] right target amplitude is 1.03531444154575
2023-07-05 21:37:09,194 -  [BaseBLDC] left target amplitude is 1.03531444154575
2023-07-05 21:37:09,301 -  [BaseBLDC] right stroke amp is 0.4267524707674848
2023-07-05 21:37:09,301 -  [BaseBLDC] left stroke amp is 0.42675226276783546
2023-07-05 21:37:09,304 -  [BaseBLDC] right target amplitude is 1.02864998143846
2023-07-05 21:37:09,305 -  [BaseBLDC] left target amplitude is 1.02864998143846
2023-07-05 21:37:09,412 -  [BaseBLDC] right stroke amp is 0.4869421728821834
2023-07-05 21:37:09,412 -  [BaseBLDC] left stroke amp is 0.4869420346348975
2023-07-05 21:37:09,415 -  [BaseBLDC] right target amplitude is 1.02052384651324
2023-07-05 21:37:09,415 -  [BaseBLDC] left target amplitude is 1.02052384651324
2023-07-05 21:37:09,528 -  [BaseBLDC] right stroke amp is 0.5403002973248454
2023-07-05 21:37:09,532 -  [BaseBLDC] left stroke amp is 0.5403002158227318
2023-07-05 21:37:09,552 -  [BaseBLDC] right target amplitude is 1.01094758371736
2023-07-05 21:37:09,554 -  [BaseBLDC] left target amplitude is 1.01094758371736
2023-07-05 21:37:09,667 -  [BaseBLDC] right stroke amp is 0.587364988141982
2023-07-05 21:37:09,667 -  [BaseBLDC] left stroke amp is 0.5873649526121949
2023-07-05 21:37:09,670 -  [BaseBLDC] right target amplitude is 0.999934800577948
2023-07-05 21:37:09,670 -  [BaseBLDC] left target amplitude is 0.999934800577948
2023-07-05 21:37:09,779 -  [BaseBLDC] right stroke amp is 0.6286219348718345
2023-07-05 21:37:09,779 -  [BaseBLDC] left stroke amp is 0.6286219374087703
2023-07-05 21:37:09,782 -  [BaseBLDC] right target amplitude is 0.987501145866170
2023-07-05 21:37:09,782 -  [BaseBLDC] left target amplitude is 0.987501145866170
2023-07-05 21:37:09,890 -  [BaseBLDC] right stroke amp is 0.6645098221723353
2023-07-05 21:37:09,890 -  [BaseBLDC] left stroke amp is 0.6645098582545103
2023-07-05 21:37:09,893 -  [BaseBLDC] right target amplitude is 0.973664287360898
2023-07-05 21:37:09,894 -  [BaseBLDC] left target amplitude is 0.973664287360898
2023-07-05 21:37:10,002 -  [BaseBLDC] right stroke amp is 0.6954252330660338
2023-07-05 21:37:10,002 -  [BaseBLDC] left stroke amp is 0.695425301165149
2023-07-05 21:37:10,005 -  [BaseBLDC] right target amplitude is 0.958443886743414
2023-07-05 21:37:10,005 -  [BaseBLDC] left target amplitude is 0.958443886743414
2023-07-05 21:37:10,113 -  [BaseBLDC] right stroke amp is 0.7217270534479064
2023-07-05 21:37:10,113 -  [BaseBLDC] left stroke amp is 0.7217271597229754
2023-07-05 21:37:10,116 -  [BaseBLDC] right target amplitude is 0.941861571658857
2023-07-05 21:37:10,116 -  [BaseBLDC] left target amplitude is 0.941861571658857
2023-07-05 21:37:10,240 -  [BaseBLDC] right stroke amp is 0.7437404720788315
2023-07-05 21:37:10,243 -  [BaseBLDC] left stroke amp is 0.7437406009165636
2023-07-05 21:37:10,253 -  [BaseBLDC] right target amplitude is 0.923940904984112
2023-07-05 21:37:10,254 -  [BaseBLDC] left target amplitude is 0.923940904984112
2023-07-05 21:37:10,367 -  [BaseBLDC] right stroke amp is 0.7617604844599014
2023-07-05 21:37:10,367 -  [BaseBLDC] left stroke amp is 0.7617606313233184
2023-07-05 21:37:10,370 -  [BaseBLDC] right target amplitude is 0.904707351345790
2023-07-05 21:37:10,370 -  [BaseBLDC] left target amplitude is 0.904707351345790
2023-07-05 21:37:10,479 -  [BaseBLDC] right stroke amp is 0.7760551423116993
2023-07-05 21:37:10,479 -  [BaseBLDC] left stroke amp is 0.7760553033255655
2023-07-05 21:37:10,482 -  [BaseBLDC] right target amplitude is 0.884188240935905
2023-07-05 21:37:10,482 -  [BaseBLDC] left target amplitude is 0.884188240935905
2023-07-05 21:37:10,590 -  [BaseBLDC] right stroke amp is 0.7868684252243828
2023-07-05 21:37:10,590 -  [BaseBLDC] left stroke amp is 0.7868685970865994
2023-07-05 21:37:10,593 -  [BaseBLDC] right target amplitude is 0.862412730676639
2023-07-05 21:37:10,593 -  [BaseBLDC] left target amplitude is 0.862412730676639
2023-07-05 21:37:10,702 -  [BaseBLDC] right stroke amp is 0.794422830541199
2023-07-05 21:37:10,702 -  [BaseBLDC] left stroke amp is 0.7944230104456034
2023-07-05 21:37:10,705 -  [BaseBLDC] right target amplitude is 0.839411762789393
2023-07-05 21:37:10,706 -  [BaseBLDC] left target amplitude is 0.839411762789393
2023-07-05 21:37:10,814 -  [BaseBLDC] right stroke amp is 0.798921700111095
2023-07-05 21:37:10,814 -  [BaseBLDC] left stroke amp is 0.7989218856799823
2023-07-05 21:37:10,817 -  [BaseBLDC] right target amplitude is 0.815218020826987
2023-07-05 21:37:10,817 -  [BaseBLDC] left target amplitude is 0.815218020826987
2023-07-05 21:37:10,925 -  [BaseBLDC] right stroke amp is 0.8005513099694828
2023-07-05 21:37:10,926 -  [BaseBLDC] left stroke amp is 0.8005514991946828
2023-07-05 21:37:10,929 -  [BaseBLDC] right target amplitude is 0.789865883231501
2023-07-05 21:37:10,929 -  [BaseBLDC] left target amplitude is 0.789865883231501
2023-07-05 21:37:11,036 -  [BaseBLDC] right stroke amp is 0.7994827464068867
2023-07-05 21:37:11,036 -  [BaseBLDC] left stroke amp is 0.7994829375983646
2023-07-05 21:37:11,039 -  [BaseBLDC] right target amplitude is 0.763391374483726
2023-07-05 21:37:11,039 -  [BaseBLDC] left target amplitude is 0.763391374483726
2023-07-05 21:37:11,147 -  [BaseBLDC] right stroke amp is 0.7958735895458302
2023-07-05 21:37:11,148 -  [BaseBLDC] left stroke amp is 0.7958737812869008
2023-07-05 21:37:11,150 -  [BaseBLDC] right target amplitude is 0.735832113913662
2023-07-05 21:37:11,150 -  [BaseBLDC] left target amplitude is 0.735832113913662
2023-07-05 21:37:11,259 -  [BaseBLDC] right stroke amp is 0.7898694234412272
2023-07-05 21:37:11,260 -  [BaseBLDC] left stroke amp is 0.7898696145495769
2023-07-05 21:37:11,262 -  [BaseBLDC] right target amplitude is 0.707227262244792
2023-07-05 21:37:11,262 -  [BaseBLDC] left target amplitude is 0.707227262244792
2023-07-05 21:37:11,370 -  [BaseBLDC] right stroke amp is 0.7816051898252909
2023-07-05 21:37:11,370 -  [BaseBLDC] left stroke amp is 0.7816053793190985
2023-07-05 21:37:11,374 -  [BaseBLDC] right target amplitude is 0.677617465948086
2023-07-05 21:37:11,374 -  [BaseBLDC] left target amplitude is 0.677617465948086
2023-07-05 21:37:11,480 -  [BaseBLDC] right stroke amp is 0.7712064009134688
2023-07-05 21:37:11,480 -  [BaseBLDC] left stroke amp is 0.7712065879819973
2023-07-05 21:37:11,483 -  [BaseBLDC] right target amplitude is 0.647044799484823
2023-07-05 21:37:11,483 -  [BaseBLDC] left target amplitude is 0.647044799484823
2023-07-05 21:37:11,591 -  [BaseBLDC] right stroke amp is 0.7587902251541725
2023-07-05 21:37:11,591 -  [BaseBLDC] left stroke amp is 0.7587904091322798
2023-07-05 21:37:11,594 -  [BaseBLDC] right target amplitude is 0.615552705520273
2023-07-05 21:37:11,595 -  [BaseBLDC] left target amplitude is 0.615552705520273
2023-07-05 21:37:11,700 -  [BaseBLDC] right stroke amp is 0.7444664507311822
2023-07-05 21:37:11,700 -  [BaseBLDC] left stroke amp is 0.7444666387710791
2023-07-05 21:37:11,703 -  [BaseBLDC] right target amplitude is 0.583185933193230
2023-07-05 21:37:11,703 -  [BaseBLDC] left target amplitude is 0.583185933193230
2023-07-05 21:37:11,812 -  [BaseBLDC] right stroke amp is 0.7283383777346897
2023-07-05 21:37:11,813 -  [BaseBLDC] left stroke amp is 0.7283385682132942
2023-07-05 21:37:11,816 -  [BaseBLDC] right target amplitude is 0.549990474529080
2023-07-05 21:37:11,816 -  [BaseBLDC] left target amplitude is 0.549990474529080
2023-07-05 21:37:11,923 -  [BaseBLDC] right stroke amp is 0.710503567321323
2023-07-05 21:37:11,923 -  [BaseBLDC] left stroke amp is 0.7105037588448728
2023-07-05 21:37:11,926 -  [BaseBLDC] right target amplitude is 0.516013499086778
2023-07-05 21:37:11,927 -  [BaseBLDC] left target amplitude is 0.516013499086778
2023-07-05 21:37:12,035 -  [BaseBLDC] right stroke amp is 0.6910545414956211
2023-07-05 21:37:12,036 -  [BaseBLDC] left stroke amp is 0.6910547328690634
2023-07-05 21:37:12,038 -  [BaseBLDC] right target amplitude is 0.481303286932590
2023-07-05 21:37:12,039 -  [BaseBLDC] left target amplitude is 0.481303286932590
2023-07-05 21:37:12,145 -  [BaseBLDC] right stroke amp is 0.670079398075519
2023-07-05 21:37:12,145 -  [BaseBLDC] left stroke amp is 0.670079588275416
2023-07-05 21:37:12,148 -  [BaseBLDC] right target amplitude is 0.445909160035849
2023-07-05 21:37:12,148 -  [BaseBLDC] left target amplitude is 0.445909160035849
2023-07-05 21:37:12,257 -  [BaseBLDC] right stroke amp is 0.647662357300511
2023-07-05 21:37:12,257 -  [BaseBLDC] left stroke amp is 0.6476625454514593
2023-07-05 21:37:12,261 -  [BaseBLDC] right target amplitude is 0.409881412184201
2023-07-05 21:37:12,261 -  [BaseBLDC] left target amplitude is 0.409881412184201
2023-07-05 21:37:12,368 -  [BaseBLDC] right stroke amp is 0.6238842467706001
2023-07-05 21:37:12,368 -  [BaseBLDC] left stroke amp is 0.6238844321247334
2023-07-05 21:37:12,371 -  [BaseBLDC] right target amplitude is 0.373271237517931
2023-07-05 21:37:12,371 -  [BaseBLDC] left target amplitude is 0.373271237517931
2023-07-05 21:37:12,479 -  [BaseBLDC] right stroke amp is 0.598822922876195
2023-07-05 21:37:12,479 -  [BaseBLDC] left stroke amp is 0.5988231126640532
2023-07-05 21:37:12,482 -  [BaseBLDC] right target amplitude is 0.336130657784932
2023-07-05 21:37:12,482 -  [BaseBLDC] left target amplitude is 0.336130657784932
2023-07-05 21:37:12,589 -  [BaseBLDC] right stroke amp is 0.5725536747468802
2023-07-05 21:37:12,589 -  [BaseBLDC] left stroke amp is 0.572553867176141
2023-07-05 21:37:12,592 -  [BaseBLDC] right target amplitude is 0.298512448419653
2023-07-05 21:37:12,592 -  [BaseBLDC] left target amplitude is 0.298512448419653
2023-07-05 21:37:12,700 -  [BaseBLDC] right stroke amp is 0.5451495318031397
2023-07-05 21:37:12,701 -  [BaseBLDC] left stroke amp is 0.5451497253004922
2023-07-05 21:37:12,703 -  [BaseBLDC] right target amplitude is 0.260470063551113
2023-07-05 21:37:12,704 -  [BaseBLDC] left target amplitude is 0.260470063551113
2023-07-05 21:37:12,812 -  [BaseBLDC] right stroke amp is 0.5166815659408523
2023-07-05 21:37:12,812 -  [BaseBLDC] left stroke amp is 0.5166817591255543
2023-07-05 21:37:12,815 -  [BaseBLDC] right target amplitude is 0.222057560046490
2023-07-05 21:37:12,815 -  [BaseBLDC] left target amplitude is 0.222057560046490
2023-07-05 21:37:12,924 -  [BaseBLDC] right stroke amp is 0.48721914755758966
2023-07-05 21:37:12,925 -  [BaseBLDC] left stroke amp is 0.48721933921764776
2023-07-05 21:37:12,928 -  [BaseBLDC] right target amplitude is 0.183329520698255
2023-07-05 21:37:12,928 -  [BaseBLDC] left target amplitude is 0.183329520698255
2023-07-05 21:37:13,034 -  [BaseBLDC] right stroke amp is 0.45683016829438006
2023-07-05 21:37:13,035 -  [BaseBLDC] left stroke amp is 0.45683035736570854
2023-07-05 21:37:13,037 -  [BaseBLDC] right target amplitude is 0.144340976663988
2023-07-05 21:37:13,038 -  [BaseBLDC] left target amplitude is 0.144340976663988
2023-07-05 21:37:13,146 -  [BaseBLDC] right stroke amp is 0.4255812337473373
2023-07-05 21:37:13,146 -  [BaseBLDC] left stroke amp is 0.42558141929553645
2023-07-05 21:37:13,149 -  [BaseBLDC] right target amplitude is 0.105147329269070
2023-07-05 21:37:13,149 -  [BaseBLDC] left target amplitude is 0.105147329269070
2023-07-05 21:37:13,258 -  [BaseBLDC] right stroke amp is 0.39353782168261076
2023-07-05 21:37:13,259 -  [BaseBLDC] left stroke amp is 0.39353801029288976
2023-07-05 21:37:13,261 -  [BaseBLDC] right target amplitude is 0.0658042712833928
2023-07-05 21:37:13,262 -  [BaseBLDC] left target amplitude is 0.0658042712833928
2023-07-05 21:37:13,369 -  [BaseBLDC] right stroke amp is 0.3607644467819137
2023-07-05 21:37:13,369 -  [BaseBLDC] left stroke amp is 0.36076463639194006
2023-07-05 21:37:13,372 -  [BaseBLDC] right target amplitude is 0.0263677077839345
2023-07-05 21:37:13,373 -  [BaseBLDC] left target amplitude is 0.0263677077839345
2023-07-05 21:37:13,481 -  [BaseBLDC] right stroke amp is 0.32732475475458617
2023-07-05 21:37:13,482 -  [BaseBLDC] left stroke amp is 0.3273249435311395
2023-07-05 21:37:13,484 -  [BaseBLDC] right target amplitude is -0.0131063232843514
2023-07-05 21:37:13,484 -  [BaseBLDC] left target amplitude is -0.0131063232843514
2023-07-05 21:37:13,591 -  [BaseBLDC] right stroke amp is 0.2932816305352295
2023-07-05 21:37:13,592 -  [BaseBLDC] left stroke amp is 0.2932818168495904
2023-07-05 21:37:13,595 -  [BaseBLDC] right target amplitude is -0.0525617307364418
2023-07-05 21:37:13,595 -  [BaseBLDC] left target amplitude is -0.0525617307364418
2023-07-05 21:37:13,702 -  [BaseBLDC] right stroke amp is 0.25869727201301174
2023-07-05 21:37:13,702 -  [BaseBLDC] left stroke amp is 0.2586974620909872
2023-07-05 21:37:13,705 -  [BaseBLDC] right target amplitude is -0.0919424498508024
2023-07-05 21:37:13,705 -  [BaseBLDC] left target amplitude is -0.0919424498508024
2023-07-05 21:37:13,813 -  [BaseBLDC] right stroke amp is 0.22363327997945773
2023-07-05 21:37:13,814 -  [BaseBLDC] left stroke amp is 0.22363347089680824
2023-07-05 21:37:13,816 -  [BaseBLDC] right target amplitude is -0.131192522035345
2023-07-05 21:37:13,816 -  [BaseBLDC] left target amplitude is -0.131192522035345
2023-07-05 21:37:13,925 -  [BaseBLDC] right stroke amp is 0.1881506824562968
2023-07-05 21:37:13,926 -  [BaseBLDC] left stroke amp is 0.1881508716035929
2023-07-05 21:37:13,928 -  [BaseBLDC] right target amplitude is -0.170256174342578
2023-07-05 21:37:13,929 -  [BaseBLDC] left target amplitude is -0.170256174342578
2023-07-05 21:37:14,036 -  [BaseBLDC] right stroke amp is 0.15230997423473513
2023-07-05 21:37:14,036 -  [BaseBLDC] left stroke amp is 0.15231016700897582
2023-07-05 21:37:14,039 -  [BaseBLDC] right target amplitude is -0.209077898720959
2023-07-05 21:37:14,040 -  [BaseBLDC] left target amplitude is -0.209077898720959
2023-07-05 21:37:14,147 -  [BaseBLDC] right stroke amp is 0.11617116817063294
2023-07-05 21:37:14,147 -  [BaseBLDC] left stroke amp is 0.11617136043598233
2023-07-05 21:37:14,150 -  [BaseBLDC] right target amplitude is -0.247602530889847
2023-07-05 21:37:14,151 -  [BaseBLDC] left target amplitude is -0.247602530889847
2023-07-05 21:37:14,257 -  [BaseBLDC] right stroke amp is 0.07979377541022303
2023-07-05 21:37:14,257 -  [BaseBLDC] left stroke amp is 0.07979397130339938
2023-07-05 21:37:14,261 -  [BaseBLDC] right target amplitude is -0.285775328725964
2023-07-05 21:37:14,261 -  [BaseBLDC] left target amplitude is -0.285775328725964
2023-07-05 21:37:14,368 -  [BaseBLDC] right stroke amp is 0.043236847788243
2023-07-05 21:37:14,368 -  [BaseBLDC] left stroke amp is 0.043237041300463
2023-07-05 21:37:14,371 -  [BaseBLDC] right target amplitude is -0.323542050049986
2023-07-05 21:37:14,371 -  [BaseBLDC] left target amplitude is -0.323542050049986
2023-07-05 21:37:14,480 -  [BaseBLDC] right stroke amp is 0.006558940351214647
2023-07-05 21:37:14,481 -  [BaseBLDC] left stroke amp is 0.006559132165418077
2023-07-05 21:37:14,483 -  [BaseBLDC] right target amplitude is -0.360849029702735
2023-07-05 21:37:14,484 -  [BaseBLDC] left target amplitude is -0.360849029702735
2023-07-05 21:37:14,591 -  [BaseBLDC] right stroke amp is -0.030181877955332503
2023-07-05 21:37:14,591 -  [BaseBLDC] left stroke amp is -0.03018168402139719
2023-07-05 21:37:14,594 -  [BaseBLDC] right target amplitude is -0.397643255801443
2023-07-05 21:37:14,595 -  [BaseBLDC] left target amplitude is -0.397643255801443
2023-07-05 21:37:14,703 -  [BaseBLDC] right stroke amp is -0.0669280314460686
2023-07-05 21:37:14,703 -  [BaseBLDC] left stroke amp is -0.06692784119940179
2023-07-05 21:37:14,706 -  [BaseBLDC] right target amplitude is -0.433872445067743
2023-07-05 21:37:14,706 -  [BaseBLDC] left target amplitude is -0.433872445067743
2023-07-05 21:37:14,815 -  [BaseBLDC] right stroke amp is -0.10362245552748159
2023-07-05 21:37:14,815 -  [BaseBLDC] left stroke amp is -0.10362230158623588
2023-07-05 21:37:14,818 -  [BaseBLDC] right target amplitude is -0.469485117120324
2023-07-05 21:37:14,818 -  [BaseBLDC] left target amplitude is -0.469485117120324
2023-07-05 21:37:14,926 -  [BaseBLDC] right stroke amp is -0.14020870598112462
2023-07-05 21:37:14,927 -  [BaseBLDC] left stroke amp is -0.14020858313964474
2023-07-05 21:37:14,930 -  [BaseBLDC] right target amplitude is -0.504430667626718
2023-07-05 21:37:14,930 -  [BaseBLDC] left target amplitude is -0.504430667626718
2023-07-05 21:37:15,037 -  [BaseBLDC] right stroke amp is -0.1766309441444708
2023-07-05 21:37:15,038 -  [BaseBLDC] left stroke amp is -0.17663084425516185
2023-07-05 21:37:15,040 -  [BaseBLDC] right target amplitude is -0.538659440210234
2023-07-05 21:37:15,041 -  [BaseBLDC] left target amplitude is -0.538659440210234
2023-07-05 21:37:15,148 -  [BaseBLDC] right stroke amp is -0.212833849739232
2023-07-05 21:37:15,148 -  [BaseBLDC] left stroke amp is -0.21283377406121182
2023-07-05 21:37:15,151 -  [BaseBLDC] right target amplitude is -0.572122797009901
2023-07-05 21:37:15,151 -  [BaseBLDC] left target amplitude is -0.572122797009901
2023-07-05 21:37:15,259 -  [BaseBLDC] right stroke amp is -0.24876279033422694
2023-07-05 21:37:15,260 -  [BaseBLDC] left stroke amp is -0.2487627338764687
2023-07-05 21:37:15,264 -  [BaseBLDC] right target amplitude is -0.604773187793121
2023-07-05 21:37:15,264 -  [BaseBLDC] left target amplitude is -0.604773187793121
2023-07-05 21:37:15,370 -  [BaseBLDC] right stroke amp is -0.28436388495029874
2023-07-05 21:37:15,371 -  [BaseBLDC] left stroke amp is -0.2843638480789126
2023-07-05 21:37:15,374 -  [BaseBLDC] right target amplitude is -0.636564217522852
2023-07-05 21:37:15,374 -  [BaseBLDC] left target amplitude is -0.636564217522852
2023-07-05 21:37:15,482 -  [BaseBLDC] right stroke amp is -0.31958396004494305
2023-07-05 21:37:15,482 -  [BaseBLDC] left stroke amp is -0.3195839374910308
2023-07-05 21:37:15,485 -  [BaseBLDC] right target amplitude is -0.667450712283295
2023-07-05 21:37:15,485 -  [BaseBLDC] left target amplitude is -0.667450712283295
2023-07-05 21:37:15,592 -  [BaseBLDC] right stroke amp is -0.3543706828328931
2023-07-05 21:37:15,593 -  [BaseBLDC] left stroke amp is -0.35437067462080235
2023-07-05 21:37:15,596 -  [BaseBLDC] right target amplitude is -0.697388783470419
2023-07-05 21:37:15,596 -  [BaseBLDC] left target amplitude is -0.697388783470419
2023-07-05 21:37:15,704 -  [BaseBLDC] right stroke amp is -0.3886725460868039
2023-07-05 21:37:15,704 -  [BaseBLDC] left stroke amp is -0.38867255221299896
2023-07-05 21:37:15,707 -  [BaseBLDC] right target amplitude is -0.726335890156090
2023-07-05 21:37:15,708 -  [BaseBLDC] left target amplitude is -0.726335890156090
2023-07-05 21:37:15,815 -  [BaseBLDC] right stroke amp is -0.4224389391969425
2023-07-05 21:37:15,816 -  [BaseBLDC] left stroke amp is -0.4224389596295522
2023-07-05 21:37:15,818 -  [BaseBLDC] right target amplitude is -0.754250899537224
2023-07-05 21:37:15,819 -  [BaseBLDC] left target amplitude is -0.754250899537224
2023-07-05 21:37:15,926 -  [BaseBLDC] right stroke amp is -0.4556201772929523
2023-07-05 21:37:15,926 -  [BaseBLDC] left stroke amp is -0.45562020637256395
2023-07-05 21:37:15,929 -  [BaseBLDC] right target amplitude is -0.781094145384022
2023-07-05 21:37:15,929 -  [BaseBLDC] left target amplitude is -0.781094145384022
2023-07-05 21:37:16,037 -  [BaseBLDC] right stroke amp is -0.48816761960822114
2023-07-05 21:37:16,037 -  [BaseBLDC] left stroke amp is -0.48816765734576195
2023-07-05 21:37:16,040 -  [BaseBLDC] right target amplitude is -0.806827484404273
2023-07-05 21:37:16,040 -  [BaseBLDC] left target amplitude is -0.806827484404273
