2023-07-05 22:02:16,208 -  [BaseWing] the length is 0.10559576566307186
2023-07-05 22:02:16,208 -  [BaseWing] the chord of root is 0.013679980005579979
2023-07-05 22:02:16,209 -  [BaseWing] the chord of tip is 0.009028786803682786
2023-07-05 22:02:16,209 -  [BaseWing] the length is 0.10559576566307186
2023-07-05 22:02:16,209 -  [BaseWing] the chord of root is 0.013679980005579979
2023-07-05 22:02:16,209 -  [BaseWing] the chord of tip is 0.009028786803682786
2023-07-05 22:02:16,375 -  [BaseBLDC] right target amplitude is 0
2023-07-05 22:02:16,375 -  [BaseBLDC] left target amplitude is 0
2023-07-05 22:02:16,482 -  [BaseBLDC] right stroke amp is -3.3038868168966635e-08
2023-07-05 22:02:16,482 -  [BaseBLDC] left stroke amp is -3.918072513695483e-08
2023-07-05 22:02:16,485 -  [BaseBLDC] right target amplitude is 0.0394678105132561
2023-07-05 22:02:16,485 -  [BaseBLDC] left target amplitude is -0.0394678105132561
2023-07-05 22:02:16,594 -  [BaseBLDC] right stroke amp is 0.00394679480438067
2023-07-05 22:02:16,594 -  [BaseBLDC] left stroke amp is -0.003946761934294676
2023-07-05 22:02:16,597 -  [BaseBLDC] right target amplitude is 0.0788795386806738
2023-07-05 22:02:16,598 -  [BaseBLDC] left target amplitude is -0.0788795386806738
2023-07-05 22:02:16,705 -  [BaseBLDC] right stroke amp is 0.011440130361277613
2023-07-05 22:02:16,706 -  [BaseBLDC] left stroke amp is -0.011439963119387563
2023-07-05 22:02:16,708 -  [BaseBLDC] right target amplitude is 0.118179181847414
2023-07-05 22:02:16,709 -  [BaseBLDC] left target amplitude is -0.118179181847414
2023-07-05 22:02:16,817 -  [BaseBLDC] right stroke amp is 0.022114092622159052
2023-07-05 22:02:16,818 -  [BaseBLDC] left stroke amp is -0.02211381357421364
2023-07-05 22:02:16,821 -  [BaseBLDC] right target amplitude is 0.157310896627400
2023-07-05 22:02:16,821 -  [BaseBLDC] left target amplitude is -0.157310896627400
2023-07-05 22:02:16,928 -  [BaseBLDC] right stroke amp is 0.035633826146963116
2023-07-05 22:02:16,928 -  [BaseBLDC] left stroke amp is -0.03563345544681925
2023-07-05 22:02:16,931 -  [BaseBLDC] right target amplitude is 0.196219078254759
2023-07-05 22:02:16,931 -  [BaseBLDC] left target amplitude is -0.196219078254759
2023-07-05 22:02:17,039 -  [BaseBLDC] right stroke amp is 0.05169240132367471
2023-07-05 22:02:17,039 -  [BaseBLDC] left stroke amp is -0.05169195524430545
2023-07-05 22:02:17,042 -  [BaseBLDC] right target amplitude is 0.234848439596204
2023-07-05 22:02:17,042 -  [BaseBLDC] left target amplitude is -0.234848439596204
2023-07-05 22:02:17,151 -  [BaseBLDC] right stroke amp is 0.07000805199941726
2023-07-05 22:02:17,151 -  [BaseBLDC] left stroke amp is -0.07000754509643123
2023-07-05 22:02:17,154 -  [BaseBLDC] right target amplitude is 0.273144089712063
2023-07-05 22:02:17,154 -  [BaseBLDC] left target amplitude is -0.273144089712063
2023-07-05 22:02:17,262 -  [BaseBLDC] right stroke amp is 0.09032171874904482
2023-07-05 22:02:17,262 -  [BaseBLDC] left stroke amp is -0.0903211208046929
2023-07-05 22:02:17,265 -  [BaseBLDC] right target amplitude is 0.311051611854332
2023-07-05 22:02:17,265 -  [BaseBLDC] left target amplitude is -0.311051611854332
2023-07-05 22:02:17,373 -  [BaseBLDC] right stroke amp is 0.11239476781453833
2023-07-05 22:02:17,373 -  [BaseBLDC] left stroke amp is -0.11239409517793887
2023-07-05 22:02:17,375 -  [BaseBLDC] right target amplitude is 0.348517140790926
2023-07-05 22:02:17,375 -  [BaseBLDC] left target amplitude is -0.348517140790926
2023-07-05 22:02:17,484 -  [BaseBLDC] right stroke amp is 0.13600705932247167
2023-07-05 22:02:17,484 -  [BaseBLDC] left stroke amp is -0.13600633192159672
2023-07-05 22:02:17,487 -  [BaseBLDC] right target amplitude is 0.385487439346237
2023-07-05 22:02:17,487 -  [BaseBLDC] left target amplitude is -0.385487439346237
2023-07-05 22:02:17,595 -  [BaseBLDC] right stroke amp is 0.1609551491212023
2023-07-05 22:02:17,595 -  [BaseBLDC] left stroke amp is -0.16095437783735492
2023-07-05 22:02:17,598 -  [BaseBLDC] right target amplitude is 0.421909974049254
2023-07-05 22:02:17,598 -  [BaseBLDC] left target amplitude is -0.421909974049254
2023-07-05 22:02:17,706 -  [BaseBLDC] right stroke amp is 0.1870506751343532
2023-07-05 22:02:17,706 -  [BaseBLDC] left stroke amp is -0.18704988295567582
2023-07-05 22:02:17,709 -  [BaseBLDC] right target amplitude is 0.457732989781741
2023-07-05 22:02:17,709 -  [BaseBLDC] left target amplitude is -0.457732989781741
2023-07-05 22:02:17,817 -  [BaseBLDC] right stroke amp is 0.21411888590099654
2023-07-05 22:02:17,817 -  [BaseBLDC] left stroke amp is -0.21411819363828238
2023-07-05 22:02:17,820 -  [BaseBLDC] right target amplitude is 0.492905583320407
2023-07-05 22:02:17,820 -  [BaseBLDC] left target amplitude is -0.492905583320407
2023-07-05 22:02:17,928 -  [BaseBLDC] right stroke amp is 0.24199753273269897
2023-07-05 22:02:17,928 -  [BaseBLDC] left stroke amp is -0.2419969326064948
2023-07-05 22:02:17,931 -  [BaseBLDC] right target amplitude is 0.527377775668558
2023-07-05 22:02:17,931 -  [BaseBLDC] left target amplitude is -0.527377775668558
2023-07-05 22:02:18,040 -  [BaseBLDC] right stroke amp is 0.2705355363296059
2023-07-05 22:02:18,041 -  [BaseBLDC] left stroke amp is -0.2705350169127011
2023-07-05 22:02:18,044 -  [BaseBLDC] right target amplitude is 0.561100583074469
2023-07-05 22:02:18,044 -  [BaseBLDC] left target amplitude is -0.561100583074469
2023-07-05 22:02:18,151 -  [BaseBLDC] right stroke amp is 0.29959202242359806
2023-07-05 22:02:18,151 -  [BaseBLDC] left stroke amp is -0.29959157352887783
2023-07-05 22:02:18,154 -  [BaseBLDC] right target amplitude is 0.594026086635535
2023-07-05 22:02:18,154 -  [BaseBLDC] left target amplitude is -0.594026086635535
2023-07-05 22:02:18,262 -  [BaseBLDC] right stroke amp is 0.329035412298366
2023-07-05 22:02:18,262 -  [BaseBLDC] left stroke amp is -0.32903502483954356
2023-07-05 22:02:18,265 -  [BaseBLDC] right target amplitude is 0.626107500389324
2023-07-05 22:02:18,265 -  [BaseBLDC] left target amplitude is -0.626107500389324
2023-07-05 22:02:18,373 -  [BaseBLDC] right stroke amp is 0.35874259895708527
2023-07-05 22:02:18,373 -  [BaseBLDC] left stroke amp is -0.35874227239452156
2023-07-05 22:02:18,376 -  [BaseBLDC] right target amplitude is 0.657299237794749
2023-07-05 22:02:18,376 -  [BaseBLDC] left target amplitude is -0.657299237794749
2023-07-05 22:02:18,483 -  [BaseBLDC] right stroke amp is 0.38859824358654343
2023-07-05 22:02:18,483 -  [BaseBLDC] left stroke amp is -0.38859796893454435
2023-07-05 22:02:18,486 -  [BaseBLDC] right target amplitude is 0.687556976508922
2023-07-05 22:02:18,486 -  [BaseBLDC] left target amplitude is -0.687556976508922
2023-07-05 22:02:18,594 -  [BaseBLDC] right stroke amp is 0.41849410044976376
2023-07-05 22:02:18,594 -  [BaseBLDC] left stroke amp is -0.4184938696919821
2023-07-05 22:02:18,597 -  [BaseBLDC] right target amplitude is 0.716837721367612
2023-07-05 22:02:18,597 -  [BaseBLDC] left target amplitude is -0.716837721367612
2023-07-05 22:02:18,706 -  [BaseBLDC] right stroke amp is 0.44832844177952097
2023-07-05 22:02:18,706 -  [BaseBLDC] left stroke amp is -0.44832825485954514
2023-07-05 22:02:18,709 -  [BaseBLDC] right target amplitude is 0.745099865479846
2023-07-05 22:02:18,710 -  [BaseBLDC] left target amplitude is -0.745099865479846
2023-07-05 22:02:18,818 -  [BaseBLDC] right stroke amp is 0.4780055674914279
2023-07-05 22:02:18,818 -  [BaseBLDC] left stroke amp is -0.4780054159215752
2023-07-05 22:02:18,860 -  [BaseBLDC] right target amplitude is 0.772303249349808
2023-07-05 22:02:18,861 -  [BaseBLDC] left target amplitude is -0.772303249349808
2023-07-05 22:02:18,976 -  [BaseBLDC] right stroke amp is 0.5074353164993544
2023-07-05 22:02:18,976 -  [BaseBLDC] left stroke amp is -0.5074351992643985
2023-07-05 22:02:18,979 -  [BaseBLDC] right target amplitude is 0.798409217942060
2023-07-05 22:02:18,979 -  [BaseBLDC] left target amplitude is -0.798409217942060
2023-07-05 22:02:19,088 -  [BaseBLDC] right stroke amp is 0.5365326866411885
2023-07-05 22:02:19,089 -  [BaseBLDC] left stroke amp is -0.5365326011321647
2023-07-05 22:02:19,091 -  [BaseBLDC] right target amplitude is 0.823380675608962
2023-07-05 22:02:19,091 -  [BaseBLDC] left target amplitude is -0.823380675608962
2023-07-05 22:02:19,198 -  [BaseBLDC] right stroke amp is 0.5652174687845334
2023-07-05 22:02:19,198 -  [BaseBLDC] left stroke amp is -0.5652174085798445
2023-07-05 22:02:19,201 -  [BaseBLDC] right target amplitude is 0.847182138802268
2023-07-05 22:02:19,201 -  [BaseBLDC] left target amplitude is -0.847182138802268
2023-07-05 22:02:19,310 -  [BaseBLDC] right stroke amp is 0.5934139179342622
2023-07-05 22:02:19,310 -  [BaseBLDC] left stroke amp is -0.5934138816020867
2023-07-05 22:02:19,313 -  [BaseBLDC] right target amplitude is 0.869779786493985
2023-07-05 22:02:19,313 -  [BaseBLDC] left target amplitude is -0.869779786493985
2023-07-05 22:02:19,421 -  [BaseBLDC] right stroke amp is 0.6210505273802414
2023-07-05 22:02:19,421 -  [BaseBLDC] left stroke amp is -0.6210504720912765
2023-07-05 22:02:19,424 -  [BaseBLDC] right target amplitude is 0.891141508234850
2023-07-05 22:02:19,424 -  [BaseBLDC] left target amplitude is -0.891141508234850
2023-07-05 22:02:19,532 -  [BaseBLDC] right stroke amp is 0.6480596482549927
2023-07-05 22:02:19,533 -  [BaseBLDC] left stroke amp is -0.6480595757056339
2023-07-05 22:02:19,535 -  [BaseBLDC] right target amplitude is 0.911236949782139
2023-07-05 22:02:19,536 -  [BaseBLDC] left target amplitude is -0.911236949782139
2023-07-05 22:02:19,643 -  [BaseBLDC] right stroke amp is 0.6743773937699625
2023-07-05 22:02:19,643 -  [BaseBLDC] left stroke amp is -0.6743773131132843
2023-07-05 22:02:19,646 -  [BaseBLDC] right target amplitude is 0.930037556231960
2023-07-05 22:02:19,646 -  [BaseBLDC] left target amplitude is -0.930037556231960
2023-07-05 22:02:19,755 -  [BaseBLDC] right stroke amp is 0.699943430734794
2023-07-05 22:02:19,756 -  [BaseBLDC] left stroke amp is -0.6999433374251518
2023-07-05 22:02:19,758 -  [BaseBLDC] right target amplitude is 0.947516612594763
2023-07-05 22:02:19,759 -  [BaseBLDC] left target amplitude is -0.947516612594763
2023-07-05 22:02:19,867 -  [BaseBLDC] right stroke amp is 0.7247007660165079
2023-07-05 22:02:19,867 -  [BaseBLDC] left stroke amp is -0.7247006649421129
2023-07-05 22:02:19,870 -  [BaseBLDC] right target amplitude is 0.963649281756389
2023-07-05 22:02:19,870 -  [BaseBLDC] left target amplitude is -0.963649281756389
2023-07-05 22:02:19,978 -  [BaseBLDC] right stroke amp is 0.7485956380447251
2023-07-05 22:02:19,978 -  [BaseBLDC] left stroke amp is -0.7485955266235406
2023-07-05 22:02:19,981 -  [BaseBLDC] right target amplitude is 0.978412639770728
2023-07-05 22:02:19,981 -  [BaseBLDC] left target amplitude is -0.978412639770728
2023-07-05 22:02:20,090 -  [BaseBLDC] right stroke amp is 0.7715773538387803
2023-07-05 22:02:20,090 -  [BaseBLDC] left stroke amp is -0.7715772379382594
2023-07-05 22:02:20,093 -  [BaseBLDC] right target amplitude is 0.991785708433832
2023-07-05 22:02:20,093 -  [BaseBLDC] left target amplitude is -0.991785708433832
2023-07-05 22:02:20,201 -  [BaseBLDC] right stroke amp is 0.7935982070014137
2023-07-05 22:02:20,201 -  [BaseBLDC] left stroke amp is -0.7935980849878167
2023-07-05 22:02:20,204 -  [BaseBLDC] right target amplitude is 1.00374948509320
2023-07-05 22:02:20,204 -  [BaseBLDC] left target amplitude is -1.00374948509320
2023-07-05 22:02:20,312 -  [BaseBLDC] right stroke amp is 0.8146133545266137
2023-07-05 22:02:20,312 -  [BaseBLDC] left stroke amp is -0.814613224998355
2023-07-05 22:02:20,315 -  [BaseBLDC] right target amplitude is 1.01428696964987
2023-07-05 22:02:20,315 -  [BaseBLDC] left target amplitude is -1.01428696964987
2023-07-05 22:02:20,423 -  [BaseBLDC] right stroke amp is 0.8345807376910764
2023-07-05 22:02:20,423 -  [BaseBLDC] left stroke amp is -0.8345805994635064
2023-07-05 22:02:20,426 -  [BaseBLDC] right target amplitude is 1.02338318871496
2023-07-05 22:02:20,426 -  [BaseBLDC] left target amplitude is -1.02338318871496
2023-07-05 22:02:20,534 -  [BaseBLDC] right stroke amp is 0.8534609982741039
2023-07-05 22:02:20,534 -  [BaseBLDC] left stroke amp is -0.8534608583886518
2023-07-05 22:02:20,537 -  [BaseBLDC] right target amplitude is 1.03102521688633
2023-07-05 22:02:20,537 -  [BaseBLDC] left target amplitude is -1.03102521688633
2023-07-05 22:02:20,645 -  [BaseBLDC] right stroke amp is 0.8712174367782909
2023-07-05 22:02:20,645 -  [BaseBLDC] left stroke amp is -0.8712172942384195
2023-07-05 22:02:20,648 -  [BaseBLDC] right target amplitude is 1.03720219511510
2023-07-05 22:02:20,648 -  [BaseBLDC] left target amplitude is -1.03720219511510
2023-07-05 22:02:20,757 -  [BaseBLDC] right stroke amp is 0.8878159303593629
2023-07-05 22:02:20,757 -  [BaseBLDC] left stroke amp is -0.8878157843260875
2023-07-05 22:02:20,760 -  [BaseBLDC] right target amplitude is 1.04190534613600
2023-07-05 22:02:20,761 -  [BaseBLDC] left target amplitude is -1.04190534613600
2023-07-05 22:02:20,868 -  [BaseBLDC] right stroke amp is 0.9032248907257016
2023-07-05 22:02:20,868 -  [BaseBLDC] left stroke amp is -0.9032247405070783
2023-07-05 22:02:20,871 -  [BaseBLDC] right target amplitude is 1.04512798693952
2023-07-05 22:02:20,871 -  [BaseBLDC] left target amplitude is -1.04512798693952
2023-07-05 22:02:20,979 -  [BaseBLDC] right stroke amp is 0.9174152201109805
2023-07-05 22:02:20,979 -  [BaseBLDC] left stroke amp is -0.9174150651503228
2023-07-05 22:02:20,982 -  [BaseBLDC] right target amplitude is 1.04686553826828
2023-07-05 22:02:20,982 -  [BaseBLDC] left target amplitude is -1.04686553826828
2023-07-05 22:02:21,091 -  [BaseBLDC] right stroke amp is 0.9303602725970018
2023-07-05 22:02:21,091 -  [BaseBLDC] left stroke amp is -0.9303601124621187
2023-07-05 22:02:21,094 -  [BaseBLDC] right target amplitude is 1.04711553112394
2023-07-05 22:02:21,095 -  [BaseBLDC] left target amplitude is -1.04711553112394
