2023-07-05 22:01:26,648 -  [BaseWing] the length is 0.10559576566307186
2023-07-05 22:01:26,648 -  [BaseWing] the chord of root is 0.013679980005579979
2023-07-05 22:01:26,648 -  [BaseWing] the chord of tip is 0.009028786803682786
2023-07-05 22:01:26,649 -  [BaseWing] the length is 0.10559576566307186
2023-07-05 22:01:26,649 -  [BaseWing] the chord of root is 0.013679980005579979
2023-07-05 22:01:26,649 -  [BaseWing] the chord of tip is 0.009028786803682786
2023-07-05 22:01:26,812 -  [BaseBLDC] right target amplitude is 0
2023-07-05 22:01:26,813 -  [BaseBLDC] left target amplitude is 0
2023-07-05 22:01:26,923 -  [BaseBLDC] right stroke amp is -3.3038868168966635e-08
2023-07-05 22:01:26,924 -  [BaseBLDC] left stroke amp is -3.918072513695483e-08
2023-07-05 22:01:26,926 -  [BaseBLDC] right target amplitude is 0.0394678105132561
2023-07-05 22:01:26,927 -  [BaseBLDC] left target amplitude is -0.0394678105132561
2023-07-05 22:01:27,034 -  [BaseBLDC] right stroke amp is 0.00394679480438067
2023-07-05 22:01:27,035 -  [BaseBLDC] left stroke amp is -0.003946761934294676
2023-07-05 22:01:27,037 -  [BaseBLDC] right target amplitude is 0.0788795386806738
2023-07-05 22:01:27,037 -  [BaseBLDC] left target amplitude is -0.0788795386806738
2023-07-05 22:01:27,143 -  [BaseBLDC] right stroke amp is 0.011440130361277613
2023-07-05 22:01:27,144 -  [BaseBLDC] left stroke amp is -0.011439963119387563
2023-07-05 22:01:27,147 -  [BaseBLDC] right target amplitude is 0.118179181847414
2023-07-05 22:01:27,147 -  [BaseBLDC] left target amplitude is -0.118179181847414
2023-07-05 22:01:27,253 -  [BaseBLDC] right stroke amp is 0.022114092622159052
2023-07-05 22:01:27,254 -  [BaseBLDC] left stroke amp is -0.02211381357421364
2023-07-05 22:01:27,257 -  [BaseBLDC] right target amplitude is 0.157310896627400
2023-07-05 22:01:27,257 -  [BaseBLDC] left target amplitude is -0.157310896627400
2023-07-05 22:01:27,363 -  [BaseBLDC] right stroke amp is 0.035633826146963116
2023-07-05 22:01:27,363 -  [BaseBLDC] left stroke amp is -0.03563345544681925
2023-07-05 22:01:27,366 -  [BaseBLDC] right target amplitude is 0.196219078254759
2023-07-05 22:01:27,366 -  [BaseBLDC] left target amplitude is -0.196219078254759
2023-07-05 22:01:27,475 -  [BaseBLDC] right stroke amp is 0.05169240132367471
2023-07-05 22:01:27,475 -  [BaseBLDC] left stroke amp is -0.05169195524430545
2023-07-05 22:01:27,479 -  [BaseBLDC] right target amplitude is 0.234848439596204
2023-07-05 22:01:27,479 -  [BaseBLDC] left target amplitude is -0.234848439596204
2023-07-05 22:01:27,587 -  [BaseBLDC] right stroke amp is 0.07000805199941726
2023-07-05 22:01:27,587 -  [BaseBLDC] left stroke amp is -0.07000754509643123
2023-07-05 22:01:27,590 -  [BaseBLDC] right target amplitude is 0.273144089712063
2023-07-05 22:01:27,590 -  [BaseBLDC] left target amplitude is -0.273144089712063
2023-07-05 22:01:27,699 -  [BaseBLDC] right stroke amp is 0.09032171874904482
2023-07-05 22:01:27,700 -  [BaseBLDC] left stroke amp is -0.0903211208046929
2023-07-05 22:01:27,702 -  [BaseBLDC] right target amplitude is 0.311051611854332
2023-07-05 22:01:27,703 -  [BaseBLDC] left target amplitude is -0.311051611854332
2023-07-05 22:01:27,809 -  [BaseBLDC] right stroke amp is 0.11239476781453833
2023-07-05 22:01:27,809 -  [BaseBLDC] left stroke amp is -0.11239409517793887
2023-07-05 22:01:27,812 -  [BaseBLDC] right target amplitude is 0.348517140790926
2023-07-05 22:01:27,813 -  [BaseBLDC] left target amplitude is -0.348517140790926
2023-07-05 22:01:27,920 -  [BaseBLDC] right stroke amp is 0.13600705932247167
2023-07-05 22:01:27,920 -  [BaseBLDC] left stroke amp is -0.13600633192159672
2023-07-05 22:01:27,923 -  [BaseBLDC] right target amplitude is 0.385487439346237
2023-07-05 22:01:27,923 -  [BaseBLDC] left target amplitude is -0.385487439346237
2023-07-05 22:01:28,030 -  [BaseBLDC] right stroke amp is 0.1609551491212023
2023-07-05 22:01:28,030 -  [BaseBLDC] left stroke amp is -0.16095437783735492
2023-07-05 22:01:28,033 -  [BaseBLDC] right target amplitude is 0.421909974049254
2023-07-05 22:01:28,033 -  [BaseBLDC] left target amplitude is -0.421909974049254
2023-07-05 22:01:28,140 -  [BaseBLDC] right stroke amp is 0.1870506751343532
2023-07-05 22:01:28,140 -  [BaseBLDC] left stroke amp is -0.18704988295567582
2023-07-05 22:01:28,144 -  [BaseBLDC] right target amplitude is 0.457732989781741
2023-07-05 22:01:28,144 -  [BaseBLDC] left target amplitude is -0.457732989781741
2023-07-05 22:01:28,251 -  [BaseBLDC] right stroke amp is 0.21411888590099654
2023-07-05 22:01:28,252 -  [BaseBLDC] left stroke amp is -0.21411819363828238
2023-07-05 22:01:28,254 -  [BaseBLDC] right target amplitude is 0.492905583320407
2023-07-05 22:01:28,254 -  [BaseBLDC] left target amplitude is -0.492905583320407
2023-07-05 22:01:28,362 -  [BaseBLDC] right stroke amp is 0.24199753273269897
2023-07-05 22:01:28,363 -  [BaseBLDC] left stroke amp is -0.2419969326064948
2023-07-05 22:01:28,366 -  [BaseBLDC] right target amplitude is 0.527377775668558
2023-07-05 22:01:28,366 -  [BaseBLDC] left target amplitude is -0.527377775668558
2023-07-05 22:01:28,474 -  [BaseBLDC] right stroke amp is 0.2705355363296059
2023-07-05 22:01:28,474 -  [BaseBLDC] left stroke amp is -0.2705350169127011
2023-07-05 22:01:28,477 -  [BaseBLDC] right target amplitude is 0.561100583074469
2023-07-05 22:01:28,478 -  [BaseBLDC] left target amplitude is -0.561100583074469
2023-07-05 22:01:28,584 -  [BaseBLDC] right stroke amp is 0.29959202242359806
2023-07-05 22:01:28,585 -  [BaseBLDC] left stroke amp is -0.29959157352887783
2023-07-05 22:01:28,587 -  [BaseBLDC] right target amplitude is 0.594026086635535
2023-07-05 22:01:28,588 -  [BaseBLDC] left target amplitude is -0.594026086635535
2023-07-05 22:01:28,694 -  [BaseBLDC] right stroke amp is 0.329035412298366
2023-07-05 22:01:28,695 -  [BaseBLDC] left stroke amp is -0.32903502483954356
2023-07-05 22:01:28,697 -  [BaseBLDC] right target amplitude is 0.626107500389324
2023-07-05 22:01:28,698 -  [BaseBLDC] left target amplitude is -0.626107500389324
2023-07-05 22:01:28,805 -  [BaseBLDC] right stroke amp is 0.35874259895708527
2023-07-05 22:01:28,805 -  [BaseBLDC] left stroke amp is -0.35874227239452156
2023-07-05 22:01:28,808 -  [BaseBLDC] right target amplitude is 0.657299237794749
2023-07-05 22:01:28,808 -  [BaseBLDC] left target amplitude is -0.657299237794749
2023-07-05 22:01:28,916 -  [BaseBLDC] right stroke amp is 0.38859824358654343
2023-07-05 22:01:28,916 -  [BaseBLDC] left stroke amp is -0.38859796893454435
2023-07-05 22:01:28,919 -  [BaseBLDC] right target amplitude is 0.687556976508922
2023-07-05 22:01:28,919 -  [BaseBLDC] left target amplitude is -0.687556976508922
2023-07-05 22:01:29,028 -  [BaseBLDC] right stroke amp is 0.41849410044976376
2023-07-05 22:01:29,028 -  [BaseBLDC] left stroke amp is -0.4184938696919821
2023-07-05 22:01:29,031 -  [BaseBLDC] right target amplitude is 0.716837721367612
2023-07-05 22:01:29,031 -  [BaseBLDC] left target amplitude is -0.716837721367612
2023-07-05 22:01:29,139 -  [BaseBLDC] right stroke amp is 0.44832844177952097
2023-07-05 22:01:29,139 -  [BaseBLDC] left stroke amp is -0.44832825485954514
2023-07-05 22:01:29,142 -  [BaseBLDC] right target amplitude is 0.745099865479846
2023-07-05 22:01:29,143 -  [BaseBLDC] left target amplitude is -0.745099865479846
2023-07-05 22:01:29,250 -  [BaseBLDC] right stroke amp is 0.4780055674914279
2023-07-05 22:01:29,250 -  [BaseBLDC] left stroke amp is -0.4780054159215752
2023-07-05 22:01:29,304 -  [BaseBLDC] right target amplitude is 0.772303249349808
2023-07-05 22:01:29,304 -  [BaseBLDC] left target amplitude is -0.772303249349808
2023-07-05 22:01:29,408 -  [BaseBLDC] right stroke amp is 0.5074353164993544
2023-07-05 22:01:29,408 -  [BaseBLDC] left stroke amp is -0.5074351992643985
2023-07-05 22:01:29,411 -  [BaseBLDC] right target amplitude is 0.798409217942060
2023-07-05 22:01:29,412 -  [BaseBLDC] left target amplitude is -0.798409217942060
2023-07-05 22:01:29,519 -  [BaseBLDC] right stroke amp is 0.5365326866411885
2023-07-05 22:01:29,520 -  [BaseBLDC] left stroke amp is -0.5365326011321647
2023-07-05 22:01:29,523 -  [BaseBLDC] right target amplitude is 0.823380675608962
2023-07-05 22:01:29,523 -  [BaseBLDC] left target amplitude is -0.823380675608962
2023-07-05 22:01:29,627 -  [BaseBLDC] right stroke amp is 0.5652174687845334
2023-07-05 22:01:29,628 -  [BaseBLDC] left stroke amp is -0.5652174085798445
2023-07-05 22:01:29,630 -  [BaseBLDC] right target amplitude is 0.847182138802268
2023-07-05 22:01:29,630 -  [BaseBLDC] left target amplitude is -0.847182138802268
2023-07-05 22:01:29,739 -  [BaseBLDC] right stroke amp is 0.5934139179342622
2023-07-05 22:01:29,739 -  [BaseBLDC] left stroke amp is -0.5934138816020867
2023-07-05 22:01:29,742 -  [BaseBLDC] right target amplitude is 0.869779786493985
2023-07-05 22:01:29,743 -  [BaseBLDC] left target amplitude is -0.869779786493985
2023-07-05 22:01:29,850 -  [BaseBLDC] right stroke amp is 0.6210505273802414
2023-07-05 22:01:29,850 -  [BaseBLDC] left stroke amp is -0.6210504720912765
2023-07-05 22:01:29,853 -  [BaseBLDC] right target amplitude is 0.891141508234850
2023-07-05 22:01:29,854 -  [BaseBLDC] left target amplitude is -0.891141508234850
2023-07-05 22:01:29,960 -  [BaseBLDC] right stroke amp is 0.6480596482549927
2023-07-05 22:01:29,960 -  [BaseBLDC] left stroke amp is -0.6480595757056339
2023-07-05 22:01:29,963 -  [BaseBLDC] right target amplitude is 0.911236949782139
2023-07-05 22:01:29,963 -  [BaseBLDC] left target amplitude is -0.911236949782139
2023-07-05 22:01:30,072 -  [BaseBLDC] right stroke amp is 0.6743773937699625
2023-07-05 22:01:30,072 -  [BaseBLDC] left stroke amp is -0.6743773131132843
2023-07-05 22:01:30,075 -  [BaseBLDC] right target amplitude is 0.930037556231960
2023-07-05 22:01:30,075 -  [BaseBLDC] left target amplitude is -0.930037556231960
2023-07-05 22:01:30,184 -  [BaseBLDC] right stroke amp is 0.699943430734794
2023-07-05 22:01:30,185 -  [BaseBLDC] left stroke amp is -0.6999433374251518
2023-07-05 22:01:30,187 -  [BaseBLDC] right target amplitude is 0.947516612594763
2023-07-05 22:01:30,188 -  [BaseBLDC] left target amplitude is -0.947516612594763
2023-07-05 22:01:30,294 -  [BaseBLDC] right stroke amp is 0.7247007660165079
2023-07-05 22:01:30,294 -  [BaseBLDC] left stroke amp is -0.7247006649421129
2023-07-05 22:01:30,297 -  [BaseBLDC] right target amplitude is 0.963649281756389
2023-07-05 22:01:30,297 -  [BaseBLDC] left target amplitude is -0.963649281756389
2023-07-05 22:01:30,406 -  [BaseBLDC] right stroke amp is 0.7485956380447251
2023-07-05 22:01:30,406 -  [BaseBLDC] left stroke amp is -0.7485955266235406
2023-07-05 22:01:30,409 -  [BaseBLDC] right target amplitude is 0.978412639770728
2023-07-05 22:01:30,409 -  [BaseBLDC] left target amplitude is -0.978412639770728
2023-07-05 22:01:30,516 -  [BaseBLDC] right stroke amp is 0.7715773538387803
2023-07-05 22:01:30,516 -  [BaseBLDC] left stroke amp is -0.7715772379382594
2023-07-05 22:01:30,519 -  [BaseBLDC] right target amplitude is 0.991785708433832
2023-07-05 22:01:30,519 -  [BaseBLDC] left target amplitude is -0.991785708433832
2023-07-05 22:01:30,628 -  [BaseBLDC] right stroke amp is 0.7935982070014137
2023-07-05 22:01:30,629 -  [BaseBLDC] left stroke amp is -0.7935980849878167
2023-07-05 22:01:30,631 -  [BaseBLDC] right target amplitude is 1.00374948509320
2023-07-05 22:01:30,632 -  [BaseBLDC] left target amplitude is -1.00374948509320
2023-07-05 22:01:30,740 -  [BaseBLDC] right stroke amp is 0.8146133545266137
2023-07-05 22:01:30,740 -  [BaseBLDC] left stroke amp is -0.814613224998355
2023-07-05 22:01:30,743 -  [BaseBLDC] right target amplitude is 1.01428696964987
2023-07-05 22:01:30,743 -  [BaseBLDC] left target amplitude is -1.01428696964987
2023-07-05 22:01:30,851 -  [BaseBLDC] right stroke amp is 0.8345807376910764
2023-07-05 22:01:30,852 -  [BaseBLDC] left stroke amp is -0.8345805994635064
2023-07-05 22:01:30,855 -  [BaseBLDC] right target amplitude is 1.02338318871496
2023-07-05 22:01:30,855 -  [BaseBLDC] left target amplitude is -1.02338318871496
2023-07-05 22:01:30,962 -  [BaseBLDC] right stroke amp is 0.8534609982741039
2023-07-05 22:01:30,962 -  [BaseBLDC] left stroke amp is -0.8534608583886518
2023-07-05 22:01:30,965 -  [BaseBLDC] right target amplitude is 1.03102521688633
2023-07-05 22:01:30,965 -  [BaseBLDC] left target amplitude is -1.03102521688633
2023-07-05 22:01:31,073 -  [BaseBLDC] right stroke amp is 0.8712174367782909
2023-07-05 22:01:31,073 -  [BaseBLDC] left stroke amp is -0.8712172942384195
2023-07-05 22:01:31,076 -  [BaseBLDC] right target amplitude is 1.03720219511510
2023-07-05 22:01:31,076 -  [BaseBLDC] left target amplitude is -1.03720219511510
2023-07-05 22:01:31,185 -  [BaseBLDC] right stroke amp is 0.8878159303593629
2023-07-05 22:01:31,185 -  [BaseBLDC] left stroke amp is -0.8878157843260875
2023-07-05 22:01:31,188 -  [BaseBLDC] right target amplitude is 1.04190534613600
2023-07-05 22:01:31,189 -  [BaseBLDC] left target amplitude is -1.04190534613600
2023-07-05 22:01:31,296 -  [BaseBLDC] right stroke amp is 0.9032248907257016
2023-07-05 22:01:31,296 -  [BaseBLDC] left stroke amp is -0.9032247405070783
2023-07-05 22:01:31,299 -  [BaseBLDC] right target amplitude is 1.04512798693952
2023-07-05 22:01:31,299 -  [BaseBLDC] left target amplitude is -1.04512798693952
2023-07-05 22:01:31,407 -  [BaseBLDC] right stroke amp is 0.9174152201109805
2023-07-05 22:01:31,407 -  [BaseBLDC] left stroke amp is -0.9174150651503228
2023-07-05 22:01:31,410 -  [BaseBLDC] right target amplitude is 1.04686553826828
2023-07-05 22:01:31,410 -  [BaseBLDC] left target amplitude is -1.04686553826828
2023-07-05 22:01:31,517 -  [BaseBLDC] right stroke amp is 0.9303602725970018
2023-07-05 22:01:31,518 -  [BaseBLDC] left stroke amp is -0.9303601124621187
2023-07-05 22:01:31,521 -  [BaseBLDC] right target amplitude is 1.04711553112394
2023-07-05 22:01:31,521 -  [BaseBLDC] left target amplitude is -1.04711553112394
2023-07-05 22:01:31,627 -  [BaseBLDC] right stroke amp is 0.9420358199549687
2023-07-05 22:01:31,627 -  [BaseBLDC] left stroke amp is -0.9420356543283008
2023-07-05 22:01:31,630 -  [BaseBLDC] right target amplitude is 1.04587761027559
2023-07-05 22:01:31,630 -  [BaseBLDC] left target amplitude is -1.04587761027559
2023-07-05 22:01:31,738 -  [BaseBLDC] right stroke amp is 0.9524200212534961
2023-07-05 22:01:31,738 -  [BaseBLDC] left stroke amp is -0.9524198499230293
2023-07-05 22:01:31,741 -  [BaseBLDC] right target amplitude is 1.04315353476450
2023-07-05 22:01:31,741 -  [BaseBLDC] left target amplitude is -1.04315353476450
2023-07-05 22:01:31,849 -  [BaseBLDC] right stroke amp is 0.9614933955563209
2023-07-05 22:01:31,849 -  [BaseBLDC] left stroke amp is -0.9614932184071759
2023-07-05 22:01:31,852 -  [BaseBLDC] right target amplitude is 1.03894717540461
2023-07-05 22:01:31,853 -  [BaseBLDC] left target amplitude is -1.03894717540461
2023-07-05 22:01:31,961 -  [BaseBLDC] right stroke amp is 0.9692387890581156
2023-07-05 22:01:31,961 -  [BaseBLDC] left stroke amp is -0.9692386141069191
2023-07-05 22:01:31,965 -  [BaseBLDC] right target amplitude is 1.03326450928223
2023-07-05 22:01:31,965 -  [BaseBLDC] left target amplitude is -1.03326450928223
2023-07-05 22:01:32,072 -  [BaseBLDC] right stroke amp is 0.9756413769438127
2023-07-05 22:01:32,072 -  [BaseBLDC] left stroke amp is -0.97564120362445
2023-07-05 22:01:32,075 -  [BaseBLDC] right target amplitude is 1.02611361126279
2023-07-05 22:01:32,075 -  [BaseBLDC] left target amplitude is -1.02611361126279
2023-07-05 22:01:32,183 -  [BaseBLDC] right stroke amp is 0.980688616533586
2023-07-05 22:01:32,184 -  [BaseBLDC] left stroke amp is -0.9806884443882844
2023-07-05 22:01:32,186 -  [BaseBLDC] right target amplitude is 1.01750464251679
2023-07-05 22:01:32,187 -  [BaseBLDC] left target amplitude is -1.01750464251679
2023-07-05 22:01:32,293 -  [BaseBLDC] right stroke amp is 0.9843702355303944
2023-07-05 22:01:32,294 -  [BaseBLDC] left stroke amp is -0.9843700642011354
2023-07-05 22:01:32,296 -  [BaseBLDC] right target amplitude is 1.00744983608109
2023-07-05 22:01:32,297 -  [BaseBLDC] left target amplitude is -1.00744983608109
2023-07-05 22:01:32,404 -  [BaseBLDC] right stroke amp is 0.9866782121700673
2023-07-05 22:01:32,405 -  [BaseBLDC] left stroke amp is -0.9866780413891307
2023-07-05 22:01:32,407 -  [BaseBLDC] right target amplitude is 0.995963479476208
2023-07-05 22:01:32,408 -  [BaseBLDC] left target amplitude is -0.995963479476208
2023-07-05 22:01:32,515 -  [BaseBLDC] right stroke amp is 0.9876067556165814
2023-07-05 22:01:32,515 -  [BaseBLDC] left stroke amp is -0.9876065851978385
2023-07-05 22:01:32,518 -  [BaseBLDC] right target amplitude is 0.983061894404285
2023-07-05 22:01:32,518 -  [BaseBLDC] left target amplitude is -0.983061894404285
2023-07-05 22:01:32,626 -  [BaseBLDC] right stroke amp is 0.9871522862876048
2023-07-05 22:01:32,626 -  [BaseBLDC] left stroke amp is -0.9871521161184831
2023-07-05 22:01:32,629 -  [BaseBLDC] right target amplitude is 0.968763413556498
2023-07-05 22:01:32,630 -  [BaseBLDC] left target amplitude is -0.968763413556498
2023-07-05 22:01:32,737 -  [BaseBLDC] right stroke amp is 0.9853134158312243
2023-07-05 22:01:32,737 -  [BaseBLDC] left stroke amp is -0.9853132458622845
2023-07-05 22:01:32,740 -  [BaseBLDC] right target amplitude is 0.953088354562969
2023-07-05 22:01:32,740 -  [BaseBLDC] left target amplitude is -0.953088354562969
2023-07-05 22:01:32,849 -  [BaseBLDC] right stroke amp is 0.9820909265339043
2023-07-05 22:01:32,850 -  [BaseBLDC] left stroke amp is -0.982090756732353
2023-07-05 22:01:32,852 -  [BaseBLDC] right target amplitude is 0.936058991122128
2023-07-05 22:01:32,853 -  [BaseBLDC] left target amplitude is -0.936058991122128
2023-07-05 22:01:32,960 -  [BaseBLDC] right stroke amp is 0.9774877498358822
2023-07-05 22:01:32,961 -  [BaseBLDC] left stroke amp is -0.9774875801713305
2023-07-05 22:01:32,963 -  [BaseBLDC] right target amplitude is 0.917699521350579
2023-07-05 22:01:32,964 -  [BaseBLDC] left target amplitude is -0.917699521350579
2023-07-05 22:01:33,071 -  [BaseBLDC] right stroke amp is 0.9715089437685747
2023-07-05 22:01:33,072 -  [BaseBLDC] left stroke amp is -0.9715087742892553
2023-07-05 22:01:33,075 -  [BaseBLDC] right target amplitude is 0.898036033398437
2023-07-05 22:01:33,075 -  [BaseBLDC] left target amplitude is -0.898036033398437
2023-07-05 22:01:33,181 -  [BaseBLDC] right stroke amp is 0.9641616106917805
2023-07-05 22:01:33,181 -  [BaseBLDC] left stroke amp is -0.9641615529309808
2023-07-05 22:01:33,184 -  [BaseBLDC] right target amplitude is 0.877096468378990
2023-07-05 22:01:33,184 -  [BaseBLDC] left target amplitude is -0.877096468378990
2023-07-05 22:01:33,292 -  [BaseBLDC] right stroke amp is 0.955455054207228
2023-07-05 22:01:33,293 -  [BaseBLDC] left stroke amp is -0.9554550974736787
2023-07-05 22:01:33,296 -  [BaseBLDC] right target amplitude is 0.854910580665373
2023-07-05 22:01:33,296 -  [BaseBLDC] left target amplitude is -0.854910580665373
2023-07-05 22:01:33,403 -  [BaseBLDC] right stroke amp is 0.9454005644259216
2023-07-05 22:01:33,404 -  [BaseBLDC] left stroke amp is -0.9454006990067441
2023-07-05 22:01:33,406 -  [BaseBLDC] right target amplitude is 0.831509895610660
2023-07-05 22:01:33,407 -  [BaseBLDC] left target amplitude is -0.831509895610660
2023-07-05 22:01:33,514 -  [BaseBLDC] right stroke amp is 0.9340114550791744
2023-07-05 22:01:33,514 -  [BaseBLDC] left stroke amp is -0.9340116719244531
2023-07-05 22:01:33,517 -  [BaseBLDC] right target amplitude is 0.806927664751456
2023-07-05 22:01:33,517 -  [BaseBLDC] left target amplitude is -0.806927664751456
2023-07-05 22:01:33,625 -  [BaseBLDC] right stroke amp is 0.9213030337613052
2023-07-05 22:01:33,625 -  [BaseBLDC] left stroke amp is -0.9213033242312108
2023-07-05 22:01:33,628 -  [BaseBLDC] right target amplitude is 0.781198818558652
2023-07-05 22:01:33,629 -  [BaseBLDC] left target amplitude is -0.781198818558652
2023-07-05 22:01:33,736 -  [BaseBLDC] right stroke amp is 0.9072925702853082
2023-07-05 22:01:33,736 -  [BaseBLDC] left stroke amp is -0.9072929262646113
2023-07-05 22:01:33,739 -  [BaseBLDC] right target amplitude is 0.754359916802466
2023-07-05 22:01:33,739 -  [BaseBLDC] left target amplitude is -0.754359916802466
2023-07-05 22:01:33,848 -  [BaseBLDC] right stroke amp is 0.8919992632269294
2023-07-05 22:01:33,848 -  [BaseBLDC] left stroke amp is -0.8919996775982182
2023-07-05 22:01:33,851 -  [BaseBLDC] right target amplitude is 0.726449096602309
2023-07-05 22:01:33,851 -  [BaseBLDC] left target amplitude is -0.726449096602309
2023-07-05 22:01:33,959 -  [BaseBLDC] right stroke amp is 0.8754442049052171
2023-07-05 22:01:33,960 -  [BaseBLDC] left stroke amp is -0.8754446716999627
2023-07-05 22:01:33,962 -  [BaseBLDC] right target amplitude is 0.697506018235303
2023-07-05 22:01:33,963 -  [BaseBLDC] left target amplitude is -0.697506018235303
2023-07-05 22:01:34,071 -  [BaseBLDC] right stroke amp is 0.8576503444883796
2023-07-05 22:01:34,071 -  [BaseBLDC] left stroke amp is -0.857650858652356
2023-07-05 22:01:34,074 -  [BaseBLDC] right target amplitude is 0.667571808780440
2023-07-05 22:01:34,075 -  [BaseBLDC] left target amplitude is -0.667571808780440
2023-07-05 22:01:34,182 -  [BaseBLDC] right stroke amp is 0.8386424489437493
2023-07-05 22:01:34,182 -  [BaseBLDC] left stroke amp is -0.8386430062284023
2023-07-05 22:01:34,185 -  [BaseBLDC] right target amplitude is 0.636689003678465
2023-07-05 22:01:34,185 -  [BaseBLDC] left target amplitude is -0.636689003678465
2023-07-05 22:01:34,293 -  [BaseBLDC] right stroke amp is 0.8184470620863005
2023-07-05 22:01:34,294 -  [BaseBLDC] left stroke amp is -0.818447658968967
2023-07-05 22:01:34,296 -  [BaseBLDC] right target amplitude is 0.604901486290540
2023-07-05 22:01:34,296 -  [BaseBLDC] left target amplitude is -0.604901486290540
2023-07-05 22:01:34,403 -  [BaseBLDC] right stroke amp is 0.7970924617193114
2023-07-05 22:01:34,403 -  [BaseBLDC] left stroke amp is -0.7970930952568022
2023-07-05 22:01:34,406 -  [BaseBLDC] right target amplitude is 0.572254425541553
2023-07-05 22:01:34,407 -  [BaseBLDC] left target amplitude is -0.572254425541553
2023-07-05 22:01:34,513 -  [BaseBLDC] right stroke amp is 0.7746086148236923
2023-07-05 22:01:34,513 -  [BaseBLDC] left stroke amp is -0.7746092824494037
2023-07-05 22:01:34,516 -  [BaseBLDC] right target amplitude is 0.538794211736684
2023-07-05 22:01:34,516 -  [BaseBLDC] left target amplitude is -0.538794211736684
2023-07-05 22:01:34,624 -  [BaseBLDC] right stroke amp is 0.7510271308531236
2023-07-05 22:01:34,624 -  [BaseBLDC] left stroke amp is -0.7510278300258758
2023-07-05 22:01:34,627 -  [BaseBLDC] right target amplitude is 0.504568390642449
2023-07-05 22:01:34,628 -  [BaseBLDC] left target amplitude is -0.504568390642449
2023-07-05 22:01:34,735 -  [BaseBLDC] right stroke amp is 0.7263812131267964
2023-07-05 22:01:34,735 -  [BaseBLDC] left stroke amp is -0.726381940802486
2023-07-05 22:01:34,738 -  [BaseBLDC] right target amplitude is 0.469625595925861
2023-07-05 22:01:34,738 -  [BaseBLDC] left target amplitude is -0.469625595925861
2023-07-05 22:01:34,846 -  [BaseBLDC] right stroke amp is 0.7007056083686928
2023-07-05 22:01:34,847 -  [BaseBLDC] left stroke amp is -0.7007063602166539
2023-07-05 22:01:34,849 -  [BaseBLDC] right target amplitude is 0.434015480047730
2023-07-05 22:01:34,850 -  [BaseBLDC] left target amplitude is -0.434015480047730
2023-07-05 22:01:34,957 -  [BaseBLDC] right stroke amp is 0.6740365324344066
2023-07-05 22:01:34,957 -  [BaseBLDC] left stroke amp is -0.6740373512731678
2023-07-05 22:01:34,960 -  [BaseBLDC] right target amplitude is 0.397788643708292
2023-07-05 22:01:34,960 -  [BaseBLDC] left target amplitude is -0.397788643708292
2023-07-05 22:01:35,069 -  [BaseBLDC] right stroke amp is 0.6464117627366841
2023-07-05 22:01:35,069 -  [BaseBLDC] left stroke amp is -0.6464124805166802
2023-07-05 22:01:35,072 -  [BaseBLDC] right target amplitude is 0.360996563945434
2023-07-05 22:01:35,073 -  [BaseBLDC] left target amplitude is -0.360996563945434
2023-07-05 22:01:35,181 -  [BaseBLDC] right stroke amp is 0.6178702586113863
2023-07-05 22:01:35,181 -  [BaseBLDC] left stroke amp is -0.6178708888595555
2023-07-05 22:01:35,184 -  [BaseBLDC] right target amplitude is 0.323691520987658
2023-07-05 22:01:35,184 -  [BaseBLDC] left target amplitude is -0.323691520987658
2023-07-05 22:01:35,292 -  [BaseBLDC] right stroke amp is 0.5884524004451506
2023-07-05 22:01:35,292 -  [BaseBLDC] left stroke amp is -0.5884529520723658
2023-07-05 22:01:35,296 -  [BaseBLDC] right target amplitude is 0.285926523965756
2023-07-05 22:01:35,296 -  [BaseBLDC] left target amplitude is -0.285926523965756
2023-07-05 22:01:35,403 -  [BaseBLDC] right stroke amp is 0.5581998282171717
2023-07-05 22:01:35,403 -  [BaseBLDC] left stroke amp is -0.5582003092617048
2023-07-05 22:01:35,406 -  [BaseBLDC] right target amplitude is 0.247755235588734
2023-07-05 22:01:35,407 -  [BaseBLDC] left target amplitude is -0.247755235588734
2023-07-05 22:01:35,512 -  [BaseBLDC] right stroke amp is 0.5271553841777564
2023-07-05 22:01:35,512 -  [BaseBLDC] left stroke amp is -0.5271558018944078
2023-07-05 22:01:35,515 -  [BaseBLDC] right target amplitude is 0.209231895891031
2023-07-05 22:01:35,516 -  [BaseBLDC] left target amplitude is -0.209231895891031
2023-07-05 22:01:35,624 -  [BaseBLDC] right stroke amp is 0.4953630581525561
2023-07-05 22:01:35,624 -  [BaseBLDC] left stroke amp is -0.49536341129407013
2023-07-05 22:01:35,627 -  [BaseBLDC] right target amplitude is 0.170411245159369
2023-07-05 22:01:35,627 -  [BaseBLDC] left target amplitude is -0.170411245159369
2023-07-05 22:01:35,733 -  [BaseBLDC] right stroke amp is 0.462867899293304
2023-07-05 22:01:35,733 -  [BaseBLDC] left stroke amp is -0.4628681946806
2023-07-05 22:01:35,736 -  [BaseBLDC] right target amplitude is 0.131348446148775
2023-07-05 22:01:35,736 -  [BaseBLDC] left target amplitude is -0.131348446148775
2023-07-05 22:01:35,842 -  [BaseBLDC] right stroke amp is 0.4297159760169343
2023-07-05 22:01:35,842 -  [BaseBLDC] left stroke amp is -0.4297162198274175
2023-07-05 22:01:35,845 -  [BaseBLDC] right target amplitude is 0.0920990056982888
2023-07-05 22:01:35,846 -  [BaseBLDC] left target amplitude is -0.0920990056982888
2023-07-05 22:01:35,952 -  [BaseBLDC] right stroke amp is 0.3959543005833537
2023-07-05 22:01:35,953 -  [BaseBLDC] left stroke amp is -0.3959544984145046
2023-07-05 22:01:35,956 -  [BaseBLDC] right target amplitude is 0.0527186958577289
2023-07-05 22:01:35,956 -  [BaseBLDC] left target amplitude is -0.0527186958577289
2023-07-05 22:01:36,064 -  [BaseBLDC] right stroke amp is 0.36163076122999804
2023-07-05 22:01:36,064 -  [BaseBLDC] left stroke amp is -0.36163091815882703
2023-07-05 22:01:36,067 -  [BaseBLDC] right target amplitude is 0.0132634746376215
2023-07-05 22:01:36,068 -  [BaseBLDC] left target amplitude is -0.0132634746376215
2023-07-05 22:01:36,176 -  [BaseBLDC] right stroke amp is 0.326794053170408
2023-07-05 22:01:36,177 -  [BaseBLDC] left stroke amp is -0.3267941738067065
2023-07-05 22:01:36,180 -  [BaseBLDC] right target amplitude is -0.0262105935051284
2023-07-05 22:01:36,180 -  [BaseBLDC] left target amplitude is 0.0262105935051284
2023-07-05 22:01:36,288 -  [BaseBLDC] right stroke amp is 0.29149360854142203
2023-07-05 22:01:36,288 -  [BaseBLDC] left stroke amp is -0.29149369707552303
2023-07-05 22:01:36,291 -  [BaseBLDC] right target amplitude is -0.0656474173328172
2023-07-05 22:01:36,291 -  [BaseBLDC] left target amplitude is 0.0656474173328172
2023-07-05 22:01:36,400 -  [BaseBLDC] right stroke amp is 0.2557795253891359
2023-07-05 22:01:36,401 -  [BaseBLDC] left stroke amp is -0.255779585634689
2023-07-05 22:01:36,404 -  [BaseBLDC] right target amplitude is -0.104990958530573
2023-07-05 22:01:36,404 -  [BaseBLDC] left target amplitude is 0.104990958530573
2023-07-05 22:01:36,511 -  [BaseBLDC] right stroke amp is 0.21970249578598022
2023-07-05 22:01:36,511 -  [BaseBLDC] left stroke amp is -0.21970253121816286
2023-07-05 22:01:36,514 -  [BaseBLDC] right target amplitude is -0.144185311334791
2023-07-05 22:01:36,514 -  [BaseBLDC] left target amplitude is 0.144185311334791
2023-07-05 22:01:36,622 -  [BaseBLDC] right stroke amp is 0.18331373317321328
2023-07-05 22:01:36,622 -  [BaseBLDC] left stroke amp is -0.1833137469628675
2023-07-05 22:01:36,625 -  [BaseBLDC] right target amplitude is -0.183174781973219
2023-07-05 22:01:36,626 -  [BaseBLDC] left target amplitude is 0.183174781973219
2023-07-05 22:01:36,732 -  [BaseBLDC] right stroke amp is 0.14666489902521668
2023-07-05 22:01:36,732 -  [BaseBLDC] left stroke amp is -0.14666489406925887
2023-07-05 22:01:36,735 -  [BaseBLDC] right target amplitude is -0.221903967803803
2023-07-05 22:01:36,735 -  [BaseBLDC] left target amplitude is 0.221903967803803
2023-07-05 22:01:36,844 -  [BaseBLDC] right stroke amp is 0.10980802893341615
2023-07-05 22:01:36,844 -  [BaseBLDC] left stroke amp is -0.10980800788195272
2023-07-05 22:01:36,847 -  [BaseBLDC] right target amplitude is -0.260317836039854
2023-07-05 22:01:36,847 -  [BaseBLDC] left target amplitude is 0.260317836039854
2023-07-05 22:01:36,955 -  [BaseBLDC] right stroke amp is 0.07279545820938124
2023-07-05 22:01:36,955 -  [BaseBLDC] left stroke amp is -0.07279542348977203
2023-07-05 22:01:36,958 -  [BaseBLDC] right target amplitude is -0.298361801949668
2023-07-05 22:01:36,958 -  [BaseBLDC] left target amplitude is 0.298361801949668
2023-07-05 22:01:37,066 -  [BaseBLDC] right stroke amp is 0.035679754861796996
2023-07-05 22:01:37,067 -  [BaseBLDC] left stroke amp is -0.03567970094582804
2023-07-05 22:01:37,070 -  [BaseBLDC] right target amplitude is -0.335981806419460
2023-07-05 22:01:37,070 -  [BaseBLDC] left target amplitude is 0.335981806419460
2023-07-05 22:01:37,179 -  [BaseBLDC] right stroke amp is -0.0014863799619442009
2023-07-05 22:01:37,179 -  [BaseBLDC] left stroke amp is 0.0014864497907007973
2023-07-05 22:01:37,182 -  [BaseBLDC] right target amplitude is -0.373124392769437
2023-07-05 22:01:37,182 -  [BaseBLDC] left target amplitude is 0.373124392769437
2023-07-05 22:01:37,289 -  [BaseBLDC] right stroke amp is -0.03865016136496501
2023-07-05 22:01:37,289 -  [BaseBLDC] left stroke amp is 0.03865024408857441
2023-07-05 22:01:37,292 -  [BaseBLDC] right target amplitude is -0.409736782713815
2023-07-05 22:01:37,293 -  [BaseBLDC] left target amplitude is 0.409736782713815
2023-07-05 22:01:37,400 -  [BaseBLDC] right stroke amp is -0.07575880510544587
2023-07-05 22:01:37,400 -  [BaseBLDC] left stroke amp is 0.0757588979510985
2023-07-05 22:01:37,403 -  [BaseBLDC] right target amplitude is -0.445766951356874
2023-07-05 22:01:37,404 -  [BaseBLDC] left target amplitude is 0.445766951356874
2023-07-05 22:01:37,511 -  [BaseBLDC] right stroke amp is -0.1127596028735042
2023-07-05 22:01:37,512 -  [BaseBLDC] left stroke amp is 0.112759703291676
2023-07-05 22:01:37,514 -  [BaseBLDC] right target amplitude is -0.481163701118467
2023-07-05 22:01:37,515 -  [BaseBLDC] left target amplitude is 0.481163701118467
2023-07-05 22:01:37,620 -  [BaseBLDC] right stroke amp is -0.1495999974293047
2023-07-05 22:01:37,620 -  [BaseBLDC] left stroke amp is 0.14960010307435515
2023-07-05 22:01:37,623 -  [BaseBLDC] right target amplitude is -0.515876734483956
2023-07-05 22:01:37,623 -  [BaseBLDC] left target amplitude is 0.515876734483956
2023-07-05 22:01:37,731 -  [BaseBLDC] right stroke amp is -0.18622765041635467
2023-07-05 22:01:37,731 -  [BaseBLDC] left stroke amp is 0.18622776621531517
2023-07-05 22:01:37,734 -  [BaseBLDC] right target amplitude is -0.549856725475164
2023-07-05 22:01:37,735 -  [BaseBLDC] left target amplitude is 0.549856725475164
2023-07-05 22:01:37,842 -  [BaseBLDC] right stroke amp is -0.2225905397546507
2023-07-05 22:01:37,843 -  [BaseBLDC] left stroke amp is 0.22259066214130008
2023-07-05 22:01:37,845 -  [BaseBLDC] right target amplitude is -0.583055389740840
2023-07-05 22:01:37,846 -  [BaseBLDC] left target amplitude is 0.583055389740840
2023-07-05 22:01:37,953 -  [BaseBLDC] right stroke amp is -0.2586370092044879
2023-07-05 22:01:37,954 -  [BaseBLDC] left stroke amp is 0.25863713490125406
2023-07-05 22:01:37,956 -  [BaseBLDC] right target amplitude is -0.615425553166983
2023-07-05 22:01:37,956 -  [BaseBLDC] left target amplitude is 0.615425553166983
2023-07-05 22:01:38,062 -  [BaseBLDC] right stroke amp is -0.2943158440381435
2023-07-05 22:01:38,062 -  [BaseBLDC] left stroke amp is 0.29431597672782694
2023-07-05 22:01:38,065 -  [BaseBLDC] right target amplitude is -0.646921218909578
2023-07-05 22:01:38,065 -  [BaseBLDC] left target amplitude is 0.646921218909578
2023-07-05 22:01:38,174 -  [BaseBLDC] right stroke amp is -0.329576366101619
2023-07-05 22:01:38,175 -  [BaseBLDC] left stroke amp is 0.32957650094600205
2023-07-05 22:01:38,178 -  [BaseBLDC] right target amplitude is -0.677497632754464
2023-07-05 22:01:38,178 -  [BaseBLDC] left target amplitude is 0.677497632754464
2023-07-05 22:01:38,285 -  [BaseBLDC] right stroke amp is -0.36436847573584047
2023-07-05 22:01:38,285 -  [BaseBLDC] left stroke amp is 0.3643686141268482
2023-07-05 22:01:38,288 -  [BaseBLDC] right target amplitude is -0.707111346711471
2023-07-05 22:01:38,288 -  [BaseBLDC] left target amplitude is 0.707111346711471
2023-07-05 22:01:38,397 -  [BaseBLDC] right stroke amp is -0.39864274681371714
2023-07-05 22:01:38,397 -  [BaseBLDC] left stroke amp is 0.3986428873853105
2023-07-05 22:01:38,400 -  [BaseBLDC] right target amplitude is -0.735720280752471
2023-07-05 22:01:38,401 -  [BaseBLDC] left target amplitude is 0.735720280752471
2023-07-05 22:01:38,509 -  [BaseBLDC] right stroke amp is -0.43235047901836626
2023-07-05 22:01:38,510 -  [BaseBLDC] left stroke amp is 0.4323506267220265
2023-07-05 22:01:38,512 -  [BaseBLDC] right target amplitude is -0.763283782605585
2023-07-05 22:01:38,513 -  [BaseBLDC] left target amplitude is 0.763283782605585
2023-07-05 22:01:38,621 -  [BaseBLDC] right stroke amp is -0.46544383078261664
2023-07-05 22:01:38,622 -  [BaseBLDC] left stroke amp is 0.4654439423103824
2023-07-05 22:01:38,624 -  [BaseBLDC] right target amplitude is -0.789762685520621
2023-07-05 22:01:38,625 -  [BaseBLDC] left target amplitude is 0.789762685520621
2023-07-05 22:01:38,732 -  [BaseBLDC] right stroke amp is -0.49787573789686274
2023-07-05 22:01:38,732 -  [BaseBLDC] left stroke amp is 0.49787581663140623
2023-07-05 22:01:38,735 -  [BaseBLDC] right target amplitude is -0.815119363923624
2023-07-05 22:01:38,735 -  [BaseBLDC] left target amplitude is 0.815119363923624
2023-07-05 22:01:38,843 -  [BaseBLDC] right stroke amp is -0.5296001165633704
2023-07-05 22:01:38,844 -  [BaseBLDC] left stroke amp is 0.529600171360628
2023-07-05 22:01:38,846 -  [BaseBLDC] right target amplitude is -0.839317786881477
2023-07-05 22:01:38,847 -  [BaseBLDC] left target amplitude is 0.839317786881477
2023-07-05 22:01:38,954 -  [BaseBLDC] right stroke amp is -0.5605719063474603
2023-07-05 22:01:38,954 -  [BaseBLDC] left stroke amp is 0.5605719329127129
2023-07-05 22:01:38,957 -  [BaseBLDC] right target amplitude is -0.862323569300577
2023-07-05 22:01:38,957 -  [BaseBLDC] left target amplitude is 0.862323569300577
2023-07-05 22:01:39,066 -  [BaseBLDC] right stroke amp is -0.5907470920251578
2023-07-05 22:01:39,067 -  [BaseBLDC] left stroke amp is 0.5907470965514993
2023-07-05 22:01:39,071 -  [BaseBLDC] right target amplitude is -0.884104020786821
2023-07-05 22:01:39,071 -  [BaseBLDC] left target amplitude is 0.884104020786821
2023-07-05 22:01:39,177 -  [BaseBLDC] right stroke amp is -0.6200828005399979
2023-07-05 22:01:39,177 -  [BaseBLDC] left stroke amp is 0.6200827889750314
2023-07-05 22:01:39,180 -  [BaseBLDC] right target amplitude is -0.904628192097506
2023-07-05 22:01:39,180 -  [BaseBLDC] left target amplitude is 0.904628192097506
2023-07-05 22:01:39,289 -  [BaseBLDC] right stroke amp is -0.6485373581935093
2023-07-05 22:01:39,289 -  [BaseBLDC] left stroke amp is 0.6485373292872789
2023-07-05 22:01:39,292 -  [BaseBLDC] right target amplitude is -0.923866919119089
2023-07-05 22:01:39,292 -  [BaseBLDC] left target amplitude is 0.923866919119089
2023-07-05 22:01:39,399 -  [BaseBLDC] right stroke amp is -0.6760703356165902
2023-07-05 22:01:39,399 -  [BaseBLDC] left stroke amp is 0.67607028827046
2023-07-05 22:01:39,402 -  [BaseBLDC] right target amplitude is -0.941792864308365
2023-07-05 22:01:39,402 -  [BaseBLDC] left target amplitude is 0.941792864308365
2023-07-05 22:01:39,510 -  [BaseBLDC] right stroke amp is -0.7026426043656341
2023-07-05 22:01:39,511 -  [BaseBLDC] left stroke amp is 0.7026425458742505
2023-07-05 22:01:39,514 -  [BaseBLDC] right target amplitude is -0.958380555538140
2023-07-05 22:01:39,514 -  [BaseBLDC] left target amplitude is 0.958380555538140
2023-07-05 22:01:39,621 -  [BaseBLDC] right stroke amp is -0.7282164171661853
2023-07-05 22:01:39,621 -  [BaseBLDC] left stroke amp is 0.7282163468406394
2023-07-05 22:01:39,624 -  [BaseBLDC] right target amplitude is -0.973606422292221
2023-07-05 22:01:39,624 -  [BaseBLDC] left target amplitude is 0.973606422292221
2023-07-05 22:01:39,732 -  [BaseBLDC] right stroke amp is -0.7527554371308899
2023-07-05 22:01:39,733 -  [BaseBLDC] left stroke amp is 0.7527553543857975
2023-07-05 22:01:39,736 -  [BaseBLDC] right target amplitude is -0.987448829158284
2023-07-05 22:01:39,736 -  [BaseBLDC] left target amplitude is 0.987448829158284
2023-07-05 22:01:39,843 -  [BaseBLDC] right stroke amp is -0.7762247975107461
2023-07-05 22:01:39,843 -  [BaseBLDC] left stroke amp is 0.7762247018630462
2023-07-05 22:01:39,846 -  [BaseBLDC] right target amplitude is -0.999888106571025
2023-07-05 22:01:39,847 -  [BaseBLDC] left target amplitude is 0.999888106571025
2023-07-05 22:01:39,954 -  [BaseBLDC] right stroke amp is -0.798591151269301
2023-07-05 22:01:39,955 -  [BaseBLDC] left stroke amp is 0.798591042333844
2023-07-05 22:01:39,957 -  [BaseBLDC] right target amplitude is -1.01090657876192
2023-07-05 22:01:39,957 -  [BaseBLDC] left target amplitude is 1.01090657876192
2023-07-05 22:01:40,066 -  [BaseBLDC] right stroke amp is -0.8198227101300014
2023-07-05 22:01:40,066 -  [BaseBLDC] left stroke amp is 0.8198225959766513
2023-07-05 22:01:40,069 -  [BaseBLDC] right target amplitude is -1.02048858887585
2023-07-05 22:01:40,069 -  [BaseBLDC] left target amplitude is 1.02048858887585
2023-07-05 22:01:40,176 -  [BaseBLDC] right stroke amp is -0.8398893151404456
2023-07-05 22:01:40,177 -  [BaseBLDC] left stroke amp is 0.839889195266571
2023-07-05 22:01:40,180 -  [BaseBLDC] right target amplitude is -1.02862052121896
2023-07-05 22:01:40,180 -  [BaseBLDC] left target amplitude is 1.02862052121896
2023-07-05 22:01:40,288 -  [BaseBLDC] right stroke amp is -0.858762453867205
2023-07-05 22:01:40,288 -  [BaseBLDC] left stroke amp is 0.8587623278618098
2023-07-05 22:01:40,291 -  [BaseBLDC] right target amplitude is -1.03529082060606
2023-07-05 22:01:40,291 -  [BaseBLDC] left target amplitude is 1.03529082060606
2023-07-05 22:01:40,399 -  [BaseBLDC] right stroke amp is -0.8764153095959262
2023-07-05 22:01:40,399 -  [BaseBLDC] left stroke amp is 0.8764151771362352
2023-07-05 22:01:40,402 -  [BaseBLDC] right target amplitude is -1.04049000878015
2023-07-05 22:01:40,403 -  [BaseBLDC] left target amplitude is 1.04049000878015
2023-07-05 22:01:40,510 -  [BaseBLDC] right stroke amp is -0.8928227994546928
2023-07-05 22:01:40,510 -  [BaseBLDC] left stroke amp is 0.892822660300627
2023-07-05 22:01:40,513 -  [BaseBLDC] right target amplitude is -1.04421069788067
2023-07-05 22:01:40,513 -  [BaseBLDC] left target amplitude is 1.04421069788067
2023-07-05 22:01:40,622 -  [BaseBLDC] right stroke amp is -0.9079616100695961
2023-07-05 22:01:40,622 -  [BaseBLDC] left stroke amp is 0.9079614640586309
2023-07-05 22:01:40,625 -  [BaseBLDC] right target amplitude is -1.04644760094138
2023-07-05 22:01:40,625 -  [BaseBLDC] left target amplitude is 1.04644760094138
2023-07-05 22:01:40,733 -  [BaseBLDC] right stroke amp is -0.9218102307045651
2023-07-05 22:01:40,733 -  [BaseBLDC] left stroke amp is 0.9218100777469057
2023-07-05 22:01:40,736 -  [BaseBLDC] right target amplitude is -1.04719753940300
2023-07-05 22:01:40,736 -  [BaseBLDC] left target amplitude is 1.04719753940300
2023-07-05 22:01:40,844 -  [BaseBLDC] right stroke amp is -0.9343489838384686
2023-07-05 22:01:40,844 -  [BaseBLDC] left stroke amp is 0.9343488239125146
2023-07-05 22:01:40,847 -  [BaseBLDC] right target amplitude is -1.04645944762976
2023-07-05 22:01:40,847 -  [BaseBLDC] left target amplitude is 1.04645944762976
2023-07-05 22:01:40,956 -  [BaseBLDC] right stroke amp is -0.9455600531362028
2023-07-05 22:01:40,957 -  [BaseBLDC] left stroke amp is 0.9455598862842395
2023-07-05 22:01:40,959 -  [BaseBLDC] right target amplitude is -1.04423437442371
2023-07-05 22:01:40,959 -  [BaseBLDC] left target amplitude is 1.04423437442371
2023-07-05 22:01:41,066 -  [BaseBLDC] right stroke amp is -0.9554275007441185
2023-07-05 22:01:41,067 -  [BaseBLDC] left stroke amp is 0.9554273350981869
2023-07-05 22:01:41,070 -  [BaseBLDC] right target amplitude is -1.04052548153434
2023-07-05 22:01:41,070 -  [BaseBLDC] left target amplitude is 1.04052548153434
2023-07-05 22:01:41,177 -  [BaseBLDC] right stroke amp is -0.963937314646279
2023-07-05 22:01:41,177 -  [BaseBLDC] left stroke amp is 0.9639371497418024
2023-07-05 22:01:41,180 -  [BaseBLDC] right target amplitude is -1.03533803916588
2023-07-05 22:01:41,180 -  [BaseBLDC] left target amplitude is 1.03533803916588
2023-07-05 22:01:41,287 -  [BaseBLDC] right stroke amp is -0.9710774032221912
2023-07-05 22:01:41,288 -  [BaseBLDC] left stroke amp is 0.9710772386842101
2023-07-05 22:01:41,291 -  [BaseBLDC] right target amplitude is -1.02867941848852
2023-07-05 22:01:41,291 -  [BaseBLDC] left target amplitude is 1.02867941848852
2023-07-05 22:01:41,398 -  [BaseBLDC] right stroke amp is -0.9768376211278998
2023-07-05 22:01:41,398 -  [BaseBLDC] left stroke amp is 0.9768374566646406
2023-07-05 22:01:41,401 -  [BaseBLDC] right target amplitude is -1.02055908116423
2023-07-05 22:01:41,401 -  [BaseBLDC] left target amplitude is 1.02055908116423
2023-07-05 22:01:41,510 -  [BaseBLDC] right stroke amp is -0.9812097837192151
2023-07-05 22:01:41,510 -  [BaseBLDC] left stroke amp is 0.9812096191145995
2023-07-05 22:01:41,514 -  [BaseBLDC] right target amplitude is -1.01098856590210
2023-07-05 22:01:41,514 -  [BaseBLDC] left target amplitude is 1.01098856590210
2023-07-05 22:01:41,622 -  [BaseBLDC] right stroke amp is -0.9841876786866234
2023-07-05 22:01:41,623 -  [BaseBLDC] left stroke amp is 0.9841875137933497
2023-07-05 22:01:41,625 -  [BaseBLDC] right target amplitude is -0.999981472062218
2023-07-05 22:01:41,625 -  [BaseBLDC] left target amplitude is 0.999981472062218
2023-07-05 22:01:41,732 -  [BaseBLDC] right stroke amp is -0.9857670748871011
2023-07-05 22:01:41,732 -  [BaseBLDC] left stroke amp is 0.9857669096202365
2023-07-05 22:01:41,735 -  [BaseBLDC] right target amplitude is -0.987553440331459
2023-07-05 22:01:41,736 -  [BaseBLDC] left target amplitude is 0.987553440331459
2023-07-05 22:01:41,843 -  [BaseBLDC] right stroke amp is -0.9859457283603267
2023-07-05 22:01:41,843 -  [BaseBLDC] left stroke amp is 0.9859455626913587
2023-07-05 22:01:41,846 -  [BaseBLDC] right target amplitude is -0.973722130498641
2023-07-05 22:01:41,846 -  [BaseBLDC] left target amplitude is 0.973722130498641
2023-07-05 22:01:41,954 -  [BaseBLDC] right stroke amp is -0.9847233855207846
2023-07-05 22:01:41,954 -  [BaseBLDC] left stroke amp is 0.984723219472087
2023-07-05 22:01:41,957 -  [BaseBLDC] right target amplitude is -0.958507196360580
2023-07-05 22:01:41,957 -  [BaseBLDC] left target amplitude is 0.958507196360580
2023-07-05 22:01:42,065 -  [BaseBLDC] right stroke amp is -0.982101783538989
2023-07-05 22:01:42,065 -  [BaseBLDC] left stroke amp is 0.9821016171609362
2023-07-05 22:01:42,068 -  [BaseBLDC] right target amplitude is -0.941930257794745
2023-07-05 22:01:42,068 -  [BaseBLDC] left target amplitude is 0.941930257794745
2023-07-05 22:01:42,176 -  [BaseBLDC] right stroke amp is -0.9780846478845576
2023-07-05 22:01:42,176 -  [BaseBLDC] left stroke amp is 0.9780844812243171
2023-07-05 22:01:42,179 -  [BaseBLDC] right target amplitude is -0.924014870038177
2023-07-05 22:01:42,180 -  [BaseBLDC] left target amplitude is 0.924014870038177
2023-07-05 22:01:42,288 -  [BaseBLDC] right stroke amp is -0.9726776869889436
2023-07-05 22:01:42,288 -  [BaseBLDC] left stroke amp is 0.9726775201057031
2023-07-05 22:01:42,291 -  [BaseBLDC] right target amplitude is -0.904786490216334
2023-07-05 22:01:42,291 -  [BaseBLDC] left target amplitude is 0.904786490216334
2023-07-05 22:01:42,399 -  [BaseBLDC] right stroke amp is -0.9658885245726682
2023-07-05 22:01:42,400 -  [BaseBLDC] left stroke amp is 0.9658884707370597
2023-07-05 22:01:42,402 -  [BaseBLDC] right target amplitude is -0.884272441169424
2023-07-05 22:01:42,403 -  [BaseBLDC] left target amplitude is 0.884272441169424
2023-07-05 22:01:42,511 -  [BaseBLDC] right stroke amp is -0.9577268733971088
2023-07-05 22:01:42,511 -  [BaseBLDC] left stroke amp is 0.9577269215209553
2023-07-05 22:01:42,514 -  [BaseBLDC] right target amplitude is -0.862501872627612
2023-07-05 22:01:42,514 -  [BaseBLDC] left target amplitude is 0.862501872627612
2023-07-05 22:01:42,621 -  [BaseBLDC] right stroke amp is -0.9482043304058948
2023-07-05 22:01:42,621 -  [BaseBLDC] left stroke amp is 0.9482044704702098
2023-07-05 22:01:42,624 -  [BaseBLDC] right target amplitude is -0.839505719790295
2023-07-05 22:01:42,624 -  [BaseBLDC] left target amplitude is 0.839505719790295
2023-07-05 22:01:42,730 -  [BaseBLDC] right stroke amp is -0.9373344264312197
2023-07-05 22:01:42,730 -  [BaseBLDC] left stroke amp is 0.9373346492364368
2023-07-05 22:01:42,733 -  [BaseBLDC] right target amplitude is -0.815316659368281
2023-07-05 22:01:42,734 -  [BaseBLDC] left target amplitude is 0.815316659368281
2023-07-05 22:01:42,842 -  [BaseBLDC] right stroke amp is -0.9251326069676906
2023-07-05 22:01:42,842 -  [BaseBLDC] left stroke amp is 0.9251329038828511
2023-07-05 22:01:42,845 -  [BaseBLDC] right target amplitude is -0.789969063151347
2023-07-05 22:01:42,846 -  [BaseBLDC] left target amplitude is 0.789969063151347
2023-07-05 22:01:42,953 -  [BaseBLDC] right stroke amp is -0.9116162101545533
2023-07-05 22:01:42,953 -  [BaseBLDC] left stroke amp is 0.91161657302595
2023-07-05 22:01:42,956 -  [BaseBLDC] right target amplitude is -0.763498949167147
2023-07-05 22:01:42,956 -  [BaseBLDC] left target amplitude is 0.763498949167147
2023-07-05 22:01:43,064 -  [BaseBLDC] right stroke amp is -0.8968044419822198
2023-07-05 22:01:43,064 -  [BaseBLDC] left stroke amp is 0.8968048633962036
2023-07-05 22:01:43,068 -  [BaseBLDC] right target amplitude is -0.735943930500882
2023-07-05 22:01:43,068 -  [BaseBLDC] left target amplitude is 0.735943930500882
2023-07-05 22:01:43,175 -  [BaseBLDC] right stroke amp is -0.88071834897104
2023-07-05 22:01:43,175 -  [BaseBLDC] left stroke amp is 0.8807188225851192
2023-07-05 22:01:43,178 -  [BaseBLDC] right target amplitude is -0.707343161848439
2023-07-05 22:01:43,179 -  [BaseBLDC] left target amplitude is 0.707343161848439
2023-07-05 22:01:43,285 -  [BaseBLDC] right stroke amp is -0.8633807884343793
2023-07-05 22:01:43,286 -  [BaseBLDC] left stroke amp is 0.8633813089257087
2023-07-05 22:01:43,288 -  [BaseBLDC] right target amplitude is -0.677737283878971
2023-07-05 22:01:43,289 -  [BaseBLDC] left target amplitude is 0.677737283878971
2023-07-05 22:01:43,396 -  [BaseBLDC] right stroke amp is -0.8448163960527986
2023-07-05 22:01:43,396 -  [BaseBLDC] left stroke amp is 0.8448169589454214
2023-07-05 22:01:43,399 -  [BaseBLDC] right target amplitude is -0.647168365485951
2023-07-05 22:01:43,399 -  [BaseBLDC] left target amplitude is 0.647168365485951
2023-07-05 22:01:43,507 -  [BaseBLDC] right stroke amp is -0.825051550817841
2023-07-05 22:01:43,507 -  [BaseBLDC] left stroke amp is 0.8250521524221593
2023-07-05 22:01:43,511 -  [BaseBLDC] right target amplitude is -0.615679844008779
2023-07-05 22:01:43,511 -  [BaseBLDC] left target amplitude is 0.615679844008779
2023-07-05 22:01:43,619 -  [BaseBLDC] right stroke amp is -0.804114337568631
2023-07-05 22:01:43,619 -  [BaseBLDC] left stroke amp is 0.8041149748754799
2023-07-05 22:01:43,622 -  [BaseBLDC] right target amplitude is -0.583316463509870
2023-07-05 22:01:43,622 -  [BaseBLDC] left target amplitude is 0.583316463509870
2023-07-05 22:01:43,730 -  [BaseBLDC] right stroke amp is -0.7820345071022982
2023-07-05 22:01:43,731 -  [BaseBLDC] left stroke amp is 0.7820351776367608
2023-07-05 22:01:43,733 -  [BaseBLDC] right target amplitude is -0.550124211194944
2023-07-05 22:01:43,734 -  [BaseBLDC] left target amplitude is 0.550124211194944
2023-07-05 22:01:43,841 -  [BaseBLDC] right stroke amp is -0.758843433937196
2023-07-05 22:01:43,841 -  [BaseBLDC] left stroke amp is 0.7588441355269536
2023-07-05 22:01:43,844 -  [BaseBLDC] right target amplitude is -0.516150252066850
2023-07-05 22:01:43,845 -  [BaseBLDC] left target amplitude is 0.516150252066850
2023-07-05 22:01:43,952 -  [BaseBLDC] right stroke amp is -0.734574071787304
2023-07-05 22:01:43,953 -  [BaseBLDC] left stroke amp is 0.7345748022037705
2023-07-05 22:01:43,955 -  [BaseBLDC] right target amplitude is -0.481442861905778
2023-07-05 22:01:43,956 -  [BaseBLDC] left target amplitude is 0.481442861905778
2023-07-05 22:01:44,061 -  [BaseBLDC] right stroke amp is -0.7092609068386708
2023-07-05 22:01:44,061 -  [BaseBLDC] left stroke amp is 0.7092616632067038
2023-07-05 22:01:44,064 -  [BaseBLDC] right target amplitude is -0.446051358671113
2023-07-05 22:01:44,065 -  [BaseBLDC] left target amplitude is 0.446051358671113
2023-07-05 22:01:44,173 -  [BaseBLDC] right stroke amp is -0.6829399088435014
2023-07-05 22:01:44,173 -  [BaseBLDC] left stroke amp is 0.682940686829648
2023-07-05 22:01:44,176 -  [BaseBLDC] right target amplitude is -0.410026032422368
2023-07-05 22:01:44,177 -  [BaseBLDC] left target amplitude is 0.410026032422368
2023-07-05 22:01:44,284 -  [BaseBLDC] right stroke amp is -0.6556484582533276
2023-07-05 22:01:44,284 -  [BaseBLDC] left stroke amp is 0.6556493002687647
2023-07-05 22:01:44,287 -  [BaseBLDC] right target amplitude is -0.373418073858819
2023-07-05 22:01:44,287 -  [BaseBLDC] left target amplitude is 0.373418073858819
2023-07-05 22:01:44,396 -  [BaseBLDC] right stroke amp is -0.6274254386747569
2023-07-05 22:01:44,396 -  [BaseBLDC] left stroke amp is 0.6274261776277701
2023-07-05 22:01:44,400 -  [BaseBLDC] right target amplitude is -0.336279501579354
2023-07-05 22:01:44,400 -  [BaseBLDC] left target amplitude is 0.336279501579354
2023-07-05 22:01:44,508 -  [BaseBLDC] right stroke amp is -0.5983108604903029
2023-07-05 22:01:44,509 -  [BaseBLDC] left stroke amp is 0.5983115100229285
2023-07-05 22:01:44,512 -  [BaseBLDC] right target amplitude is -0.298663088165907
2023-07-05 22:01:44,512 -  [BaseBLDC] left target amplitude is 0.298663088165907
2023-07-05 22:01:44,618 -  [BaseBLDC] right stroke amp is -0.5683460986029255
2023-07-05 22:01:44,618 -  [BaseBLDC] left stroke amp is 0.5683466678372264
2023-07-05 22:01:44,621 -  [BaseBLDC] right target amplitude is -0.260622285195512
2023-07-05 22:01:44,621 -  [BaseBLDC] left target amplitude is 0.260622285195512
2023-07-05 22:01:44,729 -  [BaseBLDC] right stroke amp is -0.5375737324082225
2023-07-05 22:01:44,729 -  [BaseBLDC] left stroke amp is 0.537574229573055
2023-07-05 22:01:44,732 -  [BaseBLDC] right target amplitude is -0.222211147287525
2023-07-05 22:01:44,732 -  [BaseBLDC] left target amplitude is 0.222211147287525
2023-07-05 22:01:44,839 -  [BaseBLDC] right stroke amp is -0.5060374965800607
2023-07-05 22:01:44,839 -  [BaseBLDC] left stroke amp is 0.506037921344502
2023-07-05 22:01:44,842 -  [BaseBLDC] right target amplitude is -0.183484255293956
2023-07-05 22:01:44,842 -  [BaseBLDC] left target amplitude is 0.183484255293956
2023-07-05 22:01:44,951 -  [BaseBLDC] right stroke amp is -0.4737821947704841
2023-07-05 22:01:44,951 -  [BaseBLDC] left stroke amp is 0.4737825547394474
2023-07-05 22:01:44,954 -  [BaseBLDC] right target amplitude is -0.144496638742031
2023-07-05 22:01:44,955 -  [BaseBLDC] left target amplitude is 0.144496638742031
2023-07-05 22:01:45,062 -  [BaseBLDC] right stroke amp is -0.4408536610844116
2023-07-05 22:01:45,062 -  [BaseBLDC] left stroke amp is 0.4408539631397058
2023-07-05 22:01:45,066 -  [BaseBLDC] right target amplitude is -0.105303697639215
2023-07-05 22:01:45,066 -  [BaseBLDC] left target amplitude is 0.105303697639215
2023-07-05 22:01:45,173 -  [BaseBLDC] right stroke amp is -0.40729868621777865
2023-07-05 22:01:45,174 -  [BaseBLDC] left stroke amp is 0.40729893658965677
2023-07-05 22:01:45,176 -  [BaseBLDC] right target amplitude is -0.0659611237517845
2023-07-05 22:01:45,177 -  [BaseBLDC] left target amplitude is 0.0659611237517845
2023-07-05 22:01:45,284 -  [BaseBLDC] right stroke amp is -0.37316495097209645
2023-07-05 22:01:45,285 -  [BaseBLDC] left stroke amp is 0.3731651553058695
2023-07-05 22:01:45,288 -  [BaseBLDC] right target amplitude is -0.0265248214688306
2023-07-05 22:01:45,288 -  [BaseBLDC] left target amplitude is 0.0265248214688306
2023-07-05 22:01:45,395 -  [BaseBLDC] right stroke amp is -0.33850095850640344
2023-07-05 22:01:45,395 -  [BaseBLDC] left stroke amp is 0.33850112192216564
2023-07-05 22:01:45,398 -  [BaseBLDC] right target amplitude is 0.0131587071017506
2023-07-05 22:01:45,398 -  [BaseBLDC] left target amplitude is -0.0131587071017506
2023-07-05 22:01:45,507 -  [BaseBLDC] right stroke amp is -0.30333501224998927
2023-07-05 22:01:45,507 -  [BaseBLDC] left stroke amp is 0.30333513901977405
2023-07-05 22:01:45,510 -  [BaseBLDC] right target amplitude is 0.0526140525752570
2023-07-05 22:01:45,511 -  [BaseBLDC] left target amplitude is -0.0526140525752570
2023-07-05 22:01:45,619 -  [BaseBLDC] right stroke amp is -0.2677401250737426
2023-07-05 22:01:45,619 -  [BaseBLDC] left stroke amp is 0.26774021986027097
2023-07-05 22:01:45,622 -  [BaseBLDC] right target amplitude is 0.0919946353635739
2023-07-05 22:01:45,622 -  [BaseBLDC] left target amplitude is -0.0919946353635739
2023-07-05 22:01:45,730 -  [BaseBLDC] right stroke amp is -0.23176666769838936
2023-07-05 22:01:45,730 -  [BaseBLDC] left stroke amp is 0.23176673433788647
2023-07-05 22:01:45,733 -  [BaseBLDC] right target amplitude is 0.131244497068329
2023-07-05 22:01:45,733 -  [BaseBLDC] left target amplitude is -0.131244497068329
2023-07-05 22:01:45,841 -  [BaseBLDC] right stroke amp is -0.19546556920986352
2023-07-05 22:01:45,841 -  [BaseBLDC] left stroke amp is 0.19546561119726494
2023-07-05 22:01:45,845 -  [BaseBLDC] right target amplitude is 0.170307865041111
2023-07-05 22:01:45,845 -  [BaseBLDC] left target amplitude is -0.170307865041111
2023-07-05 22:01:45,952 -  [BaseBLDC] right stroke amp is -0.15888824305020097
2023-07-05 22:01:45,953 -  [BaseBLDC] left stroke amp is 0.15888826357342734
2023-07-05 22:01:45,955 -  [BaseBLDC] right target amplitude is 0.209129231634409
2023-07-05 22:01:45,956 -  [BaseBLDC] left target amplitude is -0.209129231634409
2023-07-05 22:01:46,062 -  [BaseBLDC] right stroke amp is -0.12208651208223731
2023-07-05 22:01:46,062 -  [BaseBLDC] left stroke amp is 0.12208651405264366
2023-07-05 22:01:46,065 -  [BaseBLDC] right target amplitude is 0.247653433075983
2023-07-05 22:01:46,065 -  [BaseBLDC] left target amplitude is -0.247653433075983
2023-07-05 22:01:46,174 -  [BaseBLDC] right stroke amp is -0.08511253326027746
2023-07-05 22:01:46,174 -  [BaseBLDC] left stroke amp is 0.08511251933978102
2023-07-05 22:01:46,178 -  [BaseBLDC] right target amplitude is 0.285825727854600
2023-07-05 22:01:46,178 -  [BaseBLDC] left target amplitude is -0.285825727854600
2023-07-05 22:01:46,285 -  [BaseBLDC] right stroke amp is -0.048018729715036325
2023-07-05 22:01:46,285 -  [BaseBLDC] left stroke amp is 0.048018694620342896
2023-07-05 22:01:46,288 -  [BaseBLDC] right target amplitude is 0.323591874505766
2023-07-05 22:01:46,288 -  [BaseBLDC] left target amplitude is -0.323591874505766
2023-07-05 22:01:46,396 -  [BaseBLDC] right stroke amp is -0.010857690513741816
2023-07-05 22:01:46,396 -  [BaseBLDC] left stroke amp is 0.010857637707732008
2023-07-05 22:01:46,399 -  [BaseBLDC] right target amplitude is 0.360898208686889
2023-07-05 22:01:46,399 -  [BaseBLDC] left target amplitude is -0.360898208686889
2023-07-05 22:01:46,508 -  [BaseBLDC] right stroke amp is 0.026317879593081517
2023-07-05 22:01:46,508 -  [BaseBLDC] left stroke amp is -0.026317946931730056
2023-07-05 22:01:46,512 -  [BaseBLDC] right target amplitude is 0.397691719432395
2023-07-05 22:01:46,512 -  [BaseBLDC] left target amplitude is -0.397691719432395
2023-07-05 22:01:46,619 -  [BaseBLDC] right stroke amp is 0.06345524522744977
2023-07-05 22:01:46,619 -  [BaseBLDC] left stroke amp is -0.0634553241817966
2023-07-05 22:01:46,622 -  [BaseBLDC] right target amplitude is 0.433920124480408
2023-07-05 22:01:46,622 -  [BaseBLDC] left target amplitude is -0.433920124480408
2023-07-05 22:01:46,728 -  [BaseBLDC] right stroke amp is 0.10050171632038057
2023-07-05 22:01:46,728 -  [BaseBLDC] left stroke amp is -0.10050180421165775
2023-07-05 22:01:46,731 -  [BaseBLDC] right target amplitude is 0.469531944563964
2023-07-05 22:01:46,731 -  [BaseBLDC] left target amplitude is -0.469531944563964
2023-07-05 22:01:46,840 -  [BaseBLDC] right stroke amp is 0.13740472388022934
2023-07-05 22:01:46,841 -  [BaseBLDC] left stroke amp is -0.13740481824688835
2023-07-05 22:01:46,844 -  [BaseBLDC] right target amplitude is 0.504476576561210
2023-07-05 22:01:46,845 -  [BaseBLDC] left target amplitude is -0.504476576561210
2023-07-05 22:01:46,950 -  [BaseBLDC] right stroke amp is 0.17411188840361286
2023-07-05 22:01:46,950 -  [BaseBLDC] left stroke amp is -0.1741119940783205
2023-07-05 22:01:46,953 -  [BaseBLDC] right target amplitude is 0.538704365400627
2023-07-05 22:01:46,953 -  [BaseBLDC] left target amplitude is -0.538704365400627
2023-07-05 22:01:47,062 -  [BaseBLDC] right stroke amp is 0.21057111787734273
2023-07-05 22:01:47,063 -  [BaseBLDC] left stroke amp is -0.21057123121055116
2023-07-05 22:01:47,066 -  [BaseBLDC] right target amplitude is 0.572166674619105
2023-07-05 22:01:47,066 -  [BaseBLDC] left target amplitude is -0.572166674619105
2023-07-05 22:01:47,174 -  [BaseBLDC] right stroke amp is 0.24673065791197438
2023-07-05 22:01:47,174 -  [BaseBLDC] left stroke amp is -0.24673077555140657
2023-07-05 22:01:47,177 -  [BaseBLDC] right target amplitude is 0.604815955472624
2023-07-05 22:01:47,177 -  [BaseBLDC] left target amplitude is -0.604815955472624
2023-07-05 22:01:47,285 -  [BaseBLDC] right stroke amp is 0.28253916791705896
2023-07-05 22:01:47,286 -  [BaseBLDC] left stroke amp is -0.28253929354352836
2023-07-05 22:01:47,289 -  [BaseBLDC] right target amplitude is 0.636605814501312
2023-07-05 22:01:47,289 -  [BaseBLDC] left target amplitude is -0.636605814501312
2023-07-05 22:01:47,396 -  [BaseBLDC] right stroke amp is 0.31794581691396956
2023-07-05 22:01:47,396 -  [BaseBLDC] left stroke amp is -0.31794594563930667
2023-07-05 22:01:47,399 -  [BaseBLDC] right target amplitude is 0.667491079452894
2023-07-05 22:01:47,399 -  [BaseBLDC] left target amplitude is -0.667491079452894
2023-07-05 22:01:47,507 -  [BaseBLDC] right stroke amp is 0.35290032569973406
2023-07-05 22:01:47,507 -  [BaseBLDC] left stroke amp is -0.35290045902066536
2023-07-05 22:01:47,510 -  [BaseBLDC] right target amplitude is 0.697427863470851
2023-07-05 22:01:47,511 -  [BaseBLDC] left target amplitude is -0.697427863470851
2023-07-05 22:01:47,618 -  [BaseBLDC] right stroke amp is 0.38735306267958275
2023-07-05 22:01:47,618 -  [BaseBLDC] left stroke amp is -0.387353199465684
2023-07-05 22:01:47,621 -  [BaseBLDC] right target amplitude is 0.726373627456076
2023-07-05 22:01:47,621 -  [BaseBLDC] left target amplitude is -0.726373627456076
2023-07-05 22:01:47,730 -  [BaseBLDC] right stroke amp is 0.42125510315999676
2023-07-05 22:01:47,731 -  [BaseBLDC] left stroke amp is -0.42125524226472316
2023-07-05 22:01:47,733 -  [BaseBLDC] right target amplitude is 0.754287240513408
2023-07-05 22:01:47,734 -  [BaseBLDC] left target amplitude is -0.754287240513408
2023-07-05 22:01:47,841 -  [BaseBLDC] right stroke amp is 0.4545583330693779
2023-07-05 22:01:47,841 -  [BaseBLDC] left stroke amp is -0.4545584420895917
2023-07-05 22:01:47,844 -  [BaseBLDC] right target amplitude is 0.781129038397177
2023-07-05 22:01:47,844 -  [BaseBLDC] left target amplitude is -0.781129038397177
2023-07-05 22:01:47,951 -  [BaseBLDC] right stroke amp is 0.48721542355655717
2023-07-05 22:01:47,952 -  [BaseBLDC] left stroke amp is -0.4872155017203502
2023-07-05 22:01:47,955 -  [BaseBLDC] right target amplitude is 0.806860879872677
2023-07-05 22:01:47,955 -  [BaseBLDC] left target amplitude is -0.806860879872677
2023-07-05 22:01:48,062 -  [BaseBLDC] right stroke amp is 0.5191799844603205
2023-07-05 22:01:48,062 -  [BaseBLDC] left stroke amp is -0.5191800395355829
2023-07-05 22:01:48,065 -  [BaseBLDC] right target amplitude is 0.831446200913500
2023-07-05 22:01:48,065 -  [BaseBLDC] left target amplitude is -0.831446200913500
2023-07-05 22:01:48,173 -  [BaseBLDC] right stroke amp is 0.5504066280047764
2023-07-05 22:01:48,173 -  [BaseBLDC] left stroke amp is -0.5504066556733747
2023-07-05 22:01:48,176 -  [BaseBLDC] right target amplitude is 0.854850066657721
2023-07-05 22:01:48,176 -  [BaseBLDC] left target amplitude is -0.854850066657721
2023-07-05 22:01:48,285 -  [BaseBLDC] right stroke amp is 0.5808509906510138
2023-07-05 22:01:48,285 -  [BaseBLDC] left stroke amp is -0.5808509967718093
2023-07-05 22:01:48,288 -  [BaseBLDC] right target amplitude is 0.877039221049086
2023-07-05 22:01:48,288 -  [BaseBLDC] left target amplitude is -0.877039221049086
2023-07-05 22:01:48,395 -  [BaseBLDC] right stroke amp is 0.6104698289091558
2023-07-05 22:01:48,395 -  [BaseBLDC] left stroke amp is -0.6104698191995369
2023-07-05 22:01:48,398 -  [BaseBLDC] right target amplitude is 0.897982134092689
2023-07-05 22:01:48,398 -  [BaseBLDC] left target amplitude is -0.897982134092689
2023-07-05 22:01:48,507 -  [BaseBLDC] right stroke amp is 0.6392210774831225
2023-07-05 22:01:48,507 -  [BaseBLDC] left stroke amp is -0.6392210506888522
2023-07-05 22:01:48,510 -  [BaseBLDC] right target amplitude is 0.917649046657974
2023-07-05 22:01:48,511 -  [BaseBLDC] left target amplitude is -0.917649046657974
2023-07-05 22:01:48,617 -  [BaseBLDC] right stroke amp is 0.6670638952693426
2023-07-05 22:01:48,618 -  [BaseBLDC] left stroke amp is -0.6670638502857643
2023-07-05 22:01:48,620 -  [BaseBLDC] right target amplitude is 0.936012012765399
2023-07-05 22:01:48,621 -  [BaseBLDC] left target amplitude is -0.936012012765399
2023-07-05 22:01:48,728 -  [BaseBLDC] right stroke amp is 0.6939587225828319
2023-07-05 22:01:48,728 -  [BaseBLDC] left stroke amp is -0.6939586665337278
2023-07-05 22:01:48,731 -  [BaseBLDC] right target amplitude is 0.953044939296682
2023-07-05 22:01:48,731 -  [BaseBLDC] left target amplitude is -0.953044939296682
2023-07-05 22:01:48,839 -  [BaseBLDC] right stroke amp is 0.7198673616120492
2023-07-05 22:01:48,839 -  [BaseBLDC] left stroke amp is -0.7198672938100232
2023-07-05 22:01:48,842 -  [BaseBLDC] right target amplitude is 0.968723623072194
2023-07-05 22:01:48,843 -  [BaseBLDC] left target amplitude is -0.968723623072194
2023-07-05 22:01:48,950 -  [BaseBLDC] right stroke amp is 0.7447530068770526
2023-07-05 22:01:48,950 -  [BaseBLDC] left stroke amp is -0.7447529267362403
2023-07-05 22:01:48,953 -  [BaseBLDC] right target amplitude is 0.983025785242819
2023-07-05 22:01:48,953 -  [BaseBLDC] left target amplitude is -0.983025785242819
2023-07-05 22:01:49,061 -  [BaseBLDC] right stroke amp is 0.7685803055519925
2023-07-05 22:01:49,061 -  [BaseBLDC] left stroke amp is -0.7685802125868981
2023-07-05 22:01:49,064 -  [BaseBLDC] right target amplitude is 0.995931102947408
2023-07-05 22:01:49,064 -  [BaseBLDC] left target amplitude is -0.995931102947408
2023-07-05 22:01:49,172 -  [BaseBLDC] right stroke amp is 0.7913154078017836
2023-07-05 22:01:49,172 -  [BaseBLDC] left stroke amp is -0.7913153016229492
2023-07-05 22:01:49,176 -  [BaseBLDC] right target amplitude is 1.00742123819085
2023-07-05 22:01:49,176 -  [BaseBLDC] left target amplitude is -1.00742123819085
2023-07-05 22:01:49,284 -  [BaseBLDC] right stroke amp is 0.8129260067251929
2023-07-05 22:01:49,285 -  [BaseBLDC] left stroke amp is -0.8129258952797388
2023-07-05 22:01:49,288 -  [BaseBLDC] right target amplitude is 1.01747986390169
2023-07-05 22:01:49,288 -  [BaseBLDC] left target amplitude is -1.01747986390169
2023-07-05 22:01:49,396 -  [BaseBLDC] right stroke amp is 0.8333814093523686
2023-07-05 22:01:49,396 -  [BaseBLDC] left stroke amp is -0.8333812921419335
2023-07-05 22:01:49,399 -  [BaseBLDC] right target amplitude is 1.02609268713235
2023-07-05 22:01:49,400 -  [BaseBLDC] left target amplitude is -1.02609268713235
2023-07-05 22:01:49,508 -  [BaseBLDC] right stroke amp is 0.8526525550250248
2023-07-05 22:01:49,509 -  [BaseBLDC] left stroke amp is -0.8526524316409749
2023-07-05 22:01:49,512 -  [BaseBLDC] right target amplitude is 1.03324746936888
2023-07-05 22:01:49,512 -  [BaseBLDC] left target amplitude is -1.03324746936888
2023-07-05 22:01:49,618 -  [BaseBLDC] right stroke amp is 0.8707120652936292
2023-07-05 22:01:49,618 -  [BaseBLDC] left stroke amp is -0.8707119354137659
2023-07-05 22:01:49,621 -  [BaseBLDC] right target amplitude is 1.03893404392148
2023-07-05 22:01:49,621 -  [BaseBLDC] left target amplitude is -1.03893404392148
2023-07-05 22:01:49,730 -  [BaseBLDC] right stroke amp is 0.8875342828813457
2023-07-05 22:01:49,730 -  [BaseBLDC] left stroke amp is -0.8875341462645371
2023-07-05 22:01:49,733 -  [BaseBLDC] right target amplitude is 1.04314433037094
2023-07-05 22:01:49,733 -  [BaseBLDC] left target amplitude is -1.04314433037094
2023-07-05 22:01:49,841 -  [BaseBLDC] right stroke amp is 0.903095308193979
2023-07-05 22:01:49,841 -  [BaseBLDC] left stroke amp is -0.9030951646751778
2023-07-05 22:01:49,844 -  [BaseBLDC] right target amplitude is 1.04587234605073
2023-07-05 22:01:49,844 -  [BaseBLDC] left target amplitude is -1.04587234605073
2023-07-05 22:01:49,952 -  [BaseBLDC] right stroke amp is 0.9173730333271625
2023-07-05 22:01:49,953 -  [BaseBLDC] left stroke amp is -0.9173728828127328
2023-07-05 22:01:49,956 -  [BaseBLDC] right target amplitude is 1.04711421454805
2023-07-05 22:01:49,956 -  [BaseBLDC] left target amplitude is -1.04711421454805
2023-07-05 22:01:50,063 -  [BaseBLDC] right stroke amp is 0.9303471735229465
2023-07-05 22:01:50,063 -  [BaseBLDC] left stroke amp is -0.9303470159862647
2023-07-05 22:01:50,066 -  [BaseBLDC] right target amplitude is 1.04686817121217
2023-07-05 22:01:50,066 -  [BaseBLDC] left target amplitude is -1.04686817121217
2023-07-05 22:01:50,175 -  [BaseBLDC] right stroke amp is 0.9419992960315681
2023-07-05 22:01:50,175 -  [BaseBLDC] left stroke amp is -0.9419991315088552
2023-07-05 22:01:50,178 -  [BaseBLDC] right target amplitude is 1.04513456566187
2023-07-05 22:01:50,179 -  [BaseBLDC] left target amplitude is -1.04513456566187
2023-07-05 22:01:50,286 -  [BaseBLDC] right stroke amp is 0.952312838363868
2023-07-05 22:01:50,286 -  [BaseBLDC] left stroke amp is -0.9523126749241564
2023-07-05 22:01:50,289 -  [BaseBLDC] right target amplitude is 1.04191586128867
2023-07-05 22:01:50,289 -  [BaseBLDC] left target amplitude is -1.04191586128867
2023-07-05 22:01:50,397 -  [BaseBLDC] right stroke amp is 0.9612731563791115
2023-07-05 22:01:50,397 -  [BaseBLDC] left stroke amp is -0.9612729935606077
2023-07-05 22:01:50,401 -  [BaseBLDC] right target amplitude is 1.03721663175644
2023-07-05 22:01:50,401 -  [BaseBLDC] left target amplitude is -1.03721663175644
2023-07-05 22:01:50,509 -  [BaseBLDC] right stroke amp is 0.9688675199508746
2023-07-05 22:01:50,509 -  [BaseBLDC] left stroke amp is -0.9688673573801914
2023-07-05 22:01:50,512 -  [BaseBLDC] right target amplitude is 1.03104355450239
2023-07-05 22:01:50,513 -  [BaseBLDC] left target amplitude is -1.03104355450239
2023-07-05 22:01:50,621 -  [BaseBLDC] right stroke amp is 0.9750851397065466
2023-07-05 22:01:50,621 -  [BaseBLDC] left stroke amp is -0.9750849770924117
2023-07-05 22:01:50,624 -  [BaseBLDC] right target amplitude is 1.02340540124865
2023-07-05 22:01:50,625 -  [BaseBLDC] left target amplitude is -1.02340540124865
2023-07-05 22:01:50,732 -  [BaseBLDC] right stroke amp is 0.9799171823821224
2023-07-05 22:01:50,732 -  [BaseBLDC] left stroke amp is -0.9799170195080356
2023-07-05 22:01:50,735 -  [BaseBLDC] right target amplitude is 1.01431302553797
2023-07-05 22:01:50,735 -  [BaseBLDC] left target amplitude is -1.01431302553797
2023-07-05 22:01:50,843 -  [BaseBLDC] right stroke amp is 0.9833567833935781
2023-07-05 22:01:50,844 -  [BaseBLDC] left stroke amp is -0.9833566201110285
2023-07-05 22:01:50,847 -  [BaseBLDC] right target amplitude is 1.00377934731122
2023-07-05 22:01:50,847 -  [BaseBLDC] left target amplitude is -1.00377934731122
2023-07-05 22:01:50,955 -  [BaseBLDC] right stroke amp is 0.985399056608862
2023-07-05 22:01:50,955 -  [BaseBLDC] left stroke amp is -0.9853988928310473
2023-07-05 22:01:50,958 -  [BaseBLDC] right target amplitude is 0.991819334548627
2023-07-05 22:01:50,958 -  [BaseBLDC] left target amplitude is -0.991819334548627
2023-07-05 22:01:51,067 -  [BaseBLDC] right stroke amp is 0.986041101306809
2023-07-05 22:01:51,068 -  [BaseBLDC] left stroke amp is -0.9860409370028053
2023-07-05 22:01:51,070 -  [BaseBLDC] right target amplitude is 0.978449982000794
2023-07-05 22:01:51,071 -  [BaseBLDC] left target amplitude is -0.978449982000794
2023-07-05 22:01:51,178 -  [BaseBLDC] right stroke amp is 0.9852820063132672
2023-07-05 22:01:51,178 -  [BaseBLDC] left stroke amp is -0.9852818415026041
2023-07-05 22:01:51,181 -  [BaseBLDC] right target amplitude is 0.963690287039751
2023-07-05 22:01:51,182 -  [BaseBLDC] left target amplitude is -0.963690287039751
2023-07-05 22:01:51,289 -  [BaseBLDC] right stroke amp is 0.9831228513153688
2023-07-05 22:01:51,289 -  [BaseBLDC] left stroke amp is -0.9831226860563188
2023-07-05 22:01:51,294 -  [BaseBLDC] right target amplitude is 0.947561222664379
2023-07-05 22:01:51,294 -  [BaseBLDC] left target amplitude is -0.947561222664379
2023-07-05 22:01:51,401 -  [BaseBLDC] right stroke amp is 0.9795667053653407
2023-07-05 22:01:51,401 -  [BaseBLDC] left stroke amp is -0.9795665397171248
2023-07-05 22:01:51,404 -  [BaseBLDC] right target amplitude is 0.930085707698516
2023-07-05 22:01:51,404 -  [BaseBLDC] left target amplitude is -0.930085707698516
2023-07-05 22:01:51,512 -  [BaseBLDC] right stroke amp is 0.9746186224970996
2023-07-05 22:01:51,512 -  [BaseBLDC] left stroke amp is -0.9746184565152639
2023-07-05 22:01:51,515 -  [BaseBLDC] right target amplitude is 0.911288574224123
2023-07-05 22:01:51,516 -  [BaseBLDC] left target amplitude is -0.911288574224123
2023-07-05 22:01:51,624 -  [BaseBLDC] right stroke amp is 0.9682856344567607
2023-07-05 22:01:51,624 -  [BaseBLDC] left stroke amp is -0.9682854682861498
2023-07-05 22:01:51,628 -  [BaseBLDC] right target amplitude is 0.891196532295777
2023-07-05 22:01:51,628 -  [BaseBLDC] left target amplitude is -0.891196532295777
2023-07-05 22:01:51,735 -  [BaseBLDC] right stroke amp is 0.9605766813824634
2023-07-05 22:01:51,736 -  [BaseBLDC] left stroke amp is -0.9605766284583336
2023-07-05 22:01:51,739 -  [BaseBLDC] right target amplitude is 0.869838131986630
2023-07-05 22:01:51,739 -  [BaseBLDC] left target amplitude is -0.869838131986630
2023-07-05 22:01:51,847 -  [BaseBLDC] right stroke amp is 0.9515027835085809
2023-07-05 22:01:51,847 -  [BaseBLDC] left stroke amp is -0.9515028326770165
2023-07-05 22:01:51,850 -  [BaseBLDC] right target amplitude is 0.847243722819773
2023-07-05 22:01:51,850 -  [BaseBLDC] left target amplitude is -0.847243722819773
2023-07-05 22:01:51,958 -  [BaseBLDC] right stroke amp is 0.9410768344840282
2023-07-05 22:01:51,959 -  [BaseBLDC] left stroke amp is -0.9410769755817197
2023-07-05 22:01:51,961 -  [BaseBLDC] right target amplitude is 0.823445410642642
2023-07-05 22:01:51,961 -  [BaseBLDC] left target amplitude is -0.823445410642642
2023-07-05 22:01:52,069 -  [BaseBLDC] right stroke amp is 0.9293136492503006
2023-07-05 22:01:52,069 -  [BaseBLDC] left stroke amp is -0.9293138728406893
2023-07-05 22:01:52,073 -  [BaseBLDC] right target amplitude is 0.798477012005746
2023-07-05 22:01:52,073 -  [BaseBLDC] left target amplitude is -0.798477012005746
2023-07-05 22:01:52,180 -  [BaseBLDC] right stroke amp is 0.916229942955128
2023-07-05 22:01:52,180 -  [BaseBLDC] left stroke amp is -0.9162302401529534
2023-07-05 22:01:52,183 -  [BaseBLDC] right target amplitude is 0.772374006110560
2023-07-05 22:01:52,184 -  [BaseBLDC] left target amplitude is -0.772374006110560
2023-07-05 22:01:52,292 -  [BaseBLDC] right stroke amp is 0.9018443070712132
2023-07-05 22:01:52,292 -  [BaseBLDC] left stroke amp is -0.9018446696686043
2023-07-05 22:01:52,295 -  [BaseBLDC] right target amplitude is 0.745173484394837
2023-07-05 22:01:52,295 -  [BaseBLDC] left target amplitude is -0.745173484394837
2023-07-05 22:01:52,403 -  [BaseBLDC] right stroke amp is 0.8861771828806545
2023-07-05 22:01:52,403 -  [BaseBLDC] left stroke amp is -0.886177603701526
2023-07-05 22:01:52,406 -  [BaseBLDC] right target amplitude is 0.716914097826999
2023-07-05 22:01:52,407 -  [BaseBLDC] left target amplitude is -0.716914097826999
2023-07-05 22:01:52,513 -  [BaseBLDC] right stroke amp is 0.8692508325512357
2023-07-05 22:01:52,513 -  [BaseBLDC] left stroke amp is -0.8692513055353741
2023-07-05 22:01:52,516 -  [BaseBLDC] right target amplitude is 0.687636001984488
2023-07-05 22:01:52,516 -  [BaseBLDC] left target amplitude is -0.687636001984488
2023-07-05 22:01:52,625 -  [BaseBLDC] right stroke amp is 0.85108930762257
2023-07-05 22:01:52,625 -  [BaseBLDC] left stroke amp is -0.8510898276448159
2023-07-05 22:01:52,628 -  [BaseBLDC] right target amplitude is 0.657380799994120
2023-07-05 22:01:52,629 -  [BaseBLDC] left target amplitude is -0.657380799994120
2023-07-05 22:01:52,737 -  [BaseBLDC] right stroke amp is 0.8317184147924396
2023-07-05 22:01:52,737 -  [BaseBLDC] left stroke amp is -0.8317189775711362
2023-07-05 22:01:52,740 -  [BaseBLDC] right target amplitude is 0.626191483415532
2023-07-05 22:01:52,740 -  [BaseBLDC] left target amplitude is -0.626191483415532
2023-07-05 22:01:52,848 -  [BaseBLDC] right stroke amp is 0.8111656792440699
2023-07-05 22:01:52,848 -  [BaseBLDC] left stroke amp is -0.8111662812596632
2023-07-05 22:01:52,851 -  [BaseBLDC] right target amplitude is 0.594112371151705
2023-07-05 22:01:52,851 -  [BaseBLDC] left target amplitude is -0.594112371151705
2023-07-05 22:01:52,959 -  [BaseBLDC] right stroke amp is 0.7894603055616024
2023-07-05 22:01:52,959 -  [BaseBLDC] left stroke amp is -0.7894609439171946
2023-07-05 22:01:52,963 -  [BaseBLDC] right target amplitude is 0.561189046473391
2023-07-05 22:01:52,963 -  [BaseBLDC] left target amplitude is -0.561189046473391
2023-07-05 22:01:53,071 -  [BaseBLDC] right stroke amp is 0.7666331362554337
2023-07-05 22:01:53,072 -  [BaseBLDC] left stroke amp is -0.7666338084874057
2023-07-05 22:01:53,074 -  [BaseBLDC] right target amplitude is 0.527468292246907
2023-07-05 22:01:53,075 -  [BaseBLDC] left target amplitude is -0.527468292246907
2023-07-05 22:01:53,183 -  [BaseBLDC] right stroke amp is 0.7427166079919604
2023-07-05 22:01:53,183 -  [BaseBLDC] left stroke amp is -0.7427173117584176
2023-07-05 22:01:53,186 -  [BaseBLDC] right target amplitude is 0.492998024457366
2023-07-05 22:01:53,186 -  [BaseBLDC] left target amplitude is -0.492998024457366
2023-07-05 22:01:53,293 -  [BaseBLDC] right stroke amp is 0.7177447055780871
2023-07-05 22:01:53,294 -  [BaseBLDC] left stroke amp is -0.7177454381793062
2023-07-05 22:01:53,296 -  [BaseBLDC] right target amplitude is 0.457827224121761
2023-07-05 22:01:53,297 -  [BaseBLDC] left target amplitude is -0.457827224121761
2023-07-05 22:01:53,404 -  [BaseBLDC] right stroke amp is 0.6917529137945371
2023-07-05 22:01:53,404 -  [BaseBLDC] left stroke amp is -0.6917536714147722
2023-07-05 22:01:53,407 -  [BaseBLDC] right target amplitude is 0.422005867688710
2023-07-05 22:01:53,408 -  [BaseBLDC] left target amplitude is -0.422005867688710
2023-07-05 22:01:53,514 -  [BaseBLDC] right stroke amp is 0.6647781670235098
2023-07-05 22:01:53,514 -  [BaseBLDC] left stroke amp is -0.6647789438604507
2023-07-05 22:01:53,517 -  [BaseBLDC] right target amplitude is 0.385584856023701
2023-07-05 22:01:53,517 -  [BaseBLDC] left target amplitude is -0.385584856023701
2023-07-05 22:01:53,626 -  [BaseBLDC] right stroke amp is 0.636858855580143
2023-07-05 22:01:53,627 -  [BaseBLDC] left stroke amp is -0.6368595350767757
2023-07-05 22:01:53,630 -  [BaseBLDC] right target amplitude is 0.348615942080785
2023-07-05 22:01:53,630 -  [BaseBLDC] left target amplitude is -0.348615942080785
2023-07-05 22:01:53,737 -  [BaseBLDC] right stroke amp is 0.6080345809094293
2023-07-05 22:01:53,738 -  [BaseBLDC] left stroke amp is -0.6080351757771766
2023-07-05 22:01:53,740 -  [BaseBLDC] right target amplitude is 0.311151657363490
2023-07-05 22:01:53,741 -  [BaseBLDC] left target amplitude is -0.311151657363490
2023-07-05 22:01:53,850 -  [BaseBLDC] right stroke amp is 0.578346305128474
2023-07-05 22:01:53,850 -  [BaseBLDC] left stroke amp is -0.5783468239358079
2023-07-05 22:01:53,854 -  [BaseBLDC] right target amplitude is 0.273245237279431
2023-07-05 22:01:53,854 -  [BaseBLDC] left target amplitude is -0.273245237279431
2023-07-05 22:01:53,960 -  [BaseBLDC] right stroke amp is 0.5478362147918198
2023-07-05 22:01:53,961 -  [BaseBLDC] left stroke amp is -0.5478366652701703
2023-07-05 22:01:53,964 -  [BaseBLDC] right target amplitude is 0.234950545494710
2023-07-05 22:01:53,964 -  [BaseBLDC] left target amplitude is -0.234950545494710
2023-07-05 22:01:54,072 -  [BaseBLDC] right stroke amp is 0.5165476641629875
2023-07-05 22:01:54,072 -  [BaseBLDC] left stroke amp is -0.5165480532926242
2023-07-05 22:01:54,075 -  [BaseBLDC] right target amplitude is 0.196321997395576
2023-07-05 22:01:54,075 -  [BaseBLDC] left target amplitude is -0.196321997395576
2023-07-05 22:01:54,183 -  [BaseBLDC] right stroke amp is 0.48452511361618633
2023-07-05 22:01:54,183 -  [BaseBLDC] left stroke amp is -0.48452544770291933
2023-07-05 22:01:54,186 -  [BaseBLDC] right target amplitude is 0.157414482766113
2023-07-05 22:01:54,187 -  [BaseBLDC] left target amplitude is -0.157414482766113
2023-07-05 22:01:54,294 -  [BaseBLDC] right stroke amp is 0.45181406646514227
2023-07-05 22:01:54,294 -  [BaseBLDC] left stroke amp is -0.45181435120923874
2023-07-05 22:01:54,297 -  [BaseBLDC] right target amplitude is 0.118283287791830
2023-07-05 22:01:54,297 -  [BaseBLDC] left target amplitude is -0.118283287791830
2023-07-05 22:01:54,406 -  [BaseBLDC] right stroke amp is 0.4184610043093248
2023-07-05 22:01:54,406 -  [BaseBLDC] left stroke amp is -0.4184612448674978
2023-07-05 22:01:54,409 -  [BaseBLDC] right target amplitude is 0.0789840164999711
2023-07-05 22:01:54,410 -  [BaseBLDC] left target amplitude is -0.0789840164999711
2023-07-05 22:01:54,517 -  [BaseBLDC] right stroke amp is 0.3845133209896825
2023-07-05 22:01:54,517 -  [BaseBLDC] left stroke amp is -0.3845135220307451
2023-07-05 22:01:54,520 -  [BaseBLDC] right target amplitude is 0.0395725117481936
2023-07-05 22:01:54,520 -  [BaseBLDC] left target amplitude is -0.0395725117481936
2023-07-05 22:01:54,628 -  [BaseBLDC] right stroke amp is 0.35001925524765576
2023-07-05 22:01:54,629 -  [BaseBLDC] left stroke amp is -0.35001942100248995
2023-07-05 22:01:54,631 -  [BaseBLDC] right target amplitude is 0.000104775873870152
2023-07-05 22:01:54,632 -  [BaseBLDC] left target amplitude is -0.000104775873870152
2023-07-05 22:01:54,740 -  [BaseBLDC] right stroke amp is 0.3150278299089822
2023-07-05 22:01:54,740 -  [BaseBLDC] left stroke amp is -0.31502795648962795
2023-07-05 22:01:54,743 -  [BaseBLDC] right target amplitude is -0.0393631088832182
2023-07-05 22:01:54,744 -  [BaseBLDC] left target amplitude is 0.0393631088832182
2023-07-05 22:01:54,851 -  [BaseBLDC] right stroke amp is 0.27958875811421674
2023-07-05 22:01:54,851 -  [BaseBLDC] left stroke amp is -0.27958884995234334
2023-07-05 22:01:54,854 -  [BaseBLDC] right target amplitude is -0.0787750600717359
2023-07-05 22:01:54,855 -  [BaseBLDC] left target amplitude is 0.0787750600717359
2023-07-05 22:01:54,961 -  [BaseBLDC] right stroke amp is 0.24375239781549954
2023-07-05 22:01:54,961 -  [BaseBLDC] left stroke amp is -0.2437524589499354
2023-07-05 22:01:54,964 -  [BaseBLDC] right target amplitude is -0.118075074719940
2023-07-05 22:01:54,965 -  [BaseBLDC] left target amplitude is 0.118075074719940
2023-07-05 22:01:55,072 -  [BaseBLDC] right stroke amp is 0.20756967146842836
2023-07-05 22:01:55,072 -  [BaseBLDC] left stroke amp is -0.20756970558294788
2023-07-05 22:01:55,075 -  [BaseBLDC] right target amplitude is -0.157207308913890
2023-07-05 22:01:55,076 -  [BaseBLDC] left target amplitude is 0.157207308913890
2023-07-05 22:01:55,184 -  [BaseBLDC] right stroke amp is 0.17109199367397157
2023-07-05 22:01:55,184 -  [BaseBLDC] left stroke amp is -0.17109200413326414
2023-07-05 22:01:55,187 -  [BaseBLDC] right target amplitude is -0.196116157149646
2023-07-05 22:01:55,187 -  [BaseBLDC] left target amplitude is 0.196116157149646
2023-07-05 22:01:55,294 -  [BaseBLDC] right stroke amp is 0.1343711981232878
2023-07-05 22:01:55,294 -  [BaseBLDC] left stroke amp is -0.1343711880049731
2023-07-05 22:01:55,297 -  [BaseBLDC] right target amplitude is -0.234746331346696
2023-07-05 22:01:55,298 -  [BaseBLDC] left target amplitude is 0.234746331346696
2023-07-05 22:01:55,406 -  [BaseBLDC] right stroke amp is 0.09745946394666487
2023-07-05 22:01:55,406 -  [BaseBLDC] left stroke amp is -0.09745943606980617
2023-07-05 22:01:55,409 -  [BaseBLDC] right target amplitude is -0.273042939410326
2023-07-05 22:01:55,409 -  [BaseBLDC] left target amplitude is 0.273042939410326
2023-07-05 22:01:55,516 -  [BaseBLDC] right stroke amp is 0.06040924157136462
2023-07-05 22:01:55,517 -  [BaseBLDC] left stroke amp is -0.06040919852179293
2023-07-05 22:01:55,519 -  [BaseBLDC] right target amplitude is -0.310951563231325
2023-07-05 22:01:55,520 -  [BaseBLDC] left target amplitude is 0.310951563231325
2023-07-05 22:01:55,627 -  [BaseBLDC] right stroke amp is 0.023273178193714966
2023-07-05 22:01:55,628 -  [BaseBLDC] left stroke amp is -0.023273122346481177
2023-07-05 22:01:55,631 -  [BaseBLDC] right target amplitude is -0.348418336012160
2023-07-05 22:01:55,631 -  [BaseBLDC] left target amplitude is 0.348418336012160
2023-07-05 22:01:55,739 -  [BaseBLDC] right stroke amp is -0.013895957028721082
2023-07-05 22:01:55,739 -  [BaseBLDC] left stroke amp is 0.013896023489382923
2023-07-05 22:01:55,742 -  [BaseBLDC] right target amplitude is -0.385390018809766
2023-07-05 22:01:55,743 -  [BaseBLDC] left target amplitude is 0.385390018809766
2023-07-05 22:01:55,850 -  [BaseBLDC] right stroke amp is -0.05104534795841391
2023-07-05 22:01:55,850 -  [BaseBLDC] left stroke amp is 0.05104542302142125
2023-07-05 22:01:55,853 -  [BaseBLDC] right target amplitude is -0.421814076186176
2023-07-05 22:01:55,854 -  [BaseBLDC] left target amplitude is 0.421814076186176
2023-07-05 22:01:55,961 -  [BaseBLDC] right stroke amp is -0.08812219912103551
2023-07-05 22:01:55,961 -  [BaseBLDC] left stroke amp is 0.08812228833789668
2023-07-05 22:01:55,964 -  [BaseBLDC] right target amplitude is -0.457638750859485
2023-07-05 22:01:55,964 -  [BaseBLDC] left target amplitude is 0.457638750859485
2023-07-05 22:01:56,073 -  [BaseBLDC] right stroke amp is -0.125073834204921
2023-07-05 22:01:56,073 -  [BaseBLDC] left stroke amp is 0.12507393459005547
2023-07-05 22:01:56,076 -  [BaseBLDC] right target amplitude is -0.492813137249108
2023-07-05 22:01:56,077 -  [BaseBLDC] left target amplitude is 0.492813137249108
2023-07-05 22:01:56,184 -  [BaseBLDC] right stroke amp is -0.16184774605359536
2023-07-05 22:01:56,184 -  [BaseBLDC] left stroke amp is 0.16184785485596073
2023-07-05 22:01:56,187 -  [BaseBLDC] right target amplitude is -0.527287253810776
2023-07-05 22:01:56,188 -  [BaseBLDC] left target amplitude is 0.527287253810776
2023-07-05 22:01:56,296 -  [BaseBLDC] right stroke amp is -0.1983916800650299
2023-07-05 22:01:56,296 -  [BaseBLDC] left stroke amp is 0.19839179475144228
2023-07-05 22:01:56,299 -  [BaseBLDC] right target amplitude is -0.561012114058525
2023-07-05 22:01:56,299 -  [BaseBLDC] left target amplitude is 0.561012114058525
2023-07-05 22:01:56,407 -  [BaseBLDC] right stroke amp is -0.23465370064519503
2023-07-05 22:01:56,407 -  [BaseBLDC] left stroke amp is 0.2346538266821505
2023-07-05 22:01:56,410 -  [BaseBLDC] right target amplitude is -0.593939796172735
2023-07-05 22:01:56,411 -  [BaseBLDC] left target amplitude is 0.593939796172735
2023-07-05 22:01:56,517 -  [BaseBLDC] right stroke amp is -0.27058229010198376
2023-07-05 22:01:56,517 -  [BaseBLDC] left stroke amp is 0.27058242363120893
2023-07-05 22:01:56,520 -  [BaseBLDC] right target amplitude is -0.626023511095329
2023-07-05 22:01:56,520 -  [BaseBLDC] left target amplitude is 0.626023511095329
2023-07-05 22:01:56,627 -  [BaseBLDC] right stroke amp is -0.30612639490446997
2023-07-05 22:01:56,628 -  [BaseBLDC] left stroke amp is 0.30612653237762094
2023-07-05 22:01:56,631 -  [BaseBLDC] right target amplitude is -0.657217669015340
2023-07-05 22:01:56,631 -  [BaseBLDC] left target amplitude is 0.657217669015340
2023-07-05 22:01:56,738 -  [BaseBLDC] right stroke amp is -0.34123550038702777
2023-07-05 22:01:56,738 -  [BaseBLDC] left stroke amp is 0.34123564604139284
2023-07-05 22:01:56,741 -  [BaseBLDC] right target amplitude is -0.687477944150416
2023-07-05 22:01:56,741 -  [BaseBLDC] left target amplitude is 0.687477944150416
2023-07-05 22:01:56,850 -  [BaseBLDC] right stroke amp is -0.37585972726404143
2023-07-05 22:01:56,851 -  [BaseBLDC] left stroke amp is 0.3758598758522951
2023-07-05 22:01:56,853 -  [BaseBLDC] right target amplitude is -0.716761337732163
2023-07-05 22:01:56,854 -  [BaseBLDC] left target amplitude is 0.716761337732163
2023-07-05 22:01:56,962 -  [BaseBLDC] right stroke amp is -0.4099498685845468
2023-07-05 22:01:56,962 -  [BaseBLDC] left stroke amp is 0.40995002204028186
2023-07-05 22:01:56,965 -  [BaseBLDC] right target amplitude is -0.745026239105867
2023-07-05 22:01:56,966 -  [BaseBLDC] left target amplitude is 0.745026239105867
2023-07-05 22:01:57,073 -  [BaseBLDC] right stroke amp is -0.4434574862217375
2023-07-05 22:01:57,073 -  [BaseBLDC] left stroke amp is 0.4434576437468404
2023-07-05 22:01:57,076 -  [BaseBLDC] right target amplitude is -0.772232484857744
2023-07-05 22:01:57,077 -  [BaseBLDC] left target amplitude is 0.772232484857744
2023-07-05 22:01:57,183 -  [BaseBLDC] right stroke amp is -0.4763349659248099
2023-07-05 22:01:57,183 -  [BaseBLDC] left stroke amp is 0.47633512785793075
2023-07-05 22:01:57,186 -  [BaseBLDC] right target amplitude is -0.798341415885724
2023-07-05 22:01:57,186 -  [BaseBLDC] left target amplitude is 0.798341415885724
2023-07-05 22:01:57,295 -  [BaseBLDC] right stroke amp is -0.5085356273509567
2023-07-05 22:01:57,296 -  [BaseBLDC] left stroke amp is 0.50853575666071
2023-07-05 22:01:57,298 -  [BaseBLDC] right target amplitude is -0.823315932332649
2023-07-05 22:01:57,299 -  [BaseBLDC] left target amplitude is 0.823315932332649
2023-07-05 22:01:57,407 -  [BaseBLDC] right stroke amp is -0.540013677507034
2023-07-05 22:01:57,407 -  [BaseBLDC] left stroke amp is 0.5400137742279039
2023-07-05 22:01:57,410 -  [BaseBLDC] right target amplitude is -0.847120546303858
2023-07-05 22:01:57,410 -  [BaseBLDC] left target amplitude is 0.847120546303858
2023-07-05 22:01:57,518 -  [BaseBLDC] right stroke amp is -0.5707243800584507
2023-07-05 22:01:57,519 -  [BaseBLDC] left stroke amp is 0.5707244514354992
2023-07-05 22:01:57,522 -  [BaseBLDC] right target amplitude is -0.869721432294217
2023-07-05 22:01:57,522 -  [BaseBLDC] left target amplitude is 0.869721432294217
2023-07-05 22:01:57,629 -  [BaseBLDC] right stroke amp is -0.6006241080925764
2023-07-05 22:01:57,629 -  [BaseBLDC] left stroke amp is 0.600624149521371
2023-07-05 22:01:57,632 -  [BaseBLDC] right target amplitude is -0.891086475252955
2023-07-05 22:01:57,632 -  [BaseBLDC] left target amplitude is 0.891086475252955
2023-07-05 22:01:57,741 -  [BaseBLDC] right stroke amp is -0.6296703645227734
2023-07-05 22:01:57,741 -  [BaseBLDC] left stroke amp is 0.6296703820945294
2023-07-05 22:01:57,745 -  [BaseBLDC] right target amplitude is -0.911185316218015
2023-07-05 22:01:57,745 -  [BaseBLDC] left target amplitude is 0.911185316218015
2023-07-05 22:01:57,852 -  [BaseBLDC] right stroke amp is -0.6578218757374618
2023-07-05 22:01:57,852 -  [BaseBLDC] left stroke amp is 0.657821875506878
2023-07-05 22:01:57,856 -  [BaseBLDC] right target amplitude is -0.929989395455057
2023-07-05 22:01:57,856 -  [BaseBLDC] left target amplitude is 0.929989395455057
2023-07-05 22:01:57,963 -  [BaseBLDC] right stroke amp is -0.6850386467893891
2023-07-05 22:01:57,963 -  [BaseBLDC] left stroke amp is 0.6850386275016959
2023-07-05 22:01:57,966 -  [BaseBLDC] right target amplitude is -0.947471993039823
2023-07-05 22:01:57,967 -  [BaseBLDC] left target amplitude is 0.947471993039823
2023-07-05 22:01:58,073 -  [BaseBLDC] right stroke amp is -0.7112820034938263
2023-07-05 22:01:58,073 -  [BaseBLDC] left stroke amp is 0.7112819640555086
2023-07-05 22:01:58,076 -  [BaseBLDC] right target amplitude is -0.963608266826204
2023-07-05 22:01:58,076 -  [BaseBLDC] left target amplitude is 0.963608266826204
2023-07-05 22:01:58,184 -  [BaseBLDC] right stroke amp is -0.7365146463072549
2023-07-05 22:01:58,185 -  [BaseBLDC] left stroke amp is 0.7365145943325782
2023-07-05 22:01:58,187 -  [BaseBLDC] right target amplitude is -0.978375287746047
2023-07-05 22:01:58,187 -  [BaseBLDC] left target amplitude is 0.978375287746047
2023-07-05 22:01:58,296 -  [BaseBLDC] right stroke amp is -0.7607007288295399
2023-07-05 22:01:58,296 -  [BaseBLDC] left stroke amp is 0.7607006636739251
2023-07-05 22:01:58,299 -  [BaseBLDC] right target amplitude is -0.991752072390548
2023-07-05 22:01:58,299 -  [BaseBLDC] left target amplitude is 0.991752072390548
2023-07-05 22:01:58,407 -  [BaseBLDC] right stroke amp is -0.7838058834189148
2023-07-05 22:01:58,408 -  [BaseBLDC] left stroke amp is 0.7838058045455873
2023-07-05 22:01:58,411 -  [BaseBLDC] right target amplitude is -1.00371961282693
2023-07-05 22:01:58,411 -  [BaseBLDC] left target amplitude is 1.00371961282693
2023-07-05 22:01:58,519 -  [BaseBLDC] right stroke amp is -0.8057972783944869
2023-07-05 22:01:58,519 -  [BaseBLDC] left stroke amp is 0.8057971853737212
2023-07-05 22:01:58,522 -  [BaseBLDC] right target amplitude is -1.01426090360803
2023-07-05 22:01:58,522 -  [BaseBLDC] left target amplitude is 1.01426090360803
2023-07-05 22:01:58,630 -  [BaseBLDC] right stroke amp is -0.8266436565732416
2023-07-05 22:01:58,630 -  [BaseBLDC] left stroke amp is 0.8266435571971521
2023-07-05 22:01:58,633 -  [BaseBLDC] right target amplitude is -1.02336096593647
2023-07-05 22:01:58,634 -  [BaseBLDC] left target amplitude is 1.02336096593647
2023-07-05 22:01:58,741 -  [BaseBLDC] right stroke amp is -0.8463154042682625
2023-07-05 22:01:58,742 -  [BaseBLDC] left stroke amp is 0.8463152980710837
2023-07-05 22:01:58,745 -  [BaseBLDC] right target amplitude is -1.03100686894896
2023-07-05 22:01:58,745 -  [BaseBLDC] left target amplitude is 1.03100686894896
2023-07-05 22:01:58,853 -  [BaseBLDC] right stroke amp is -0.8647845685508895
2023-07-05 22:01:58,853 -  [BaseBLDC] left stroke amp is 0.8647844551588711
2023-07-05 22:01:58,856 -  [BaseBLDC] right target amplitude is -1.03718774809061
2023-07-05 22:01:58,857 -  [BaseBLDC] left target amplitude is 1.03718774809061
2023-07-05 22:01:58,963 -  [BaseBLDC] right stroke amp is -0.8820249053237226
2023-07-05 22:01:58,963 -  [BaseBLDC] left stroke amp is 0.8820247844520452
2023-07-05 22:01:58,966 -  [BaseBLDC] right target amplitude is -1.04189482055310
2023-07-05 22:01:58,967 -  [BaseBLDC] left target amplitude is 1.04189482055310
2023-07-05 22:01:59,074 -  [BaseBLDC] right stroke amp is -0.8980119166145494
2023-07-05 22:01:59,074 -  [BaseBLDC] left stroke amp is 0.8980117880621507
2023-07-05 22:01:59,077 -  [BaseBLDC] right target amplitude is -1.04512139775469
2023-07-05 22:01:59,078 -  [BaseBLDC] left target amplitude is 1.04512139775469
2023-07-05 22:01:59,186 -  [BaseBLDC] right stroke amp is -0.9127228853866846
2023-07-05 22:01:59,186 -  [BaseBLDC] left stroke amp is 0.9127227490314048
2023-07-05 22:01:59,189 -  [BaseBLDC] right target amplitude is -1.04686289484452
2023-07-05 22:01:59,190 -  [BaseBLDC] left target amplitude is 1.04686289484452
2023-07-05 22:01:59,296 -  [BaseBLDC] right stroke amp is -0.9261369078187167
2023-07-05 22:01:59,296 -  [BaseBLDC] left stroke amp is 0.9261367636127159
2023-07-05 22:01:59,299 -  [BaseBLDC] right target amplitude is -1.04711683721745
2023-07-05 22:01:59,300 -  [BaseBLDC] left target amplitude is 1.04711683721745
2023-07-05 22:01:59,408 -  [BaseBLDC] right stroke amp is -0.9382349230078152
2023-07-05 22:01:59,408 -  [BaseBLDC] left stroke amp is 0.9382347709731891
2023-07-05 22:01:59,412 -  [BaseBLDC] right target amplitude is -1.04588286403045
2023-07-05 22:01:59,412 -  [BaseBLDC] left target amplitude is 1.04588286403045
2023-07-05 22:01:59,516 -  [BaseBLDC] right stroke amp is -0.9489997400543124
2023-07-05 22:01:59,516 -  [BaseBLDC] left stroke amp is 0.9489995802789156
2023-07-05 22:01:59,519 -  [BaseBLDC] right target amplitude is -1.04316272871533
2023-07-05 22:01:59,520 -  [BaseBLDC] left target amplitude is 1.04316272871533
2023-07-05 22:01:59,626 -  [BaseBLDC] right stroke amp is -0.9584160544430436
2023-07-05 22:01:59,627 -  [BaseBLDC] left stroke amp is 0.9584158951225569
2023-07-05 22:01:59,629 -  [BaseBLDC] right target amplitude is -1.03896029648713
2023-07-05 22:01:59,630 -  [BaseBLDC] left target amplitude is 1.03896029648713
2023-07-05 22:01:59,737 -  [BaseBLDC] right stroke amp is -0.9664704945320909
2023-07-05 22:01:59,737 -  [BaseBLDC] left stroke amp is 0.9664703352590142
2023-07-05 22:01:59,740 -  [BaseBLDC] right target amplitude is -1.03328153885185
2023-07-05 22:01:59,741 -  [BaseBLDC] left target amplitude is 1.03328153885185
2023-07-05 22:01:59,849 -  [BaseBLDC] right stroke amp is -0.973151615163018
2023-07-05 22:01:59,850 -  [BaseBLDC] left stroke amp is 0.9731514556182974
2023-07-05 22:01:59,852 -  [BaseBLDC] right target amplitude is -1.02613452512110
2023-07-05 22:01:59,852 -  [BaseBLDC] left target amplitude is 1.02613452512110
2023-07-05 22:01:59,960 -  [BaseBLDC] right stroke amp is -0.978449922621769
2023-07-05 22:01:59,961 -  [BaseBLDC] left stroke amp is 0.978449762568578
2023-07-05 22:01:59,964 -  [BaseBLDC] right target amplitude is -1.01752941094595
2023-07-05 22:01:59,964 -  [BaseBLDC] left target amplitude is 1.01752941094595
2023-07-05 22:02:00,072 -  [BaseBLDC] right stroke amp is -0.9823578881299074
2023-07-05 22:02:00,072 -  [BaseBLDC] left stroke amp is 0.9823577274063149
2023-07-05 22:02:00,076 -  [BaseBLDC] right target amplitude is -1.00747842388603
2023-07-05 22:02:00,076 -  [BaseBLDC] left target amplitude is 1.00747842388603
2023-07-05 22:02:00,184 -  [BaseBLDC] right stroke amp is -0.984869958542122
2023-07-05 22:02:00,184 -  [BaseBLDC] left stroke amp is 0.9848697970542868
2023-07-05 22:02:00,187 -  [BaseBLDC] right target amplitude is -0.995995846034696
2023-07-05 22:02:00,188 -  [BaseBLDC] left target amplitude is 0.995995846034696
2023-07-05 22:02:00,295 -  [BaseBLDC] right stroke amp is -0.9859825642364888
2023-07-05 22:02:00,295 -  [BaseBLDC] left stroke amp is 0.9859824019523277
2023-07-05 22:02:00,298 -  [BaseBLDC] right target amplitude is -0.983097993724593
2023-07-05 22:02:00,299 -  [BaseBLDC] left target amplitude is 0.983097993724593
2023-07-05 22:02:00,406 -  [BaseBLDC] right stroke amp is -0.9856941241862747
2023-07-05 22:02:00,406 -  [BaseBLDC] left stroke amp is 0.9856939611295542
2023-07-05 22:02:00,409 -  [BaseBLDC] right target amplitude is -0.968803194342782
2023-07-05 22:02:00,410 -  [BaseBLDC] left target amplitude is 0.968803194342782
2023-07-05 22:02:00,518 -  [BaseBLDC] right stroke amp is -0.9840050482072483
2023-07-05 22:02:00,518 -  [BaseBLDC] left stroke amp is 0.984004884450877
2023-07-05 22:02:00,521 -  [BaseBLDC] right target amplitude is -0.953131760288154
2023-07-05 22:02:00,522 -  [BaseBLDC] left target amplitude is 0.953131760288154
2023-07-05 22:02:00,629 -  [BaseBLDC] right stroke amp is -0.9809177364105364
2023-07-05 22:02:00,630 -  [BaseBLDC] left stroke amp is 0.9809175720346047
2023-07-05 22:02:00,633 -  [BaseBLDC] right target amplitude is -0.936105960108231
2023-07-05 22:02:00,633 -  [BaseBLDC] left target amplitude is 0.936105960108231
2023-07-05 22:02:00,740 -  [BaseBLDC] right stroke amp is -0.9764365757682784
2023-07-05 22:02:00,740 -  [BaseBLDC] left stroke amp is 0.9764364108419674
2023-07-05 22:02:00,743 -  [BaseBLDC] right target amplitude is -0.917749986856350
2023-07-05 22:02:00,743 -  [BaseBLDC] left target amplitude is 0.917749986856350
2023-07-05 22:02:00,852 -  [BaseBLDC] right stroke amp is -0.9705679337992433
2023-07-05 22:02:00,853 -  [BaseBLDC] left stroke amp is 0.9705677684434058
2023-07-05 22:02:00,856 -  [BaseBLDC] right target amplitude is -0.898089923714196
2023-07-05 22:02:00,856 -  [BaseBLDC] left target amplitude is 0.898089923714196
