2023-07-05 21:17:08,453 -  [BaseWing] the length is 0.10559576566307186
2023-07-05 21:17:08,453 -  [BaseWing] the chord of root is 0.013679980005579979
2023-07-05 21:17:08,453 -  [BaseWing] the chord of tip is 0.009028786803682786
2023-07-05 21:17:08,454 -  [BaseWing] the length is 0.10559576566307186
2023-07-05 21:17:08,454 -  [BaseWing] the chord of root is 0.013679980005579979
2023-07-05 21:17:08,454 -  [BaseWing] the chord of tip is 0.009028786803682786
2023-07-05 21:17:08,615 -  [BaseBLDC] right target amplitude is 1.04719755119660
2023-07-05 21:17:08,616 -  [BaseBLDC] left target amplitude is 1.04719755119660
2023-07-05 21:17:08,725 -  [BaseBLDC] right target amplitude is 1.04645353607079
2023-07-05 21:17:08,726 -  [BaseBLDC] left target amplitude is 1.04645353607079
2023-07-05 21:17:08,837 -  [BaseBLDC] right target amplitude is 1.04422254791229
2023-07-05 21:17:08,838 -  [BaseBLDC] left target amplitude is 1.04422254791229
2023-07-05 21:17:08,946 -  [BaseBLDC] right target amplitude is 1.04050775687551
2023-07-05 21:17:08,946 -  [BaseBLDC] left target amplitude is 1.04050775687551
2023-07-05 21:17:09,058 -  [BaseBLDC] right target amplitude is 1.03531444154575
2023-07-05 21:17:09,059 -  [BaseBLDC] left target amplitude is 1.03531444154575
2023-07-05 21:17:09,169 -  [BaseBLDC] right target amplitude is 1.02864998143846
2023-07-05 21:17:09,169 -  [BaseBLDC] left target amplitude is 1.02864998143846
2023-07-05 21:17:09,281 -  [BaseBLDC] right target amplitude is 1.02052384651324
2023-07-05 21:17:09,281 -  [BaseBLDC] left target amplitude is 1.02052384651324
2023-07-05 21:17:09,392 -  [BaseBLDC] right target amplitude is 1.01094758371736
2023-07-05 21:17:09,392 -  [BaseBLDC] left target amplitude is 1.01094758371736
2023-07-05 21:17:09,503 -  [BaseBLDC] right target amplitude is 0.999934800577948
2023-07-05 21:17:09,504 -  [BaseBLDC] left target amplitude is 0.999934800577948
2023-07-05 21:17:09,614 -  [BaseBLDC] right target amplitude is 0.987501145866170
2023-07-05 21:17:09,615 -  [BaseBLDC] left target amplitude is 0.987501145866170
2023-07-05 21:17:09,727 -  [BaseBLDC] right target amplitude is 0.973664287360898
2023-07-05 21:17:09,727 -  [BaseBLDC] left target amplitude is 0.973664287360898
2023-07-05 21:17:09,837 -  [BaseBLDC] right target amplitude is 0.958443886743414
2023-07-05 21:17:09,837 -  [BaseBLDC] left target amplitude is 0.958443886743414
2023-07-05 21:17:09,948 -  [BaseBLDC] right target amplitude is 0.941861571658857
2023-07-05 21:17:09,948 -  [BaseBLDC] left target amplitude is 0.941861571658857
2023-07-05 21:17:10,058 -  [BaseBLDC] right target amplitude is 0.923940904984112
2023-07-05 21:17:10,058 -  [BaseBLDC] left target amplitude is 0.923940904984112
2023-07-05 21:17:10,168 -  [BaseBLDC] right target amplitude is 0.904707351345790
2023-07-05 21:17:10,168 -  [BaseBLDC] left target amplitude is 0.904707351345790
2023-07-05 21:17:10,277 -  [BaseBLDC] right target amplitude is 0.884188240935905
2023-07-05 21:17:10,277 -  [BaseBLDC] left target amplitude is 0.884188240935905
2023-07-05 21:17:10,388 -  [BaseBLDC] right target amplitude is 0.862412730676639
2023-07-05 21:17:10,389 -  [BaseBLDC] left target amplitude is 0.862412730676639
2023-07-05 21:17:10,497 -  [BaseBLDC] right target amplitude is 0.839411762789393
2023-07-05 21:17:10,497 -  [BaseBLDC] left target amplitude is 0.839411762789393
2023-07-05 21:17:10,608 -  [BaseBLDC] right target amplitude is 0.815218020826987
2023-07-05 21:17:10,609 -  [BaseBLDC] left target amplitude is 0.815218020826987
2023-07-05 21:17:10,719 -  [BaseBLDC] right target amplitude is 0.789865883231501
2023-07-05 21:17:10,720 -  [BaseBLDC] left target amplitude is 0.789865883231501
2023-07-05 21:17:10,831 -  [BaseBLDC] right target amplitude is 0.763391374483726
2023-07-05 21:17:10,832 -  [BaseBLDC] left target amplitude is 0.763391374483726
2023-07-05 21:17:10,943 -  [BaseBLDC] right target amplitude is 0.735832113913662
2023-07-05 21:17:10,944 -  [BaseBLDC] left target amplitude is 0.735832113913662
2023-07-05 21:17:11,054 -  [BaseBLDC] right target amplitude is 0.707227262244792
2023-07-05 21:17:11,054 -  [BaseBLDC] left target amplitude is 0.707227262244792
2023-07-05 21:17:11,166 -  [BaseBLDC] right target amplitude is 0.677617465948086
2023-07-05 21:17:11,166 -  [BaseBLDC] left target amplitude is 0.677617465948086
2023-07-05 21:17:11,278 -  [BaseBLDC] right target amplitude is 0.647044799484823
2023-07-05 21:17:11,278 -  [BaseBLDC] left target amplitude is 0.647044799484823
2023-07-05 21:17:11,389 -  [BaseBLDC] right target amplitude is 0.615552705520273
2023-07-05 21:17:11,390 -  [BaseBLDC] left target amplitude is 0.615552705520273
2023-07-05 21:17:11,500 -  [BaseBLDC] right target amplitude is 0.583185933193230
2023-07-05 21:17:11,501 -  [BaseBLDC] left target amplitude is 0.583185933193230
2023-07-05 21:17:11,611 -  [BaseBLDC] right target amplitude is 0.549990474529080
2023-07-05 21:17:11,612 -  [BaseBLDC] left target amplitude is 0.549990474529080
2023-07-05 21:17:11,724 -  [BaseBLDC] right target amplitude is 0.516013499086778
2023-07-05 21:17:11,724 -  [BaseBLDC] left target amplitude is 0.516013499086778
2023-07-05 21:17:11,835 -  [BaseBLDC] right target amplitude is 0.481303286932590
2023-07-05 21:17:11,836 -  [BaseBLDC] left target amplitude is 0.481303286932590
2023-07-05 21:17:11,946 -  [BaseBLDC] right target amplitude is 0.445909160035849
2023-07-05 21:17:11,947 -  [BaseBLDC] left target amplitude is 0.445909160035849
2023-07-05 21:17:12,057 -  [BaseBLDC] right target amplitude is 0.409881412184201
2023-07-05 21:17:12,058 -  [BaseBLDC] left target amplitude is 0.409881412184201
2023-07-05 21:17:12,169 -  [BaseBLDC] right target amplitude is 0.373271237517931
2023-07-05 21:17:12,170 -  [BaseBLDC] left target amplitude is 0.373271237517931
2023-07-05 21:17:12,281 -  [BaseBLDC] right target amplitude is 0.336130657784932
2023-07-05 21:17:12,281 -  [BaseBLDC] left target amplitude is 0.336130657784932
2023-07-05 21:17:12,393 -  [BaseBLDC] right target amplitude is 0.298512448419653
2023-07-05 21:17:12,393 -  [BaseBLDC] left target amplitude is 0.298512448419653
2023-07-05 21:17:12,503 -  [BaseBLDC] right target amplitude is 0.260470063551113
2023-07-05 21:17:12,504 -  [BaseBLDC] left target amplitude is 0.260470063551113
2023-07-05 21:17:12,614 -  [BaseBLDC] right target amplitude is 0.222057560046490
2023-07-05 21:17:12,615 -  [BaseBLDC] left target amplitude is 0.222057560046490
2023-07-05 21:17:12,726 -  [BaseBLDC] right target amplitude is 0.183329520698255
2023-07-05 21:17:12,726 -  [BaseBLDC] left target amplitude is 0.183329520698255
2023-07-05 21:17:12,837 -  [BaseBLDC] right target amplitude is 0.144340976663988
2023-07-05 21:17:12,838 -  [BaseBLDC] left target amplitude is 0.144340976663988
2023-07-05 21:17:12,947 -  [BaseBLDC] right target amplitude is 0.105147329269070
2023-07-05 21:17:12,947 -  [BaseBLDC] left target amplitude is 0.105147329269070
2023-07-05 21:17:13,058 -  [BaseBLDC] right target amplitude is 0.0658042712833928
2023-07-05 21:17:13,059 -  [BaseBLDC] left target amplitude is 0.0658042712833928
2023-07-05 21:17:13,169 -  [BaseBLDC] right target amplitude is 0.0263677077839345
2023-07-05 21:17:13,169 -  [BaseBLDC] left target amplitude is 0.0263677077839345
2023-07-05 21:17:13,281 -  [BaseBLDC] right target amplitude is -0.0131063232843514
2023-07-05 21:17:13,281 -  [BaseBLDC] left target amplitude is -0.0131063232843514
2023-07-05 21:17:13,392 -  [BaseBLDC] right target amplitude is -0.0525617307364418
2023-07-05 21:17:13,392 -  [BaseBLDC] left target amplitude is -0.0525617307364418
2023-07-05 21:17:13,503 -  [BaseBLDC] right target amplitude is -0.0919424498508024
2023-07-05 21:17:13,504 -  [BaseBLDC] left target amplitude is -0.0919424498508024
2023-07-05 21:17:13,615 -  [BaseBLDC] right target amplitude is -0.131192522035345
2023-07-05 21:17:13,616 -  [BaseBLDC] left target amplitude is -0.131192522035345
2023-07-05 21:17:13,726 -  [BaseBLDC] right target amplitude is -0.170256174342578
2023-07-05 21:17:13,726 -  [BaseBLDC] left target amplitude is -0.170256174342578
2023-07-05 21:17:13,837 -  [BaseBLDC] right target amplitude is -0.209077898720959
2023-07-05 21:17:13,838 -  [BaseBLDC] left target amplitude is -0.209077898720959
2023-07-05 21:17:13,949 -  [BaseBLDC] right target amplitude is -0.247602530889847
2023-07-05 21:17:13,950 -  [BaseBLDC] left target amplitude is -0.247602530889847
2023-07-05 21:17:14,059 -  [BaseBLDC] right target amplitude is -0.285775328725964
2023-07-05 21:17:14,060 -  [BaseBLDC] left target amplitude is -0.285775328725964
2023-07-05 21:17:14,169 -  [BaseBLDC] right target amplitude is -0.323542050049986
2023-07-05 21:17:14,170 -  [BaseBLDC] left target amplitude is -0.323542050049986
2023-07-05 21:17:14,281 -  [BaseBLDC] right target amplitude is -0.360849029702735
2023-07-05 21:17:14,282 -  [BaseBLDC] left target amplitude is -0.360849029702735
2023-07-05 21:17:14,392 -  [BaseBLDC] right target amplitude is -0.397643255801443
2023-07-05 21:17:14,393 -  [BaseBLDC] left target amplitude is -0.397643255801443
2023-07-05 21:17:14,504 -  [BaseBLDC] right target amplitude is -0.433872445067743
2023-07-05 21:17:14,505 -  [BaseBLDC] left target amplitude is -0.433872445067743
2023-07-05 21:17:14,613 -  [BaseBLDC] right target amplitude is -0.469485117120324
2023-07-05 21:17:14,614 -  [BaseBLDC] left target amplitude is -0.469485117120324
2023-07-05 21:17:14,725 -  [BaseBLDC] right target amplitude is -0.504430667626718
2023-07-05 21:17:14,726 -  [BaseBLDC] left target amplitude is -0.504430667626718
2023-07-05 21:17:14,836 -  [BaseBLDC] right target amplitude is -0.538659440210234
2023-07-05 21:17:14,837 -  [BaseBLDC] left target amplitude is -0.538659440210234
2023-07-05 21:17:14,947 -  [BaseBLDC] right target amplitude is -0.572122797009901
2023-07-05 21:17:14,948 -  [BaseBLDC] left target amplitude is -0.572122797009901
2023-07-05 21:17:15,058 -  [BaseBLDC] right target amplitude is -0.604773187793121
2023-07-05 21:17:15,058 -  [BaseBLDC] left target amplitude is -0.604773187793121
2023-07-05 21:17:15,169 -  [BaseBLDC] right target amplitude is -0.636564217522852
2023-07-05 21:17:15,170 -  [BaseBLDC] left target amplitude is -0.636564217522852
2023-07-05 21:17:15,280 -  [BaseBLDC] right target amplitude is -0.667450712283295
2023-07-05 21:17:15,280 -  [BaseBLDC] left target amplitude is -0.667450712283295
2023-07-05 21:17:15,390 -  [BaseBLDC] right target amplitude is -0.697388783470419
2023-07-05 21:17:15,390 -  [BaseBLDC] left target amplitude is -0.697388783470419
2023-07-05 21:17:15,501 -  [BaseBLDC] right target amplitude is -0.726335890156090
2023-07-05 21:17:15,502 -  [BaseBLDC] left target amplitude is -0.726335890156090
2023-07-05 21:17:15,612 -  [BaseBLDC] right target amplitude is -0.754250899537224
2023-07-05 21:17:15,613 -  [BaseBLDC] left target amplitude is -0.754250899537224
2023-07-05 21:17:15,724 -  [BaseBLDC] right target amplitude is -0.781094145384022
2023-07-05 21:17:15,725 -  [BaseBLDC] left target amplitude is -0.781094145384022
2023-07-05 21:17:15,835 -  [BaseBLDC] right target amplitude is -0.806827484404273
2023-07-05 21:17:15,836 -  [BaseBLDC] left target amplitude is -0.806827484404273
2023-07-05 21:17:15,948 -  [BaseBLDC] right target amplitude is -0.831414350443615
2023-07-05 21:17:15,948 -  [BaseBLDC] left target amplitude is -0.831414350443615
2023-07-05 21:17:16,057 -  [BaseBLDC] right target amplitude is -0.854819806444733
2023-07-05 21:17:16,058 -  [BaseBLDC] left target amplitude is -0.854819806444733
2023-07-05 21:17:16,168 -  [BaseBLDC] right target amplitude is -0.877010594091674
2023-07-05 21:17:16,169 -  [BaseBLDC] left target amplitude is -0.877010594091674
2023-07-05 21:17:16,280 -  [BaseBLDC] right target amplitude is -0.897955181068738
2023-07-05 21:17:16,281 -  [BaseBLDC] left target amplitude is -0.897955181068738
2023-07-05 21:17:16,393 -  [BaseBLDC] right target amplitude is -0.917623805866767
2023-07-05 21:17:16,393 -  [BaseBLDC] left target amplitude is -0.917623805866767
2023-07-05 21:17:16,503 -  [BaseBLDC] right target amplitude is -0.935988520073197
2023-07-05 21:17:16,504 -  [BaseBLDC] left target amplitude is -0.935988520073197
2023-07-05 21:17:16,615 -  [BaseBLDC] right target amplitude is -0.953023228085761
2023-07-05 21:17:16,615 -  [BaseBLDC] left target amplitude is -0.953023228085761
2023-07-05 21:17:16,726 -  [BaseBLDC] right target amplitude is -0.968703724193408
2023-07-05 21:17:16,726 -  [BaseBLDC] left target amplitude is -0.968703724193408
2023-07-05 21:17:16,838 -  [BaseBLDC] right target amplitude is -0.983007726971764
2023-07-05 21:17:16,838 -  [BaseBLDC] left target amplitude is -0.983007726971764
2023-07-05 21:17:16,948 -  [BaseBLDC] right target amplitude is -0.995914910944242
2023-07-05 21:17:16,948 -  [BaseBLDC] left target amplitude is -0.995914910944242
2023-07-05 21:17:17,060 -  [BaseBLDC] right target amplitude is -1.00740693546383
2023-07-05 21:17:17,061 -  [BaseBLDC] left target amplitude is -1.00740693546383
2023-07-05 21:17:17,171 -  [BaseBLDC] right target amplitude is -1.01746747077448
2023-07-05 21:17:17,172 -  [BaseBLDC] left target amplitude is -1.01746747077448
2023-07-05 21:17:17,282 -  [BaseBLDC] right target amplitude is -1.02608222121514
2023-07-05 21:17:17,283 -  [BaseBLDC] left target amplitude is -1.02608222121514
2023-07-05 21:17:17,394 -  [BaseBLDC] right target amplitude is -1.03323894553337
2023-07-05 21:17:17,394 -  [BaseBLDC] left target amplitude is -1.03323894553337
2023-07-05 21:17:17,506 -  [BaseBLDC] right target amplitude is -1.03892747427972
2023-07-05 21:17:17,507 -  [BaseBLDC] left target amplitude is -1.03892747427972
2023-07-05 21:17:17,617 -  [BaseBLDC] right target amplitude is -1.04313972425818
2023-07-05 21:17:17,618 -  [BaseBLDC] left target amplitude is -1.04313972425818
2023-07-05 21:17:17,728 -  [BaseBLDC] right target amplitude is -1.04586971001207
2023-07-05 21:17:17,729 -  [BaseBLDC] left target amplitude is -1.04586971001207
2023-07-05 21:17:17,841 -  [BaseBLDC] right target amplitude is -1.04711355232922
2023-07-05 21:17:17,841 -  [BaseBLDC] left target amplitude is -1.04711355232922
2023-07-05 21:17:17,951 -  [BaseBLDC] right target amplitude is -1.04686948375415
2023-07-05 21:17:17,952 -  [BaseBLDC] left target amplitude is -1.04686948375415
2023-07-05 21:17:18,062 -  [BaseBLDC] right target amplitude is -1.04513785109959
2023-07-05 21:17:18,063 -  [BaseBLDC] left target amplitude is -1.04513785109959
2023-07-05 21:17:18,174 -  [BaseBLDC] right target amplitude is -1.04192111495364
2023-07-05 21:17:18,175 -  [BaseBLDC] left target amplitude is -1.04192111495364
2023-07-05 21:17:18,286 -  [BaseBLDC] right target amplitude is -1.03722384618339
2023-07-05 21:17:18,287 -  [BaseBLDC] left target amplitude is -1.03722384618339
2023-07-05 21:17:18,398 -  [BaseBLDC] right target amplitude is -1.03105271943988
2023-07-05 21:17:18,398 -  [BaseBLDC] left target amplitude is -1.03105271943988
2023-07-05 21:17:18,510 -  [BaseBLDC] right target amplitude is -1.02341650367362
2023-07-05 21:17:18,510 -  [BaseBLDC] left target amplitude is -1.02341650367362
2023-07-05 21:17:18,633 -  [BaseBLDC] right target amplitude is -1.01432604967428
2023-07-05 21:17:18,633 -  [BaseBLDC] left target amplitude is -1.01432604967428
2023-07-05 21:17:18,746 -  [BaseBLDC] right target amplitude is -1.00379427465204
2023-07-05 21:17:18,746 -  [BaseBLDC] left target amplitude is -1.00379427465204
2023-07-05 21:17:18,858 -  [BaseBLDC] right target amplitude is -0.991836143882736
2023-07-05 21:17:18,858 -  [BaseBLDC] left target amplitude is -0.991836143882736
2023-07-05 21:17:18,969 -  [BaseBLDC] right target amplitude is -0.978468649442729
2023-07-05 21:17:18,969 -  [BaseBLDC] left target amplitude is -0.978468649442729
2023-07-05 21:17:19,081 -  [BaseBLDC] right target amplitude is -0.963710786063744
2023-07-05 21:17:19,081 -  [BaseBLDC] left target amplitude is -0.963710786063744
2023-07-05 21:17:19,192 -  [BaseBLDC] right target amplitude is -0.947583524142050
2023-07-05 21:17:19,193 -  [BaseBLDC] left target amplitude is -0.947583524142050
2023-07-05 21:17:19,303 -  [BaseBLDC] right target amplitude is -0.930109779940264
2023-07-05 21:17:19,304 -  [BaseBLDC] left target amplitude is -0.930109779940264
2023-07-05 21:17:19,416 -  [BaseBLDC] right target amplitude is -0.911314383024152
2023-07-05 21:17:19,416 -  [BaseBLDC] left target amplitude is -0.911314383024152
2023-07-05 21:17:19,528 -  [BaseBLDC] right target amplitude is -0.891224040980705
2023-07-05 21:17:19,528 -  [BaseBLDC] left target amplitude is -0.891224040980705
2023-07-05 21:17:19,639 -  [BaseBLDC] right target amplitude is -0.869867301467599
2023-07-05 21:17:19,640 -  [BaseBLDC] left target amplitude is -0.869867301467599
2023-07-05 21:17:19,765 -  [BaseBLDC] right target amplitude is -0.847274511647994
2023-07-05 21:17:19,766 -  [BaseBLDC] left target amplitude is -0.847274511647994
2023-07-05 21:17:19,877 -  [BaseBLDC] right target amplitude is -0.823477775068291
2023-07-05 21:17:19,878 -  [BaseBLDC] left target amplitude is -0.823477775068291
2023-07-05 21:17:19,989 -  [BaseBLDC] right target amplitude is -0.798510906040132
2023-07-05 21:17:19,989 -  [BaseBLDC] left target amplitude is -0.798510906040132
2023-07-05 21:17:20,100 -  [BaseBLDC] right target amplitude is -0.772409381591473
2023-07-05 21:17:20,101 -  [BaseBLDC] left target amplitude is -0.772409381591473
2023-07-05 21:17:20,211 -  [BaseBLDC] right target amplitude is -0.745210291054983
2023-07-05 21:17:20,212 -  [BaseBLDC] left target amplitude is -0.745210291054983
2023-07-05 21:17:20,322 -  [BaseBLDC] right target amplitude is -0.716952283365430
2023-07-05 21:17:20,323 -  [BaseBLDC] left target amplitude is -0.716952283365430
2023-07-05 21:17:20,433 -  [BaseBLDC] right target amplitude is -0.687675512140920
2023-07-05 21:17:20,434 -  [BaseBLDC] left target amplitude is -0.687675512140920
2023-07-05 21:17:20,545 -  [BaseBLDC] right target amplitude is -0.657421578626036
2023-07-05 21:17:20,546 -  [BaseBLDC] left target amplitude is -0.657421578626036
2023-07-05 21:17:20,658 -  [BaseBLDC] right target amplitude is -0.626233472577953
2023-07-05 21:17:20,659 -  [BaseBLDC] left target amplitude is -0.626233472577953
2023-07-05 21:17:20,768 -  [BaseBLDC] right target amplitude is -0.594155511179535
2023-07-05 21:17:20,769 -  [BaseBLDC] left target amplitude is -0.594155511179535
2023-07-05 21:17:20,879 -  [BaseBLDC] right target amplitude is -0.561233276066192
2023-07-05 21:17:20,880 -  [BaseBLDC] left target amplitude is -0.561233276066192
2023-07-05 21:17:20,992 -  [BaseBLDC] right target amplitude is -0.527513548556012
2023-07-05 21:17:20,992 -  [BaseBLDC] left target amplitude is -0.527513548556012
2023-07-05 21:17:21,102 -  [BaseBLDC] right target amplitude is -0.493044243175178
2023-07-05 21:17:21,103 -  [BaseBLDC] left target amplitude is -0.493044243175178
2023-07-05 21:17:21,213 -  [BaseBLDC] right target amplitude is -0.457874339573138
2023-07-05 21:17:21,214 -  [BaseBLDC] left target amplitude is -0.457874339573138
2023-07-05 21:17:21,326 -  [BaseBLDC] right target amplitude is -0.422053812924281
2023-07-05 21:17:21,326 -  [BaseBLDC] left target amplitude is -0.422053812924281
2023-07-05 21:17:21,437 -  [BaseBLDC] right target amplitude is -0.385633562915000
2023-07-05 21:17:21,437 -  [BaseBLDC] left target amplitude is -0.385633562915000
2023-07-05 21:17:21,550 -  [BaseBLDC] right target amplitude is -0.348665341417065
2023-07-05 21:17:21,550 -  [BaseBLDC] left target amplitude is -0.348665341417065
2023-07-05 21:17:21,661 -  [BaseBLDC] right target amplitude is -0.311201678950060
2023-07-05 21:17:21,662 -  [BaseBLDC] left target amplitude is -0.311201678950060
2023-07-05 21:17:21,773 -  [BaseBLDC] right target amplitude is -0.273295810037410
2023-07-05 21:17:21,773 -  [BaseBLDC] left target amplitude is -0.273295810037410
2023-07-05 21:17:21,884 -  [BaseBLDC] right target amplitude is -0.235001597562018
2023-07-05 21:17:21,885 -  [BaseBLDC] left target amplitude is -0.235001597562018
2023-07-05 21:17:21,994 -  [BaseBLDC] right target amplitude is -0.196373456229053
2023-07-05 21:17:21,995 -  [BaseBLDC] left target amplitude is -0.196373456229053
2023-07-05 21:17:22,105 -  [BaseBLDC] right target amplitude is -0.157466275244598
2023-07-05 21:17:22,105 -  [BaseBLDC] left target amplitude is -0.157466275244598
2023-07-05 21:17:22,217 -  [BaseBLDC] right target amplitude is -0.118335340320064
2023-07-05 21:17:22,218 -  [BaseBLDC] left target amplitude is -0.118335340320064
2023-07-05 21:17:22,329 -  [BaseBLDC] right target amplitude is -0.0790362551131765
2023-07-05 21:17:22,330 -  [BaseBLDC] left target amplitude is -0.0790362551131765
2023-07-05 21:17:22,442 -  [BaseBLDC] right target amplitude is -0.0396248622171714
2023-07-05 21:17:22,442 -  [BaseBLDC] left target amplitude is -0.0396248622171714
2023-07-05 21:17:22,552 -  [BaseBLDC] right target amplitude is -0.000157163810477918
2023-07-05 21:17:22,553 -  [BaseBLDC] left target amplitude is -0.000157163810477918
2023-07-05 21:17:22,664 -  [BaseBLDC] right target amplitude is 0.0393107579203630
2023-07-05 21:17:22,664 -  [BaseBLDC] left target amplitude is 0.0393107579203630
2023-07-05 21:17:22,775 -  [BaseBLDC] right target amplitude is 0.0787228204714787
2023-07-05 21:17:22,776 -  [BaseBLDC] left target amplitude is 0.0787228204714787
2023-07-05 21:17:22,886 -  [BaseBLDC] right target amplitude is 0.118023020712882
2023-07-05 21:17:22,887 -  [BaseBLDC] left target amplitude is 0.118023020712882
2023-07-05 21:17:22,998 -  [BaseBLDC] right target amplitude is 0.157155514466911
2023-07-05 21:17:22,999 -  [BaseBLDC] left target amplitude is 0.157155514466911
2023-07-05 21:17:23,110 -  [BaseBLDC] right target amplitude is 0.196064695860802
2023-07-05 21:17:23,111 -  [BaseBLDC] left target amplitude is 0.196064695860802
2023-07-05 21:17:23,221 -  [BaseBLDC] right target amplitude is 0.234695276340636
2023-07-05 21:17:23,221 -  [BaseBLDC] left target amplitude is 0.234695276340636
2023-07-05 21:17:23,333 -  [BaseBLDC] right target amplitude is 0.272992363234385
2023-07-05 21:17:23,333 -  [BaseBLDC] left target amplitude is 0.272992363234385
2023-07-05 21:17:23,444 -  [BaseBLDC] right target amplitude is 0.310901537752440
2023-07-05 21:17:23,444 -  [BaseBLDC] left target amplitude is 0.310901537752440
2023-07-05 21:17:23,554 -  [BaseBLDC] right target amplitude is 0.348368932314746
2023-07-05 21:17:23,554 -  [BaseBLDC] left target amplitude is 0.348368932314746
2023-07-05 21:17:23,667 -  [BaseBLDC] right target amplitude is 0.385341307094709
2023-07-05 21:17:23,667 -  [BaseBLDC] left target amplitude is 0.385341307094709
2023-07-05 21:17:23,777 -  [BaseBLDC] right target amplitude is 0.421766125671076
2023-07-05 21:17:23,778 -  [BaseBLDC] left target amplitude is 0.421766125671076
2023-07-05 21:17:23,887 -  [BaseBLDC] right target amplitude is 0.457591629680312
2023-07-05 21:17:23,888 -  [BaseBLDC] left target amplitude is 0.457591629680312
2023-07-05 21:17:23,998 -  [BaseBLDC] right target amplitude is 0.492766912363370
2023-07-05 21:17:23,999 -  [BaseBLDC] left target amplitude is 0.492766912363370
2023-07-05 21:17:24,110 -  [BaseBLDC] right target amplitude is 0.527241990902382
2023-07-05 21:17:24,110 -  [BaseBLDC] left target amplitude is 0.527241990902382
2023-07-05 21:17:24,221 -  [BaseBLDC] right target amplitude is 0.560967877444447
2023-07-05 21:17:24,222 -  [BaseBLDC] left target amplitude is 0.560967877444447
2023-07-05 21:17:24,332 -  [BaseBLDC] right target amplitude is 0.593896648711620
2023-07-05 21:17:24,333 -  [BaseBLDC] left target amplitude is 0.593896648711620
2023-07-05 21:17:24,442 -  [BaseBLDC] right target amplitude is 0.625981514098173
2023-07-05 21:17:24,443 -  [BaseBLDC] left target amplitude is 0.625981514098173
2023-07-05 21:17:24,554 -  [BaseBLDC] right target amplitude is 0.657176882158375
2023-07-05 21:17:24,554 -  [BaseBLDC] left target amplitude is 0.657176882158375
2023-07-05 21:17:24,666 -  [BaseBLDC] right target amplitude is 0.687438425390306
2023-07-05 21:17:24,667 -  [BaseBLDC] left target amplitude is 0.687438425390306
2023-07-05 21:17:24,775 -  [BaseBLDC] right target amplitude is 0.716723143223654
2023-07-05 21:17:24,776 -  [BaseBLDC] left target amplitude is 0.716723143223654
2023-07-05 21:17:24,886 -  [BaseBLDC] right target amplitude is 0.744989423121988
2023-07-05 21:17:24,886 -  [BaseBLDC] left target amplitude is 0.744989423121988
2023-07-05 21:17:24,998 -  [BaseBLDC] right target amplitude is 0.772197099712692
2023-07-05 21:17:24,998 -  [BaseBLDC] left target amplitude is 0.772197099712692
2023-07-05 21:17:25,109 -  [BaseBLDC] right target amplitude is 0.798307511860523
2023-07-05 21:17:25,110 -  [BaseBLDC] left target amplitude is 0.798307511860523
2023-07-05 21:17:25,220 -  [BaseBLDC] right target amplitude is 0.823283557603707
2023-07-05 21:17:25,220 -  [BaseBLDC] left target amplitude is 0.823283557603707
2023-07-05 21:17:25,332 -  [BaseBLDC] right target amplitude is 0.847089746874507
2023-07-05 21:17:25,333 -  [BaseBLDC] left target amplitude is 0.847089746874507
2023-07-05 21:17:25,443 -  [BaseBLDC] right target amplitude is 0.869692251929344
2023-07-05 21:17:25,443 -  [BaseBLDC] left target amplitude is 0.869692251929344
2023-07-05 21:17:25,554 -  [BaseBLDC] right target amplitude is 0.891058955416816
2023-07-05 21:17:25,555 -  [BaseBLDC] left target amplitude is 0.891058955416816
2023-07-05 21:17:25,666 -  [BaseBLDC] right target amplitude is 0.911159496015313
2023-07-05 21:17:25,666 -  [BaseBLDC] left target amplitude is 0.911159496015313
2023-07-05 21:17:25,778 -  [BaseBLDC] right target amplitude is 0.929965311575376
2023-07-05 21:17:25,778 -  [BaseBLDC] left target amplitude is 0.929965311575376
2023-07-05 21:17:25,889 -  [BaseBLDC] right target amplitude is 0.947449679705496
2023-07-05 21:17:25,890 -  [BaseBLDC] left target amplitude is 0.947449679705496
2023-07-05 21:17:26,033 -  [BaseBLDC] right target amplitude is 0.963587755743680
2023-07-05 21:17:26,033 -  [BaseBLDC] left target amplitude is 0.963587755743680
2023-07-05 21:17:26,144 -  [BaseBLDC] right target amplitude is 0.978356608060843
2023-07-05 21:17:26,144 -  [BaseBLDC] left target amplitude is 0.978356608060843
2023-07-05 21:17:26,255 -  [BaseBLDC] right target amplitude is 0.991735250645827
2023-07-05 21:17:26,256 -  [BaseBLDC] left target amplitude is 0.991735250645827
2023-07-05 21:17:26,367 -  [BaseBLDC] right target amplitude is 1.00370467292579
2023-07-05 21:17:26,367 -  [BaseBLDC] left target amplitude is 1.00370467292579
2023-07-05 21:17:26,480 -  [BaseBLDC] right target amplitude is 1.01424786677954
2023-07-05 21:17:26,480 -  [BaseBLDC] left target amplitude is 1.01424786677954
2023-07-05 21:17:26,590 -  [BaseBLDC] right target amplitude is 1.02334985070549
2023-07-05 21:17:26,591 -  [BaseBLDC] left target amplitude is 1.02334985070549
2023-07-05 21:17:26,702 -  [BaseBLDC] right target amplitude is 1.03099769110984
2023-07-05 21:17:26,703 -  [BaseBLDC] left target amplitude is 1.03099769110984
2023-07-05 21:17:26,813 -  [BaseBLDC] right target amplitude is 1.03718052068474
2023-07-05 21:17:26,813 -  [BaseBLDC] left target amplitude is 1.03718052068474
2023-07-05 21:17:26,926 -  [BaseBLDC] right target amplitude is 1.04188955385035
2023-07-05 21:17:26,926 -  [BaseBLDC] left target amplitude is 1.04188955385035
2023-07-05 21:17:27,036 -  [BaseBLDC] right target amplitude is 1.04511809923887
2023-07-05 21:17:27,036 -  [BaseBLDC] left target amplitude is 1.04511809923887
2023-07-05 21:17:27,146 -  [BaseBLDC] right target amplitude is 1.04686156920269
2023-07-05 21:17:27,146 -  [BaseBLDC] left target amplitude is 1.04686156920269
2023-07-05 21:17:27,259 -  [BaseBLDC] right target amplitude is 1.04711487414629
2023-07-05 21:17:27,259 -  [BaseBLDC] left target amplitude is 1.04711487414629
2023-07-05 21:17:27,369 -  [BaseBLDC] right target amplitude is 1.04587497947190
2023-07-05 21:17:27,370 -  [BaseBLDC] left target amplitude is 1.04587497947190
2023-07-05 21:17:27,481 -  [BaseBLDC] right target amplitude is 1.04314893387305
2023-07-05 21:17:27,482 -  [BaseBLDC] left target amplitude is 1.04314893387305
2023-07-05 21:17:27,591 -  [BaseBLDC] right target amplitude is 1.03894061096311
2023-07-05 21:17:27,592 -  [BaseBLDC] left target amplitude is 1.03894061096311
2023-07-05 21:17:27,702 -  [BaseBLDC] right target amplitude is 1.03325599061851
2023-07-05 21:17:27,702 -  [BaseBLDC] left target amplitude is 1.03325599061851
2023-07-05 21:17:27,813 -  [BaseBLDC] right target amplitude is 1.02610315048157
2023-07-05 21:17:27,814 -  [BaseBLDC] left target amplitude is 1.02610315048157
2023-07-05 21:17:27,925 -  [BaseBLDC] right target amplitude is 1.01749225448247
2023-07-05 21:17:27,925 -  [BaseBLDC] left target amplitude is 1.01749225448247
2023-07-05 21:17:28,036 -  [BaseBLDC] right target amplitude is 1.00743553839661
2023-07-05 21:17:28,037 -  [BaseBLDC] left target amplitude is 1.00743553839661
2023-07-05 21:17:28,148 -  [BaseBLDC] right target amplitude is 0.995947292458077
2023-07-05 21:17:28,148 -  [BaseBLDC] left target amplitude is 0.995947292458077
2023-07-05 21:17:28,259 -  [BaseBLDC] right target amplitude is 0.983043841053674
2023-07-05 21:17:28,260 -  [BaseBLDC] left target amplitude is 0.983043841053674
2023-07-05 21:17:28,370 -  [BaseBLDC] right target amplitude is 0.968743519526573
2023-07-05 21:17:28,370 -  [BaseBLDC] left target amplitude is 0.968743519526573
2023-07-05 21:17:28,481 -  [BaseBLDC] right target amplitude is 0.953066648122436
2023-07-05 21:17:28,481 -  [BaseBLDC] left target amplitude is 0.953066648122436
2023-07-05 21:17:28,591 -  [BaseBLDC] right target amplitude is 0.936035503115062
2023-07-05 21:17:28,592 -  [BaseBLDC] left target amplitude is 0.936035503115062
2023-07-05 21:17:28,702 -  [BaseBLDC] right target amplitude is 0.917674285152599
2023-07-05 21:17:28,703 -  [BaseBLDC] left target amplitude is 0.917674285152599
2023-07-05 21:17:28,814 -  [BaseBLDC] right target amplitude is 0.898009084869277
2023-07-05 21:17:28,814 -  [BaseBLDC] left target amplitude is 0.898009084869277
2023-07-05 21:17:28,926 -  [BaseBLDC] right target amplitude is 0.877067845811548
2023-07-05 21:17:28,926 -  [BaseBLDC] left target amplitude is 0.877067845811548
2023-07-05 21:17:29,036 -  [BaseBLDC] right target amplitude is 0.854880324731293
2023-07-05 21:17:29,036 -  [BaseBLDC] left target amplitude is 0.854880324731293
2023-07-05 21:17:29,148 -  [BaseBLDC] right target amplitude is 0.831478049302542
2023-07-05 21:17:29,149 -  [BaseBLDC] left target amplitude is 0.831478049302542
2023-07-05 21:17:29,259 -  [BaseBLDC] right target amplitude is 0.806894273321766
2023-07-05 21:17:29,260 -  [BaseBLDC] left target amplitude is 0.806894273321766
2023-07-05 21:17:29,371 -  [BaseBLDC] right target amplitude is 0.781163929455417
2023-07-05 21:17:29,371 -  [BaseBLDC] left target amplitude is 0.781163929455417
2023-07-05 21:17:29,482 -  [BaseBLDC] right target amplitude is 0.754323579601852
2023-07-05 21:17:29,483 -  [BaseBLDC] left target amplitude is 0.754323579601852
2023-07-05 21:17:29,594 -  [BaseBLDC] right target amplitude is 0.726411362938180
2023-07-05 21:17:29,595 -  [BaseBLDC] left target amplitude is 0.726411362938180
2023-07-05 21:17:29,705 -  [BaseBLDC] right target amplitude is 0.697466941725846
2023-07-05 21:17:29,705 -  [BaseBLDC] left target amplitude is 0.697466941725846
2023-07-05 21:17:29,817 -  [BaseBLDC] right target amplitude is 0.667531444951976
2023-07-05 21:17:29,818 -  [BaseBLDC] left target amplitude is 0.667531444951976
2023-07-05 21:17:29,929 -  [BaseBLDC] right target amplitude is 0.636647409886551
2023-07-05 21:17:29,930 -  [BaseBLDC] left target amplitude is 0.636647409886551
2023-07-05 21:17:30,041 -  [BaseBLDC] right target amplitude is 0.604858721638467
2023-07-05 21:17:30,042 -  [BaseBLDC] left target amplitude is 0.604858721638467
2023-07-05 21:17:30,152 -  [BaseBLDC] right target amplitude is 0.572210550796358
2023-07-05 21:17:30,152 -  [BaseBLDC] left target amplitude is 0.572210550796358
2023-07-05 21:17:30,263 -  [BaseBLDC] right target amplitude is 0.538749289242814
2023-07-05 21:17:30,264 -  [BaseBLDC] left target amplitude is 0.538749289242814
2023-07-05 21:17:30,375 -  [BaseBLDC] right target amplitude is 0.504522484233159
2023-07-05 21:17:30,376 -  [BaseBLDC] left target amplitude is 0.504522484233159
2023-07-05 21:17:30,488 -  [BaseBLDC] right target amplitude is 0.469578770832516
2023-07-05 21:17:30,488 -  [BaseBLDC] left target amplitude is 0.469578770832516
2023-07-05 21:17:30,597 -  [BaseBLDC] right target amplitude is 0.433967802807111
2023-07-05 21:17:30,597 -  [BaseBLDC] left target amplitude is 0.433967802807111
2023-07-05 21:17:30,710 -  [BaseBLDC] right target amplitude is 0.397740182068051
2023-07-05 21:17:30,710 -  [BaseBLDC] left target amplitude is 0.397740182068051
2023-07-05 21:17:30,820 -  [BaseBLDC] right target amplitude is 0.360947386767829
2023-07-05 21:17:30,821 -  [BaseBLDC] left target amplitude is 0.360947386767829
2023-07-05 21:17:30,932 -  [BaseBLDC] right target amplitude is 0.323641698151697
2023-07-05 21:17:30,932 -  [BaseBLDC] left target amplitude is 0.323641698151697
2023-07-05 21:17:31,043 -  [BaseBLDC] right target amplitude is 0.285876126267906
2023-07-05 21:17:31,044 -  [BaseBLDC] left target amplitude is 0.285876126267906
2023-07-05 21:17:31,155 -  [BaseBLDC] right target amplitude is 0.247704334642321
2023-07-05 21:17:31,155 -  [BaseBLDC] left target amplitude is 0.247704334642321
2023-07-05 21:17:31,265 -  [BaseBLDC] right target amplitude is 0.209180564024477
2023-07-05 21:17:31,266 -  [BaseBLDC] left target amplitude is 0.209180564024477
2023-07-05 21:17:31,377 -  [BaseBLDC] right target amplitude is 0.170359555313417
2023-07-05 21:17:31,378 -  [BaseBLDC] left target amplitude is 0.170359555313417
2023-07-05 21:17:31,489 -  [BaseBLDC] right target amplitude is 0.131296471772848
2023-07-05 21:17:31,490 -  [BaseBLDC] left target amplitude is 0.131296471772848
2023-07-05 21:17:31,599 -  [BaseBLDC] right target amplitude is 0.0920468206461132
2023-07-05 21:17:31,600 -  [BaseBLDC] left target amplitude is 0.0920468206461132
2023-07-05 21:17:31,710 -  [BaseBLDC] right target amplitude is 0.0526663742823968
2023-07-05 21:17:31,710 -  [BaseBLDC] left target amplitude is 0.0526663742823968
2023-07-05 21:17:31,820 -  [BaseBLDC] right target amplitude is 0.0132110908862180
2023-07-05 21:17:31,821 -  [BaseBLDC] left target amplitude is 0.0132110908862180
2023-07-05 21:17:31,932 -  [BaseBLDC] right target amplitude is -0.0262629649971683
2023-07-05 21:17:31,932 -  [BaseBLDC] left target amplitude is -0.0262629649971683
2023-07-05 21:17:32,043 -  [BaseBLDC] right target amplitude is -0.0656997021474786
2023-07-05 21:17:32,044 -  [BaseBLDC] left target amplitude is -0.0656997021474786
2023-07-05 21:17:32,154 -  [BaseBLDC] right target amplitude is -0.105043082373005
2023-07-05 21:17:32,154 -  [BaseBLDC] left target amplitude is -0.105043082373005
2023-07-05 21:17:32,266 -  [BaseBLDC] right target amplitude is -0.144237200138880
2023-07-05 21:17:32,267 -  [BaseBLDC] left target amplitude is -0.144237200138880
2023-07-05 21:17:32,378 -  [BaseBLDC] right target amplitude is -0.183226362006831
2023-07-05 21:17:32,379 -  [BaseBLDC] left target amplitude is -0.183226362006831
2023-07-05 21:17:32,489 -  [BaseBLDC] right target amplitude is -0.221955165773557
2023-07-05 21:17:32,490 -  [BaseBLDC] left target amplitude is -0.221955165773557
2023-07-05 21:17:32,601 -  [BaseBLDC] right target amplitude is -0.260368579195268
2023-07-05 21:17:32,602 -  [BaseBLDC] left target amplitude is -0.260368579195268
2023-07-05 21:17:32,713 -  [BaseBLDC] right target amplitude is -0.298412018186535
2023-07-05 21:17:32,714 -  [BaseBLDC] left target amplitude is -0.298412018186535
2023-07-05 21:17:32,825 -  [BaseBLDC] right target amplitude is -0.336031424382305
2023-07-05 21:17:32,826 -  [BaseBLDC] left target amplitude is -0.336031424382305
2023-07-05 21:17:32,936 -  [BaseBLDC] right target amplitude is -0.373173341952910
2023-07-05 21:17:32,936 -  [BaseBLDC] left target amplitude is -0.373173341952910
2023-07-05 21:17:33,046 -  [BaseBLDC] right target amplitude is -0.409784993562878
2023-07-05 21:17:33,047 -  [BaseBLDC] left target amplitude is -0.409784993562878
2023-07-05 21:17:33,159 -  [BaseBLDC] right target amplitude is -0.445814355365636
2023-07-05 21:17:33,159 -  [BaseBLDC] left target amplitude is -0.445814355365636
2023-07-05 21:17:33,269 -  [BaseBLDC] right target amplitude is -0.481210230927530
2023-07-05 21:17:33,270 -  [BaseBLDC] left target amplitude is -0.481210230927530
2023-07-05 21:17:33,381 -  [BaseBLDC] right target amplitude is -0.515922323976124
2023-07-05 21:17:33,381 -  [BaseBLDC] left target amplitude is -0.515922323976124
