2023-07-05 21:34:50,273 -  [BaseWing] the length is 0.10559576566307186
2023-07-05 21:34:50,273 -  [BaseWing] the chord of root is 0.013679980005579979
2023-07-05 21:34:50,273 -  [BaseWing] the chord of tip is 0.009028786803682786
2023-07-05 21:34:50,274 -  [BaseWing] the length is 0.10559576566307186
2023-07-05 21:34:50,274 -  [BaseWing] the chord of root is 0.013679980005579979
2023-07-05 21:34:50,274 -  [BaseWing] the chord of tip is 0.009028786803682786
2023-07-05 21:34:50,419 -  [BaseBLDC] right target amplitude is 1.04719755119660
2023-07-05 21:34:50,420 -  [BaseBLDC] left target amplitude is 1.04719755119660
2023-07-05 21:34:50,530 -  [BaseBLDC] right stroke amp is 0.4188815022904418
2023-07-05 21:34:50,530 -  [BaseBLDC] left stroke amp is 0.4188790204786391
2023-07-05 21:34:50,533 -  [BaseBLDC] right target amplitude is 1.04645353607079
2023-07-05 21:34:50,533 -  [BaseBLDC] left target amplitude is 1.04645353607079
2023-07-05 21:34:50,641 -  [BaseBLDC] right stroke amp is 1.029106723443932
2023-07-05 21:34:50,642 -  [BaseBLDC] left stroke amp is 1.029101192074197
2023-07-05 21:34:50,644 -  [BaseBLDC] right target amplitude is 1.04422254791229
2023-07-05 21:34:50,644 -  [BaseBLDC] left target amplitude is 1.04422254791229
2023-07-05 21:34:50,753 -  [BaseBLDC] right stroke amp is 1.5224571636424407
2023-07-05 21:34:50,753 -  [BaseBLDC] left stroke amp is 1.522452311059235
2023-07-05 21:34:50,756 -  [BaseBLDC] right target amplitude is 1.04050775687551
2023-07-05 21:34:50,756 -  [BaseBLDC] left target amplitude is 1.04050775687551
2023-07-05 21:34:50,864 -  [BaseBLDC] right stroke amp is 1.7232810995515269
2023-07-05 21:34:50,864 -  [BaseBLDC] left stroke amp is 1.7232810508405132
2023-07-05 21:34:50,867 -  [BaseBLDC] right target amplitude is 1.03531444154575
2023-07-05 21:34:50,868 -  [BaseBLDC] left target amplitude is 1.03531444154575
2023-07-05 21:34:50,975 -  [BaseBLDC] right stroke amp is 1.6075346180064882
2023-07-05 21:34:50,975 -  [BaseBLDC] left stroke amp is 1.607540962616725
2023-07-05 21:34:50,978 -  [BaseBLDC] right target amplitude is 1.02864998143846
2023-07-05 21:34:50,978 -  [BaseBLDC] left target amplitude is 1.02864998143846
2023-07-05 21:34:51,086 -  [BaseBLDC] right stroke amp is 1.2818923996483516
2023-07-05 21:34:51,086 -  [BaseBLDC] left stroke amp is 1.2819030028824376
2023-07-05 21:34:51,089 -  [BaseBLDC] right target amplitude is 1.02052384651324
2023-07-05 21:34:51,090 -  [BaseBLDC] left target amplitude is 1.02052384651324
2023-07-05 21:34:51,197 -  [BaseBLDC] right stroke amp is 0.9149803699023211
2023-07-05 21:34:51,197 -  [BaseBLDC] left stroke amp is 0.9149904569682323
2023-07-05 21:34:51,200 -  [BaseBLDC] right target amplitude is 1.01094758371736
2023-07-05 21:34:51,200 -  [BaseBLDC] left target amplitude is 1.01094758371736
2023-07-05 21:34:51,307 -  [BaseBLDC] right stroke amp is 0.6576776203580806
2023-07-05 21:34:51,308 -  [BaseBLDC] left stroke amp is 0.6576824911811887
2023-07-05 21:34:51,310 -  [BaseBLDC] right target amplitude is 0.999934800577948
2023-07-05 21:34:51,311 -  [BaseBLDC] left target amplitude is 0.999934800577948
2023-07-05 21:34:51,417 -  [BaseBLDC] right stroke amp is 0.5865113343063537
2023-07-05 21:34:51,417 -  [BaseBLDC] left stroke amp is 0.5865091759003563
2023-07-05 21:34:51,420 -  [BaseBLDC] right target amplitude is 0.987501145866170
2023-07-05 21:34:51,420 -  [BaseBLDC] left target amplitude is 0.987501145866170
2023-07-05 21:34:51,528 -  [BaseBLDC] right stroke amp is 0.6773987039355265
2023-07-05 21:34:51,528 -  [BaseBLDC] left stroke amp is 0.6773906569870908
2023-07-05 21:34:51,531 -  [BaseBLDC] right target amplitude is 0.973664287360898
2023-07-05 21:34:51,531 -  [BaseBLDC] left target amplitude is 0.973664287360898
2023-07-05 21:34:51,639 -  [BaseBLDC] right stroke amp is 0.8680433688194971
2023-07-05 21:34:51,640 -  [BaseBLDC] left stroke amp is 0.8680330958299045
2023-07-05 21:34:51,642 -  [BaseBLDC] right target amplitude is 0.958443886743414
2023-07-05 21:34:51,643 -  [BaseBLDC] left target amplitude is 0.958443886743414
2023-07-05 21:34:51,751 -  [BaseBLDC] right stroke amp is 1.0543617138841286
2023-07-05 21:34:51,752 -  [BaseBLDC] left stroke amp is 1.0543536939809404
2023-07-05 21:34:51,754 -  [BaseBLDC] right target amplitude is 0.941861571658857
2023-07-05 21:34:51,754 -  [BaseBLDC] left target amplitude is 0.941861571658857
2023-07-05 21:34:51,862 -  [BaseBLDC] right stroke amp is 1.1549541778030745
2023-07-05 21:34:51,862 -  [BaseBLDC] left stroke amp is 1.1549518549613484
2023-07-05 21:34:51,865 -  [BaseBLDC] right target amplitude is 0.923940904984112
2023-07-05 21:34:51,865 -  [BaseBLDC] left target amplitude is 0.923940904984112
2023-07-05 21:34:51,974 -  [BaseBLDC] right stroke amp is 1.1393026103101986
2023-07-05 21:34:51,974 -  [BaseBLDC] left stroke amp is 1.1393066833057675
2023-07-05 21:34:51,977 -  [BaseBLDC] right target amplitude is 0.904707351345790
2023-07-05 21:34:51,977 -  [BaseBLDC] left target amplitude is 0.904707351345790
2023-07-05 21:34:52,086 -  [BaseBLDC] right stroke amp is 1.02896623548243
2023-07-05 21:34:52,086 -  [BaseBLDC] left stroke amp is 1.0289745321112143
2023-07-05 21:34:52,089 -  [BaseBLDC] right target amplitude is 0.884188240935905
2023-07-05 21:34:52,089 -  [BaseBLDC] left target amplitude is 0.884188240935905
2023-07-05 21:34:52,196 -  [BaseBLDC] right stroke amp is 0.8785515249935312
2023-07-05 21:34:52,196 -  [BaseBLDC] left stroke amp is 0.8785602004257709
2023-07-05 21:34:52,199 -  [BaseBLDC] right target amplitude is 0.862412730676639
2023-07-05 21:34:52,199 -  [BaseBLDC] left target amplitude is 0.862412730676639
2023-07-05 21:34:52,307 -  [BaseBLDC] right stroke amp is 0.7472789119661158
2023-07-05 21:34:52,307 -  [BaseBLDC] left stroke amp is 0.7472842912554674
2023-07-05 21:34:52,310 -  [BaseBLDC] right target amplitude is 0.839411762789393
2023-07-05 21:34:52,310 -  [BaseBLDC] left target amplitude is 0.839411762789393
2023-07-05 21:34:52,419 -  [BaseBLDC] right stroke amp is 0.6743931812327222
2023-07-05 21:34:52,420 -  [BaseBLDC] left stroke amp is 0.6743933593664302
2023-07-05 21:34:52,422 -  [BaseBLDC] right target amplitude is 0.815218020826987
2023-07-05 21:34:52,422 -  [BaseBLDC] left target amplitude is 0.815218020826987
2023-07-05 21:34:52,531 -  [BaseBLDC] right stroke amp is 0.6675924604836155
2023-07-05 21:34:52,531 -  [BaseBLDC] left stroke amp is 0.6675879848451001
2023-07-05 21:34:52,534 -  [BaseBLDC] right target amplitude is 0.789865883231501
2023-07-05 21:34:52,534 -  [BaseBLDC] left target amplitude is 0.789865883231501
2023-07-05 21:34:52,642 -  [BaseBLDC] right stroke amp is 0.705983164160447
2023-07-05 21:34:52,642 -  [BaseBLDC] left stroke amp is 0.705976287387824
2023-07-05 21:34:52,645 -  [BaseBLDC] right target amplitude is 0.763391374483726
2023-07-05 21:34:52,645 -  [BaseBLDC] left target amplitude is 0.763391374483726
