2023-07-05 21:59:51,266 -  [BaseWing] the length is 0.10559576566307186
2023-07-05 21:59:51,266 -  [BaseWing] the chord of root is 0.013679980005579979
2023-07-05 21:59:51,267 -  [BaseWing] the chord of tip is 0.009028786803682786
2023-07-05 21:59:51,267 -  [BaseWing] the length is 0.10559576566307186
2023-07-05 21:59:51,267 -  [BaseWing] the chord of root is 0.013679980005579979
2023-07-05 21:59:51,268 -  [BaseWing] the chord of tip is 0.009028786803682786
2023-07-05 21:59:51,432 -  [BaseBLDC] right target amplitude is 0
2023-07-05 21:59:51,432 -  [BaseBLDC] left target amplitude is 0
2023-07-05 21:59:51,542 -  [BaseBLDC] right stroke amp is -3.3038868168966635e-08
2023-07-05 21:59:51,543 -  [BaseBLDC] left stroke amp is -3.918072513695483e-08
2023-07-05 21:59:51,547 -  [BaseBLDC] right target amplitude is 0.0394678105132561
2023-07-05 21:59:51,547 -  [BaseBLDC] left target amplitude is -0.0394678105132561
2023-07-05 21:59:51,653 -  [BaseBLDC] right stroke amp is 0.00394679480438067
2023-07-05 21:59:51,653 -  [BaseBLDC] left stroke amp is -0.003946761934294676
2023-07-05 21:59:51,656 -  [BaseBLDC] right target amplitude is 0.0788795386806738
2023-07-05 21:59:51,656 -  [BaseBLDC] left target amplitude is -0.0788795386806738
2023-07-05 21:59:51,764 -  [BaseBLDC] right stroke amp is 0.011440129269066367
2023-07-05 21:59:51,765 -  [BaseBLDC] left stroke amp is -0.011439964485150868
2023-07-05 21:59:51,768 -  [BaseBLDC] right target amplitude is 0.118179181847414
2023-07-05 21:59:51,768 -  [BaseBLDC] left target amplitude is -0.118179181847414
2023-07-05 21:59:51,875 -  [BaseBLDC] right stroke amp is 0.022114088550308733
2023-07-05 21:59:51,876 -  [BaseBLDC] left stroke amp is -0.022113818665220122
2023-07-05 21:59:51,879 -  [BaseBLDC] right target amplitude is 0.157310896627400
2023-07-05 21:59:51,879 -  [BaseBLDC] left target amplitude is -0.157310896627400
2023-07-05 21:59:51,987 -  [BaseBLDC] right stroke amp is 0.03563381809774192
2023-07-05 21:59:51,987 -  [BaseBLDC] left stroke amp is -0.03563346550643935
2023-07-05 21:59:51,990 -  [BaseBLDC] right target amplitude is 0.196219078254759
2023-07-05 21:59:51,991 -  [BaseBLDC] left target amplitude is -0.196219078254759
2023-07-05 21:59:52,098 -  [BaseBLDC] right stroke amp is 0.05169238837942078
2023-07-05 21:59:52,098 -  [BaseBLDC] left stroke amp is -0.05169197140967788
2023-07-05 21:59:52,101 -  [BaseBLDC] right target amplitude is 0.234848439596204
2023-07-05 21:59:52,101 -  [BaseBLDC] left target amplitude is -0.234848439596204
2023-07-05 21:59:52,209 -  [BaseBLDC] right stroke amp is 0.07000805570495897
2023-07-05 21:59:52,209 -  [BaseBLDC] left stroke amp is -0.07000754039148785
2023-07-05 21:59:52,212 -  [BaseBLDC] right target amplitude is 0.273144089712063
2023-07-05 21:59:52,212 -  [BaseBLDC] left target amplitude is -0.273144089712063
2023-07-05 21:59:52,320 -  [BaseBLDC] right stroke amp is 0.09032171652555082
2023-07-05 21:59:52,320 -  [BaseBLDC] left stroke amp is -0.09032112343807173
2023-07-05 21:59:52,323 -  [BaseBLDC] right target amplitude is 0.311051611854332
2023-07-05 21:59:52,323 -  [BaseBLDC] left target amplitude is -0.311051611854332
2023-07-05 21:59:52,431 -  [BaseBLDC] right stroke amp is 0.11239468993835477
2023-07-05 21:59:52,432 -  [BaseBLDC] left stroke amp is -0.1123941722796978
2023-07-05 21:59:52,435 -  [BaseBLDC] right target amplitude is 0.348517140790926
2023-07-05 21:59:52,435 -  [BaseBLDC] left target amplitude is -0.348517140790926
2023-07-05 21:59:52,542 -  [BaseBLDC] right stroke amp is 0.13600691674423823
2023-07-05 21:59:52,543 -  [BaseBLDC] left stroke amp is -0.13600646913082065
2023-07-05 21:59:52,545 -  [BaseBLDC] right target amplitude is 0.385487439346237
2023-07-05 21:59:52,546 -  [BaseBLDC] left target amplitude is -0.385487439346237
2023-07-05 21:59:52,653 -  [BaseBLDC] right stroke amp is 0.1609549531398949
2023-07-05 21:59:52,654 -  [BaseBLDC] left stroke amp is -0.1609545661523623
2023-07-05 21:59:52,656 -  [BaseBLDC] right target amplitude is 0.421909974049254
2023-07-05 21:59:52,657 -  [BaseBLDC] left target amplitude is -0.421909974049254
2023-07-05 21:59:52,761 -  [BaseBLDC] right stroke amp is 0.18705043452564793
2023-07-05 21:59:52,761 -  [BaseBLDC] left stroke amp is -0.18705010694205151
2023-07-05 21:59:52,764 -  [BaseBLDC] right target amplitude is 0.457732989781741
2023-07-05 21:59:52,764 -  [BaseBLDC] left target amplitude is -0.457732989781741
2023-07-05 21:59:52,872 -  [BaseBLDC] right stroke amp is 0.2141186724936996
2023-07-05 21:59:52,872 -  [BaseBLDC] left stroke amp is -0.21411839522602052
2023-07-05 21:59:52,875 -  [BaseBLDC] right target amplitude is 0.492905583320407
2023-07-05 21:59:52,875 -  [BaseBLDC] left target amplitude is -0.492905583320407
2023-07-05 21:59:52,982 -  [BaseBLDC] right stroke amp is 0.2419973413484563
2023-07-05 21:59:52,982 -  [BaseBLDC] left stroke amp is -0.24199711403545912
2023-07-05 21:59:52,985 -  [BaseBLDC] right target amplitude is 0.527377775668558
2023-07-05 21:59:52,985 -  [BaseBLDC] left target amplitude is -0.527377775668558
2023-07-05 21:59:53,093 -  [BaseBLDC] right stroke amp is 0.2705353666875904
2023-07-05 21:59:53,094 -  [BaseBLDC] left stroke amp is -0.270535180198769
2023-07-05 21:59:53,097 -  [BaseBLDC] right target amplitude is 0.561100583074469
2023-07-05 21:59:53,097 -  [BaseBLDC] left target amplitude is -0.561100583074469
2023-07-05 21:59:53,202 -  [BaseBLDC] right stroke amp is 0.2995918667036941
2023-07-05 21:59:53,202 -  [BaseBLDC] left stroke amp is -0.299591720486339
2023-07-05 21:59:53,205 -  [BaseBLDC] right target amplitude is 0.594026086635535
2023-07-05 21:59:53,205 -  [BaseBLDC] left target amplitude is -0.594026086635535
2023-07-05 21:59:53,312 -  [BaseBLDC] right stroke amp is 0.3290352725485784
2023-07-05 21:59:53,312 -  [BaseBLDC] left stroke amp is -0.32903515710125864
2023-07-05 21:59:53,315 -  [BaseBLDC] right target amplitude is 0.626107500389324
2023-07-05 21:59:53,316 -  [BaseBLDC] left target amplitude is -0.626107500389324
2023-07-05 21:59:53,421 -  [BaseBLDC] right stroke amp is 0.35874247859392
2023-07-05 21:59:53,421 -  [BaseBLDC] left stroke amp is -0.35874239143006514
2023-07-05 21:59:53,424 -  [BaseBLDC] right target amplitude is 0.657299237794749
2023-07-05 21:59:53,424 -  [BaseBLDC] left target amplitude is -0.657299237794749
2023-07-05 21:59:53,529 -  [BaseBLDC] right stroke amp is 0.388598132735289
2023-07-05 21:59:53,530 -  [BaseBLDC] left stroke amp is -0.38859807606653357
2023-07-05 21:59:53,532 -  [BaseBLDC] right target amplitude is 0.687556976508922
2023-07-05 21:59:53,532 -  [BaseBLDC] left target amplitude is -0.687556976508922
2023-07-05 21:59:53,640 -  [BaseBLDC] right stroke amp is 0.41849399621064604
2023-07-05 21:59:53,640 -  [BaseBLDC] left stroke amp is -0.41849396611077244
2023-07-05 21:59:53,643 -  [BaseBLDC] right target amplitude is 0.716837721367612
2023-07-05 21:59:53,643 -  [BaseBLDC] left target amplitude is -0.716837721367612
2023-07-05 21:59:53,751 -  [BaseBLDC] right stroke amp is 0.44832838932851926
2023-07-05 21:59:53,751 -  [BaseBLDC] left stroke amp is -0.4483283416364564
2023-07-05 21:59:53,754 -  [BaseBLDC] right target amplitude is 0.745099865479846
2023-07-05 21:59:53,755 -  [BaseBLDC] left target amplitude is -0.745099865479846
2023-07-05 21:59:53,862 -  [BaseBLDC] right stroke amp is 0.478005478210691
2023-07-05 21:59:53,862 -  [BaseBLDC] left stroke amp is -0.47800556761251345
2023-07-05 21:59:53,904 -  [BaseBLDC] right target amplitude is 0.772303249349808
2023-07-05 21:59:53,904 -  [BaseBLDC] left target amplitude is -0.772303249349808
2023-07-05 21:59:54,006 -  [BaseBLDC] right stroke amp is 0.5074351949510265
2023-07-05 21:59:54,007 -  [BaseBLDC] left stroke amp is -0.5074354114362772
2023-07-05 21:59:54,010 -  [BaseBLDC] right target amplitude is 0.798409217942060
2023-07-05 21:59:54,010 -  [BaseBLDC] left target amplitude is -0.798409217942060
2023-07-05 21:59:54,117 -  [BaseBLDC] right stroke amp is 0.5365325441950931
2023-07-05 21:59:54,117 -  [BaseBLDC] left stroke amp is -0.5365328585686342
2023-07-05 21:59:54,120 -  [BaseBLDC] right target amplitude is 0.823380675608962
2023-07-05 21:59:54,120 -  [BaseBLDC] left target amplitude is -0.823380675608962
2023-07-05 21:59:54,229 -  [BaseBLDC] right stroke amp is 0.56521731426713
2023-07-05 21:59:54,229 -  [BaseBLDC] left stroke amp is -0.5652176942430861
2023-07-05 21:59:54,232 -  [BaseBLDC] right target amplitude is 0.847182138802268
2023-07-05 21:59:54,232 -  [BaseBLDC] left target amplitude is -0.847182138802268
2023-07-05 21:59:54,341 -  [BaseBLDC] right stroke amp is 0.593413745787343
2023-07-05 21:59:54,341 -  [BaseBLDC] left stroke amp is -0.5934142025249951
2023-07-05 21:59:54,344 -  [BaseBLDC] right target amplitude is 0.869779786493985
2023-07-05 21:59:54,345 -  [BaseBLDC] left target amplitude is -0.869779786493985
2023-07-05 21:59:54,451 -  [BaseBLDC] right stroke amp is 0.6210502915263341
2023-07-05 21:59:54,451 -  [BaseBLDC] left stroke amp is -0.6210508340197148
2023-07-05 21:59:54,454 -  [BaseBLDC] right target amplitude is 0.891141508234850
2023-07-05 21:59:54,454 -  [BaseBLDC] left target amplitude is -0.891141508234850
2023-07-05 21:59:54,561 -  [BaseBLDC] right stroke amp is 0.6480593705004021
2023-07-05 21:59:54,561 -  [BaseBLDC] left stroke amp is -0.6480599549462578
2023-07-05 21:59:54,564 -  [BaseBLDC] right target amplitude is 0.911236949782139
2023-07-05 21:59:54,564 -  [BaseBLDC] left target amplitude is -0.911236949782139
2023-07-05 21:59:54,672 -  [BaseBLDC] right stroke amp is 0.6743770815096531
2023-07-05 21:59:54,672 -  [BaseBLDC] left stroke amp is -0.674377713224979
2023-07-05 21:59:54,675 -  [BaseBLDC] right target amplitude is 0.930037556231960
2023-07-05 21:59:54,676 -  [BaseBLDC] left target amplitude is -0.930037556231960
2023-07-05 21:59:54,783 -  [BaseBLDC] right stroke amp is 0.6999430781375315
2023-07-05 21:59:54,783 -  [BaseBLDC] left stroke amp is -0.699943761238041
2023-07-05 21:59:54,786 -  [BaseBLDC] right target amplitude is 0.947516612594763
2023-07-05 21:59:54,786 -  [BaseBLDC] left target amplitude is -0.947516612594763
2023-07-05 21:59:54,894 -  [BaseBLDC] right stroke amp is 0.7247003771176389
2023-07-05 21:59:54,895 -  [BaseBLDC] left stroke amp is -0.724701114620812
2023-07-05 21:59:54,897 -  [BaseBLDC] right target amplitude is 0.963649281756389
2023-07-05 21:59:54,898 -  [BaseBLDC] left target amplitude is -0.963649281756389
2023-07-05 21:59:55,005 -  [BaseBLDC] right stroke amp is 0.7485952098007411
2023-07-05 21:59:55,005 -  [BaseBLDC] left stroke amp is -0.7485960037310245
2023-07-05 21:59:55,008 -  [BaseBLDC] right target amplitude is 0.978412639770728
2023-07-05 21:59:55,008 -  [BaseBLDC] left target amplitude is -0.978412639770728
2023-07-05 21:59:55,117 -  [BaseBLDC] right stroke amp is 0.7715768920093
2023-07-05 21:59:55,118 -  [BaseBLDC] left stroke amp is -0.7715777434940922
2023-07-05 21:59:55,120 -  [BaseBLDC] right target amplitude is 0.991785708433832
2023-07-05 21:59:55,121 -  [BaseBLDC] left target amplitude is -0.991785708433832
2023-07-05 21:59:55,227 -  [BaseBLDC] right stroke amp is 0.7935977321769142
2023-07-05 21:59:55,228 -  [BaseBLDC] left stroke amp is -0.7935985919449798
2023-07-05 21:59:55,230 -  [BaseBLDC] right target amplitude is 1.00374948509320
2023-07-05 21:59:55,230 -  [BaseBLDC] left target amplitude is -1.00374948509320
2023-07-05 21:59:55,339 -  [BaseBLDC] right stroke amp is 0.8146128644480544
2023-07-05 21:59:55,340 -  [BaseBLDC] left stroke amp is -0.8146137351468529
2023-07-05 21:59:55,343 -  [BaseBLDC] right target amplitude is 1.01428696964987
2023-07-05 21:59:55,343 -  [BaseBLDC] left target amplitude is -1.01428696964987
2023-07-05 21:59:55,450 -  [BaseBLDC] right stroke amp is 0.8345802305883876
2023-07-05 21:59:55,450 -  [BaseBLDC] left stroke amp is -0.8345811141797734
2023-07-05 21:59:55,453 -  [BaseBLDC] right target amplitude is 1.02338318871496
2023-07-05 21:59:55,453 -  [BaseBLDC] left target amplitude is -1.02338318871496
2023-07-05 21:59:55,562 -  [BaseBLDC] right stroke amp is 0.8534604808341465
2023-07-05 21:59:55,562 -  [BaseBLDC] left stroke amp is -0.853461378694697
2023-07-05 21:59:55,564 -  [BaseBLDC] right target amplitude is 1.03102521688633
2023-07-05 21:59:55,565 -  [BaseBLDC] left target amplitude is -1.03102521688633
2023-07-05 21:59:55,673 -  [BaseBLDC] right stroke amp is 0.8712169078274047
2023-07-05 21:59:55,673 -  [BaseBLDC] left stroke amp is -0.871217820875724
2023-07-05 21:59:55,676 -  [BaseBLDC] right target amplitude is 1.03720219511510
2023-07-05 21:59:55,676 -  [BaseBLDC] left target amplitude is -1.03720219511510
2023-07-05 21:59:55,783 -  [BaseBLDC] right stroke amp is 0.88781538899473
2023-07-05 21:59:55,784 -  [BaseBLDC] left stroke amp is -0.8878163178425064
2023-07-05 21:59:55,787 -  [BaseBLDC] right target amplitude is 1.04190534613600
2023-07-05 21:59:55,787 -  [BaseBLDC] left target amplitude is -1.04190534613600
2023-07-05 21:59:55,895 -  [BaseBLDC] right stroke amp is 0.9032243362274108
2023-07-05 21:59:55,895 -  [BaseBLDC] left stroke amp is -0.9032252813599799
2023-07-05 21:59:55,898 -  [BaseBLDC] right target amplitude is 1.04512798693952
2023-07-05 21:59:55,898 -  [BaseBLDC] left target amplitude is -1.04512798693952
2023-07-05 21:59:56,007 -  [BaseBLDC] right stroke amp is 0.9174146518386643
2023-07-05 21:59:56,007 -  [BaseBLDC] left stroke amp is -0.9174156138271372
2023-07-05 21:59:56,011 -  [BaseBLDC] right target amplitude is 1.04686553826828
2023-07-05 21:59:56,011 -  [BaseBLDC] left target amplitude is -1.04686553826828
2023-07-05 21:59:56,119 -  [BaseBLDC] right stroke amp is 0.9303596898756157
2023-07-05 21:59:56,119 -  [BaseBLDC] left stroke amp is -0.9303606696154789
2023-07-05 21:59:56,122 -  [BaseBLDC] right target amplitude is 1.04711553112394
2023-07-05 21:59:56,122 -  [BaseBLDC] left target amplitude is -1.04711553112394
2023-07-05 21:59:56,231 -  [BaseBLDC] right stroke amp is 0.9420352219571241
2023-07-05 21:59:56,231 -  [BaseBLDC] left stroke amp is -0.9420362209163351
2023-07-05 21:59:56,234 -  [BaseBLDC] right target amplitude is 1.04587761027559
2023-07-05 21:59:56,235 -  [BaseBLDC] left target amplitude is -1.04587761027559
2023-07-05 21:59:56,341 -  [BaseBLDC] right stroke amp is 0.9524194068936296
2023-07-05 21:59:56,341 -  [BaseBLDC] left stroke amp is -0.9524204273354396
2023-07-05 21:59:56,344 -  [BaseBLDC] right target amplitude is 1.04315353476450
2023-07-05 21:59:56,345 -  [BaseBLDC] left target amplitude is -1.04315353476450
2023-07-05 21:59:56,453 -  [BaseBLDC] right stroke amp is 0.9614927634224797
2023-07-05 21:59:56,454 -  [BaseBLDC] left stroke amp is -0.9614938085444498
2023-07-05 21:59:56,456 -  [BaseBLDC] right target amplitude is 1.03894717540461
2023-07-05 21:59:56,457 -  [BaseBLDC] left target amplitude is -1.03894717540461
2023-07-05 21:59:56,565 -  [BaseBLDC] right stroke amp is 0.969238145460712
2023-07-05 21:59:56,566 -  [BaseBLDC] left stroke amp is -0.969239219365482
2023-07-05 21:59:56,569 -  [BaseBLDC] right target amplitude is 1.03326450928223
2023-07-05 21:59:56,569 -  [BaseBLDC] left target amplitude is -1.03326450928223
2023-07-05 21:59:56,676 -  [BaseBLDC] right stroke amp is 0.9756407193336203
2023-07-05 21:59:56,676 -  [BaseBLDC] left stroke amp is -0.9756418267321111
2023-07-05 21:59:56,679 -  [BaseBLDC] right target amplitude is 1.02611361126279
2023-07-05 21:59:56,679 -  [BaseBLDC] left target amplitude is -1.02611361126279
2023-07-05 21:59:56,787 -  [BaseBLDC] right stroke amp is 0.9806880282987309
2023-07-05 21:59:56,787 -  [BaseBLDC] left stroke amp is -0.9806890051851794
2023-07-05 21:59:56,791 -  [BaseBLDC] right target amplitude is 1.01750464251679
2023-07-05 21:59:56,791 -  [BaseBLDC] left target amplitude is -1.01750464251679
2023-07-05 21:59:56,899 -  [BaseBLDC] right stroke amp is 0.9843697062555016
2023-07-05 21:59:56,900 -  [BaseBLDC] left stroke amp is -0.9843705689183408
2023-07-05 21:59:56,903 -  [BaseBLDC] right target amplitude is 1.00744983608109
2023-07-05 21:59:56,903 -  [BaseBLDC] left target amplitude is -1.00744983608109
2023-07-05 21:59:57,010 -  [BaseBLDC] right stroke amp is 0.9866777358707978
2023-07-05 21:59:57,010 -  [BaseBLDC] left stroke amp is -0.9866784956346157
2023-07-05 21:59:57,013 -  [BaseBLDC] right target amplitude is 0.995963479476208
2023-07-05 21:59:57,014 -  [BaseBLDC] left target amplitude is -0.995963479476208
2023-07-05 21:59:57,121 -  [BaseBLDC] right stroke amp is 0.9876063269350082
2023-07-05 21:59:57,121 -  [BaseBLDC] left stroke amp is -0.9876069940187749
2023-07-05 21:59:57,124 -  [BaseBLDC] right target amplitude is 0.983061894404285
2023-07-05 21:59:57,125 -  [BaseBLDC] left target amplitude is -0.983061894404285
2023-07-05 21:59:57,233 -  [BaseBLDC] right stroke amp is 0.9871519004292655
2023-07-05 21:59:57,233 -  [BaseBLDC] left stroke amp is -0.9871524840573259
2023-07-05 21:59:57,236 -  [BaseBLDC] right target amplitude is 0.968763413556498
2023-07-05 21:59:57,236 -  [BaseBLDC] left target amplitude is -0.968763413556498
2023-07-05 21:59:57,345 -  [BaseBLDC] right stroke amp is 0.9853130685059417
2023-07-05 21:59:57,345 -  [BaseBLDC] left stroke amp is -0.9853135770072431
2023-07-05 21:59:57,348 -  [BaseBLDC] right target amplitude is 0.953088354562969
2023-07-05 21:59:57,348 -  [BaseBLDC] left target amplitude is -0.953088354562969
2023-07-05 21:59:57,457 -  [BaseBLDC] right stroke amp is 0.9820906138654291
2023-07-05 21:59:57,457 -  [BaseBLDC] left stroke amp is -0.9820910547628157
2023-07-05 21:59:57,460 -  [BaseBLDC] right target amplitude is 0.936058991122128
2023-07-05 21:59:57,461 -  [BaseBLDC] left target amplitude is -0.936058991122128
2023-07-05 21:59:57,568 -  [BaseBLDC] right stroke amp is 0.9774874683081821
2023-07-05 21:59:57,568 -  [BaseBLDC] left stroke amp is -0.9774878483987469
2023-07-05 21:59:57,571 -  [BaseBLDC] right target amplitude is 0.917699521350579
2023-07-05 21:59:57,571 -  [BaseBLDC] left target amplitude is -0.917699521350579
2023-07-05 21:59:57,678 -  [BaseBLDC] right stroke amp is 0.9715086902665446
2023-07-05 21:59:57,678 -  [BaseBLDC] left stroke amp is -0.9715090156939301
2023-07-05 21:59:57,681 -  [BaseBLDC] right target amplitude is 0.898036033398437
2023-07-05 21:59:57,682 -  [BaseBLDC] left target amplitude is -0.898036033398437
2023-07-05 21:59:57,790 -  [BaseBLDC] right stroke amp is 0.9641614411449295
2023-07-05 21:59:57,791 -  [BaseBLDC] left stroke amp is -0.9641617174643807
2023-07-05 21:59:57,793 -  [BaseBLDC] right target amplitude is 0.877096468378990
2023-07-05 21:59:57,794 -  [BaseBLDC] left target amplitude is -0.877096468378990
2023-07-05 21:59:57,902 -  [BaseBLDC] right stroke amp is 0.9554549603189489
2023-07-05 21:59:57,903 -  [BaseBLDC] left stroke amp is -0.9554551925558417
2023-07-05 21:59:57,905 -  [BaseBLDC] right target amplitude is 0.854910580665373
2023-07-05 21:59:57,906 -  [BaseBLDC] left target amplitude is -0.854910580665373
2023-07-05 21:59:58,014 -  [BaseBLDC] right stroke amp is 0.9454005386643003
2023-07-05 21:59:58,014 -  [BaseBLDC] left stroke amp is -0.9454007313667948
2023-07-05 21:59:58,017 -  [BaseBLDC] right target amplitude is 0.831509895610660
2023-07-05 21:59:58,017 -  [BaseBLDC] left target amplitude is -0.831509895610660
2023-07-05 21:59:58,126 -  [BaseBLDC] right stroke amp is 0.934011490504775
2023-07-05 21:59:58,126 -  [BaseBLDC] left stroke amp is -0.9340116477911813
2023-07-05 21:59:58,129 -  [BaseBLDC] right target amplitude is 0.806927664751456
2023-07-05 21:59:58,129 -  [BaseBLDC] left target amplitude is -0.806927664751456
2023-07-05 21:59:58,237 -  [BaseBLDC] right stroke amp is 0.921303123885827
2023-07-05 21:59:58,238 -  [BaseBLDC] left stroke amp is -0.9213032494872088
2023-07-05 21:59:58,240 -  [BaseBLDC] right target amplitude is 0.781198818558652
2023-07-05 21:59:58,241 -  [BaseBLDC] left target amplitude is -0.781198818558652
2023-07-05 21:59:58,349 -  [BaseBLDC] right stroke amp is 0.9072927090958602
2023-07-05 21:59:58,349 -  [BaseBLDC] left stroke amp is -0.9072928063943532
2023-07-05 21:59:58,352 -  [BaseBLDC] right target amplitude is 0.754359916802466
2023-07-05 21:59:58,352 -  [BaseBLDC] left target amplitude is -0.754359916802466
2023-07-05 21:59:58,461 -  [BaseBLDC] right stroke amp is 0.891999445371894
2023-07-05 21:59:58,462 -  [BaseBLDC] left stroke amp is -0.8919995174351645
2023-07-05 21:59:58,465 -  [BaseBLDC] right target amplitude is 0.726449096602309
2023-07-05 21:59:58,465 -  [BaseBLDC] left target amplitude is -0.726449096602309
2023-07-05 21:59:58,572 -  [BaseBLDC] right stroke amp is 0.8754444257396483
2023-07-05 21:59:58,572 -  [BaseBLDC] left stroke amp is -0.875444475351879
2023-07-05 21:59:58,575 -  [BaseBLDC] right target amplitude is 0.697506018235303
2023-07-05 21:59:58,575 -  [BaseBLDC] left target amplitude is -0.697506018235303
2023-07-05 21:59:58,684 -  [BaseBLDC] right stroke amp is 0.857650607711417
2023-07-05 21:59:58,684 -  [BaseBLDC] left stroke amp is -0.8576506296402213
2023-07-05 21:59:58,687 -  [BaseBLDC] right target amplitude is 0.667571808780440
2023-07-05 21:59:58,688 -  [BaseBLDC] left target amplitude is -0.667571808780440
2023-07-05 21:59:58,795 -  [BaseBLDC] right stroke amp is 0.8386427500787563
2023-07-05 21:59:58,795 -  [BaseBLDC] left stroke amp is -0.8386427475542432
2023-07-05 21:59:58,798 -  [BaseBLDC] right target amplitude is 0.636689003678465
2023-07-05 21:59:58,798 -  [BaseBLDC] left target amplitude is -0.636689003678465
2023-07-05 21:59:58,907 -  [BaseBLDC] right stroke amp is 0.8184473972020895
2023-07-05 21:59:58,907 -  [BaseBLDC] left stroke amp is -0.8184473731666654
2023-07-05 21:59:58,911 -  [BaseBLDC] right target amplitude is 0.604901486290540
2023-07-05 21:59:58,911 -  [BaseBLDC] left target amplitude is -0.604901486290540
2023-07-05 21:59:59,018 -  [BaseBLDC] right stroke amp is 0.7970928273451228
2023-07-05 21:59:59,018 -  [BaseBLDC] left stroke amp is -0.7970927844790529
2023-07-05 21:59:59,021 -  [BaseBLDC] right target amplitude is 0.572254425541553
2023-07-05 21:59:59,021 -  [BaseBLDC] left target amplitude is -0.572254425541553
2023-07-05 21:59:59,129 -  [BaseBLDC] right stroke amp is 0.7746090078385948
2023-07-05 21:59:59,129 -  [BaseBLDC] left stroke amp is -0.7746089485853028
2023-07-05 21:59:59,132 -  [BaseBLDC] right target amplitude is 0.538794211736684
2023-07-05 21:59:59,133 -  [BaseBLDC] left target amplitude is -0.538794211736684
2023-07-05 21:59:59,241 -  [BaseBLDC] right stroke amp is 0.7510275483116461
2023-07-05 21:59:59,242 -  [BaseBLDC] left stroke amp is -0.751027474900441
2023-07-05 21:59:59,244 -  [BaseBLDC] right target amplitude is 0.504568390642449
2023-07-05 21:59:59,245 -  [BaseBLDC] left target amplitude is -0.504568390642449
2023-07-05 21:59:59,354 -  [BaseBLDC] right stroke amp is 0.7263816520081557
2023-07-05 21:59:59,354 -  [BaseBLDC] left stroke amp is -0.7263815664746418
2023-07-05 21:59:59,357 -  [BaseBLDC] right target amplitude is 0.469625595925861
2023-07-05 21:59:59,357 -  [BaseBLDC] left target amplitude is -0.469625595925861
2023-07-05 21:59:59,464 -  [BaseBLDC] right stroke amp is 0.7007060652153598
2023-07-05 21:59:59,464 -  [BaseBLDC] left stroke amp is -0.7007059694197637
2023-07-05 21:59:59,467 -  [BaseBLDC] right target amplitude is 0.434015480047730
2023-07-05 21:59:59,467 -  [BaseBLDC] left target amplitude is -0.434015480047730
