2023-07-05 21:22:24,926 -  [BaseWing] the length is 0.10559576566307186
2023-07-05 21:22:24,926 -  [BaseWing] the chord of root is 0.013679980005579979
2023-07-05 21:22:24,927 -  [BaseWing] the chord of tip is 0.009028786803682786
2023-07-05 21:22:24,927 -  [BaseWing] the length is 0.10559576566307186
2023-07-05 21:22:24,927 -  [BaseWing] the chord of root is 0.013679980005579979
2023-07-05 21:22:24,927 -  [BaseWing] the chord of tip is 0.009028786803682786
2023-07-05 21:22:25,087 -  [BaseBLDC] right target amplitude is 1.04719755119660
2023-07-05 21:22:25,087 -  [BaseBLDC] left target amplitude is 1.04719755119660
2023-07-05 21:22:25,204 -  [BaseBLDC] right stroke amp is -3.3038868168966635e-08
2023-07-05 21:22:25,204 -  [BaseBLDC] left stroke amp is -3.918072513695483e-08
2023-07-05 21:22:25,207 -  [BaseBLDC] right target amplitude is 1.04645353607079
2023-07-05 21:22:25,207 -  [BaseBLDC] left target amplitude is 1.04645353607079
2023-07-05 21:22:25,316 -  [BaseBLDC] right stroke amp is -3.925415977813537e-08
2023-07-05 21:22:25,317 -  [BaseBLDC] left stroke amp is -4.5490734291740357e-08
2023-07-05 21:22:25,319 -  [BaseBLDC] right target amplitude is 1.04422254791229
2023-07-05 21:22:25,319 -  [BaseBLDC] left target amplitude is 1.04422254791229
2023-07-05 21:22:25,428 -  [BaseBLDC] right stroke amp is -3.6173961755448914e-08
2023-07-05 21:22:25,428 -  [BaseBLDC] left stroke amp is -4.159633103420946e-08
2023-07-05 21:22:25,431 -  [BaseBLDC] right target amplitude is 1.04050775687551
2023-07-05 21:22:25,431 -  [BaseBLDC] left target amplitude is 1.04050775687551
2023-07-05 21:22:25,541 -  [BaseBLDC] right stroke amp is -3.0702472251662036e-08
2023-07-05 21:22:25,541 -  [BaseBLDC] left stroke amp is -3.5197151514846775e-08
2023-07-05 21:22:25,544 -  [BaseBLDC] right target amplitude is 1.03531444154575
2023-07-05 21:22:25,544 -  [BaseBLDC] left target amplitude is 1.03531444154575
2023-07-05 21:22:25,651 -  [BaseBLDC] right stroke amp is -2.5213117188775635e-08
2023-07-05 21:22:25,651 -  [BaseBLDC] left stroke amp is -2.8866437064030177e-08
2023-07-05 21:22:25,655 -  [BaseBLDC] right target amplitude is 1.02864998143846
2023-07-05 21:22:25,655 -  [BaseBLDC] left target amplitude is 1.02864998143846
2023-07-05 21:22:25,763 -  [BaseBLDC] right stroke amp is -2.0410910020975118e-08
2023-07-05 21:22:25,764 -  [BaseBLDC] left stroke amp is -2.3354696657880864e-08
2023-07-05 21:22:25,766 -  [BaseBLDC] right target amplitude is 1.02052384651324
2023-07-05 21:22:25,766 -  [BaseBLDC] left target amplitude is 1.02052384651324
2023-07-05 21:22:25,874 -  [BaseBLDC] right stroke amp is -1.641749267057704e-08
2023-07-05 21:22:25,874 -  [BaseBLDC] left stroke amp is -1.8780233298432016e-08
2023-07-05 21:22:25,877 -  [BaseBLDC] right target amplitude is 1.01094758371736
2023-07-05 21:22:25,877 -  [BaseBLDC] left target amplitude is 1.01094758371736
2023-07-05 21:22:25,985 -  [BaseBLDC] right stroke amp is -1.3166764541657167e-08
2023-07-05 21:22:25,985 -  [BaseBLDC] left stroke amp is -1.5059737680452436e-08
2023-07-05 21:22:25,988 -  [BaseBLDC] right target amplitude is 0.999934800577948
2023-07-05 21:22:25,988 -  [BaseBLDC] left target amplitude is 0.999934800577948
2023-07-05 21:22:26,096 -  [BaseBLDC] right stroke amp is -1.0545506159262612e-08
2023-07-05 21:22:26,096 -  [BaseBLDC] left stroke amp is -1.2060864011736711e-08
2023-07-05 21:22:26,099 -  [BaseBLDC] right target amplitude is 0.987501145866170
2023-07-05 21:22:26,099 -  [BaseBLDC] left target amplitude is 0.987501145866170
2023-07-05 21:22:26,207 -  [BaseBLDC] right stroke amp is -8.440863797405158e-09
2023-07-05 21:22:26,207 -  [BaseBLDC] left stroke amp is -9.653480025498585e-09
2023-07-05 21:22:26,210 -  [BaseBLDC] right target amplitude is 0.973664287360898
2023-07-05 21:22:26,210 -  [BaseBLDC] left target amplitude is 0.973664287360898
2023-07-05 21:22:26,317 -  [BaseBLDC] right stroke amp is -6.754329065691012e-09
2023-07-05 21:22:26,317 -  [BaseBLDC] left stroke amp is -7.724525106383752e-09
2023-07-05 21:22:26,320 -  [BaseBLDC] right target amplitude is 0.958443886743414
2023-07-05 21:22:26,320 -  [BaseBLDC] left target amplitude is 0.958443886743414
2023-07-05 21:22:26,427 -  [BaseBLDC] right stroke amp is -7.195439776085347e-09
2023-07-05 21:22:26,427 -  [BaseBLDC] left stroke amp is -7.724525106383752e-09
2023-07-05 21:22:26,430 -  [BaseBLDC] right target amplitude is 0.941861571658857
2023-07-05 21:22:26,430 -  [BaseBLDC] left target amplitude is 0.941861571658857
2023-07-05 21:22:26,537 -  [BaseBLDC] right stroke amp is -7.932142918711463e-09
2023-07-05 21:22:26,538 -  [BaseBLDC] left stroke amp is -7.724525106383752e-09
2023-07-05 21:22:26,540 -  [BaseBLDC] right target amplitude is 0.923940904984112
2023-07-05 21:22:26,541 -  [BaseBLDC] left target amplitude is 0.923940904984112
2023-07-05 21:22:26,648 -  [BaseBLDC] right stroke amp is -8.746068481395292e-09
2023-07-05 21:22:26,648 -  [BaseBLDC] left stroke amp is -7.724525106383752e-09
2023-07-05 21:22:26,651 -  [BaseBLDC] right target amplitude is 0.904707351345790
2023-07-05 21:22:26,652 -  [BaseBLDC] left target amplitude is 0.904707351345790
2023-07-05 21:22:26,758 -  [BaseBLDC] right stroke amp is -9.54478089559176e-09
2023-07-05 21:22:26,758 -  [BaseBLDC] left stroke amp is -7.724525106383752e-09
2023-07-05 21:22:26,761 -  [BaseBLDC] right target amplitude is 0.884188240935905
2023-07-05 21:22:26,762 -  [BaseBLDC] left target amplitude is 0.884188240935905
2023-07-05 21:22:26,870 -  [BaseBLDC] right stroke amp is -7.224745911396478e-09
2023-07-05 21:22:26,871 -  [BaseBLDC] left stroke amp is -5.084498084249956e-09
2023-07-05 21:22:26,873 -  [BaseBLDC] right target amplitude is 0.862412730676639
2023-07-05 21:22:26,874 -  [BaseBLDC] left target amplitude is 0.862412730676639
2023-07-05 21:22:26,980 -  [BaseBLDC] right stroke amp is -5.3598980093872164e-09
2023-07-05 21:22:26,980 -  [BaseBLDC] left stroke amp is -3.7084024953994697e-09
2023-07-05 21:22:26,983 -  [BaseBLDC] right target amplitude is 0.839411762789393
2023-07-05 21:22:26,983 -  [BaseBLDC] left target amplitude is 0.839411762789393
2023-07-05 21:22:27,092 -  [BaseBLDC] right stroke amp is -5.446334031516357e-09
2023-07-05 21:22:27,092 -  [BaseBLDC] left stroke amp is -3.7084024953994697e-09
2023-07-05 21:22:27,095 -  [BaseBLDC] right target amplitude is 0.815218020826987
2023-07-05 21:22:27,096 -  [BaseBLDC] left target amplitude is 0.815218020826987
2023-07-05 21:22:27,203 -  [BaseBLDC] right stroke amp is -5.679879155515427e-09
2023-07-05 21:22:27,203 -  [BaseBLDC] left stroke amp is -3.7084024953994697e-09
2023-07-05 21:22:27,206 -  [BaseBLDC] right target amplitude is 0.789865883231501
2023-07-05 21:22:27,206 -  [BaseBLDC] left target amplitude is 0.789865883231501
2023-07-05 21:22:27,315 -  [BaseBLDC] right stroke amp is -5.9036171751536375e-09
2023-07-05 21:22:27,316 -  [BaseBLDC] left stroke amp is -3.7084024953994697e-09
2023-07-05 21:22:27,318 -  [BaseBLDC] right target amplitude is 0.763391374483726
2023-07-05 21:22:27,318 -  [BaseBLDC] left target amplitude is 0.763391374483726
2023-07-05 21:22:27,427 -  [BaseBLDC] right stroke amp is -6.092094109662325e-09
2023-07-05 21:22:27,428 -  [BaseBLDC] left stroke amp is -3.7084024953994697e-09
2023-07-05 21:22:27,430 -  [BaseBLDC] right target amplitude is 0.735832113913662
2023-07-05 21:22:27,430 -  [BaseBLDC] left target amplitude is 0.735832113913662
2023-07-05 21:22:27,538 -  [BaseBLDC] right stroke amp is -6.242145031880683e-09
2023-07-05 21:22:27,538 -  [BaseBLDC] left stroke amp is -3.7084024953994697e-09
2023-07-05 21:22:27,540 -  [BaseBLDC] right target amplitude is 0.707227262244792
2023-07-05 21:22:27,540 -  [BaseBLDC] left target amplitude is 0.707227262244792
2023-07-05 21:22:27,648 -  [BaseBLDC] right stroke amp is -6.355976238581448e-09
2023-07-05 21:22:27,648 -  [BaseBLDC] left stroke amp is -3.7084024953994697e-09
2023-07-05 21:22:27,651 -  [BaseBLDC] right target amplitude is 0.677617465948086
2023-07-05 21:22:27,651 -  [BaseBLDC] left target amplitude is 0.677617465948086
2023-07-05 21:22:27,758 -  [BaseBLDC] right stroke amp is -6.437810671451008e-09
2023-07-05 21:22:27,759 -  [BaseBLDC] left stroke amp is -3.7084024953994697e-09
2023-07-05 21:22:27,761 -  [BaseBLDC] right target amplitude is 0.647044799484823
2023-07-05 21:22:27,761 -  [BaseBLDC] left target amplitude is 0.647044799484823
2023-07-05 21:22:27,869 -  [BaseBLDC] right stroke amp is -6.492713065621008e-09
2023-07-05 21:22:27,869 -  [BaseBLDC] left stroke amp is -3.7084024953994697e-09
2023-07-05 21:22:27,872 -  [BaseBLDC] right target amplitude is 0.615552705520273
2023-07-05 21:22:27,872 -  [BaseBLDC] left target amplitude is 0.615552705520273
2023-07-05 21:22:27,980 -  [BaseBLDC] right stroke amp is -6.525924237582734e-09
2023-07-05 21:22:27,980 -  [BaseBLDC] left stroke amp is -3.7084024953994697e-09
2023-07-05 21:22:27,983 -  [BaseBLDC] right target amplitude is 0.583185933193230
2023-07-05 21:22:27,983 -  [BaseBLDC] left target amplitude is 0.583185933193230
2023-07-05 21:22:28,091 -  [BaseBLDC] right stroke amp is -6.542432275012571e-09
2023-07-05 21:22:28,091 -  [BaseBLDC] left stroke amp is -3.7084024953994697e-09
2023-07-05 21:22:28,094 -  [BaseBLDC] right target amplitude is 0.549990474529080
2023-07-05 21:22:28,094 -  [BaseBLDC] left target amplitude is 0.549990474529080
2023-07-05 21:22:28,204 -  [BaseBLDC] right stroke amp is -6.5467094270985145e-09
2023-07-05 21:22:28,205 -  [BaseBLDC] left stroke amp is -3.7084024953994697e-09
2023-07-05 21:22:28,209 -  [BaseBLDC] right target amplitude is 0.516013499086778
2023-07-05 21:22:28,210 -  [BaseBLDC] left target amplitude is 0.516013499086778
2023-07-05 21:22:28,315 -  [BaseBLDC] right stroke amp is -6.542574118482567e-09
2023-07-05 21:22:28,316 -  [BaseBLDC] left stroke amp is -3.7084024953994697e-09
2023-07-05 21:22:28,320 -  [BaseBLDC] right target amplitude is 0.481303286932590
2023-07-05 21:22:28,321 -  [BaseBLDC] left target amplitude is 0.481303286932590
2023-07-05 21:22:28,427 -  [BaseBLDC] right stroke amp is -6.533145093401304e-09
2023-07-05 21:22:28,428 -  [BaseBLDC] left stroke amp is -3.7084024953994697e-09
2023-07-05 21:22:28,430 -  [BaseBLDC] right target amplitude is 0.445909160035849
2023-07-05 21:22:28,430 -  [BaseBLDC] left target amplitude is 0.445909160035849
