2023-07-05 21:58:15,075 -  [BaseWing] the length is 0.10559576566307186
2023-07-05 21:58:15,076 -  [BaseWing] the chord of root is 0.013679980005579979
2023-07-05 21:58:15,076 -  [BaseWing] the chord of tip is 0.009028786803682786
2023-07-05 21:58:15,076 -  [BaseWing] the length is 0.10559576566307186
2023-07-05 21:58:15,077 -  [BaseWing] the chord of root is 0.013679980005579979
2023-07-05 21:58:15,077 -  [BaseWing] the chord of tip is 0.009028786803682786
2023-07-05 21:58:15,232 -  [BaseBLDC] right target amplitude is 0
2023-07-05 21:58:15,232 -  [BaseBLDC] left target amplitude is 0
2023-07-05 21:58:15,347 -  [BaseBLDC] right stroke amp is -3.3038868168966635e-08
2023-07-05 21:58:15,347 -  [BaseBLDC] left stroke amp is -3.918072513695483e-08
2023-07-05 21:58:15,350 -  [BaseBLDC] right target amplitude is 0.0394678105132561
2023-07-05 21:58:15,350 -  [BaseBLDC] left target amplitude is -0.0394678105132561
2023-07-05 21:58:15,458 -  [BaseBLDC] right stroke amp is 0.00394679480438067
2023-07-05 21:58:15,459 -  [BaseBLDC] left stroke amp is -0.003946761934294676
2023-07-05 21:58:15,461 -  [BaseBLDC] right target amplitude is 0.0788795386806738
2023-07-05 21:58:15,461 -  [BaseBLDC] left target amplitude is -0.0788795386806738
2023-07-05 21:58:15,570 -  [BaseBLDC] right stroke amp is 0.011440129269066367
2023-07-05 21:58:15,570 -  [BaseBLDC] left stroke amp is -0.011439964485150868
2023-07-05 21:58:15,573 -  [BaseBLDC] right target amplitude is 0.118179181847414
2023-07-05 21:58:15,573 -  [BaseBLDC] left target amplitude is -0.118179181847414
2023-07-05 21:58:15,680 -  [BaseBLDC] right stroke amp is 0.022114088550308733
2023-07-05 21:58:15,680 -  [BaseBLDC] left stroke amp is -0.022113818665220122
2023-07-05 21:58:15,683 -  [BaseBLDC] right target amplitude is 0.157310896627400
2023-07-05 21:58:15,683 -  [BaseBLDC] left target amplitude is -0.157310896627400
2023-07-05 21:58:15,791 -  [BaseBLDC] right stroke amp is 0.03563381809774192
2023-07-05 21:58:15,791 -  [BaseBLDC] left stroke amp is -0.03563346550643935
2023-07-05 21:58:15,794 -  [BaseBLDC] right target amplitude is 0.196219078254759
2023-07-05 21:58:15,794 -  [BaseBLDC] left target amplitude is -0.196219078254759
2023-07-05 21:58:15,902 -  [BaseBLDC] right stroke amp is 0.05169238837942078
2023-07-05 21:58:15,902 -  [BaseBLDC] left stroke amp is -0.05169197140967788
2023-07-05 21:58:15,905 -  [BaseBLDC] right target amplitude is 0.234848439596204
2023-07-05 21:58:15,905 -  [BaseBLDC] left target amplitude is -0.234848439596204
2023-07-05 21:58:16,014 -  [BaseBLDC] right stroke amp is 0.07000805570495897
2023-07-05 21:58:16,014 -  [BaseBLDC] left stroke amp is -0.07000754039148785
2023-07-05 21:58:16,017 -  [BaseBLDC] right target amplitude is 0.273144089712063
2023-07-05 21:58:16,017 -  [BaseBLDC] left target amplitude is -0.273144089712063
2023-07-05 21:58:16,124 -  [BaseBLDC] right stroke amp is 0.09032171652555082
2023-07-05 21:58:16,125 -  [BaseBLDC] left stroke amp is -0.09032112343807173
2023-07-05 21:58:16,127 -  [BaseBLDC] right target amplitude is 0.311051611854332
2023-07-05 21:58:16,127 -  [BaseBLDC] left target amplitude is -0.311051611854332
2023-07-05 21:58:16,233 -  [BaseBLDC] right stroke amp is 0.11239468993835477
2023-07-05 21:58:16,233 -  [BaseBLDC] left stroke amp is -0.1123941722796978
2023-07-05 21:58:16,236 -  [BaseBLDC] right target amplitude is 0.348517140790926
2023-07-05 21:58:16,236 -  [BaseBLDC] left target amplitude is -0.348517140790926
2023-07-05 21:58:16,341 -  [BaseBLDC] right stroke amp is 0.13600691674423823
2023-07-05 21:58:16,341 -  [BaseBLDC] left stroke amp is -0.13600646913082065
2023-07-05 21:58:16,344 -  [BaseBLDC] right target amplitude is 0.385487439346237
2023-07-05 21:58:16,344 -  [BaseBLDC] left target amplitude is -0.385487439346237
2023-07-05 21:58:16,451 -  [BaseBLDC] right stroke amp is 0.1609549531398949
2023-07-05 21:58:16,451 -  [BaseBLDC] left stroke amp is -0.1609545661523623
2023-07-05 21:58:16,454 -  [BaseBLDC] right target amplitude is 0.421909974049254
2023-07-05 21:58:16,454 -  [BaseBLDC] left target amplitude is -0.421909974049254
2023-07-05 21:58:16,562 -  [BaseBLDC] right stroke amp is 0.18705043452564793
2023-07-05 21:58:16,562 -  [BaseBLDC] left stroke amp is -0.18705010694205151
2023-07-05 21:58:16,564 -  [BaseBLDC] right target amplitude is 0.457732989781741
2023-07-05 21:58:16,565 -  [BaseBLDC] left target amplitude is -0.457732989781741
2023-07-05 21:58:16,672 -  [BaseBLDC] right stroke amp is 0.2141186724936996
2023-07-05 21:58:16,672 -  [BaseBLDC] left stroke amp is -0.21411839522602052
2023-07-05 21:58:16,675 -  [BaseBLDC] right target amplitude is 0.492905583320407
2023-07-05 21:58:16,675 -  [BaseBLDC] left target amplitude is -0.492905583320407
2023-07-05 21:58:16,783 -  [BaseBLDC] right stroke amp is 0.2419973413484563
2023-07-05 21:58:16,783 -  [BaseBLDC] left stroke amp is -0.24199711403545912
2023-07-05 21:58:16,786 -  [BaseBLDC] right target amplitude is 0.527377775668558
2023-07-05 21:58:16,786 -  [BaseBLDC] left target amplitude is -0.527377775668558
2023-07-05 21:58:16,894 -  [BaseBLDC] right stroke amp is 0.2705353666875904
2023-07-05 21:58:16,894 -  [BaseBLDC] left stroke amp is -0.270535180198769
2023-07-05 21:58:16,897 -  [BaseBLDC] right target amplitude is 0.561100583074469
2023-07-05 21:58:16,897 -  [BaseBLDC] left target amplitude is -0.561100583074469
2023-07-05 21:58:17,006 -  [BaseBLDC] right stroke amp is 0.2995918667036941
2023-07-05 21:58:17,006 -  [BaseBLDC] left stroke amp is -0.299591720486339
2023-07-05 21:58:17,009 -  [BaseBLDC] right target amplitude is 0.594026086635535
2023-07-05 21:58:17,009 -  [BaseBLDC] left target amplitude is -0.594026086635535
2023-07-05 21:58:17,117 -  [BaseBLDC] right stroke amp is 0.3290352725485784
2023-07-05 21:58:17,117 -  [BaseBLDC] left stroke amp is -0.32903515710125864
2023-07-05 21:58:17,120 -  [BaseBLDC] right target amplitude is 0.626107500389324
2023-07-05 21:58:17,120 -  [BaseBLDC] left target amplitude is -0.626107500389324
2023-07-05 21:58:17,226 -  [BaseBLDC] right stroke amp is 0.35874247859392
2023-07-05 21:58:17,226 -  [BaseBLDC] left stroke amp is -0.35874239143006514
2023-07-05 21:58:17,229 -  [BaseBLDC] right target amplitude is 0.657299237794749
2023-07-05 21:58:17,229 -  [BaseBLDC] left target amplitude is -0.657299237794749
2023-07-05 21:58:17,335 -  [BaseBLDC] right stroke amp is 0.388598132735289
2023-07-05 21:58:17,335 -  [BaseBLDC] left stroke amp is -0.38859807606653357
2023-07-05 21:58:17,338 -  [BaseBLDC] right target amplitude is 0.687556976508922
2023-07-05 21:58:17,338 -  [BaseBLDC] left target amplitude is -0.687556976508922
2023-07-05 21:58:17,444 -  [BaseBLDC] right stroke amp is 0.41849399621064604
2023-07-05 21:58:17,444 -  [BaseBLDC] left stroke amp is -0.41849396611077244
2023-07-05 21:58:17,447 -  [BaseBLDC] right target amplitude is 0.716837721367612
2023-07-05 21:58:17,447 -  [BaseBLDC] left target amplitude is -0.716837721367612
2023-07-05 21:58:17,556 -  [BaseBLDC] right stroke amp is 0.44832838932851926
2023-07-05 21:58:17,556 -  [BaseBLDC] left stroke amp is -0.4483283416364564
2023-07-05 21:58:17,559 -  [BaseBLDC] right target amplitude is 0.745099865479846
2023-07-05 21:58:17,559 -  [BaseBLDC] left target amplitude is -0.745099865479846
2023-07-05 21:58:17,664 -  [BaseBLDC] right stroke amp is 0.478005478210691
2023-07-05 21:58:17,664 -  [BaseBLDC] left stroke amp is -0.47800556761251345
2023-07-05 21:58:17,700 -  [BaseBLDC] right target amplitude is 0.772303249349808
2023-07-05 21:58:17,700 -  [BaseBLDC] left target amplitude is -0.772303249349808
2023-07-05 21:58:17,807 -  [BaseBLDC] right stroke amp is 0.5074351949510265
2023-07-05 21:58:17,807 -  [BaseBLDC] left stroke amp is -0.5074354114362772
2023-07-05 21:58:17,810 -  [BaseBLDC] right target amplitude is 0.798409217942060
2023-07-05 21:58:17,810 -  [BaseBLDC] left target amplitude is -0.798409217942060
2023-07-05 21:58:17,919 -  [BaseBLDC] right stroke amp is 0.5365325441950931
2023-07-05 21:58:17,919 -  [BaseBLDC] left stroke amp is -0.5365328585686342
2023-07-05 21:58:17,922 -  [BaseBLDC] right target amplitude is 0.823380675608962
2023-07-05 21:58:17,922 -  [BaseBLDC] left target amplitude is -0.823380675608962
2023-07-05 21:58:18,028 -  [BaseBLDC] right stroke amp is 0.56521731426713
2023-07-05 21:58:18,028 -  [BaseBLDC] left stroke amp is -0.5652176942430861
2023-07-05 21:58:18,031 -  [BaseBLDC] right target amplitude is 0.847182138802268
2023-07-05 21:58:18,031 -  [BaseBLDC] left target amplitude is -0.847182138802268
2023-07-05 21:58:18,140 -  [BaseBLDC] right stroke amp is 0.593413745787343
2023-07-05 21:58:18,140 -  [BaseBLDC] left stroke amp is -0.5934142025249951
2023-07-05 21:58:18,143 -  [BaseBLDC] right target amplitude is 0.869779786493985
2023-07-05 21:58:18,144 -  [BaseBLDC] left target amplitude is -0.869779786493985
2023-07-05 21:58:18,250 -  [BaseBLDC] right stroke amp is 0.6210502915263341
2023-07-05 21:58:18,251 -  [BaseBLDC] left stroke amp is -0.6210508340197148
2023-07-05 21:58:18,253 -  [BaseBLDC] right target amplitude is 0.891141508234850
2023-07-05 21:58:18,254 -  [BaseBLDC] left target amplitude is -0.891141508234850
2023-07-05 21:58:18,358 -  [BaseBLDC] right stroke amp is 0.6480593705004021
2023-07-05 21:58:18,358 -  [BaseBLDC] left stroke amp is -0.6480599549462578
2023-07-05 21:58:18,361 -  [BaseBLDC] right target amplitude is 0.911236949782139
2023-07-05 21:58:18,361 -  [BaseBLDC] left target amplitude is -0.911236949782139
2023-07-05 21:58:18,467 -  [BaseBLDC] right stroke amp is 0.6743770815096531
2023-07-05 21:58:18,468 -  [BaseBLDC] left stroke amp is -0.674377713224979
2023-07-05 21:58:18,470 -  [BaseBLDC] right target amplitude is 0.930037556231960
2023-07-05 21:58:18,471 -  [BaseBLDC] left target amplitude is -0.930037556231960
2023-07-05 21:58:18,577 -  [BaseBLDC] right stroke amp is 0.6999430781375315
2023-07-05 21:58:18,577 -  [BaseBLDC] left stroke amp is -0.699943761238041
2023-07-05 21:58:18,580 -  [BaseBLDC] right target amplitude is 0.947516612594763
2023-07-05 21:58:18,580 -  [BaseBLDC] left target amplitude is -0.947516612594763
2023-07-05 21:58:18,687 -  [BaseBLDC] right stroke amp is 0.7247003771176389
2023-07-05 21:58:18,687 -  [BaseBLDC] left stroke amp is -0.724701114620812
2023-07-05 21:58:18,690 -  [BaseBLDC] right target amplitude is 0.963649281756389
2023-07-05 21:58:18,690 -  [BaseBLDC] left target amplitude is -0.963649281756389
2023-07-05 21:58:18,799 -  [BaseBLDC] right stroke amp is 0.7485952098007411
2023-07-05 21:58:18,799 -  [BaseBLDC] left stroke amp is -0.7485960037310245
2023-07-05 21:58:18,802 -  [BaseBLDC] right target amplitude is 0.978412639770728
2023-07-05 21:58:18,802 -  [BaseBLDC] left target amplitude is -0.978412639770728
2023-07-05 21:58:18,910 -  [BaseBLDC] right stroke amp is 0.7715768920093
2023-07-05 21:58:18,910 -  [BaseBLDC] left stroke amp is -0.7715777434940922
2023-07-05 21:58:18,913 -  [BaseBLDC] right target amplitude is 0.991785708433832
2023-07-05 21:58:18,914 -  [BaseBLDC] left target amplitude is -0.991785708433832
2023-07-05 21:58:19,022 -  [BaseBLDC] right stroke amp is 0.7935977321769142
2023-07-05 21:58:19,022 -  [BaseBLDC] left stroke amp is -0.7935985919449798
2023-07-05 21:58:19,025 -  [BaseBLDC] right target amplitude is 1.00374948509320
2023-07-05 21:58:19,025 -  [BaseBLDC] left target amplitude is -1.00374948509320
2023-07-05 21:58:19,133 -  [BaseBLDC] right stroke amp is 0.8146128644480544
2023-07-05 21:58:19,134 -  [BaseBLDC] left stroke amp is -0.8146137351468529
2023-07-05 21:58:19,136 -  [BaseBLDC] right target amplitude is 1.01428696964987
2023-07-05 21:58:19,137 -  [BaseBLDC] left target amplitude is -1.01428696964987
2023-07-05 21:58:19,243 -  [BaseBLDC] right stroke amp is 0.8345802305883876
2023-07-05 21:58:19,243 -  [BaseBLDC] left stroke amp is -0.8345811141797734
2023-07-05 21:58:19,246 -  [BaseBLDC] right target amplitude is 1.02338318871496
2023-07-05 21:58:19,246 -  [BaseBLDC] left target amplitude is -1.02338318871496
2023-07-05 21:58:19,353 -  [BaseBLDC] right stroke amp is 0.8534604808341465
2023-07-05 21:58:19,353 -  [BaseBLDC] left stroke amp is -0.853461378694697
2023-07-05 21:58:19,356 -  [BaseBLDC] right target amplitude is 1.03102521688633
2023-07-05 21:58:19,356 -  [BaseBLDC] left target amplitude is -1.03102521688633
2023-07-05 21:58:19,462 -  [BaseBLDC] right stroke amp is 0.8712169078274047
2023-07-05 21:58:19,462 -  [BaseBLDC] left stroke amp is -0.871217820875724
2023-07-05 21:58:19,465 -  [BaseBLDC] right target amplitude is 1.03720219511510
2023-07-05 21:58:19,465 -  [BaseBLDC] left target amplitude is -1.03720219511510
2023-07-05 21:58:19,572 -  [BaseBLDC] right stroke amp is 0.88781538899473
2023-07-05 21:58:19,572 -  [BaseBLDC] left stroke amp is -0.8878163178425064
2023-07-05 21:58:19,575 -  [BaseBLDC] right target amplitude is 1.04190534613600
2023-07-05 21:58:19,575 -  [BaseBLDC] left target amplitude is -1.04190534613600
2023-07-05 21:58:19,681 -  [BaseBLDC] right stroke amp is 0.9032243362274108
2023-07-05 21:58:19,681 -  [BaseBLDC] left stroke amp is -0.9032252813599799
2023-07-05 21:58:19,684 -  [BaseBLDC] right target amplitude is 1.04512798693952
2023-07-05 21:58:19,684 -  [BaseBLDC] left target amplitude is -1.04512798693952
2023-07-05 21:58:19,793 -  [BaseBLDC] right stroke amp is 0.9174146518386643
2023-07-05 21:58:19,793 -  [BaseBLDC] left stroke amp is -0.9174156138271372
2023-07-05 21:58:19,796 -  [BaseBLDC] right target amplitude is 1.04686553826828
2023-07-05 21:58:19,796 -  [BaseBLDC] left target amplitude is -1.04686553826828
2023-07-05 21:58:19,905 -  [BaseBLDC] right stroke amp is 0.9303596898756157
2023-07-05 21:58:19,905 -  [BaseBLDC] left stroke amp is -0.9303606696154789
2023-07-05 21:58:19,908 -  [BaseBLDC] right target amplitude is 1.04711553112394
2023-07-05 21:58:19,908 -  [BaseBLDC] left target amplitude is -1.04711553112394
2023-07-05 21:58:20,017 -  [BaseBLDC] right stroke amp is 0.9420352219571241
2023-07-05 21:58:20,018 -  [BaseBLDC] left stroke amp is -0.9420362209163351
2023-07-05 21:58:20,020 -  [BaseBLDC] right target amplitude is 1.04587761027559
2023-07-05 21:58:20,021 -  [BaseBLDC] left target amplitude is -1.04587761027559
2023-07-05 21:58:20,129 -  [BaseBLDC] right stroke amp is 0.9524194068936296
2023-07-05 21:58:20,129 -  [BaseBLDC] left stroke amp is -0.9524204273354396
2023-07-05 21:58:20,132 -  [BaseBLDC] right target amplitude is 1.04315353476450
2023-07-05 21:58:20,132 -  [BaseBLDC] left target amplitude is -1.04315353476450
2023-07-05 21:58:20,240 -  [BaseBLDC] right stroke amp is 0.9614927634224797
2023-07-05 21:58:20,240 -  [BaseBLDC] left stroke amp is -0.9614938085444498
2023-07-05 21:58:20,243 -  [BaseBLDC] right target amplitude is 1.03894717540461
2023-07-05 21:58:20,243 -  [BaseBLDC] left target amplitude is -1.03894717540461
2023-07-05 21:58:20,351 -  [BaseBLDC] right stroke amp is 0.969238145460712
2023-07-05 21:58:20,351 -  [BaseBLDC] left stroke amp is -0.969239219365482
2023-07-05 21:58:20,354 -  [BaseBLDC] right target amplitude is 1.03326450928223
2023-07-05 21:58:20,354 -  [BaseBLDC] left target amplitude is -1.03326450928223
2023-07-05 21:58:20,463 -  [BaseBLDC] right stroke amp is 0.9756407193336203
2023-07-05 21:58:20,463 -  [BaseBLDC] left stroke amp is -0.9756418267321111
2023-07-05 21:58:20,466 -  [BaseBLDC] right target amplitude is 1.02611361126279
2023-07-05 21:58:20,466 -  [BaseBLDC] left target amplitude is -1.02611361126279
2023-07-05 21:58:20,574 -  [BaseBLDC] right stroke amp is 0.9806880282987309
2023-07-05 21:58:20,574 -  [BaseBLDC] left stroke amp is -0.9806890051851794
2023-07-05 21:58:20,577 -  [BaseBLDC] right target amplitude is 1.01750464251679
2023-07-05 21:58:20,577 -  [BaseBLDC] left target amplitude is -1.01750464251679
2023-07-05 21:58:20,685 -  [BaseBLDC] right stroke amp is 0.9843697062555016
2023-07-05 21:58:20,685 -  [BaseBLDC] left stroke amp is -0.9843705689183408
2023-07-05 21:58:20,688 -  [BaseBLDC] right target amplitude is 1.00744983608109
2023-07-05 21:58:20,688 -  [BaseBLDC] left target amplitude is -1.00744983608109
2023-07-05 21:58:20,797 -  [BaseBLDC] right stroke amp is 0.9866777358707978
2023-07-05 21:58:20,797 -  [BaseBLDC] left stroke amp is -0.9866784956346157
2023-07-05 21:58:20,800 -  [BaseBLDC] right target amplitude is 0.995963479476208
2023-07-05 21:58:20,800 -  [BaseBLDC] left target amplitude is -0.995963479476208
2023-07-05 21:58:20,908 -  [BaseBLDC] right stroke amp is 0.9876063269350082
2023-07-05 21:58:20,909 -  [BaseBLDC] left stroke amp is -0.9876069940187749
2023-07-05 21:58:20,911 -  [BaseBLDC] right target amplitude is 0.983061894404285
2023-07-05 21:58:20,911 -  [BaseBLDC] left target amplitude is -0.983061894404285
2023-07-05 21:58:21,020 -  [BaseBLDC] right stroke amp is 0.9871519004292655
2023-07-05 21:58:21,020 -  [BaseBLDC] left stroke amp is -0.9871524840573259
2023-07-05 21:58:21,023 -  [BaseBLDC] right target amplitude is 0.968763413556498
2023-07-05 21:58:21,023 -  [BaseBLDC] left target amplitude is -0.968763413556498
2023-07-05 21:58:21,131 -  [BaseBLDC] right stroke amp is 0.9853130685059417
2023-07-05 21:58:21,132 -  [BaseBLDC] left stroke amp is -0.9853135770072431
2023-07-05 21:58:21,134 -  [BaseBLDC] right target amplitude is 0.953088354562969
2023-07-05 21:58:21,135 -  [BaseBLDC] left target amplitude is -0.953088354562969
2023-07-05 21:58:21,242 -  [BaseBLDC] right stroke amp is 0.9820906138654291
2023-07-05 21:58:21,242 -  [BaseBLDC] left stroke amp is -0.9820910547628157
2023-07-05 21:58:21,245 -  [BaseBLDC] right target amplitude is 0.936058991122128
2023-07-05 21:58:21,245 -  [BaseBLDC] left target amplitude is -0.936058991122128
2023-07-05 21:58:21,354 -  [BaseBLDC] right stroke amp is 0.9774874683081821
2023-07-05 21:58:21,354 -  [BaseBLDC] left stroke amp is -0.9774878483987469
2023-07-05 21:58:21,357 -  [BaseBLDC] right target amplitude is 0.917699521350579
2023-07-05 21:58:21,358 -  [BaseBLDC] left target amplitude is -0.917699521350579
2023-07-05 21:58:21,465 -  [BaseBLDC] right stroke amp is 0.9715086902665446
2023-07-05 21:58:21,465 -  [BaseBLDC] left stroke amp is -0.9715090156939301
2023-07-05 21:58:21,468 -  [BaseBLDC] right target amplitude is 0.898036033398437
2023-07-05 21:58:21,468 -  [BaseBLDC] left target amplitude is -0.898036033398437
2023-07-05 21:58:21,577 -  [BaseBLDC] right stroke amp is 0.9641614411449295
2023-07-05 21:58:21,577 -  [BaseBLDC] left stroke amp is -0.9641617174643807
2023-07-05 21:58:21,580 -  [BaseBLDC] right target amplitude is 0.877096468378990
2023-07-05 21:58:21,580 -  [BaseBLDC] left target amplitude is -0.877096468378990
2023-07-05 21:58:21,689 -  [BaseBLDC] right stroke amp is 0.9554549603189489
2023-07-05 21:58:21,689 -  [BaseBLDC] left stroke amp is -0.9554551925558417
2023-07-05 21:58:21,692 -  [BaseBLDC] right target amplitude is 0.854910580665373
2023-07-05 21:58:21,692 -  [BaseBLDC] left target amplitude is -0.854910580665373
2023-07-05 21:58:21,800 -  [BaseBLDC] right stroke amp is 0.9454005386643003
2023-07-05 21:58:21,801 -  [BaseBLDC] left stroke amp is -0.9454007313667948
2023-07-05 21:58:21,803 -  [BaseBLDC] right target amplitude is 0.831509895610660
2023-07-05 21:58:21,804 -  [BaseBLDC] left target amplitude is -0.831509895610660
2023-07-05 21:58:21,911 -  [BaseBLDC] right stroke amp is 0.934011490504775
2023-07-05 21:58:21,911 -  [BaseBLDC] left stroke amp is -0.9340116477911813
2023-07-05 21:58:21,914 -  [BaseBLDC] right target amplitude is 0.806927664751456
2023-07-05 21:58:21,914 -  [BaseBLDC] left target amplitude is -0.806927664751456
2023-07-05 21:58:22,023 -  [BaseBLDC] right stroke amp is 0.921303123885827
2023-07-05 21:58:22,023 -  [BaseBLDC] left stroke amp is -0.9213032494872088
2023-07-05 21:58:22,026 -  [BaseBLDC] right target amplitude is 0.781198818558652
2023-07-05 21:58:22,027 -  [BaseBLDC] left target amplitude is -0.781198818558652
2023-07-05 21:58:22,135 -  [BaseBLDC] right stroke amp is 0.9072927090958602
2023-07-05 21:58:22,135 -  [BaseBLDC] left stroke amp is -0.9072928063943532
2023-07-05 21:58:22,138 -  [BaseBLDC] right target amplitude is 0.754359916802466
2023-07-05 21:58:22,138 -  [BaseBLDC] left target amplitude is -0.754359916802466
2023-07-05 21:58:22,246 -  [BaseBLDC] right stroke amp is 0.891999445371894
2023-07-05 21:58:22,246 -  [BaseBLDC] left stroke amp is -0.8919995174351645
2023-07-05 21:58:22,249 -  [BaseBLDC] right target amplitude is 0.726449096602309
2023-07-05 21:58:22,249 -  [BaseBLDC] left target amplitude is -0.726449096602309
2023-07-05 21:58:22,356 -  [BaseBLDC] right stroke amp is 0.8754444257396483
2023-07-05 21:58:22,356 -  [BaseBLDC] left stroke amp is -0.875444475351879
2023-07-05 21:58:22,359 -  [BaseBLDC] right target amplitude is 0.697506018235303
2023-07-05 21:58:22,359 -  [BaseBLDC] left target amplitude is -0.697506018235303
2023-07-05 21:58:22,467 -  [BaseBLDC] right stroke amp is 0.857650607711417
2023-07-05 21:58:22,467 -  [BaseBLDC] left stroke amp is -0.8576506296402213
2023-07-05 21:58:22,470 -  [BaseBLDC] right target amplitude is 0.667571808780440
2023-07-05 21:58:22,470 -  [BaseBLDC] left target amplitude is -0.667571808780440
2023-07-05 21:58:22,576 -  [BaseBLDC] right stroke amp is 0.8386427500787563
2023-07-05 21:58:22,576 -  [BaseBLDC] left stroke amp is -0.8386427475542432
2023-07-05 21:58:22,579 -  [BaseBLDC] right target amplitude is 0.636689003678465
2023-07-05 21:58:22,579 -  [BaseBLDC] left target amplitude is -0.636689003678465
2023-07-05 21:58:22,688 -  [BaseBLDC] right stroke amp is 0.8184473972020895
2023-07-05 21:58:22,688 -  [BaseBLDC] left stroke amp is -0.8184473731666654
2023-07-05 21:58:22,691 -  [BaseBLDC] right target amplitude is 0.604901486290540
2023-07-05 21:58:22,691 -  [BaseBLDC] left target amplitude is -0.604901486290540
2023-07-05 21:58:22,800 -  [BaseBLDC] right stroke amp is 0.7970928273451228
2023-07-05 21:58:22,800 -  [BaseBLDC] left stroke amp is -0.7970927844790529
2023-07-05 21:58:22,803 -  [BaseBLDC] right target amplitude is 0.572254425541553
2023-07-05 21:58:22,803 -  [BaseBLDC] left target amplitude is -0.572254425541553
2023-07-05 21:58:22,910 -  [BaseBLDC] right stroke amp is 0.7746090078385948
2023-07-05 21:58:22,910 -  [BaseBLDC] left stroke amp is -0.7746089485853028
2023-07-05 21:58:22,913 -  [BaseBLDC] right target amplitude is 0.538794211736684
2023-07-05 21:58:22,913 -  [BaseBLDC] left target amplitude is -0.538794211736684
2023-07-05 21:58:23,022 -  [BaseBLDC] right stroke amp is 0.7510275483116461
2023-07-05 21:58:23,022 -  [BaseBLDC] left stroke amp is -0.751027474900441
2023-07-05 21:58:23,025 -  [BaseBLDC] right target amplitude is 0.504568390642449
2023-07-05 21:58:23,025 -  [BaseBLDC] left target amplitude is -0.504568390642449
2023-07-05 21:58:23,133 -  [BaseBLDC] right stroke amp is 0.7263816520081557
2023-07-05 21:58:23,133 -  [BaseBLDC] left stroke amp is -0.7263815664746418
2023-07-05 21:58:23,136 -  [BaseBLDC] right target amplitude is 0.469625595925861
2023-07-05 21:58:23,137 -  [BaseBLDC] left target amplitude is -0.469625595925861
2023-07-05 21:58:23,245 -  [BaseBLDC] right stroke amp is 0.7007060652153598
2023-07-05 21:58:23,245 -  [BaseBLDC] left stroke amp is -0.7007059694197637
2023-07-05 21:58:23,248 -  [BaseBLDC] right target amplitude is 0.434015480047730
2023-07-05 21:58:23,248 -  [BaseBLDC] left target amplitude is -0.434015480047730
2023-07-05 21:58:23,355 -  [BaseBLDC] right stroke amp is 0.674037024838937
2023-07-05 21:58:23,355 -  [BaseBLDC] left stroke amp is -0.6740369204825603
2023-07-05 21:58:23,358 -  [BaseBLDC] right target amplitude is 0.397788643708292
2023-07-05 21:58:23,358 -  [BaseBLDC] left target amplitude is -0.397788643708292
2023-07-05 21:58:23,466 -  [BaseBLDC] right stroke amp is 0.6464122041651477
2023-07-05 21:58:23,466 -  [BaseBLDC] left stroke amp is -0.6464120928051335
2023-07-05 21:58:23,469 -  [BaseBLDC] right target amplitude is 0.360996563945434
2023-07-05 21:58:23,469 -  [BaseBLDC] left target amplitude is -0.360996563945434
2023-07-05 21:58:23,576 -  [BaseBLDC] right stroke amp is 0.6178706568565795
2023-07-05 21:58:23,576 -  [BaseBLDC] left stroke amp is -0.6178705399191635
2023-07-05 21:58:23,579 -  [BaseBLDC] right target amplitude is 0.323691520987658
2023-07-05 21:58:23,579 -  [BaseBLDC] left target amplitude is -0.323691520987658
2023-07-05 21:58:23,688 -  [BaseBLDC] right stroke amp is 0.5884527592336151
2023-07-05 21:58:23,688 -  [BaseBLDC] left stroke amp is -0.588452638026013
2023-07-05 21:58:23,691 -  [BaseBLDC] right target amplitude is 0.285926523965756
2023-07-05 21:58:23,691 -  [BaseBLDC] left target amplitude is -0.285926523965756
2023-07-05 21:58:23,798 -  [BaseBLDC] right stroke amp is 0.5582001508989172
2023-07-05 21:58:23,798 -  [BaseBLDC] left stroke amp is -0.5582000266199872
2023-07-05 21:58:23,801 -  [BaseBLDC] right target amplitude is 0.247755235588734
2023-07-05 21:58:23,801 -  [BaseBLDC] left target amplitude is -0.247755235588734
2023-07-05 21:58:23,910 -  [BaseBLDC] right stroke amp is 0.5271556812427975
2023-07-05 21:58:23,910 -  [BaseBLDC] left stroke amp is -0.527155547516862
2023-07-05 21:58:23,913 -  [BaseBLDC] right target amplitude is 0.209231895891031
2023-07-05 21:58:23,913 -  [BaseBLDC] left target amplitude is -0.209231895891031
2023-07-05 21:58:24,021 -  [BaseBLDC] right stroke amp is 0.49536332335165606
2023-07-05 21:58:24,021 -  [BaseBLDC] left stroke amp is -0.4953631823542789
2023-07-05 21:58:24,024 -  [BaseBLDC] right target amplitude is 0.170411245159369
2023-07-05 21:58:24,024 -  [BaseBLDC] left target amplitude is -0.170411245159369
2023-07-05 21:58:24,133 -  [BaseBLDC] right stroke amp is 0.46286813491402173
2023-07-05 21:58:24,133 -  [BaseBLDC] left stroke amp is -0.46286798863478784
2023-07-05 21:58:24,136 -  [BaseBLDC] right target amplitude is 0.131348446148775
2023-07-05 21:58:24,136 -  [BaseBLDC] left target amplitude is -0.131348446148775
2023-07-05 21:58:24,243 -  [BaseBLDC] right stroke amp is 0.42971618413065693
2023-07-05 21:58:24,243 -  [BaseBLDC] left stroke amp is -0.4297160343861866
2023-07-05 21:58:24,246 -  [BaseBLDC] right target amplitude is 0.0920990056982888
2023-07-05 21:58:24,246 -  [BaseBLDC] left target amplitude is -0.0920990056982888
2023-07-05 21:58:24,354 -  [BaseBLDC] right stroke amp is 0.3959544830682473
2023-07-05 21:58:24,354 -  [BaseBLDC] left stroke amp is -0.39595433151739684
2023-07-05 21:58:24,357 -  [BaseBLDC] right target amplitude is 0.0527186958577289
2023-07-05 21:58:24,357 -  [BaseBLDC] left target amplitude is -0.0527186958577289
2023-07-05 21:58:24,465 -  [BaseBLDC] right stroke amp is 0.3616309197939128
2023-07-05 21:58:24,465 -  [BaseBLDC] left stroke amp is -0.36163076795143
2023-07-05 21:58:24,468 -  [BaseBLDC] right target amplitude is 0.0132634746376215
2023-07-05 21:58:24,468 -  [BaseBLDC] left target amplitude is -0.0132634746376215
2023-07-05 21:58:24,575 -  [BaseBLDC] right stroke amp is 0.3267941966917962
2023-07-05 21:58:24,575 -  [BaseBLDC] left stroke amp is -0.3267940386200492
2023-07-05 21:58:24,578 -  [BaseBLDC] right target amplitude is -0.0262105935051284
2023-07-05 21:58:24,578 -  [BaseBLDC] left target amplitude is 0.0262105935051284
2023-07-05 21:58:24,687 -  [BaseBLDC] right stroke amp is 0.29149373700738157
2023-07-05 21:58:24,687 -  [BaseBLDC] left stroke amp is -0.2914935754075314
2023-07-05 21:58:24,690 -  [BaseBLDC] right target amplitude is -0.0656474173328172
2023-07-05 21:58:24,690 -  [BaseBLDC] left target amplitude is 0.0656474173328172
2023-07-05 21:58:24,798 -  [BaseBLDC] right stroke amp is 0.25577963880153437
2023-07-05 21:58:24,798 -  [BaseBLDC] left stroke amp is -0.25577947613349655
2023-07-05 21:58:24,801 -  [BaseBLDC] right target amplitude is -0.104990958530573
2023-07-05 21:58:24,801 -  [BaseBLDC] left target amplitude is 0.104990958530573
2023-07-05 21:58:24,909 -  [BaseBLDC] right stroke amp is 0.21970260201514175
2023-07-05 21:58:24,909 -  [BaseBLDC] left stroke amp is -0.21970243266708964
2023-07-05 21:58:24,912 -  [BaseBLDC] right target amplitude is -0.144185311334791
2023-07-05 21:58:24,912 -  [BaseBLDC] left target amplitude is 0.144185311334791
2023-07-05 21:58:25,020 -  [BaseBLDC] right stroke amp is 0.1833138303764136
2023-07-05 21:58:25,020 -  [BaseBLDC] left stroke amp is -0.1833136582669016
2023-07-05 21:58:25,023 -  [BaseBLDC] right target amplitude is -0.183174781973219
2023-07-05 21:58:25,023 -  [BaseBLDC] left target amplitude is 0.183174781973219
2023-07-05 21:58:25,131 -  [BaseBLDC] right stroke amp is 0.14666498555638555
2023-07-05 21:58:25,131 -  [BaseBLDC] left stroke amp is -0.14666481424288955
2023-07-05 21:58:25,134 -  [BaseBLDC] right target amplitude is -0.221903967803803
2023-07-05 21:58:25,134 -  [BaseBLDC] left target amplitude is 0.221903967803803
2023-07-05 21:58:25,242 -  [BaseBLDC] right stroke amp is 0.10980811015323455
2023-07-05 21:58:25,242 -  [BaseBLDC] left stroke amp is -0.10980793603822034
2023-07-05 21:58:25,245 -  [BaseBLDC] right target amplitude is -0.260317836039854
2023-07-05 21:58:25,245 -  [BaseBLDC] left target amplitude is 0.260317836039854
2023-07-05 21:58:25,354 -  [BaseBLDC] right stroke amp is 0.07279553819434502
2023-07-05 21:58:25,354 -  [BaseBLDC] left stroke amp is -0.07279535883041288
2023-07-05 21:58:25,357 -  [BaseBLDC] right target amplitude is -0.298361801949668
2023-07-05 21:58:25,357 -  [BaseBLDC] left target amplitude is 0.298361801949668
2023-07-05 21:58:25,465 -  [BaseBLDC] right stroke amp is 0.03567982698437211
2023-07-05 21:58:25,465 -  [BaseBLDC] left stroke amp is -0.035679642752404817
2023-07-05 21:58:25,468 -  [BaseBLDC] right target amplitude is -0.335981806419460
2023-07-05 21:58:25,468 -  [BaseBLDC] left target amplitude is 0.335981806419460
2023-07-05 21:58:25,576 -  [BaseBLDC] right stroke amp is -0.0014863194216890377
2023-07-05 21:58:25,576 -  [BaseBLDC] left stroke amp is 0.0014865021647817028
2023-07-05 21:58:25,579 -  [BaseBLDC] right target amplitude is -0.373124392769437
2023-07-05 21:58:25,579 -  [BaseBLDC] left target amplitude is 0.373124392769437
2023-07-05 21:58:25,688 -  [BaseBLDC] right stroke amp is -0.038650142296519176
2023-07-05 21:58:25,688 -  [BaseBLDC] left stroke amp is 0.03865029122524723
2023-07-05 21:58:25,691 -  [BaseBLDC] right target amplitude is -0.409736782713815
2023-07-05 21:58:25,691 -  [BaseBLDC] left target amplitude is 0.409736782713815
2023-07-05 21:58:25,799 -  [BaseBLDC] right stroke amp is -0.07575882505993749
2023-07-05 21:58:25,799 -  [BaseBLDC] left stroke amp is 0.07575894037410402
2023-07-05 21:58:25,802 -  [BaseBLDC] right target amplitude is -0.445766951356874
2023-07-05 21:58:25,802 -  [BaseBLDC] left target amplitude is 0.445766951356874
2023-07-05 21:58:25,910 -  [BaseBLDC] right stroke amp is -0.11275965345919609
2023-07-05 21:58:25,911 -  [BaseBLDC] left stroke amp is 0.11275974147238099
2023-07-05 21:58:25,913 -  [BaseBLDC] right target amplitude is -0.481163701118467
2023-07-05 21:58:25,914 -  [BaseBLDC] left target amplitude is 0.481163701118467
2023-07-05 21:58:26,021 -  [BaseBLDC] right stroke amp is -0.14959999727652745
2023-07-05 21:58:26,021 -  [BaseBLDC] left stroke amp is 0.14960021380871108
2023-07-05 21:58:26,024 -  [BaseBLDC] right target amplitude is -0.515876734483956
2023-07-05 21:58:26,024 -  [BaseBLDC] left target amplitude is 0.515876734483956
2023-07-05 21:58:26,133 -  [BaseBLDC] right stroke amp is -0.1862276183267441
2023-07-05 21:58:26,133 -  [BaseBLDC] left stroke amp is 0.18622793187559028
2023-07-05 21:58:26,136 -  [BaseBLDC] right target amplitude is -0.549856725475164
2023-07-05 21:58:26,136 -  [BaseBLDC] left target amplitude is 0.549856725475164
2023-07-05 21:58:26,244 -  [BaseBLDC] right stroke amp is -0.22259048617131472
2023-07-05 21:58:26,244 -  [BaseBLDC] left stroke amp is 0.22259086495524735
2023-07-05 21:58:26,247 -  [BaseBLDC] right target amplitude is -0.583055389740840
2023-07-05 21:58:26,247 -  [BaseBLDC] left target amplitude is 0.583055389740840
2023-07-05 21:58:26,356 -  [BaseBLDC] right stroke amp is -0.25863692534385097
2023-07-05 21:58:26,356 -  [BaseBLDC] left stroke amp is 0.25863738157275984
2023-07-05 21:58:26,359 -  [BaseBLDC] right target amplitude is -0.615425553166983
2023-07-05 21:58:26,359 -  [BaseBLDC] left target amplitude is 0.615425553166983
2023-07-05 21:58:26,467 -  [BaseBLDC] right stroke amp is -0.2943157286938498
2023-07-05 21:58:26,467 -  [BaseBLDC] left stroke amp is 0.2943162732078199
2023-07-05 21:58:26,470 -  [BaseBLDC] right target amplitude is -0.646921218909578
2023-07-05 21:58:26,470 -  [BaseBLDC] left target amplitude is 0.646921218909578
2023-07-05 21:58:26,579 -  [BaseBLDC] right stroke amp is -0.3295762334604673
2023-07-05 21:58:26,579 -  [BaseBLDC] left stroke amp is 0.32957682323557286
2023-07-05 21:58:26,581 -  [BaseBLDC] right target amplitude is -0.677497632754464
2023-07-05 21:58:26,581 -  [BaseBLDC] left target amplitude is 0.677497632754464
2023-07-05 21:58:26,690 -  [BaseBLDC] right stroke amp is -0.36436832388993606
2023-07-05 21:58:26,690 -  [BaseBLDC] left stroke amp is 0.3643689662186492
2023-07-05 21:58:26,693 -  [BaseBLDC] right target amplitude is -0.707111346711471
2023-07-05 21:58:26,693 -  [BaseBLDC] left target amplitude is 0.707111346711471
2023-07-05 21:58:26,801 -  [BaseBLDC] right stroke amp is -0.398642571512087
2023-07-05 21:58:26,801 -  [BaseBLDC] left stroke amp is 0.3986432727662596
2023-07-05 21:58:26,804 -  [BaseBLDC] right target amplitude is -0.735720280752471
2023-07-05 21:58:26,804 -  [BaseBLDC] left target amplitude is 0.735720280752471
2023-07-05 21:58:26,912 -  [BaseBLDC] right stroke amp is -0.432350282727644
2023-07-05 21:58:26,912 -  [BaseBLDC] left stroke amp is 0.4323510483902168
2023-07-05 21:58:26,915 -  [BaseBLDC] right target amplitude is -0.763283782605585
2023-07-05 21:58:26,915 -  [BaseBLDC] left target amplitude is 0.763283782605585
2023-07-05 21:58:27,024 -  [BaseBLDC] right stroke amp is -0.46544359040741967
2023-07-05 21:58:27,024 -  [BaseBLDC] left stroke amp is 0.46544437483110046
2023-07-05 21:58:27,027 -  [BaseBLDC] right target amplitude is -0.789762685520621
2023-07-05 21:58:27,027 -  [BaseBLDC] left target amplitude is 0.789762685520621
2023-07-05 21:58:27,135 -  [BaseBLDC] right stroke amp is -0.4978754545014523
2023-07-05 21:58:27,135 -  [BaseBLDC] left stroke amp is 0.49787626281519803
2023-07-05 21:58:27,138 -  [BaseBLDC] right target amplitude is -0.815119363923624
2023-07-05 21:58:27,138 -  [BaseBLDC] left target amplitude is 0.815119363923624
2023-07-05 21:58:27,247 -  [BaseBLDC] right stroke amp is -0.529599797024224
2023-07-05 21:58:27,247 -  [BaseBLDC] left stroke amp is 0.5296006336019952
2023-07-05 21:58:27,250 -  [BaseBLDC] right target amplitude is -0.839317786881477
2023-07-05 21:58:27,250 -  [BaseBLDC] left target amplitude is 0.839317786881477
2023-07-05 21:58:27,358 -  [BaseBLDC] right stroke amp is -0.5605715447164228
2023-07-05 21:58:27,359 -  [BaseBLDC] left stroke amp is 0.560572413205223
2023-07-05 21:58:27,361 -  [BaseBLDC] right target amplitude is -0.862323569300577
2023-07-05 21:58:27,362 -  [BaseBLDC] left target amplitude is 0.862323569300577
2023-07-05 21:58:27,469 -  [BaseBLDC] right stroke amp is -0.5907466931501071
2023-07-05 21:58:27,469 -  [BaseBLDC] left stroke amp is 0.5907475965091107
2023-07-05 21:58:27,472 -  [BaseBLDC] right target amplitude is -0.884104020786821
2023-07-05 21:58:27,472 -  [BaseBLDC] left target amplitude is 0.884104020786821
2023-07-05 21:58:27,580 -  [BaseBLDC] right stroke amp is -0.6200823693152603
2023-07-05 21:58:27,580 -  [BaseBLDC] left stroke amp is 0.6200833098516232
2023-07-05 21:58:27,583 -  [BaseBLDC] right target amplitude is -0.904628192097506
2023-07-05 21:58:27,584 -  [BaseBLDC] left target amplitude is 0.904628192097506
2023-07-05 21:58:27,692 -  [BaseBLDC] right stroke amp is -0.6485368925920059
2023-07-05 21:58:27,692 -  [BaseBLDC] left stroke amp is 0.6485378719956775
2023-07-05 21:58:27,695 -  [BaseBLDC] right target amplitude is -0.923866919119089
2023-07-05 21:58:27,695 -  [BaseBLDC] left target amplitude is 0.923866919119089
2023-07-05 21:58:27,804 -  [BaseBLDC] right stroke amp is -0.6760698340220329
2023-07-05 21:58:27,804 -  [BaseBLDC] left stroke amp is 0.6760708534027255
2023-07-05 21:58:27,808 -  [BaseBLDC] right target amplitude is -0.941792864308365
2023-07-05 21:58:27,808 -  [BaseBLDC] left target amplitude is 0.941792864308365
2023-07-05 21:58:27,915 -  [BaseBLDC] right stroke amp is -0.7026420957333053
2023-07-05 21:58:27,915 -  [BaseBLDC] left stroke amp is 0.7026431062463024
2023-07-05 21:58:27,918 -  [BaseBLDC] right target amplitude is -0.958380555538140
2023-07-05 21:58:27,918 -  [BaseBLDC] left target amplitude is 0.958380555538140
2023-07-05 21:58:28,026 -  [BaseBLDC] right stroke amp is -0.7282158992162331
2023-07-05 21:58:28,026 -  [BaseBLDC] left stroke amp is 0.7282169043998833
2023-07-05 21:58:28,029 -  [BaseBLDC] right target amplitude is -0.973606422292221
2023-07-05 21:58:28,029 -  [BaseBLDC] left target amplitude is 0.973606422292221
2023-07-05 21:58:28,137 -  [BaseBLDC] right stroke amp is -0.752754907959484
2023-07-05 21:58:28,137 -  [BaseBLDC] left stroke amp is 0.7527559107419268
2023-07-05 21:58:28,140 -  [BaseBLDC] right target amplitude is -0.987448829158284
2023-07-05 21:58:28,140 -  [BaseBLDC] left target amplitude is 0.987448829158284
2023-07-05 21:58:28,249 -  [BaseBLDC] right stroke amp is -0.7762242555472508
2023-07-05 21:58:28,249 -  [BaseBLDC] left stroke amp is 0.7762252583401886
2023-07-05 21:58:28,252 -  [BaseBLDC] right target amplitude is -0.999888106571025
2023-07-05 21:58:28,252 -  [BaseBLDC] left target amplitude is 0.999888106571025
2023-07-05 21:58:28,359 -  [BaseBLDC] right stroke amp is -0.7985905952161458
2023-07-05 21:58:28,359 -  [BaseBLDC] left stroke amp is 0.7985916000405681
2023-07-05 21:58:28,362 -  [BaseBLDC] right target amplitude is -1.01090657876192
2023-07-05 21:58:28,362 -  [BaseBLDC] left target amplitude is 1.01090657876192
2023-07-05 21:58:28,471 -  [BaseBLDC] right stroke amp is -0.8198221472518841
2023-07-05 21:58:28,471 -  [BaseBLDC] left stroke amp is 0.8198231558914493
2023-07-05 21:58:28,474 -  [BaseBLDC] right target amplitude is -1.02048858887585
2023-07-05 21:58:28,475 -  [BaseBLDC] left target amplitude is 1.02048858887585
2023-07-05 21:58:28,582 -  [BaseBLDC] right stroke amp is -0.8398887441550186
2023-07-05 21:58:28,582 -  [BaseBLDC] left stroke amp is 0.8398897583409907
2023-07-05 21:58:28,585 -  [BaseBLDC] right target amplitude is -1.02862052121896
2023-07-05 21:58:28,585 -  [BaseBLDC] left target amplitude is 1.02862052121896
2023-07-05 21:58:28,694 -  [BaseBLDC] right stroke amp is -0.858761873513954
2023-07-05 21:58:28,694 -  [BaseBLDC] left stroke amp is 0.8587628951406492
2023-07-05 21:58:28,697 -  [BaseBLDC] right target amplitude is -1.03529082060606
2023-07-05 21:58:28,697 -  [BaseBLDC] left target amplitude is 1.03529082060606
2023-07-05 21:58:28,806 -  [BaseBLDC] right stroke amp is -0.8764147185284638
2023-07-05 21:58:28,806 -  [BaseBLDC] left stroke amp is 0.8764157498892541
2023-07-05 21:58:28,809 -  [BaseBLDC] right target amplitude is -1.04049000878015
2023-07-05 21:58:28,809 -  [BaseBLDC] left target amplitude is 1.04049000878015
2023-07-05 21:58:28,917 -  [BaseBLDC] right stroke amp is -0.8928221961326221
2023-07-05 21:58:28,917 -  [BaseBLDC] left stroke amp is 0.8928232401522771
2023-07-05 21:58:28,920 -  [BaseBLDC] right target amplitude is -1.04421069788067
2023-07-05 21:58:28,920 -  [BaseBLDC] left target amplitude is 1.04421069788067
2023-07-05 21:58:29,028 -  [BaseBLDC] right stroke amp is -0.9079609926722686
2023-07-05 21:58:29,028 -  [BaseBLDC] left stroke amp is 0.9079620530907921
2023-07-05 21:58:29,031 -  [BaseBLDC] right target amplitude is -1.04644760094138
2023-07-05 21:58:29,031 -  [BaseBLDC] left target amplitude is 1.04644760094138
2023-07-05 21:58:29,140 -  [BaseBLDC] right stroke amp is -0.9218095970978448
2023-07-05 21:58:29,140 -  [BaseBLDC] left stroke amp is 0.9218106785351727
2023-07-05 21:58:29,143 -  [BaseBLDC] right target amplitude is -1.04719753940300
2023-07-05 21:58:29,144 -  [BaseBLDC] left target amplitude is 1.04719753940300
2023-07-05 21:58:29,252 -  [BaseBLDC] right stroke amp is -0.9343483316358551
2023-07-05 21:58:29,252 -  [BaseBLDC] left stroke amp is 0.9343494394434334
2023-07-05 21:58:29,255 -  [BaseBLDC] right target amplitude is -1.04645944762976
2023-07-05 21:58:29,255 -  [BaseBLDC] left target amplitude is 1.04645944762976
2023-07-05 21:58:29,362 -  [BaseBLDC] right stroke amp is -0.9455594628714206
2023-07-05 21:58:29,362 -  [BaseBLDC] left stroke amp is 0.9455604402620664
2023-07-05 21:58:29,365 -  [BaseBLDC] right target amplitude is -1.04423437442371
2023-07-05 21:58:29,365 -  [BaseBLDC] left target amplitude is 1.04423437442371
2023-07-05 21:58:29,474 -  [BaseBLDC] right stroke amp is -0.9554269703566186
2023-07-05 21:58:29,474 -  [BaseBLDC] left stroke amp is 0.9554278336782311
2023-07-05 21:58:29,478 -  [BaseBLDC] right target amplitude is -1.04052548153434
2023-07-05 21:58:29,478 -  [BaseBLDC] left target amplitude is 1.04052548153434
2023-07-05 21:58:29,583 -  [BaseBLDC] right stroke amp is -0.9639368379777966
2023-07-05 21:58:29,583 -  [BaseBLDC] left stroke amp is 0.9639375984638422
2023-07-05 21:58:29,586 -  [BaseBLDC] right target amplitude is -1.03533803916588
2023-07-05 21:58:29,586 -  [BaseBLDC] left target amplitude is 1.03533803916588
2023-07-05 21:58:29,694 -  [BaseBLDC] right stroke amp is -0.9710769747502134
2023-07-05 21:58:29,694 -  [BaseBLDC] left stroke amp is 0.9710776425340459
2023-07-05 21:58:29,697 -  [BaseBLDC] right target amplitude is -1.02867941848852
2023-07-05 21:58:29,697 -  [BaseBLDC] left target amplitude is 1.02867941848852
2023-07-05 21:58:29,806 -  [BaseBLDC] right stroke amp is -0.9768372359037024
2023-07-05 21:58:29,806 -  [BaseBLDC] left stroke amp is 0.9768378201294928
2023-07-05 21:58:29,809 -  [BaseBLDC] right target amplitude is -1.02055908116423
2023-07-05 21:58:29,809 -  [BaseBLDC] left target amplitude is 1.02055908116423
2023-07-05 21:58:29,918 -  [BaseBLDC] right stroke amp is -0.9812094373111196
2023-07-05 21:58:29,918 -  [BaseBLDC] left stroke amp is 0.9812099462329664
2023-07-05 21:58:29,921 -  [BaseBLDC] right target amplitude is -1.01098856590210
2023-07-05 21:58:29,921 -  [BaseBLDC] left target amplitude is 1.01098856590210
2023-07-05 21:58:30,029 -  [BaseBLDC] right stroke amp is -0.9841873671287891
2023-07-05 21:58:30,029 -  [BaseBLDC] left stroke amp is 0.9841878081998799
2023-07-05 21:58:30,032 -  [BaseBLDC] right target amplitude is -0.999981472062218
2023-07-05 21:58:30,032 -  [BaseBLDC] left target amplitude is 0.999981472062218
2023-07-05 21:58:30,140 -  [BaseBLDC] right stroke amp is -0.985766794633294
2023-07-05 21:58:30,140 -  [BaseBLDC] left stroke amp is 0.9857671745861137
2023-07-05 21:58:30,143 -  [BaseBLDC] right target amplitude is -0.987553440331459
2023-07-05 21:58:30,143 -  [BaseBLDC] left target amplitude is 0.987553440331459
2023-07-05 21:58:30,251 -  [BaseBLDC] right stroke amp is -0.9859454762421679
2023-07-05 21:58:30,251 -  [BaseBLDC] left stroke amp is 0.9859458011606482
2023-07-05 21:58:30,254 -  [BaseBLDC] right target amplitude is -0.973722130498641
2023-07-05 21:58:30,254 -  [BaseBLDC] left target amplitude is 0.973722130498641
2023-07-05 21:58:30,363 -  [BaseBLDC] right stroke amp is -0.9847231587100301
2023-07-05 21:58:30,363 -  [BaseBLDC] left stroke amp is 0.9847234340944475
2023-07-05 21:58:30,366 -  [BaseBLDC] right target amplitude is -0.958507196360580
2023-07-05 21:58:30,366 -  [BaseBLDC] left target amplitude is 0.958507196360580
2023-07-05 21:58:30,475 -  [BaseBLDC] right stroke amp is -0.9821015794957141
2023-07-05 21:58:30,475 -  [BaseBLDC] left stroke amp is 0.9821018103210608
2023-07-05 21:58:30,478 -  [BaseBLDC] right target amplitude is -0.941930257794745
2023-07-05 21:58:30,478 -  [BaseBLDC] left target amplitude is 0.941930257794745
2023-07-05 21:58:30,587 -  [BaseBLDC] right stroke amp is -0.9780844642999479
2023-07-05 21:58:30,587 -  [BaseBLDC] left stroke amp is 0.9780846550684292
2023-07-05 21:58:30,590 -  [BaseBLDC] right target amplitude is -0.924014870038177
2023-07-05 21:58:30,590 -  [BaseBLDC] left target amplitude is 0.924014870038177
2023-07-05 21:58:30,698 -  [BaseBLDC] right stroke amp is -0.9726775217771594
2023-07-05 21:58:30,698 -  [BaseBLDC] left stroke amp is 0.9726776765654039
2023-07-05 21:58:30,701 -  [BaseBLDC] right target amplitude is -0.904786490216334
2023-07-05 21:58:30,701 -  [BaseBLDC] left target amplitude is 0.904786490216334
2023-07-05 21:58:30,809 -  [BaseBLDC] right stroke amp is -0.9658884354289846
2023-07-05 21:58:30,809 -  [BaseBLDC] left stroke amp is 0.965888557930497
2023-07-05 21:58:30,812 -  [BaseBLDC] right target amplitude is -0.884272441169424
2023-07-05 21:58:30,812 -  [BaseBLDC] left target amplitude is 0.884272441169424
2023-07-05 21:58:30,921 -  [BaseBLDC] right stroke amp is -0.9577268526910591
2023-07-05 21:58:30,921 -  [BaseBLDC] left stroke amp is 0.9577269462543897
2023-07-05 21:58:30,924 -  [BaseBLDC] right target amplitude is -0.862501872627612
2023-07-05 21:58:30,925 -  [BaseBLDC] left target amplitude is 0.862501872627612
2023-07-05 21:58:31,033 -  [BaseBLDC] right stroke amp is -0.9482043712286505
2023-07-05 21:58:31,033 -  [BaseBLDC] left stroke amp is 0.9482044388917119
2023-07-05 21:58:31,036 -  [BaseBLDC] right target amplitude is -0.839505719790295
2023-07-05 21:58:31,036 -  [BaseBLDC] left target amplitude is 0.839505719790295
2023-07-05 21:58:31,144 -  [BaseBLDC] right stroke amp is -0.9373345224606565
2023-07-05 21:58:31,144 -  [BaseBLDC] left stroke amp is 0.9373345669815702
2023-07-05 21:58:31,147 -  [BaseBLDC] right target amplitude is -0.815316659368281
2023-07-05 21:58:31,147 -  [BaseBLDC] left target amplitude is 0.815316659368281
2023-07-05 21:58:31,256 -  [BaseBLDC] right stroke amp is -0.9251327523354197
2023-07-05 21:58:31,256 -  [BaseBLDC] left stroke amp is 0.9251327762202414
2023-07-05 21:58:31,259 -  [BaseBLDC] right target amplitude is -0.789969063151347
2023-07-05 21:58:31,259 -  [BaseBLDC] left target amplitude is 0.789969063151347
2023-07-05 21:58:31,367 -  [BaseBLDC] right stroke amp is -0.9116163993857176
2023-07-05 21:58:31,368 -  [BaseBLDC] left stroke amp is 0.9116164049133519
2023-07-05 21:58:31,370 -  [BaseBLDC] right target amplitude is -0.763498949167147
2023-07-05 21:58:31,371 -  [BaseBLDC] left target amplitude is 0.763498949167147
2023-07-05 21:58:31,479 -  [BaseBLDC] right stroke amp is -0.8968046700941443
2023-07-05 21:58:31,479 -  [BaseBLDC] left stroke amp is 0.8968046593387314
2023-07-05 21:58:31,482 -  [BaseBLDC] right target amplitude is -0.735943930500882
2023-07-05 21:58:31,483 -  [BaseBLDC] left target amplitude is 0.735943930500882
2023-07-05 21:58:31,589 -  [BaseBLDC] right stroke amp is -0.8807186116039208
2023-07-05 21:58:31,589 -  [BaseBLDC] left stroke amp is 0.8807185864549465
2023-07-05 21:58:31,592 -  [BaseBLDC] right target amplitude is -0.707343161848439
2023-07-05 21:58:31,592 -  [BaseBLDC] left target amplitude is 0.707343161848439
2023-07-05 21:58:31,701 -  [BaseBLDC] right stroke amp is -0.8633810818139381
2023-07-05 21:58:31,701 -  [BaseBLDC] left stroke amp is 0.8633810439942957
2023-07-05 21:58:31,704 -  [BaseBLDC] right target amplitude is -0.677737283878971
2023-07-05 21:58:31,704 -  [BaseBLDC] left target amplitude is 0.677737283878971
2023-07-05 21:58:31,812 -  [BaseBLDC] right stroke amp is -0.8448167246121457
2023-07-05 21:58:31,812 -  [BaseBLDC] left stroke amp is 0.8448166679827632
2023-07-05 21:58:31,815 -  [BaseBLDC] right target amplitude is -0.647168365485951
2023-07-05 21:58:31,816 -  [BaseBLDC] left target amplitude is 0.647168365485951
2023-07-05 21:58:31,924 -  [BaseBLDC] right stroke amp is -0.8250519107974927
2023-07-05 21:58:31,925 -  [BaseBLDC] left stroke amp is 0.825051837733082
2023-07-05 21:58:31,927 -  [BaseBLDC] right target amplitude is -0.615679844008779
2023-07-05 21:58:31,928 -  [BaseBLDC] left target amplitude is 0.615679844008779
2023-07-05 21:58:32,035 -  [BaseBLDC] right stroke amp is -0.8041147256887594
2023-07-05 21:58:32,035 -  [BaseBLDC] left stroke amp is 0.8041146383606517
2023-07-05 21:58:32,038 -  [BaseBLDC] right target amplitude is -0.583316463509870
2023-07-05 21:58:32,038 -  [BaseBLDC] left target amplitude is 0.583316463509870
2023-07-05 21:58:32,145 -  [BaseBLDC] right stroke amp is -0.7820349204822556
2023-07-05 21:58:32,145 -  [BaseBLDC] left stroke amp is 0.7820348208755734
2023-07-05 21:58:32,148 -  [BaseBLDC] right target amplitude is -0.550124211194944
2023-07-05 21:58:32,148 -  [BaseBLDC] left target amplitude is 0.550124211194944
2023-07-05 21:58:32,256 -  [BaseBLDC] right stroke amp is -0.7588438699761085
2023-07-05 21:58:32,256 -  [BaseBLDC] left stroke amp is 0.7588437599075105
2023-07-05 21:58:32,259 -  [BaseBLDC] right target amplitude is -0.516150252066850
2023-07-05 21:58:32,260 -  [BaseBLDC] left target amplitude is 0.516150252066850
2023-07-05 21:58:32,368 -  [BaseBLDC] right stroke amp is -0.7345745279898437
2023-07-05 21:58:32,368 -  [BaseBLDC] left stroke amp is 0.7345744091234444
2023-07-05 21:58:32,371 -  [BaseBLDC] right target amplitude is -0.481442861905778
2023-07-05 21:58:32,371 -  [BaseBLDC] left target amplitude is 0.481442861905778
2023-07-05 21:58:32,478 -  [BaseBLDC] right stroke amp is -0.7092613805400291
2023-07-05 21:58:32,478 -  [BaseBLDC] left stroke amp is 0.7092612544016778
2023-07-05 21:58:32,481 -  [BaseBLDC] right target amplitude is -0.446051358671113
2023-07-05 21:58:32,481 -  [BaseBLDC] left target amplitude is 0.446051358671113
2023-07-05 21:58:32,588 -  [BaseBLDC] right stroke amp is -0.6829403968385382
2023-07-05 21:58:32,588 -  [BaseBLDC] left stroke amp is 0.6829402648286212
2023-07-05 21:58:32,591 -  [BaseBLDC] right target amplitude is -0.410026032422368
2023-07-05 21:58:32,591 -  [BaseBLDC] left target amplitude is 0.410026032422368
2023-07-05 21:58:32,700 -  [BaseBLDC] right stroke amp is -0.6556489781830793
2023-07-05 21:58:32,700 -  [BaseBLDC] left stroke amp is 0.6556488415879959
2023-07-05 21:58:32,703 -  [BaseBLDC] right target amplitude is -0.373418073858819
2023-07-05 21:58:32,703 -  [BaseBLDC] left target amplitude is 0.373418073858819
2023-07-05 21:58:32,811 -  [BaseBLDC] right stroke amp is -0.6274259048126322
2023-07-05 21:58:32,811 -  [BaseBLDC] left stroke amp is 0.6274257648150782
2023-07-05 21:58:32,814 -  [BaseBLDC] right target amplitude is -0.336279501579354
2023-07-05 21:58:32,814 -  [BaseBLDC] left target amplitude is 0.336279501579354
2023-07-05 21:58:32,923 -  [BaseBLDC] right stroke amp is -0.5983112808033254
2023-07-05 21:58:32,923 -  [BaseBLDC] left stroke amp is 0.5983111384915057
2023-07-05 21:58:32,926 -  [BaseBLDC] right target amplitude is -0.298663088165907
2023-07-05 21:58:32,926 -  [BaseBLDC] left target amplitude is 0.298663088165907
2023-07-05 21:58:33,033 -  [BaseBLDC] right stroke amp is -0.5683464770830676
2023-07-05 21:58:33,033 -  [BaseBLDC] left stroke amp is 0.5683463334589459
2023-07-05 21:58:33,036 -  [BaseBLDC] right target amplitude is -0.260622285195512
2023-07-05 21:58:33,036 -  [BaseBLDC] left target amplitude is 0.260622285195512
2023-07-05 21:58:33,144 -  [BaseBLDC] right stroke amp is -0.5375740802970072
2023-07-05 21:58:33,144 -  [BaseBLDC] left stroke amp is 0.5375739286326024
2023-07-05 21:58:33,147 -  [BaseBLDC] right target amplitude is -0.222211147287525
2023-07-05 21:58:33,148 -  [BaseBLDC] left target amplitude is 0.222211147287525
2023-07-05 21:58:33,256 -  [BaseBLDC] right stroke amp is -0.5060378081695871
2023-07-05 21:58:33,256 -  [BaseBLDC] left stroke amp is 0.5060376504980947
2023-07-05 21:58:33,259 -  [BaseBLDC] right target amplitude is -0.183484255293956
2023-07-05 21:58:33,259 -  [BaseBLDC] left target amplitude is 0.183484255293956
2023-07-05 21:58:33,366 -  [BaseBLDC] right stroke amp is -0.47378247279424757
2023-07-05 21:58:33,366 -  [BaseBLDC] left stroke amp is 0.4737823109776808
2023-07-05 21:58:33,369 -  [BaseBLDC] right target amplitude is -0.144496638742031
2023-07-05 21:58:33,369 -  [BaseBLDC] left target amplitude is 0.144496638742031
2023-07-05 21:58:33,477 -  [BaseBLDC] right stroke amp is -0.440853908013454
2023-07-05 21:58:33,477 -  [BaseBLDC] left stroke amp is 0.44085374375411585
2023-07-05 21:58:33,480 -  [BaseBLDC] right target amplitude is -0.105303697639215
2023-07-05 21:58:33,480 -  [BaseBLDC] left target amplitude is 0.105303697639215
2023-07-05 21:58:33,588 -  [BaseBLDC] right stroke amp is -0.407298904288237
2023-07-05 21:58:33,588 -  [BaseBLDC] left stroke amp is 0.40729873914262577
2023-07-05 21:58:33,591 -  [BaseBLDC] right target amplitude is -0.0659611237517845
2023-07-05 21:58:33,591 -  [BaseBLDC] left target amplitude is 0.0659611237517845
2023-07-05 21:58:33,699 -  [BaseBLDC] right stroke amp is -0.37316514221224895
2023-07-05 21:58:33,699 -  [BaseBLDC] left stroke amp is 0.3731649776035416
2023-07-05 21:58:33,702 -  [BaseBLDC] right target amplitude is -0.0265248214688306
2023-07-05 21:58:33,702 -  [BaseBLDC] left target amplitude is 0.0265248214688306
2023-07-05 21:58:33,809 -  [BaseBLDC] right stroke amp is -0.33850113234906853
2023-07-05 21:58:33,809 -  [BaseBLDC] left stroke amp is 0.3385009619900705
2023-07-05 21:58:33,812 -  [BaseBLDC] right target amplitude is 0.0131587071017506
2023-07-05 21:58:33,812 -  [BaseBLDC] left target amplitude is -0.0131587071017506
2023-07-05 21:58:33,919 -  [BaseBLDC] right stroke amp is -0.3033351694134196
2023-07-05 21:58:33,919 -  [BaseBLDC] left stroke amp is 0.3033349950808884
2023-07-05 21:58:33,922 -  [BaseBLDC] right target amplitude is 0.0526140525752570
2023-07-05 21:58:33,922 -  [BaseBLDC] left target amplitude is -0.0526140525752570
2023-07-05 21:58:34,030 -  [BaseBLDC] right stroke amp is -0.2677402651481279
2023-07-05 21:58:34,030 -  [BaseBLDC] left stroke amp is 0.26774009031527385
2023-07-05 21:58:34,033 -  [BaseBLDC] right target amplitude is 0.0919946353635739
2023-07-05 21:58:34,033 -  [BaseBLDC] left target amplitude is -0.0919946353635739
2023-07-05 21:58:34,141 -  [BaseBLDC] right stroke amp is -0.23176679090679916
2023-07-05 21:58:34,141 -  [BaseBLDC] left stroke amp is 0.23176661774738908
2023-07-05 21:58:34,144 -  [BaseBLDC] right target amplitude is 0.131244497068329
2023-07-05 21:58:34,144 -  [BaseBLDC] left target amplitude is -0.131244497068329
2023-07-05 21:58:34,252 -  [BaseBLDC] right stroke amp is -0.1954656828723862
2023-07-05 21:58:34,252 -  [BaseBLDC] left stroke amp is 0.19546550626581727
2023-07-05 21:58:34,255 -  [BaseBLDC] right target amplitude is 0.170307865041111
2023-07-05 21:58:34,255 -  [BaseBLDC] left target amplitude is -0.170307865041111
2023-07-05 21:58:34,364 -  [BaseBLDC] right stroke amp is -0.1588883455741291
2023-07-05 21:58:34,364 -  [BaseBLDC] left stroke amp is 0.15888816913512444
2023-07-05 21:58:34,367 -  [BaseBLDC] right target amplitude is 0.209129231634409
2023-07-05 21:58:34,367 -  [BaseBLDC] left target amplitude is -0.209129231634409
2023-07-05 21:58:34,475 -  [BaseBLDC] right stroke amp is -0.12208660941851131
2023-07-05 21:58:34,475 -  [BaseBLDC] left stroke amp is 0.12208642905817105
2023-07-05 21:58:34,478 -  [BaseBLDC] right target amplitude is 0.247653433075983
2023-07-05 21:58:34,479 -  [BaseBLDC] left target amplitude is -0.247653433075983
2023-07-05 21:58:34,586 -  [BaseBLDC] right stroke amp is -0.08511262171311876
2023-07-05 21:58:34,586 -  [BaseBLDC] left stroke amp is 0.08511244284475565
2023-07-05 21:58:34,589 -  [BaseBLDC] right target amplitude is 0.285825727854600
2023-07-05 21:58:34,589 -  [BaseBLDC] left target amplitude is -0.285825727854600
2023-07-05 21:58:34,697 -  [BaseBLDC] right stroke amp is -0.04801880421589413
2023-07-05 21:58:34,697 -  [BaseBLDC] left stroke amp is 0.04801862577482006
2023-07-05 21:58:34,700 -  [BaseBLDC] right target amplitude is 0.323591874505766
2023-07-05 21:58:34,700 -  [BaseBLDC] left target amplitude is -0.323591874505766
2023-07-05 21:58:34,808 -  [BaseBLDC] right stroke amp is -0.010857758923862378
2023-07-05 21:58:34,808 -  [BaseBLDC] left stroke amp is 0.01085757574676146
2023-07-05 21:58:34,811 -  [BaseBLDC] right target amplitude is 0.360898208686889
2023-07-05 21:58:34,811 -  [BaseBLDC] left target amplitude is -0.360898208686889
2023-07-05 21:58:34,919 -  [BaseBLDC] right stroke amp is 0.02631782077519531
2023-07-05 21:58:34,919 -  [BaseBLDC] left stroke amp is -0.026318002696603546
2023-07-05 21:58:34,922 -  [BaseBLDC] right target amplitude is 0.397691719432395
2023-07-05 21:58:34,922 -  [BaseBLDC] left target amplitude is -0.397691719432395
2023-07-05 21:58:35,029 -  [BaseBLDC] right stroke amp is 0.0634552302473457
2023-07-05 21:58:35,029 -  [BaseBLDC] left stroke amp is -0.06345537437018273
2023-07-05 21:58:35,032 -  [BaseBLDC] right target amplitude is 0.433920124480408
2023-07-05 21:58:35,032 -  [BaseBLDC] left target amplitude is -0.433920124480408
2023-07-05 21:58:35,140 -  [BaseBLDC] right stroke amp is 0.10050173995349443
2023-07-05 21:58:35,140 -  [BaseBLDC] left stroke amp is -0.10050184938120528
2023-07-05 21:58:35,143 -  [BaseBLDC] right target amplitude is 0.469531944563964
2023-07-05 21:58:35,143 -  [BaseBLDC] left target amplitude is -0.469531944563964
2023-07-05 21:58:35,251 -  [BaseBLDC] right stroke amp is 0.13740470632048385
2023-07-05 21:58:35,251 -  [BaseBLDC] left stroke amp is -0.13740492666398746
2023-07-05 21:58:35,254 -  [BaseBLDC] right target amplitude is 0.504476576561210
2023-07-05 21:58:35,254 -  [BaseBLDC] left target amplitude is -0.504476576561210
2023-07-05 21:58:35,362 -  [BaseBLDC] right stroke amp is 0.174111845406478
2023-07-05 21:58:35,362 -  [BaseBLDC] left stroke amp is -0.17411215170678543
2023-07-05 21:58:35,364 -  [BaseBLDC] right target amplitude is 0.538704365400627
2023-07-05 21:58:35,365 -  [BaseBLDC] left target amplitude is -0.538704365400627
2023-07-05 21:58:35,473 -  [BaseBLDC] right stroke amp is 0.2105710368192469
2023-07-05 21:58:35,473 -  [BaseBLDC] left stroke amp is -0.2105714489751069
2023-07-05 21:58:35,477 -  [BaseBLDC] right target amplitude is 0.572166674619105
2023-07-05 21:58:35,477 -  [BaseBLDC] left target amplitude is -0.572166674619105
2023-07-05 21:58:35,585 -  [BaseBLDC] right stroke amp is 0.24673055272245656
2023-07-05 21:58:35,585 -  [BaseBLDC] left stroke amp is -0.24673103151714249
2023-07-05 21:58:35,588 -  [BaseBLDC] right target amplitude is 0.604815955472624
2023-07-05 21:58:35,588 -  [BaseBLDC] left target amplitude is -0.604815955472624
2023-07-05 21:58:35,697 -  [BaseBLDC] right stroke amp is 0.2825390369822418
2023-07-05 21:58:35,697 -  [BaseBLDC] left stroke amp is -0.28253959408680834
2023-07-05 21:58:35,700 -  [BaseBLDC] right target amplitude is 0.636605814501312
2023-07-05 21:58:35,700 -  [BaseBLDC] left target amplitude is -0.636605814501312
2023-07-05 21:58:35,808 -  [BaseBLDC] right stroke amp is 0.317945672809939
2023-07-05 21:58:35,808 -  [BaseBLDC] left stroke amp is -0.31794626865034775
2023-07-05 21:58:35,811 -  [BaseBLDC] right target amplitude is 0.667491079452894
2023-07-05 21:58:35,812 -  [BaseBLDC] left target amplitude is -0.667491079452894
2023-07-05 21:58:35,920 -  [BaseBLDC] right stroke amp is 0.35290016636589183
2023-07-05 21:58:35,920 -  [BaseBLDC] left stroke amp is -0.3529008087480288
2023-07-05 21:58:35,923 -  [BaseBLDC] right target amplitude is 0.697427863470851
2023-07-05 21:58:35,923 -  [BaseBLDC] left target amplitude is -0.697427863470851
2023-07-05 21:58:36,030 -  [BaseBLDC] right stroke amp is 0.3873528838679581
2023-07-05 21:58:36,030 -  [BaseBLDC] left stroke amp is -0.38735357962767036
2023-07-05 21:58:36,033 -  [BaseBLDC] right target amplitude is 0.726373627456076
2023-07-05 21:58:36,033 -  [BaseBLDC] left target amplitude is -0.726373627456076
2023-07-05 21:58:36,140 -  [BaseBLDC] right stroke amp is 0.42125490102880353
2023-07-05 21:58:36,140 -  [BaseBLDC] left stroke amp is -0.4212556560689736
2023-07-05 21:58:36,143 -  [BaseBLDC] right target amplitude is 0.754287240513408
2023-07-05 21:58:36,143 -  [BaseBLDC] left target amplitude is -0.754287240513408
2023-07-05 21:58:36,251 -  [BaseBLDC] right stroke amp is 0.4545580729189091
2023-07-05 21:58:36,252 -  [BaseBLDC] left stroke amp is -0.45455889226059476
2023-07-05 21:58:36,254 -  [BaseBLDC] right target amplitude is 0.781129038397177
2023-07-05 21:58:36,254 -  [BaseBLDC] left target amplitude is -0.781129038397177
2023-07-05 21:58:36,362 -  [BaseBLDC] right stroke amp is 0.487215125799333
2023-07-05 21:58:36,362 -  [BaseBLDC] left stroke amp is -0.4872159615802579
2023-07-05 21:58:36,365 -  [BaseBLDC] right target amplitude is 0.806860879872677
2023-07-05 21:58:36,365 -  [BaseBLDC] left target amplitude is -0.806860879872677
2023-07-05 21:58:36,473 -  [BaseBLDC] right stroke amp is 0.5191796545842454
2023-07-05 21:58:36,473 -  [BaseBLDC] left stroke amp is -0.5191805118159484
2023-07-05 21:58:36,476 -  [BaseBLDC] right target amplitude is 0.831446200913500
2023-07-05 21:58:36,476 -  [BaseBLDC] left target amplitude is -0.831446200913500
2023-07-05 21:58:36,584 -  [BaseBLDC] right stroke amp is 0.5504062597603221
2023-07-05 21:58:36,584 -  [BaseBLDC] left stroke amp is -0.5504071426805341
2023-07-05 21:58:36,587 -  [BaseBLDC] right target amplitude is 0.854850066657721
2023-07-05 21:58:36,587 -  [BaseBLDC] left target amplitude is -0.854850066657721
2023-07-05 21:58:36,696 -  [BaseBLDC] right stroke amp is 0.5808505882995801
2023-07-05 21:58:36,696 -  [BaseBLDC] left stroke amp is -0.580851500403902
2023-07-05 21:58:36,699 -  [BaseBLDC] right target amplitude is 0.877039221049086
2023-07-05 21:58:36,699 -  [BaseBLDC] left target amplitude is -0.877039221049086
2023-07-05 21:58:36,808 -  [BaseBLDC] right stroke amp is 0.6104693968836228
2023-07-05 21:58:36,808 -  [BaseBLDC] left stroke amp is -0.6104703409716098
2023-07-05 21:58:36,811 -  [BaseBLDC] right target amplitude is 0.897982134092689
2023-07-05 21:58:36,811 -  [BaseBLDC] left target amplitude is -0.897982134092689
2023-07-05 21:58:36,920 -  [BaseBLDC] right stroke amp is 0.6392206135363733
2023-07-05 21:58:36,920 -  [BaseBLDC] left stroke amp is -0.6392215917585677
2023-07-05 21:58:36,922 -  [BaseBLDC] right target amplitude is 0.917649046657974
2023-07-05 21:58:36,923 -  [BaseBLDC] left target amplitude is -0.917649046657974
2023-07-05 21:58:37,028 -  [BaseBLDC] right stroke amp is 0.6670633975720477
2023-07-05 21:58:37,028 -  [BaseBLDC] left stroke amp is -0.6670644114819237
2023-07-05 21:58:37,031 -  [BaseBLDC] right target amplitude is 0.936012012765399
2023-07-05 21:58:37,031 -  [BaseBLDC] left target amplitude is -0.936012012765399
2023-07-05 21:58:37,139 -  [BaseBLDC] right stroke amp is 0.6939581977745264
2023-07-05 21:58:37,139 -  [BaseBLDC] left stroke amp is -0.6939592483904609
2023-07-05 21:58:37,142 -  [BaseBLDC] right target amplitude is 0.953044939296682
2023-07-05 21:58:37,142 -  [BaseBLDC] left target amplitude is -0.953044939296682
2023-07-05 21:58:37,250 -  [BaseBLDC] right stroke amp is 0.7198668087265603
2023-07-05 21:58:37,250 -  [BaseBLDC] left stroke amp is -0.719867896610203
2023-07-05 21:58:37,253 -  [BaseBLDC] right target amplitude is 0.968723623072194
2023-07-05 21:58:37,253 -  [BaseBLDC] left target amplitude is -0.968723623072194
2023-07-05 21:58:37,362 -  [BaseBLDC] right stroke amp is 0.7447524478168437
2023-07-05 21:58:37,362 -  [BaseBLDC] left stroke amp is -0.7447535222667458
2023-07-05 21:58:37,365 -  [BaseBLDC] right target amplitude is 0.983025785242819
2023-07-05 21:58:37,365 -  [BaseBLDC] left target amplitude is -0.983025785242819
2023-07-05 21:58:37,473 -  [BaseBLDC] right stroke amp is 0.7685797381557735
2023-07-05 21:58:37,473 -  [BaseBLDC] left stroke amp is -0.7685808028948135
2023-07-05 21:58:37,476 -  [BaseBLDC] right target amplitude is 0.995931102947408
2023-07-05 21:58:37,476 -  [BaseBLDC] left target amplitude is -0.995931102947408
2023-07-05 21:58:37,583 -  [BaseBLDC] right stroke amp is 0.7913148301803611
2023-07-05 21:58:37,583 -  [BaseBLDC] left stroke amp is -0.7913158885408772
2023-07-05 21:58:37,586 -  [BaseBLDC] right target amplitude is 1.00742123819085
2023-07-05 21:58:37,587 -  [BaseBLDC] left target amplitude is -1.00742123819085
2023-07-05 21:58:37,694 -  [BaseBLDC] right stroke amp is 0.8129254254246738
2023-07-05 21:58:37,694 -  [BaseBLDC] left stroke amp is -0.812926480523052
2023-07-05 21:58:37,697 -  [BaseBLDC] right target amplitude is 1.01747986390169
2023-07-05 21:58:37,697 -  [BaseBLDC] left target amplitude is -1.01747986390169
2023-07-05 21:58:37,806 -  [BaseBLDC] right stroke amp is 0.8333808224791298
2023-07-05 21:58:37,806 -  [BaseBLDC] left stroke amp is -0.8333818774258291
2023-07-05 21:58:37,809 -  [BaseBLDC] right target amplitude is 1.02609268713235
2023-07-05 21:58:37,810 -  [BaseBLDC] left target amplitude is -1.02609268713235
2023-07-05 21:58:37,917 -  [BaseBLDC] right stroke amp is 0.8526519606806673
2023-07-05 21:58:37,917 -  [BaseBLDC] left stroke amp is -0.8526530188068552
2023-07-05 21:58:37,920 -  [BaseBLDC] right target amplitude is 1.03324746936888
2023-07-05 21:58:37,920 -  [BaseBLDC] left target amplitude is -1.03324746936888
2023-07-05 21:58:38,028 -  [BaseBLDC] right stroke amp is 0.8707114614733853
2023-07-05 21:58:38,028 -  [BaseBLDC] left stroke amp is -0.8707125265533041
2023-07-05 21:58:38,031 -  [BaseBLDC] right target amplitude is 1.03893404392148
2023-07-05 21:58:38,031 -  [BaseBLDC] left target amplitude is -1.03893404392148
2023-07-05 21:58:38,139 -  [BaseBLDC] right stroke amp is 0.8875336673895201
2023-07-05 21:58:38,140 -  [BaseBLDC] left stroke amp is -0.8875347438197818
2023-07-05 21:58:38,142 -  [BaseBLDC] right target amplitude is 1.04314433037094
2023-07-05 21:58:38,143 -  [BaseBLDC] left target amplitude is -1.04314433037094
2023-07-05 21:58:38,251 -  [BaseBLDC] right stroke amp is 0.9030946786058885
2023-07-05 21:58:38,252 -  [BaseBLDC] left stroke amp is -0.9030957714805161
2023-07-05 21:58:38,254 -  [BaseBLDC] right target amplitude is 1.04587234605073
2023-07-05 21:58:38,254 -  [BaseBLDC] left target amplitude is -1.04587234605073
2023-07-05 21:58:38,361 -  [BaseBLDC] right stroke amp is 0.9173723870334559
2023-07-05 21:58:38,362 -  [BaseBLDC] left stroke amp is -0.9173735020330033
2023-07-05 21:58:38,364 -  [BaseBLDC] right target amplitude is 1.04711421454805
2023-07-05 21:58:38,365 -  [BaseBLDC] left target amplitude is -1.04711421454805
2023-07-05 21:58:38,472 -  [BaseBLDC] right stroke amp is 0.930346588966632
2023-07-05 21:58:38,473 -  [BaseBLDC] left stroke amp is -0.9303475732845081
2023-07-05 21:58:38,476 -  [BaseBLDC] right target amplitude is 1.04686817121217
2023-07-05 21:58:38,477 -  [BaseBLDC] left target amplitude is -1.04686817121217
2023-07-05 21:58:38,583 -  [BaseBLDC] right stroke amp is 0.9419987632587424
2023-07-05 21:58:38,583 -  [BaseBLDC] left stroke amp is -0.9419996330772743
2023-07-05 21:58:38,586 -  [BaseBLDC] right target amplitude is 1.04513456566187
2023-07-05 21:58:38,586 -  [BaseBLDC] left target amplitude is -1.04513456566187
2023-07-05 21:58:38,694 -  [BaseBLDC] right stroke amp is 0.9523123597715789
2023-07-05 21:58:38,694 -  [BaseBLDC] left stroke amp is -0.9523131263357336
2023-07-05 21:58:38,697 -  [BaseBLDC] right target amplitude is 1.04191586128867
2023-07-05 21:58:38,697 -  [BaseBLDC] left target amplitude is -1.04191586128867
2023-07-05 21:58:38,805 -  [BaseBLDC] right stroke amp is 0.961272726377866
2023-07-05 21:58:38,805 -  [BaseBLDC] left stroke amp is -0.9612733998310271
2023-07-05 21:58:38,808 -  [BaseBLDC] right target amplitude is 1.03721663175644
2023-07-05 21:58:38,808 -  [BaseBLDC] left target amplitude is -1.03721663175644
2023-07-05 21:58:38,915 -  [BaseBLDC] right stroke amp is 0.9688671335285054
2023-07-05 21:58:38,915 -  [BaseBLDC] left stroke amp is -0.9688677230235688
2023-07-05 21:58:38,918 -  [BaseBLDC] right target amplitude is 1.03104355450239
2023-07-05 21:58:38,918 -  [BaseBLDC] left target amplitude is -1.03104355450239
2023-07-05 21:58:39,026 -  [BaseBLDC] right stroke amp is 0.975084792372787
2023-07-05 21:58:39,026 -  [BaseBLDC] left stroke amp is -0.9750853061714514
2023-07-05 21:58:39,029 -  [BaseBLDC] right target amplitude is 1.02340540124865
2023-07-05 21:58:39,029 -  [BaseBLDC] left target amplitude is -1.02340540124865
2023-07-05 21:58:39,138 -  [BaseBLDC] right stroke amp is 0.9799168701170806
2023-07-05 21:58:39,138 -  [BaseBLDC] left stroke amp is -0.9799173156791713
2023-07-05 21:58:39,141 -  [BaseBLDC] right target amplitude is 1.01431302553797
2023-07-05 21:58:39,141 -  [BaseBLDC] left target amplitude is -1.01431302553797
2023-07-05 21:58:39,248 -  [BaseBLDC] right stroke amp is 0.9833565026012284
2023-07-05 21:58:39,248 -  [BaseBLDC] left stroke amp is -0.9833568866650507
2023-07-05 21:58:39,251 -  [BaseBLDC] right target amplitude is 1.00377934731122
2023-07-05 21:58:39,251 -  [BaseBLDC] left target amplitude is -1.00377934731122
2023-07-05 21:58:39,358 -  [BaseBLDC] right stroke amp is 0.9853988040750471
2023-07-05 21:58:39,359 -  [BaseBLDC] left stroke amp is -0.9853991327296674
2023-07-05 21:58:39,361 -  [BaseBLDC] right target amplitude is 0.991819334548627
2023-07-05 21:58:39,362 -  [BaseBLDC] left target amplitude is -0.991819334548627
2023-07-05 21:58:39,470 -  [BaseBLDC] right stroke amp is 0.9860408741613023
2023-07-05 21:58:39,470 -  [BaseBLDC] left stroke amp is -0.9860411529115634
2023-07-05 21:58:39,473 -  [BaseBLDC] right target amplitude is 0.978449982000794
2023-07-05 21:58:39,473 -  [BaseBLDC] left target amplitude is -0.978449982000794
2023-07-05 21:58:39,580 -  [BaseBLDC] right stroke amp is 0.9852818019954882
2023-07-05 21:58:39,581 -  [BaseBLDC] left stroke amp is -0.9852820358204863
2023-07-05 21:58:39,583 -  [BaseBLDC] right target amplitude is 0.963690287039751
2023-07-05 21:58:39,583 -  [BaseBLDC] left target amplitude is -0.963690287039751
2023-07-05 21:58:39,692 -  [BaseBLDC] right stroke amp is 0.9831226675367356
2023-07-05 21:58:39,692 -  [BaseBLDC] left stroke amp is -0.9831228609424127
2023-07-05 21:58:39,695 -  [BaseBLDC] right target amplitude is 0.947561222664379
2023-07-05 21:58:39,696 -  [BaseBLDC] left target amplitude is -0.947561222664379
2023-07-05 21:58:39,802 -  [BaseBLDC] right stroke amp is 0.9795665400481695
2023-07-05 21:58:39,803 -  [BaseBLDC] left stroke amp is -0.9795666971146093
2023-07-05 21:58:39,805 -  [BaseBLDC] right target amplitude is 0.930085707698516
2023-07-05 21:58:39,805 -  [BaseBLDC] left target amplitude is -0.930085707698516
2023-07-05 21:58:39,914 -  [BaseBLDC] right stroke amp is 0.9746184737490422
2023-07-05 21:58:39,914 -  [BaseBLDC] left stroke amp is -0.9746185981729999
2023-07-05 21:58:39,917 -  [BaseBLDC] right target amplitude is 0.911288574224123
2023-07-05 21:58:39,917 -  [BaseBLDC] left target amplitude is -0.911288574224123
2023-07-05 21:58:40,025 -  [BaseBLDC] right stroke amp is 0.9682855006449701
2023-07-05 21:58:40,025 -  [BaseBLDC] left stroke amp is -0.9682855957781121
2023-07-05 21:58:40,028 -  [BaseBLDC] right target amplitude is 0.891196532295777
2023-07-05 21:58:40,028 -  [BaseBLDC] left target amplitude is -0.891196532295777
2023-07-05 21:58:40,136 -  [BaseBLDC] right stroke amp is 0.9605766205465955
2023-07-05 21:58:40,136 -  [BaseBLDC] left stroke amp is -0.9605766894298786
2023-07-05 21:58:40,139 -  [BaseBLDC] right target amplitude is 0.869838131986630
2023-07-05 21:58:40,139 -  [BaseBLDC] left target amplitude is -0.869838131986630
2023-07-05 21:58:40,247 -  [BaseBLDC] right stroke amp is 0.9515027882909792
2023-07-05 21:58:40,248 -  [BaseBLDC] left stroke amp is -0.9515028336855538
2023-07-05 21:58:40,250 -  [BaseBLDC] right target amplitude is 0.847243722819773
2023-07-05 21:58:40,251 -  [BaseBLDC] left target amplitude is -0.847243722819773
2023-07-05 21:58:40,358 -  [BaseBLDC] right stroke amp is 0.9410768981839893
2023-07-05 21:58:40,358 -  [BaseBLDC] left stroke amp is -0.9410769225989757
2023-07-05 21:58:40,361 -  [BaseBLDC] right target amplitude is 0.823445410642642
2023-07-05 21:58:40,361 -  [BaseBLDC] left target amplitude is -0.823445410642642
2023-07-05 21:58:40,470 -  [BaseBLDC] right stroke amp is 0.9293137656858924
2023-07-05 21:58:40,470 -  [BaseBLDC] left stroke amp is -0.9293137714033423
2023-07-05 21:58:40,473 -  [BaseBLDC] right target amplitude is 0.798477012005746
2023-07-05 21:58:40,473 -  [BaseBLDC] left target amplitude is -0.798477012005746
2023-07-05 21:58:40,582 -  [BaseBLDC] right stroke amp is 0.9162301063662587
2023-07-05 21:58:40,582 -  [BaseBLDC] left stroke amp is -0.9162300954635826
2023-07-05 21:58:40,585 -  [BaseBLDC] right target amplitude is 0.772374006110560
2023-07-05 21:58:40,585 -  [BaseBLDC] left target amplitude is -0.772374006110560
2023-07-05 21:58:40,694 -  [BaseBLDC] right stroke amp is 0.9018445121581653
2023-07-05 21:58:40,694 -  [BaseBLDC] left stroke amp is -0.9018444865282803
2023-07-05 21:58:40,697 -  [BaseBLDC] right target amplitude is 0.745173484394837
2023-07-05 21:58:40,697 -  [BaseBLDC] left target amplitude is -0.745173484394837
2023-07-05 21:58:40,805 -  [BaseBLDC] right stroke amp is 0.8861774249455113
2023-07-05 21:58:40,805 -  [BaseBLDC] left stroke amp is -0.886177386314936
2023-07-05 21:58:40,808 -  [BaseBLDC] right target amplitude is 0.716914097826999
2023-07-05 21:58:40,808 -  [BaseBLDC] left target amplitude is -0.716914097826999
2023-07-05 21:58:40,916 -  [BaseBLDC] right stroke amp is 0.8692511075210391
2023-07-05 21:58:40,916 -  [BaseBLDC] left stroke amp is -0.8692510574661424
2023-07-05 21:58:40,919 -  [BaseBLDC] right target amplitude is 0.687636001984488
2023-07-05 21:58:40,919 -  [BaseBLDC] left target amplitude is -0.687636001984488
2023-07-05 21:58:41,027 -  [BaseBLDC] right stroke amp is 0.8510896197234308
2023-07-05 21:58:41,027 -  [BaseBLDC] left stroke amp is -0.851089551917977
2023-07-05 21:58:41,030 -  [BaseBLDC] right target amplitude is 0.657380799994120
2023-07-05 21:58:41,030 -  [BaseBLDC] left target amplitude is -0.657380799994120
2023-07-05 21:58:41,138 -  [BaseBLDC] right stroke amp is 0.8317187600233323
2023-07-05 21:58:41,138 -  [BaseBLDC] left stroke amp is -0.8317186767255913
2023-07-05 21:58:41,141 -  [BaseBLDC] right target amplitude is 0.626191483415532
2023-07-05 21:58:41,141 -  [BaseBLDC] left target amplitude is -0.626191483415532
2023-07-05 21:58:41,250 -  [BaseBLDC] right stroke amp is 0.81116605411779
2023-07-05 21:58:41,250 -  [BaseBLDC] left stroke amp is -0.8111659573945853
2023-07-05 21:58:41,253 -  [BaseBLDC] right target amplitude is 0.594112371151705
2023-07-05 21:58:41,253 -  [BaseBLDC] left target amplitude is -0.594112371151705
2023-07-05 21:58:41,361 -  [BaseBLDC] right stroke amp is 0.7894607070276103
2023-07-05 21:58:41,361 -  [BaseBLDC] left stroke amp is -0.7894605987702973
2023-07-05 21:58:41,364 -  [BaseBLDC] right target amplitude is 0.561189046473391
2023-07-05 21:58:41,364 -  [BaseBLDC] left target amplitude is -0.561189046473391
2023-07-05 21:58:41,473 -  [BaseBLDC] right stroke amp is 0.7666335615994534
2023-07-05 21:58:41,473 -  [BaseBLDC] left stroke amp is -0.7666334435406066
2023-07-05 21:58:41,476 -  [BaseBLDC] right target amplitude is 0.527468292246907
2023-07-05 21:58:41,476 -  [BaseBLDC] left target amplitude is -0.527468292246907
2023-07-05 21:58:41,583 -  [BaseBLDC] right stroke amp is 0.7427170546828554
2023-07-05 21:58:41,584 -  [BaseBLDC] left stroke amp is -0.7427169284112367
2023-07-05 21:58:41,586 -  [BaseBLDC] right target amplitude is 0.492998024457366
2023-07-05 21:58:41,586 -  [BaseBLDC] left target amplitude is -0.492998024457366
2023-07-05 21:58:41,694 -  [BaseBLDC] right stroke amp is 0.7177451710418704
2023-07-05 21:58:41,694 -  [BaseBLDC] left stroke amp is -0.7177450380158495
2023-07-05 21:58:41,697 -  [BaseBLDC] right target amplitude is 0.457827224121761
2023-07-05 21:58:41,697 -  [BaseBLDC] left target amplitude is -0.457827224121761
2023-07-05 21:58:41,806 -  [BaseBLDC] right stroke amp is 0.6917533950668551
2023-07-05 21:58:41,806 -  [BaseBLDC] left stroke amp is -0.6917532566264407
2023-07-05 21:58:41,809 -  [BaseBLDC] right target amplitude is 0.422005867688710
2023-07-05 21:58:41,810 -  [BaseBLDC] left target amplitude is -0.422005867688710
2023-07-05 21:58:41,916 -  [BaseBLDC] right stroke amp is 0.664778660355048
2023-07-05 21:58:41,916 -  [BaseBLDC] left stroke amp is -0.6647785177326677
2023-07-05 21:58:41,919 -  [BaseBLDC] right target amplitude is 0.385584856023701
2023-07-05 21:58:41,919 -  [BaseBLDC] left target amplitude is -0.385584856023701
2023-07-05 21:58:42,026 -  [BaseBLDC] right stroke amp is 0.6368592972316134
2023-07-05 21:58:42,026 -  [BaseBLDC] left stroke amp is -0.6368591515617711
2023-07-05 21:58:42,029 -  [BaseBLDC] right target amplitude is 0.348615942080785
2023-07-05 21:58:42,029 -  [BaseBLDC] left target amplitude is -0.348615942080785
2023-07-05 21:58:42,138 -  [BaseBLDC] right stroke amp is 0.608034978285749
2023-07-05 21:58:42,138 -  [BaseBLDC] left stroke amp is -0.6080348306136725
2023-07-05 21:58:42,141 -  [BaseBLDC] right target amplitude is 0.311151657363490
2023-07-05 21:58:42,141 -  [BaseBLDC] left target amplitude is -0.311151657363490
2023-07-05 21:58:42,249 -  [BaseBLDC] right stroke amp is 0.5783466619992719
2023-07-05 21:58:42,250 -  [BaseBLDC] left stroke amp is -0.5783465132886542
2023-07-05 21:58:42,253 -  [BaseBLDC] right target amplitude is 0.273245237279431
2023-07-05 21:58:42,253 -  [BaseBLDC] left target amplitude is -0.273245237279431
2023-07-05 21:58:42,361 -  [BaseBLDC] right stroke amp is 0.5478365423372901
2023-07-05 21:58:42,361 -  [BaseBLDC] left stroke amp is -0.5478363856877319
2023-07-05 21:58:42,364 -  [BaseBLDC] right target amplitude is 0.234950545494710
2023-07-05 21:58:42,364 -  [BaseBLDC] left target amplitude is -0.234950545494710
2023-07-05 21:58:42,473 -  [BaseBLDC] right stroke amp is 0.5165479642434322
2023-07-05 21:58:42,473 -  [BaseBLDC] left stroke amp is -0.5165478016684296
2023-07-05 21:58:42,476 -  [BaseBLDC] right target amplitude is 0.196321997395576
2023-07-05 21:58:42,476 -  [BaseBLDC] left target amplitude is -0.196321997395576
2023-07-05 21:58:42,583 -  [BaseBLDC] right stroke amp is 0.4845253878965745
2023-07-05 21:58:42,583 -  [BaseBLDC] left stroke amp is -0.4845252212411442
2023-07-05 21:58:42,586 -  [BaseBLDC] right target amplitude is 0.157414482766113
2023-07-05 21:58:42,586 -  [BaseBLDC] left target amplitude is -0.157414482766113
2023-07-05 21:58:42,694 -  [BaseBLDC] right stroke amp is 0.4518143164418103
2023-07-05 21:58:42,694 -  [BaseBLDC] left stroke amp is -0.4518141473936411
2023-07-05 21:58:42,697 -  [BaseBLDC] right target amplitude is 0.118283287791830
2023-07-05 21:58:42,697 -  [BaseBLDC] left target amplitude is -0.118283287791830
2023-07-05 21:58:42,806 -  [BaseBLDC] right stroke amp is 0.418461231330328
2023-07-05 21:58:42,806 -  [BaseBLDC] left stroke amp is -0.41846106143345996
2023-07-05 21:58:42,809 -  [BaseBLDC] right target amplitude is 0.0789840164999711
2023-07-05 21:58:42,809 -  [BaseBLDC] left target amplitude is -0.0789840164999711
2023-07-05 21:58:42,916 -  [BaseBLDC] right stroke amp is 0.38451352627301005
2023-07-05 21:58:42,916 -  [BaseBLDC] left stroke amp is -0.3845133569401111
2023-07-05 21:58:42,919 -  [BaseBLDC] right target amplitude is 0.0395725117481936
2023-07-05 21:58:42,920 -  [BaseBLDC] left target amplitude is -0.0395725117481936
2023-07-05 21:58:43,026 -  [BaseBLDC] right stroke amp is 0.35001944772034865
2023-07-05 21:58:43,026 -  [BaseBLDC] left stroke amp is -0.3500192724209193
2023-07-05 21:58:43,029 -  [BaseBLDC] right target amplitude is 0.000104775873870152
2023-07-05 21:58:43,029 -  [BaseBLDC] left target amplitude is -0.000104775873870152
2023-07-05 21:58:43,137 -  [BaseBLDC] right stroke amp is 0.31502800136420417
2023-07-05 21:58:43,137 -  [BaseBLDC] left stroke amp is -0.3150278227662144
2023-07-05 21:58:43,140 -  [BaseBLDC] right target amplitude is -0.0393631088832182
2023-07-05 21:58:43,140 -  [BaseBLDC] left target amplitude is 0.0393631088832182
2023-07-05 21:58:43,247 -  [BaseBLDC] right stroke amp is 0.27958890906546613
2023-07-05 21:58:43,247 -  [BaseBLDC] left stroke amp is -0.2795887296012711
2023-07-05 21:58:43,250 -  [BaseBLDC] right target amplitude is -0.0787750600717359
2023-07-05 21:58:43,250 -  [BaseBLDC] left target amplitude is 0.0787750600717359
2023-07-05 21:58:43,357 -  [BaseBLDC] right stroke amp is 0.2437525287530658
2023-07-05 21:58:43,357 -  [BaseBLDC] left stroke amp is -0.2437523506339704
2023-07-05 21:58:43,360 -  [BaseBLDC] right target amplitude is -0.118075074719940
2023-07-05 21:58:43,361 -  [BaseBLDC] left target amplitude is 0.118075074719940
2023-07-05 21:58:43,469 -  [BaseBLDC] right stroke amp is 0.20756979036733975
2023-07-05 21:58:43,469 -  [BaseBLDC] left stroke amp is -0.20756960809857936
2023-07-05 21:58:43,472 -  [BaseBLDC] right target amplitude is -0.157207308913890
2023-07-05 21:58:43,472 -  [BaseBLDC] left target amplitude is 0.157207308913890
2023-07-05 21:58:43,580 -  [BaseBLDC] right stroke amp is 0.17109209912808848
2023-07-05 21:58:43,580 -  [BaseBLDC] left stroke amp is -0.17109191639733246
2023-07-05 21:58:43,583 -  [BaseBLDC] right target amplitude is -0.196116157149646
2023-07-05 21:58:43,583 -  [BaseBLDC] left target amplitude is 0.196116157149646
2023-07-05 21:58:43,692 -  [BaseBLDC] right stroke amp is 0.13437128888777838
2023-07-05 21:58:43,692 -  [BaseBLDC] left stroke amp is -0.13437110904263458
2023-07-05 21:58:43,695 -  [BaseBLDC] right target amplitude is -0.234746331346696
2023-07-05 21:58:43,695 -  [BaseBLDC] left target amplitude is 0.234746331346696
2023-07-05 21:58:43,804 -  [BaseBLDC] right stroke amp is 0.09745954520128117
2023-07-05 21:58:43,804 -  [BaseBLDC] left stroke amp is -0.09745936500370149
2023-07-05 21:58:43,807 -  [BaseBLDC] right target amplitude is -0.273042939410326
2023-07-05 21:58:43,807 -  [BaseBLDC] left target amplitude is 0.273042939410326
2023-07-05 21:58:43,915 -  [BaseBLDC] right stroke amp is 0.06040931693087209
2023-07-05 21:58:43,915 -  [BaseBLDC] left stroke amp is -0.060409134562298725
2023-07-05 21:58:43,918 -  [BaseBLDC] right target amplitude is -0.310951563231325
2023-07-05 21:58:43,918 -  [BaseBLDC] left target amplitude is 0.310951563231325
2023-07-05 21:58:44,026 -  [BaseBLDC] right stroke amp is 0.02327324791132531
2023-07-05 21:58:44,026 -  [BaseBLDC] left stroke amp is -0.023273064782936392
2023-07-05 21:58:44,030 -  [BaseBLDC] right target amplitude is -0.348418336012160
2023-07-05 21:58:44,030 -  [BaseBLDC] left target amplitude is 0.348418336012160
2023-07-05 21:58:44,138 -  [BaseBLDC] right stroke amp is -0.013895893643293529
2023-07-05 21:58:44,138 -  [BaseBLDC] left stroke amp is 0.013896075296573246
2023-07-05 21:58:44,141 -  [BaseBLDC] right target amplitude is -0.385390018809766
2023-07-05 21:58:44,141 -  [BaseBLDC] left target amplitude is 0.385390018809766
2023-07-05 21:58:44,250 -  [BaseBLDC] right stroke amp is -0.051045321624729974
2023-07-05 21:58:44,250 -  [BaseBLDC] left stroke amp is 0.05104546964789253
2023-07-05 21:58:44,253 -  [BaseBLDC] right target amplitude is -0.421814076186176
2023-07-05 21:58:44,253 -  [BaseBLDC] left target amplitude is 0.421814076186176
2023-07-05 21:58:44,361 -  [BaseBLDC] right stroke amp is -0.08812221328876912
2023-07-05 21:58:44,361 -  [BaseBLDC] left stroke amp is 0.08812233030172081
2023-07-05 21:58:44,364 -  [BaseBLDC] right target amplitude is -0.457638750859485
2023-07-05 21:58:44,364 -  [BaseBLDC] left target amplitude is 0.457638750859485
2023-07-05 21:58:44,472 -  [BaseBLDC] right stroke amp is -0.12507381975183868
2023-07-05 21:58:44,472 -  [BaseBLDC] left stroke amp is 0.12507403160169409
2023-07-05 21:58:44,475 -  [BaseBLDC] right target amplitude is -0.492813137249108
2023-07-05 21:58:44,476 -  [BaseBLDC] left target amplitude is 0.492813137249108
2023-07-05 21:58:44,583 -  [BaseBLDC] right stroke amp is -0.16184770802732545
2023-07-05 21:58:44,583 -  [BaseBLDC] left stroke amp is 0.1618479966258219
2023-07-05 21:58:44,586 -  [BaseBLDC] right target amplitude is -0.527287253810776
2023-07-05 21:58:44,586 -  [BaseBLDC] left target amplitude is 0.527287253810776
2023-07-05 21:58:44,695 -  [BaseBLDC] right stroke amp is -0.19839160646010634
2023-07-05 21:58:44,695 -  [BaseBLDC] left stroke amp is 0.19839199267739815
2023-07-05 21:58:44,698 -  [BaseBLDC] right target amplitude is -0.561012114058525
2023-07-05 21:58:44,698 -  [BaseBLDC] left target amplitude is 0.561012114058525
2023-07-05 21:58:44,806 -  [BaseBLDC] right stroke amp is -0.23465361223579428
2023-07-05 21:58:44,806 -  [BaseBLDC] left stroke amp is 0.23465406116745993
2023-07-05 21:58:44,809 -  [BaseBLDC] right target amplitude is -0.593939796172735
2023-07-05 21:58:44,809 -  [BaseBLDC] left target amplitude is 0.593939796172735
2023-07-05 21:58:44,918 -  [BaseBLDC] right stroke amp is -0.2705821774837178
2023-07-05 21:58:44,919 -  [BaseBLDC] left stroke amp is 0.2705827012449938
2023-07-05 21:58:44,921 -  [BaseBLDC] right target amplitude is -0.626023511095329
2023-07-05 21:58:44,922 -  [BaseBLDC] left target amplitude is 0.626023511095329
2023-07-05 21:58:45,029 -  [BaseBLDC] right stroke amp is -0.306126249612344
2023-07-05 21:58:45,029 -  [BaseBLDC] left stroke amp is 0.3061268589386385
2023-07-05 21:58:45,032 -  [BaseBLDC] right target amplitude is -0.657217669015340
2023-07-05 21:58:45,032 -  [BaseBLDC] left target amplitude is 0.657217669015340
2023-07-05 21:58:45,140 -  [BaseBLDC] right stroke amp is -0.3412353462740825
2023-07-05 21:58:45,140 -  [BaseBLDC] left stroke amp is 0.3412359966694323
2023-07-05 21:58:45,143 -  [BaseBLDC] right target amplitude is -0.687477944150416
2023-07-05 21:58:45,144 -  [BaseBLDC] left target amplitude is 0.687477944150416
