2023-07-05 21:57:54,537 -  [BaseWing] the length is 0.10559576566307186
2023-07-05 21:57:54,537 -  [BaseWing] the chord of root is 0.013679980005579979
2023-07-05 21:57:54,537 -  [BaseWing] the chord of tip is 0.009028786803682786
2023-07-05 21:57:54,538 -  [BaseWing] the length is 0.10559576566307186
2023-07-05 21:57:54,538 -  [BaseWing] the chord of root is 0.013679980005579979
2023-07-05 21:57:54,538 -  [BaseWing] the chord of tip is 0.009028786803682786
2023-07-05 21:57:54,730 -  [BaseBLDC] right target amplitude is 0
2023-07-05 21:57:54,733 -  [BaseBLDC] left target amplitude is 0
2023-07-05 21:57:54,844 -  [BaseBLDC] right stroke amp is -3.3038868168966635e-08
2023-07-05 21:57:54,845 -  [BaseBLDC] left stroke amp is -3.918072513695483e-08
2023-07-05 21:57:54,850 -  [BaseBLDC] right target amplitude is 0.0394678105132561
2023-07-05 21:57:54,850 -  [BaseBLDC] left target amplitude is -0.0394678105132561
2023-07-05 21:57:54,956 -  [BaseBLDC] right stroke amp is 0.00394679480438067
2023-07-05 21:57:54,957 -  [BaseBLDC] left stroke amp is -0.003946761934294676
2023-07-05 21:57:54,960 -  [BaseBLDC] right target amplitude is 0.0788795386806738
2023-07-05 21:57:54,960 -  [BaseBLDC] left target amplitude is -0.0788795386806738
2023-07-05 21:57:55,068 -  [BaseBLDC] right stroke amp is 0.011440129269066367
2023-07-05 21:57:55,068 -  [BaseBLDC] left stroke amp is -0.011439964485150868
2023-07-05 21:57:55,071 -  [BaseBLDC] right target amplitude is 0.118179181847414
2023-07-05 21:57:55,071 -  [BaseBLDC] left target amplitude is -0.118179181847414
2023-07-05 21:57:55,177 -  [BaseBLDC] right stroke amp is 0.022114088550308733
2023-07-05 21:57:55,177 -  [BaseBLDC] left stroke amp is -0.022113818665220122
2023-07-05 21:57:55,180 -  [BaseBLDC] right target amplitude is 0.157310896627400
2023-07-05 21:57:55,181 -  [BaseBLDC] left target amplitude is -0.157310896627400
2023-07-05 21:57:55,289 -  [BaseBLDC] right stroke amp is 0.03563381809774192
2023-07-05 21:57:55,289 -  [BaseBLDC] left stroke amp is -0.03563346550643935
2023-07-05 21:57:55,292 -  [BaseBLDC] right target amplitude is 0.196219078254759
2023-07-05 21:57:55,292 -  [BaseBLDC] left target amplitude is -0.196219078254759
2023-07-05 21:57:55,398 -  [BaseBLDC] right stroke amp is 0.05169238837942078
2023-07-05 21:57:55,398 -  [BaseBLDC] left stroke amp is -0.05169197140967788
2023-07-05 21:57:55,401 -  [BaseBLDC] right target amplitude is 0.234848439596204
2023-07-05 21:57:55,401 -  [BaseBLDC] left target amplitude is -0.234848439596204
2023-07-05 21:57:55,509 -  [BaseBLDC] right stroke amp is 0.07000805570495897
2023-07-05 21:57:55,509 -  [BaseBLDC] left stroke amp is -0.07000754039148785
2023-07-05 21:57:55,512 -  [BaseBLDC] right target amplitude is 0.273144089712063
2023-07-05 21:57:55,512 -  [BaseBLDC] left target amplitude is -0.273144089712063
2023-07-05 21:57:55,620 -  [BaseBLDC] right stroke amp is 0.09032171652555082
2023-07-05 21:57:55,620 -  [BaseBLDC] left stroke amp is -0.09032112343807173
2023-07-05 21:57:55,623 -  [BaseBLDC] right target amplitude is 0.311051611854332
2023-07-05 21:57:55,623 -  [BaseBLDC] left target amplitude is -0.311051611854332
2023-07-05 21:57:55,730 -  [BaseBLDC] right stroke amp is 0.11239468993835477
2023-07-05 21:57:55,730 -  [BaseBLDC] left stroke amp is -0.1123941722796978
2023-07-05 21:57:55,733 -  [BaseBLDC] right target amplitude is 0.348517140790926
2023-07-05 21:57:55,733 -  [BaseBLDC] left target amplitude is -0.348517140790926
2023-07-05 21:57:55,841 -  [BaseBLDC] right stroke amp is 0.13600691674423823
2023-07-05 21:57:55,842 -  [BaseBLDC] left stroke amp is -0.13600646913082065
2023-07-05 21:57:55,844 -  [BaseBLDC] right target amplitude is 0.385487439346237
2023-07-05 21:57:55,845 -  [BaseBLDC] left target amplitude is -0.385487439346237
2023-07-05 21:57:55,952 -  [BaseBLDC] right stroke amp is 0.1609549531398949
2023-07-05 21:57:55,952 -  [BaseBLDC] left stroke amp is -0.1609545661523623
2023-07-05 21:57:55,955 -  [BaseBLDC] right target amplitude is 0.421909974049254
2023-07-05 21:57:55,955 -  [BaseBLDC] left target amplitude is -0.421909974049254
2023-07-05 21:57:56,064 -  [BaseBLDC] right stroke amp is 0.18705043452564793
2023-07-05 21:57:56,064 -  [BaseBLDC] left stroke amp is -0.18705010694205151
2023-07-05 21:57:56,067 -  [BaseBLDC] right target amplitude is 0.457732989781741
2023-07-05 21:57:56,067 -  [BaseBLDC] left target amplitude is -0.457732989781741
2023-07-05 21:57:56,175 -  [BaseBLDC] right stroke amp is 0.2141186724936996
2023-07-05 21:57:56,175 -  [BaseBLDC] left stroke amp is -0.21411839522602052
2023-07-05 21:57:56,178 -  [BaseBLDC] right target amplitude is 0.492905583320407
2023-07-05 21:57:56,178 -  [BaseBLDC] left target amplitude is -0.492905583320407
2023-07-05 21:57:56,287 -  [BaseBLDC] right stroke amp is 0.2419973413484563
2023-07-05 21:57:56,287 -  [BaseBLDC] left stroke amp is -0.24199711403545912
2023-07-05 21:57:56,290 -  [BaseBLDC] right target amplitude is 0.527377775668558
2023-07-05 21:57:56,290 -  [BaseBLDC] left target amplitude is -0.527377775668558
2023-07-05 21:57:56,399 -  [BaseBLDC] right stroke amp is 0.2705353666875904
2023-07-05 21:57:56,399 -  [BaseBLDC] left stroke amp is -0.270535180198769
2023-07-05 21:57:56,402 -  [BaseBLDC] right target amplitude is 0.561100583074469
2023-07-05 21:57:56,402 -  [BaseBLDC] left target amplitude is -0.561100583074469
2023-07-05 21:57:56,510 -  [BaseBLDC] right stroke amp is 0.2995918667036941
2023-07-05 21:57:56,511 -  [BaseBLDC] left stroke amp is -0.299591720486339
2023-07-05 21:57:56,513 -  [BaseBLDC] right target amplitude is 0.594026086635535
2023-07-05 21:57:56,514 -  [BaseBLDC] left target amplitude is -0.594026086635535
2023-07-05 21:57:56,621 -  [BaseBLDC] right stroke amp is 0.3290352725485784
2023-07-05 21:57:56,621 -  [BaseBLDC] left stroke amp is -0.32903515710125864
2023-07-05 21:57:56,624 -  [BaseBLDC] right target amplitude is 0.626107500389324
2023-07-05 21:57:56,624 -  [BaseBLDC] left target amplitude is -0.626107500389324
2023-07-05 21:57:56,730 -  [BaseBLDC] right stroke amp is 0.35874247859392
2023-07-05 21:57:56,730 -  [BaseBLDC] left stroke amp is -0.35874239143006514
2023-07-05 21:57:56,733 -  [BaseBLDC] right target amplitude is 0.657299237794749
2023-07-05 21:57:56,733 -  [BaseBLDC] left target amplitude is -0.657299237794749
2023-07-05 21:57:56,840 -  [BaseBLDC] right stroke amp is 0.388598132735289
2023-07-05 21:57:56,840 -  [BaseBLDC] left stroke amp is -0.38859807606653357
2023-07-05 21:57:56,843 -  [BaseBLDC] right target amplitude is 0.687556976508922
2023-07-05 21:57:56,843 -  [BaseBLDC] left target amplitude is -0.687556976508922
2023-07-05 21:57:56,951 -  [BaseBLDC] right stroke amp is 0.41849399621064604
2023-07-05 21:57:56,952 -  [BaseBLDC] left stroke amp is -0.41849396611077244
2023-07-05 21:57:56,954 -  [BaseBLDC] right target amplitude is 0.716837721367612
2023-07-05 21:57:56,954 -  [BaseBLDC] left target amplitude is -0.716837721367612
2023-07-05 21:57:57,062 -  [BaseBLDC] right stroke amp is 0.44832838932851926
2023-07-05 21:57:57,062 -  [BaseBLDC] left stroke amp is -0.4483283416364564
2023-07-05 21:57:57,065 -  [BaseBLDC] right target amplitude is 0.745099865479846
2023-07-05 21:57:57,065 -  [BaseBLDC] left target amplitude is -0.745099865479846
2023-07-05 21:57:57,173 -  [BaseBLDC] right stroke amp is 0.478005478210691
2023-07-05 21:57:57,173 -  [BaseBLDC] left stroke amp is -0.47800556761251345
2023-07-05 21:57:57,213 -  [BaseBLDC] right target amplitude is 0.772303249349808
2023-07-05 21:57:57,213 -  [BaseBLDC] left target amplitude is -0.772303249349808
2023-07-05 21:57:57,316 -  [BaseBLDC] right stroke amp is 0.5074351949510265
2023-07-05 21:57:57,316 -  [BaseBLDC] left stroke amp is -0.5074354114362772
2023-07-05 21:57:57,319 -  [BaseBLDC] right target amplitude is 0.798409217942060
2023-07-05 21:57:57,319 -  [BaseBLDC] left target amplitude is -0.798409217942060
2023-07-05 21:57:57,427 -  [BaseBLDC] right stroke amp is 0.5365325441950931
2023-07-05 21:57:57,428 -  [BaseBLDC] left stroke amp is -0.5365328585686342
2023-07-05 21:57:57,430 -  [BaseBLDC] right target amplitude is 0.823380675608962
2023-07-05 21:57:57,431 -  [BaseBLDC] left target amplitude is -0.823380675608962
2023-07-05 21:57:57,539 -  [BaseBLDC] right stroke amp is 0.56521731426713
2023-07-05 21:57:57,539 -  [BaseBLDC] left stroke amp is -0.5652176942430861
2023-07-05 21:57:57,542 -  [BaseBLDC] right target amplitude is 0.847182138802268
2023-07-05 21:57:57,542 -  [BaseBLDC] left target amplitude is -0.847182138802268
2023-07-05 21:57:57,651 -  [BaseBLDC] right stroke amp is 0.593413745787343
2023-07-05 21:57:57,651 -  [BaseBLDC] left stroke amp is -0.5934142025249951
2023-07-05 21:57:57,654 -  [BaseBLDC] right target amplitude is 0.869779786493985
2023-07-05 21:57:57,654 -  [BaseBLDC] left target amplitude is -0.869779786493985
2023-07-05 21:57:57,762 -  [BaseBLDC] right stroke amp is 0.6210502915263341
2023-07-05 21:57:57,762 -  [BaseBLDC] left stroke amp is -0.6210508340197148
2023-07-05 21:57:57,765 -  [BaseBLDC] right target amplitude is 0.891141508234850
2023-07-05 21:57:57,765 -  [BaseBLDC] left target amplitude is -0.891141508234850
2023-07-05 21:57:57,874 -  [BaseBLDC] right stroke amp is 0.6480593705004021
2023-07-05 21:57:57,875 -  [BaseBLDC] left stroke amp is -0.6480599549462578
2023-07-05 21:57:57,877 -  [BaseBLDC] right target amplitude is 0.911236949782139
2023-07-05 21:57:57,878 -  [BaseBLDC] left target amplitude is -0.911236949782139
2023-07-05 21:57:57,986 -  [BaseBLDC] right stroke amp is 0.6743770815096531
2023-07-05 21:57:57,986 -  [BaseBLDC] left stroke amp is -0.674377713224979
2023-07-05 21:57:57,989 -  [BaseBLDC] right target amplitude is 0.930037556231960
2023-07-05 21:57:57,989 -  [BaseBLDC] left target amplitude is -0.930037556231960
2023-07-05 21:57:58,097 -  [BaseBLDC] right stroke amp is 0.6999430781375315
2023-07-05 21:57:58,098 -  [BaseBLDC] left stroke amp is -0.699943761238041
2023-07-05 21:57:58,100 -  [BaseBLDC] right target amplitude is 0.947516612594763
2023-07-05 21:57:58,101 -  [BaseBLDC] left target amplitude is -0.947516612594763
2023-07-05 21:57:58,206 -  [BaseBLDC] right stroke amp is 0.7247003771176389
2023-07-05 21:57:58,206 -  [BaseBLDC] left stroke amp is -0.724701114620812
2023-07-05 21:57:58,209 -  [BaseBLDC] right target amplitude is 0.963649281756389
2023-07-05 21:57:58,209 -  [BaseBLDC] left target amplitude is -0.963649281756389
2023-07-05 21:57:58,316 -  [BaseBLDC] right stroke amp is 0.7485952098007411
2023-07-05 21:57:58,316 -  [BaseBLDC] left stroke amp is -0.7485960037310245
2023-07-05 21:57:58,319 -  [BaseBLDC] right target amplitude is 0.978412639770728
2023-07-05 21:57:58,319 -  [BaseBLDC] left target amplitude is -0.978412639770728
2023-07-05 21:57:58,425 -  [BaseBLDC] right stroke amp is 0.7715768920093
2023-07-05 21:57:58,425 -  [BaseBLDC] left stroke amp is -0.7715777434940922
2023-07-05 21:57:58,428 -  [BaseBLDC] right target amplitude is 0.991785708433832
2023-07-05 21:57:58,428 -  [BaseBLDC] left target amplitude is -0.991785708433832
2023-07-05 21:57:58,535 -  [BaseBLDC] right stroke amp is 0.7935977321769142
2023-07-05 21:57:58,535 -  [BaseBLDC] left stroke amp is -0.7935985919449798
2023-07-05 21:57:58,538 -  [BaseBLDC] right target amplitude is 1.00374948509320
2023-07-05 21:57:58,538 -  [BaseBLDC] left target amplitude is -1.00374948509320
2023-07-05 21:57:58,645 -  [BaseBLDC] right stroke amp is 0.8146128644480544
2023-07-05 21:57:58,645 -  [BaseBLDC] left stroke amp is -0.8146137351468529
2023-07-05 21:57:58,648 -  [BaseBLDC] right target amplitude is 1.01428696964987
2023-07-05 21:57:58,648 -  [BaseBLDC] left target amplitude is -1.01428696964987
2023-07-05 21:57:58,757 -  [BaseBLDC] right stroke amp is 0.8345802305883876
2023-07-05 21:57:58,757 -  [BaseBLDC] left stroke amp is -0.8345811141797734
2023-07-05 21:57:58,760 -  [BaseBLDC] right target amplitude is 1.02338318871496
2023-07-05 21:57:58,760 -  [BaseBLDC] left target amplitude is -1.02338318871496
2023-07-05 21:57:58,869 -  [BaseBLDC] right stroke amp is 0.8534604808341465
2023-07-05 21:57:58,869 -  [BaseBLDC] left stroke amp is -0.853461378694697
2023-07-05 21:57:58,872 -  [BaseBLDC] right target amplitude is 1.03102521688633
2023-07-05 21:57:58,872 -  [BaseBLDC] left target amplitude is -1.03102521688633
2023-07-05 21:57:58,980 -  [BaseBLDC] right stroke amp is 0.8712169078274047
2023-07-05 21:57:58,980 -  [BaseBLDC] left stroke amp is -0.871217820875724
2023-07-05 21:57:58,983 -  [BaseBLDC] right target amplitude is 1.03720219511510
2023-07-05 21:57:58,983 -  [BaseBLDC] left target amplitude is -1.03720219511510
2023-07-05 21:57:59,091 -  [BaseBLDC] right stroke amp is 0.88781538899473
2023-07-05 21:57:59,091 -  [BaseBLDC] left stroke amp is -0.8878163178425064
2023-07-05 21:57:59,094 -  [BaseBLDC] right target amplitude is 1.04190534613600
2023-07-05 21:57:59,094 -  [BaseBLDC] left target amplitude is -1.04190534613600
2023-07-05 21:57:59,203 -  [BaseBLDC] right stroke amp is 0.9032243362274108
2023-07-05 21:57:59,203 -  [BaseBLDC] left stroke amp is -0.9032252813599799
2023-07-05 21:57:59,206 -  [BaseBLDC] right target amplitude is 1.04512798693952
2023-07-05 21:57:59,206 -  [BaseBLDC] left target amplitude is -1.04512798693952
2023-07-05 21:57:59,315 -  [BaseBLDC] right stroke amp is 0.9174146518386643
2023-07-05 21:57:59,315 -  [BaseBLDC] left stroke amp is -0.9174156138271372
2023-07-05 21:57:59,318 -  [BaseBLDC] right target amplitude is 1.04686553826828
2023-07-05 21:57:59,318 -  [BaseBLDC] left target amplitude is -1.04686553826828
2023-07-05 21:57:59,426 -  [BaseBLDC] right stroke amp is 0.9303596898756157
2023-07-05 21:57:59,426 -  [BaseBLDC] left stroke amp is -0.9303606696154789
2023-07-05 21:57:59,429 -  [BaseBLDC] right target amplitude is 1.04711553112394
2023-07-05 21:57:59,429 -  [BaseBLDC] left target amplitude is -1.04711553112394
2023-07-05 21:57:59,537 -  [BaseBLDC] right stroke amp is 0.9420352219571241
2023-07-05 21:57:59,537 -  [BaseBLDC] left stroke amp is -0.9420362209163351
2023-07-05 21:57:59,540 -  [BaseBLDC] right target amplitude is 1.04587761027559
2023-07-05 21:57:59,540 -  [BaseBLDC] left target amplitude is -1.04587761027559
2023-07-05 21:57:59,649 -  [BaseBLDC] right stroke amp is 0.9524194068936296
2023-07-05 21:57:59,649 -  [BaseBLDC] left stroke amp is -0.9524204273354396
2023-07-05 21:57:59,652 -  [BaseBLDC] right target amplitude is 1.04315353476450
2023-07-05 21:57:59,652 -  [BaseBLDC] left target amplitude is -1.04315353476450
2023-07-05 21:57:59,759 -  [BaseBLDC] right stroke amp is 0.9614927634224797
2023-07-05 21:57:59,759 -  [BaseBLDC] left stroke amp is -0.9614938085444498
2023-07-05 21:57:59,762 -  [BaseBLDC] right target amplitude is 1.03894717540461
2023-07-05 21:57:59,762 -  [BaseBLDC] left target amplitude is -1.03894717540461
2023-07-05 21:57:59,870 -  [BaseBLDC] right stroke amp is 0.969238145460712
2023-07-05 21:57:59,870 -  [BaseBLDC] left stroke amp is -0.969239219365482
2023-07-05 21:57:59,873 -  [BaseBLDC] right target amplitude is 1.03326450928223
2023-07-05 21:57:59,873 -  [BaseBLDC] left target amplitude is -1.03326450928223
2023-07-05 21:57:59,982 -  [BaseBLDC] right stroke amp is 0.9756407193336203
2023-07-05 21:57:59,982 -  [BaseBLDC] left stroke amp is -0.9756418267321111
2023-07-05 21:57:59,985 -  [BaseBLDC] right target amplitude is 1.02611361126279
2023-07-05 21:57:59,985 -  [BaseBLDC] left target amplitude is -1.02611361126279
2023-07-05 21:58:00,093 -  [BaseBLDC] right stroke amp is 0.9806880282987309
2023-07-05 21:58:00,093 -  [BaseBLDC] left stroke amp is -0.9806890051851794
2023-07-05 21:58:00,096 -  [BaseBLDC] right target amplitude is 1.01750464251679
2023-07-05 21:58:00,097 -  [BaseBLDC] left target amplitude is -1.01750464251679
2023-07-05 21:58:00,204 -  [BaseBLDC] right stroke amp is 0.9843697062555016
2023-07-05 21:58:00,204 -  [BaseBLDC] left stroke amp is -0.9843705689183408
2023-07-05 21:58:00,207 -  [BaseBLDC] right target amplitude is 1.00744983608109
2023-07-05 21:58:00,207 -  [BaseBLDC] left target amplitude is -1.00744983608109
2023-07-05 21:58:00,316 -  [BaseBLDC] right stroke amp is 0.9866777358707978
2023-07-05 21:58:00,316 -  [BaseBLDC] left stroke amp is -0.9866784956346157
2023-07-05 21:58:00,319 -  [BaseBLDC] right target amplitude is 0.995963479476208
2023-07-05 21:58:00,319 -  [BaseBLDC] left target amplitude is -0.995963479476208
2023-07-05 21:58:00,428 -  [BaseBLDC] right stroke amp is 0.9876063269350082
2023-07-05 21:58:00,428 -  [BaseBLDC] left stroke amp is -0.9876069940187749
2023-07-05 21:58:00,431 -  [BaseBLDC] right target amplitude is 0.983061894404285
2023-07-05 21:58:00,431 -  [BaseBLDC] left target amplitude is -0.983061894404285
2023-07-05 21:58:00,540 -  [BaseBLDC] right stroke amp is 0.9871519004292655
2023-07-05 21:58:00,540 -  [BaseBLDC] left stroke amp is -0.9871524840573259
2023-07-05 21:58:00,544 -  [BaseBLDC] right target amplitude is 0.968763413556498
2023-07-05 21:58:00,544 -  [BaseBLDC] left target amplitude is -0.968763413556498
2023-07-05 21:58:00,649 -  [BaseBLDC] right stroke amp is 0.9853130685059417
2023-07-05 21:58:00,649 -  [BaseBLDC] left stroke amp is -0.9853135770072431
2023-07-05 21:58:00,652 -  [BaseBLDC] right target amplitude is 0.953088354562969
2023-07-05 21:58:00,652 -  [BaseBLDC] left target amplitude is -0.953088354562969
2023-07-05 21:58:00,761 -  [BaseBLDC] right stroke amp is 0.9820906138654291
2023-07-05 21:58:00,761 -  [BaseBLDC] left stroke amp is -0.9820910547628157
2023-07-05 21:58:00,764 -  [BaseBLDC] right target amplitude is 0.936058991122128
2023-07-05 21:58:00,764 -  [BaseBLDC] left target amplitude is -0.936058991122128
2023-07-05 21:58:00,872 -  [BaseBLDC] right stroke amp is 0.9774874683081821
2023-07-05 21:58:00,872 -  [BaseBLDC] left stroke amp is -0.9774878483987469
2023-07-05 21:58:00,875 -  [BaseBLDC] right target amplitude is 0.917699521350579
2023-07-05 21:58:00,875 -  [BaseBLDC] left target amplitude is -0.917699521350579
2023-07-05 21:58:00,984 -  [BaseBLDC] right stroke amp is 0.9715086902665446
2023-07-05 21:58:00,985 -  [BaseBLDC] left stroke amp is -0.9715090156939301
2023-07-05 21:58:00,987 -  [BaseBLDC] right target amplitude is 0.898036033398437
2023-07-05 21:58:00,988 -  [BaseBLDC] left target amplitude is -0.898036033398437
2023-07-05 21:58:01,094 -  [BaseBLDC] right stroke amp is 0.9641614411449295
2023-07-05 21:58:01,094 -  [BaseBLDC] left stroke amp is -0.9641617174643807
2023-07-05 21:58:01,097 -  [BaseBLDC] right target amplitude is 0.877096468378990
2023-07-05 21:58:01,097 -  [BaseBLDC] left target amplitude is -0.877096468378990
2023-07-05 21:58:01,205 -  [BaseBLDC] right stroke amp is 0.9554549603189489
2023-07-05 21:58:01,206 -  [BaseBLDC] left stroke amp is -0.9554551925558417
2023-07-05 21:58:01,208 -  [BaseBLDC] right target amplitude is 0.854910580665373
2023-07-05 21:58:01,209 -  [BaseBLDC] left target amplitude is -0.854910580665373
2023-07-05 21:58:01,317 -  [BaseBLDC] right stroke amp is 0.9454005386643003
2023-07-05 21:58:01,317 -  [BaseBLDC] left stroke amp is -0.9454007313667948
2023-07-05 21:58:01,320 -  [BaseBLDC] right target amplitude is 0.831509895610660
2023-07-05 21:58:01,320 -  [BaseBLDC] left target amplitude is -0.831509895610660
2023-07-05 21:58:01,428 -  [BaseBLDC] right stroke amp is 0.934011490504775
2023-07-05 21:58:01,428 -  [BaseBLDC] left stroke amp is -0.9340116477911813
2023-07-05 21:58:01,431 -  [BaseBLDC] right target amplitude is 0.806927664751456
2023-07-05 21:58:01,431 -  [BaseBLDC] left target amplitude is -0.806927664751456
2023-07-05 21:58:01,538 -  [BaseBLDC] right stroke amp is 0.921303123885827
2023-07-05 21:58:01,538 -  [BaseBLDC] left stroke amp is -0.9213032494872088
2023-07-05 21:58:01,541 -  [BaseBLDC] right target amplitude is 0.781198818558652
2023-07-05 21:58:01,542 -  [BaseBLDC] left target amplitude is -0.781198818558652
2023-07-05 21:58:01,649 -  [BaseBLDC] right stroke amp is 0.9072927090958602
2023-07-05 21:58:01,649 -  [BaseBLDC] left stroke amp is -0.9072928063943532
2023-07-05 21:58:01,652 -  [BaseBLDC] right target amplitude is 0.754359916802466
2023-07-05 21:58:01,652 -  [BaseBLDC] left target amplitude is -0.754359916802466
2023-07-05 21:58:01,761 -  [BaseBLDC] right stroke amp is 0.891999445371894
2023-07-05 21:58:01,761 -  [BaseBLDC] left stroke amp is -0.8919995174351645
2023-07-05 21:58:01,764 -  [BaseBLDC] right target amplitude is 0.726449096602309
2023-07-05 21:58:01,764 -  [BaseBLDC] left target amplitude is -0.726449096602309
2023-07-05 21:58:01,873 -  [BaseBLDC] right stroke amp is 0.8754444257396483
2023-07-05 21:58:01,873 -  [BaseBLDC] left stroke amp is -0.875444475351879
2023-07-05 21:58:01,877 -  [BaseBLDC] right target amplitude is 0.697506018235303
2023-07-05 21:58:01,877 -  [BaseBLDC] left target amplitude is -0.697506018235303
2023-07-05 21:58:01,984 -  [BaseBLDC] right stroke amp is 0.857650607711417
2023-07-05 21:58:01,984 -  [BaseBLDC] left stroke amp is -0.8576506296402213
2023-07-05 21:58:01,987 -  [BaseBLDC] right target amplitude is 0.667571808780440
2023-07-05 21:58:01,987 -  [BaseBLDC] left target amplitude is -0.667571808780440
2023-07-05 21:58:02,096 -  [BaseBLDC] right stroke amp is 0.8386427500787563
2023-07-05 21:58:02,096 -  [BaseBLDC] left stroke amp is -0.8386427475542432
2023-07-05 21:58:02,099 -  [BaseBLDC] right target amplitude is 0.636689003678465
2023-07-05 21:58:02,099 -  [BaseBLDC] left target amplitude is -0.636689003678465
2023-07-05 21:58:02,207 -  [BaseBLDC] right stroke amp is 0.8184473972020895
2023-07-05 21:58:02,208 -  [BaseBLDC] left stroke amp is -0.8184473731666654
2023-07-05 21:58:02,210 -  [BaseBLDC] right target amplitude is 0.604901486290540
2023-07-05 21:58:02,211 -  [BaseBLDC] left target amplitude is -0.604901486290540
2023-07-05 21:58:02,318 -  [BaseBLDC] right stroke amp is 0.7970928273451228
2023-07-05 21:58:02,318 -  [BaseBLDC] left stroke amp is -0.7970927844790529
2023-07-05 21:58:02,321 -  [BaseBLDC] right target amplitude is 0.572254425541553
2023-07-05 21:58:02,321 -  [BaseBLDC] left target amplitude is -0.572254425541553
2023-07-05 21:58:02,429 -  [BaseBLDC] right stroke amp is 0.7746090078385948
2023-07-05 21:58:02,429 -  [BaseBLDC] left stroke amp is -0.7746089485853028
2023-07-05 21:58:02,432 -  [BaseBLDC] right target amplitude is 0.538794211736684
2023-07-05 21:58:02,432 -  [BaseBLDC] left target amplitude is -0.538794211736684
