2023-07-05 21:36:45,383 -  [BaseWing] the length is 0.10559576566307186
2023-07-05 21:36:45,384 -  [BaseWing] the chord of root is 0.013679980005579979
2023-07-05 21:36:45,384 -  [BaseWing] the chord of tip is 0.009028786803682786
2023-07-05 21:36:45,384 -  [BaseWing] the length is 0.10559576566307186
2023-07-05 21:36:45,385 -  [BaseWing] the chord of root is 0.013679980005579979
2023-07-05 21:36:45,385 -  [BaseWing] the chord of tip is 0.009028786803682786
2023-07-05 21:36:45,527 -  [BaseBLDC] right target amplitude is 1.04719755119660
2023-07-05 21:36:45,527 -  [BaseBLDC] left target amplitude is 1.04719755119660
2023-07-05 21:36:45,644 -  [BaseBLDC] right stroke amp is 1.0472037557252203
2023-07-05 21:36:45,644 -  [BaseBLDC] left stroke amp is 1.0471975511965976
2023-07-05 21:36:45,647 -  [BaseBLDC] right target amplitude is 1.04645353607079
2023-07-05 21:36:45,647 -  [BaseBLDC] left target amplitude is 1.04645353607079
2023-07-05 21:36:45,756 -  [BaseBLDC] right stroke amp is 2.1517130418815356
2023-07-05 21:36:45,757 -  [BaseBLDC] left stroke amp is 2.151699280295462
2023-07-05 21:36:45,759 -  [BaseBLDC] right target amplitude is 1.04422254791229
2023-07-05 21:36:45,759 -  [BaseBLDC] left target amplitude is 1.04422254791229
2023-07-05 21:36:45,868 -  [BaseBLDC] right stroke amp is 2.092356256657956
2023-07-05 21:36:45,868 -  [BaseBLDC] left stroke amp is 2.092360744491466
2023-07-05 21:36:45,871 -  [BaseBLDC] right target amplitude is 1.04050775687551
2023-07-05 21:36:45,871 -  [BaseBLDC] left target amplitude is 1.04050775687551
2023-07-05 21:36:45,978 -  [BaseBLDC] right stroke amp is 0.9841068543704834
2023-07-05 21:36:45,978 -  [BaseBLDC] left stroke amp is 0.9841328652727157
2023-07-05 21:36:45,981 -  [BaseBLDC] right target amplitude is 1.03531444154575
2023-07-05 21:36:45,981 -  [BaseBLDC] left target amplitude is 1.03531444154575
2023-07-05 21:36:46,089 -  [BaseBLDC] right stroke amp is -0.01867019388032154
2023-07-05 21:36:46,089 -  [BaseBLDC] left stroke amp is -0.018648388668542015
2023-07-05 21:36:46,092 -  [BaseBLDC] right target amplitude is 1.02864998143846
2023-07-05 21:36:46,093 -  [BaseBLDC] left target amplitude is 1.02864998143846
2023-07-05 21:36:46,200 -  [BaseBLDC] right stroke amp is 0.07588728824540572
2023-07-05 21:36:46,200 -  [BaseBLDC] left stroke amp is 0.07588199188417462
2023-07-05 21:36:46,203 -  [BaseBLDC] right target amplitude is 1.02052384651324
2023-07-05 21:36:46,203 -  [BaseBLDC] left target amplitude is 1.02052384651324
2023-07-05 21:36:46,312 -  [BaseBLDC] right stroke amp is 1.3872248227137345
2023-07-05 21:36:46,312 -  [BaseBLDC] left stroke amp is 1.3877319926071139
2023-07-05 21:36:46,315 -  [BaseBLDC] right target amplitude is 1.01094758371736
2023-07-05 21:36:46,315 -  [BaseBLDC] left target amplitude is 1.01094758371736
2023-07-05 21:36:46,424 -  [BaseBLDC] right stroke amp is 2.2562118727089
2023-07-05 21:36:46,425 -  [BaseBLDC] left stroke amp is 2.2567103545320712
2023-07-05 21:36:46,427 -  [BaseBLDC] right target amplitude is 0.999934800577948
2023-07-05 21:36:46,428 -  [BaseBLDC] left target amplitude is 0.999934800577948
2023-07-05 21:36:46,534 -  [BaseBLDC] right stroke amp is 1.8252417712710138
2023-07-05 21:36:46,534 -  [BaseBLDC] left stroke amp is 1.82524697261647
2023-07-05 21:36:46,537 -  [BaseBLDC] right target amplitude is 0.987501145866170
2023-07-05 21:36:46,537 -  [BaseBLDC] left target amplitude is 0.987501145866170
2023-07-05 21:36:46,645 -  [BaseBLDC] right stroke amp is 0.5780186767087161
2023-07-05 21:36:46,645 -  [BaseBLDC] left stroke amp is 0.5775576856713582
2023-07-05 21:36:46,648 -  [BaseBLDC] right target amplitude is 0.973664287360898
2023-07-05 21:36:46,648 -  [BaseBLDC] left target amplitude is 0.973664287360898
2023-07-05 21:36:46,757 -  [BaseBLDC] right stroke amp is -0.21165154208737802
2023-07-05 21:36:46,757 -  [BaseBLDC] left stroke amp is -0.2120853329646306
2023-07-05 21:36:46,760 -  [BaseBLDC] right target amplitude is 0.958443886743414
2023-07-05 21:36:46,760 -  [BaseBLDC] left target amplitude is 0.958443886743414
2023-07-05 21:36:46,868 -  [BaseBLDC] right stroke amp is 0.20840073532073844
2023-07-05 21:36:46,869 -  [BaseBLDC] left stroke amp is 0.20841935530400085
2023-07-05 21:36:46,871 -  [BaseBLDC] right target amplitude is 0.941861571658857
2023-07-05 21:36:46,871 -  [BaseBLDC] left target amplitude is 0.941861571658857
2023-07-05 21:36:46,980 -  [BaseBLDC] right stroke amp is 1.6066234463397007
2023-07-05 21:36:46,980 -  [BaseBLDC] left stroke amp is 1.6193173080363774
2023-07-05 21:36:46,983 -  [BaseBLDC] right target amplitude is 0.923940904984112
2023-07-05 21:36:46,983 -  [BaseBLDC] left target amplitude is 0.923940904984112
