2023-07-05 21:53:23,690 -  [BaseWing] the length is 0.10559576566307186
2023-07-05 21:53:23,690 -  [BaseWing] the chord of root is 0.013679980005579979
2023-07-05 21:53:23,691 -  [BaseWing] the chord of tip is 0.009028786803682786
2023-07-05 21:53:23,691 -  [BaseWing] the length is 0.10559576566307186
2023-07-05 21:53:23,691 -  [BaseWing] the chord of root is 0.013679980005579979
2023-07-05 21:53:23,691 -  [BaseWing] the chord of tip is 0.009028786803682786
2023-07-05 21:53:23,866 -  [BaseBLDC] right target amplitude is 0
2023-07-05 21:53:23,866 -  [BaseBLDC] left target amplitude is 0
2023-07-05 21:53:23,974 -  [BaseBLDC] right stroke amp is -3.3038868168966635e-08
2023-07-05 21:53:23,974 -  [BaseBLDC] left stroke amp is -3.918072513695483e-08
2023-07-05 21:53:23,977 -  [BaseBLDC] right target amplitude is 0.0394678105132561
2023-07-05 21:53:23,977 -  [BaseBLDC] left target amplitude is -0.0394678105132561
2023-07-05 21:53:24,085 -  [BaseBLDC] right stroke amp is 0.00394679480438067
2023-07-05 21:53:24,085 -  [BaseBLDC] left stroke amp is -0.003946761934294676
2023-07-05 21:53:24,088 -  [BaseBLDC] right target amplitude is 0.0788795386806738
2023-07-05 21:53:24,088 -  [BaseBLDC] left target amplitude is -0.0788795386806738
2023-07-05 21:53:24,196 -  [BaseBLDC] right stroke amp is 0.011440129269066367
2023-07-05 21:53:24,196 -  [BaseBLDC] left stroke amp is -0.011439964485150868
2023-07-05 21:53:24,199 -  [BaseBLDC] right target amplitude is 0.118179181847414
2023-07-05 21:53:24,199 -  [BaseBLDC] left target amplitude is -0.118179181847414
2023-07-05 21:53:24,307 -  [BaseBLDC] right stroke amp is 0.022114088550308733
2023-07-05 21:53:24,307 -  [BaseBLDC] left stroke amp is -0.022113818665220122
2023-07-05 21:53:24,310 -  [BaseBLDC] right target amplitude is 0.157310896627400
2023-07-05 21:53:24,311 -  [BaseBLDC] left target amplitude is -0.157310896627400
2023-07-05 21:53:24,419 -  [BaseBLDC] right stroke amp is 0.03563381809774192
2023-07-05 21:53:24,419 -  [BaseBLDC] left stroke amp is -0.03563346550643935
2023-07-05 21:53:24,422 -  [BaseBLDC] right target amplitude is 0.196219078254759
2023-07-05 21:53:24,422 -  [BaseBLDC] left target amplitude is -0.196219078254759
2023-07-05 21:53:24,530 -  [BaseBLDC] right stroke amp is 0.05169238837942078
2023-07-05 21:53:24,530 -  [BaseBLDC] left stroke amp is -0.05169197140967788
2023-07-05 21:53:24,533 -  [BaseBLDC] right target amplitude is 0.234848439596204
2023-07-05 21:53:24,533 -  [BaseBLDC] left target amplitude is -0.234848439596204
2023-07-05 21:53:24,639 -  [BaseBLDC] right stroke amp is 0.07000805570495897
2023-07-05 21:53:24,639 -  [BaseBLDC] left stroke amp is -0.07000754039148785
2023-07-05 21:53:24,642 -  [BaseBLDC] right target amplitude is 0.273144089712063
2023-07-05 21:53:24,642 -  [BaseBLDC] left target amplitude is -0.273144089712063
2023-07-05 21:53:24,751 -  [BaseBLDC] right stroke amp is 0.09032171652555082
2023-07-05 21:53:24,751 -  [BaseBLDC] left stroke amp is -0.09032112343807173
2023-07-05 21:53:24,754 -  [BaseBLDC] right target amplitude is 0.311051611854332
2023-07-05 21:53:24,755 -  [BaseBLDC] left target amplitude is -0.311051611854332
2023-07-05 21:53:24,861 -  [BaseBLDC] right stroke amp is 0.11239468993835477
2023-07-05 21:53:24,862 -  [BaseBLDC] left stroke amp is -0.1123941722796978
2023-07-05 21:53:24,864 -  [BaseBLDC] right target amplitude is 0.348517140790926
2023-07-05 21:53:24,864 -  [BaseBLDC] left target amplitude is -0.348517140790926
2023-07-05 21:53:24,973 -  [BaseBLDC] right stroke amp is 0.13600691674423823
2023-07-05 21:53:24,973 -  [BaseBLDC] left stroke amp is -0.13600646913082065
2023-07-05 21:53:24,976 -  [BaseBLDC] right target amplitude is 0.385487439346237
2023-07-05 21:53:24,976 -  [BaseBLDC] left target amplitude is -0.385487439346237
2023-07-05 21:53:25,086 -  [BaseBLDC] right stroke amp is 0.1609549531398949
2023-07-05 21:53:25,086 -  [BaseBLDC] left stroke amp is -0.1609545661523623
2023-07-05 21:53:25,089 -  [BaseBLDC] right target amplitude is 0.421909974049254
2023-07-05 21:53:25,089 -  [BaseBLDC] left target amplitude is -0.421909974049254
2023-07-05 21:53:25,198 -  [BaseBLDC] right stroke amp is 0.18705043452564793
2023-07-05 21:53:25,198 -  [BaseBLDC] left stroke amp is -0.18705010694205151
2023-07-05 21:53:25,201 -  [BaseBLDC] right target amplitude is 0.457732989781741
2023-07-05 21:53:25,201 -  [BaseBLDC] left target amplitude is -0.457732989781741
2023-07-05 21:53:25,309 -  [BaseBLDC] right stroke amp is 0.2141186724936996
2023-07-05 21:53:25,309 -  [BaseBLDC] left stroke amp is -0.21411839522602052
2023-07-05 21:53:25,312 -  [BaseBLDC] right target amplitude is 0.492905583320407
2023-07-05 21:53:25,312 -  [BaseBLDC] left target amplitude is -0.492905583320407
2023-07-05 21:53:25,421 -  [BaseBLDC] right stroke amp is 0.2419973413484563
2023-07-05 21:53:25,421 -  [BaseBLDC] left stroke amp is -0.24199711403545912
2023-07-05 21:53:25,424 -  [BaseBLDC] right target amplitude is 0.527377775668558
2023-07-05 21:53:25,424 -  [BaseBLDC] left target amplitude is -0.527377775668558
2023-07-05 21:53:25,532 -  [BaseBLDC] right stroke amp is 0.2705353666875904
2023-07-05 21:53:25,533 -  [BaseBLDC] left stroke amp is -0.270535180198769
2023-07-05 21:53:25,535 -  [BaseBLDC] right target amplitude is 0.561100583074469
2023-07-05 21:53:25,535 -  [BaseBLDC] left target amplitude is -0.561100583074469
2023-07-05 21:53:25,642 -  [BaseBLDC] right stroke amp is 0.2995918667036941
2023-07-05 21:53:25,642 -  [BaseBLDC] left stroke amp is -0.299591720486339
2023-07-05 21:53:25,645 -  [BaseBLDC] right target amplitude is 0.594026086635535
2023-07-05 21:53:25,645 -  [BaseBLDC] left target amplitude is -0.594026086635535
2023-07-05 21:53:25,754 -  [BaseBLDC] right stroke amp is 0.3290352725485784
2023-07-05 21:53:25,754 -  [BaseBLDC] left stroke amp is -0.32903515710125864
2023-07-05 21:53:25,757 -  [BaseBLDC] right target amplitude is 0.626107500389324
2023-07-05 21:53:25,757 -  [BaseBLDC] left target amplitude is -0.626107500389324
2023-07-05 21:53:25,866 -  [BaseBLDC] right stroke amp is 0.35874247859392
2023-07-05 21:53:25,866 -  [BaseBLDC] left stroke amp is -0.35874239143006514
2023-07-05 21:53:25,869 -  [BaseBLDC] right target amplitude is 0.657299237794749
2023-07-05 21:53:25,869 -  [BaseBLDC] left target amplitude is -0.657299237794749
2023-07-05 21:53:25,977 -  [BaseBLDC] right stroke amp is 0.388598132735289
2023-07-05 21:53:25,977 -  [BaseBLDC] left stroke amp is -0.38859807606653357
2023-07-05 21:53:25,980 -  [BaseBLDC] right target amplitude is 0.687556976508922
2023-07-05 21:53:25,980 -  [BaseBLDC] left target amplitude is -0.687556976508922
2023-07-05 21:53:26,089 -  [BaseBLDC] right stroke amp is 0.41849399621064604
2023-07-05 21:53:26,089 -  [BaseBLDC] left stroke amp is -0.41849396611077244
2023-07-05 21:53:26,092 -  [BaseBLDC] right target amplitude is 0.716837721367612
2023-07-05 21:53:26,092 -  [BaseBLDC] left target amplitude is -0.716837721367612
2023-07-05 21:53:26,200 -  [BaseBLDC] right stroke amp is 0.44832838932851926
2023-07-05 21:53:26,200 -  [BaseBLDC] left stroke amp is -0.4483283416364564
2023-07-05 21:53:26,203 -  [BaseBLDC] right target amplitude is 0.745099865479846
2023-07-05 21:53:26,203 -  [BaseBLDC] left target amplitude is -0.745099865479846
2023-07-05 21:53:26,309 -  [BaseBLDC] right stroke amp is 0.478005478210691
2023-07-05 21:53:26,309 -  [BaseBLDC] left stroke amp is -0.47800556761251345
2023-07-05 21:53:26,345 -  [BaseBLDC] right target amplitude is 0.772303249349808
2023-07-05 21:53:26,345 -  [BaseBLDC] left target amplitude is -0.772303249349808
2023-07-05 21:53:26,452 -  [BaseBLDC] right stroke amp is 0.5074351949510265
2023-07-05 21:53:26,452 -  [BaseBLDC] left stroke amp is -0.5074354114362772
2023-07-05 21:53:26,455 -  [BaseBLDC] right target amplitude is 0.798409217942060
2023-07-05 21:53:26,455 -  [BaseBLDC] left target amplitude is -0.798409217942060
2023-07-05 21:53:26,563 -  [BaseBLDC] right stroke amp is 0.5365325441950931
2023-07-05 21:53:26,564 -  [BaseBLDC] left stroke amp is -0.5365328585686342
2023-07-05 21:53:26,566 -  [BaseBLDC] right target amplitude is 0.823380675608962
2023-07-05 21:53:26,566 -  [BaseBLDC] left target amplitude is -0.823380675608962
2023-07-05 21:53:26,675 -  [BaseBLDC] right stroke amp is 0.56521731426713
2023-07-05 21:53:26,675 -  [BaseBLDC] left stroke amp is -0.5652176942430861
2023-07-05 21:53:26,678 -  [BaseBLDC] right target amplitude is 0.847182138802268
2023-07-05 21:53:26,678 -  [BaseBLDC] left target amplitude is -0.847182138802268
2023-07-05 21:53:26,786 -  [BaseBLDC] right stroke amp is 0.593413745787343
2023-07-05 21:53:26,786 -  [BaseBLDC] left stroke amp is -0.5934142025249951
2023-07-05 21:53:26,789 -  [BaseBLDC] right target amplitude is 0.869779786493985
2023-07-05 21:53:26,789 -  [BaseBLDC] left target amplitude is -0.869779786493985
2023-07-05 21:53:26,898 -  [BaseBLDC] right stroke amp is 0.6210502915263341
2023-07-05 21:53:26,898 -  [BaseBLDC] left stroke amp is -0.6210508340197148
2023-07-05 21:53:26,901 -  [BaseBLDC] right target amplitude is 0.891141508234850
2023-07-05 21:53:26,902 -  [BaseBLDC] left target amplitude is -0.891141508234850
2023-07-05 21:53:27,009 -  [BaseBLDC] right stroke amp is 0.6480593705004021
2023-07-05 21:53:27,009 -  [BaseBLDC] left stroke amp is -0.6480599549462578
2023-07-05 21:53:27,012 -  [BaseBLDC] right target amplitude is 0.911236949782139
2023-07-05 21:53:27,012 -  [BaseBLDC] left target amplitude is -0.911236949782139
2023-07-05 21:53:27,120 -  [BaseBLDC] right stroke amp is 0.6743770815096531
2023-07-05 21:53:27,120 -  [BaseBLDC] left stroke amp is -0.674377713224979
2023-07-05 21:53:27,123 -  [BaseBLDC] right target amplitude is 0.930037556231960
2023-07-05 21:53:27,124 -  [BaseBLDC] left target amplitude is -0.930037556231960
2023-07-05 21:53:27,231 -  [BaseBLDC] right stroke amp is 0.6999430781375315
2023-07-05 21:53:27,231 -  [BaseBLDC] left stroke amp is -0.699943761238041
2023-07-05 21:53:27,234 -  [BaseBLDC] right target amplitude is 0.947516612594763
2023-07-05 21:53:27,234 -  [BaseBLDC] left target amplitude is -0.947516612594763
2023-07-05 21:53:27,342 -  [BaseBLDC] right stroke amp is 0.7247003771176389
2023-07-05 21:53:27,342 -  [BaseBLDC] left stroke amp is -0.724701114620812
2023-07-05 21:53:27,345 -  [BaseBLDC] right target amplitude is 0.963649281756389
2023-07-05 21:53:27,345 -  [BaseBLDC] left target amplitude is -0.963649281756389
2023-07-05 21:53:27,454 -  [BaseBLDC] right stroke amp is 0.7485952098007411
2023-07-05 21:53:27,454 -  [BaseBLDC] left stroke amp is -0.7485960037310245
2023-07-05 21:53:27,457 -  [BaseBLDC] right target amplitude is 0.978412639770728
2023-07-05 21:53:27,457 -  [BaseBLDC] left target amplitude is -0.978412639770728
2023-07-05 21:53:27,567 -  [BaseBLDC] right stroke amp is 0.7715768920093
2023-07-05 21:53:27,567 -  [BaseBLDC] left stroke amp is -0.7715777434940922
2023-07-05 21:53:27,570 -  [BaseBLDC] right target amplitude is 0.991785708433832
2023-07-05 21:53:27,570 -  [BaseBLDC] left target amplitude is -0.991785708433832
2023-07-05 21:53:27,677 -  [BaseBLDC] right stroke amp is 0.7935977321769142
2023-07-05 21:53:27,677 -  [BaseBLDC] left stroke amp is -0.7935985919449798
2023-07-05 21:53:27,680 -  [BaseBLDC] right target amplitude is 1.00374948509320
2023-07-05 21:53:27,680 -  [BaseBLDC] left target amplitude is -1.00374948509320
2023-07-05 21:53:27,787 -  [BaseBLDC] right stroke amp is 0.8146128644480544
2023-07-05 21:53:27,787 -  [BaseBLDC] left stroke amp is -0.8146137351468529
2023-07-05 21:53:27,790 -  [BaseBLDC] right target amplitude is 1.01428696964987
2023-07-05 21:53:27,791 -  [BaseBLDC] left target amplitude is -1.01428696964987
2023-07-05 21:53:27,899 -  [BaseBLDC] right stroke amp is 0.8345802305883876
2023-07-05 21:53:27,899 -  [BaseBLDC] left stroke amp is -0.8345811141797734
2023-07-05 21:53:27,902 -  [BaseBLDC] right target amplitude is 1.02338318871496
2023-07-05 21:53:27,902 -  [BaseBLDC] left target amplitude is -1.02338318871496
2023-07-05 21:53:28,010 -  [BaseBLDC] right stroke amp is 0.8534604808341465
2023-07-05 21:53:28,010 -  [BaseBLDC] left stroke amp is -0.853461378694697
2023-07-05 21:53:28,013 -  [BaseBLDC] right target amplitude is 1.03102521688633
2023-07-05 21:53:28,013 -  [BaseBLDC] left target amplitude is -1.03102521688633
2023-07-05 21:53:28,122 -  [BaseBLDC] right stroke amp is 0.8712169078274047
2023-07-05 21:53:28,122 -  [BaseBLDC] left stroke amp is -0.871217820875724
2023-07-05 21:53:28,125 -  [BaseBLDC] right target amplitude is 1.03720219511510
2023-07-05 21:53:28,125 -  [BaseBLDC] left target amplitude is -1.03720219511510
2023-07-05 21:53:28,234 -  [BaseBLDC] right stroke amp is 0.88781538899473
2023-07-05 21:53:28,234 -  [BaseBLDC] left stroke amp is -0.8878163178425064
2023-07-05 21:53:28,237 -  [BaseBLDC] right target amplitude is 1.04190534613600
2023-07-05 21:53:28,238 -  [BaseBLDC] left target amplitude is -1.04190534613600
2023-07-05 21:53:28,345 -  [BaseBLDC] right stroke amp is 0.9032243362274108
2023-07-05 21:53:28,345 -  [BaseBLDC] left stroke amp is -0.9032252813599799
2023-07-05 21:53:28,348 -  [BaseBLDC] right target amplitude is 1.04512798693952
2023-07-05 21:53:28,348 -  [BaseBLDC] left target amplitude is -1.04512798693952
2023-07-05 21:53:28,455 -  [BaseBLDC] right stroke amp is 0.9174146518386643
2023-07-05 21:53:28,456 -  [BaseBLDC] left stroke amp is -0.9174156138271372
2023-07-05 21:53:28,458 -  [BaseBLDC] right target amplitude is 1.04686553826828
2023-07-05 21:53:28,459 -  [BaseBLDC] left target amplitude is -1.04686553826828
2023-07-05 21:53:28,567 -  [BaseBLDC] right stroke amp is 0.9303596898756157
2023-07-05 21:53:28,567 -  [BaseBLDC] left stroke amp is -0.9303606696154789
2023-07-05 21:53:28,569 -  [BaseBLDC] right target amplitude is 1.04711553112394
2023-07-05 21:53:28,570 -  [BaseBLDC] left target amplitude is -1.04711553112394
2023-07-05 21:53:28,677 -  [BaseBLDC] right stroke amp is 0.9420352219571241
2023-07-05 21:53:28,677 -  [BaseBLDC] left stroke amp is -0.9420362209163351
2023-07-05 21:53:28,680 -  [BaseBLDC] right target amplitude is 1.04587761027559
2023-07-05 21:53:28,680 -  [BaseBLDC] left target amplitude is -1.04587761027559
2023-07-05 21:53:28,788 -  [BaseBLDC] right stroke amp is 0.9524194068936296
2023-07-05 21:53:28,788 -  [BaseBLDC] left stroke amp is -0.9524204273354396
2023-07-05 21:53:28,791 -  [BaseBLDC] right target amplitude is 1.04315353476450
2023-07-05 21:53:28,791 -  [BaseBLDC] left target amplitude is -1.04315353476450
2023-07-05 21:53:28,900 -  [BaseBLDC] right stroke amp is 0.9614927634224797
2023-07-05 21:53:28,901 -  [BaseBLDC] left stroke amp is -0.9614938085444498
2023-07-05 21:53:28,903 -  [BaseBLDC] right target amplitude is 1.03894717540461
2023-07-05 21:53:28,904 -  [BaseBLDC] left target amplitude is -1.03894717540461
2023-07-05 21:53:29,009 -  [BaseBLDC] right stroke amp is 0.969238145460712
2023-07-05 21:53:29,009 -  [BaseBLDC] left stroke amp is -0.969239219365482
2023-07-05 21:53:29,012 -  [BaseBLDC] right target amplitude is 1.03326450928223
2023-07-05 21:53:29,012 -  [BaseBLDC] left target amplitude is -1.03326450928223
2023-07-05 21:53:29,121 -  [BaseBLDC] right stroke amp is 0.9756407193336203
2023-07-05 21:53:29,122 -  [BaseBLDC] left stroke amp is -0.9756418267321111
2023-07-05 21:53:29,124 -  [BaseBLDC] right target amplitude is 1.02611361126279
2023-07-05 21:53:29,125 -  [BaseBLDC] left target amplitude is -1.02611361126279
2023-07-05 21:53:29,233 -  [BaseBLDC] right stroke amp is 0.9806880282987309
2023-07-05 21:53:29,233 -  [BaseBLDC] left stroke amp is -0.9806890051851794
2023-07-05 21:53:29,236 -  [BaseBLDC] right target amplitude is 1.01750464251679
2023-07-05 21:53:29,236 -  [BaseBLDC] left target amplitude is -1.01750464251679
2023-07-05 21:53:29,344 -  [BaseBLDC] right stroke amp is 0.9843697062555016
2023-07-05 21:53:29,344 -  [BaseBLDC] left stroke amp is -0.9843705689183408
2023-07-05 21:53:29,347 -  [BaseBLDC] right target amplitude is 1.00744983608109
2023-07-05 21:53:29,347 -  [BaseBLDC] left target amplitude is -1.00744983608109
2023-07-05 21:53:29,455 -  [BaseBLDC] right stroke amp is 0.9866777358707978
2023-07-05 21:53:29,456 -  [BaseBLDC] left stroke amp is -0.9866784956346157
2023-07-05 21:53:29,458 -  [BaseBLDC] right target amplitude is 0.995963479476208
2023-07-05 21:53:29,458 -  [BaseBLDC] left target amplitude is -0.995963479476208
2023-07-05 21:53:29,566 -  [BaseBLDC] right stroke amp is 0.9876063269350082
2023-07-05 21:53:29,566 -  [BaseBLDC] left stroke amp is -0.9876069940187749
2023-07-05 21:53:29,569 -  [BaseBLDC] right target amplitude is 0.983061894404285
2023-07-05 21:53:29,569 -  [BaseBLDC] left target amplitude is -0.983061894404285
2023-07-05 21:53:29,676 -  [BaseBLDC] right stroke amp is 0.9871519004292655
2023-07-05 21:53:29,676 -  [BaseBLDC] left stroke amp is -0.9871524840573259
2023-07-05 21:53:29,679 -  [BaseBLDC] right target amplitude is 0.968763413556498
2023-07-05 21:53:29,679 -  [BaseBLDC] left target amplitude is -0.968763413556498
2023-07-05 21:53:29,788 -  [BaseBLDC] right stroke amp is 0.9853130685059417
2023-07-05 21:53:29,788 -  [BaseBLDC] left stroke amp is -0.9853135770072431
2023-07-05 21:53:29,791 -  [BaseBLDC] right target amplitude is 0.953088354562969
2023-07-05 21:53:29,791 -  [BaseBLDC] left target amplitude is -0.953088354562969
2023-07-05 21:53:29,899 -  [BaseBLDC] right stroke amp is 0.9820906138654291
2023-07-05 21:53:29,899 -  [BaseBLDC] left stroke amp is -0.9820910547628157
2023-07-05 21:53:29,902 -  [BaseBLDC] right target amplitude is 0.936058991122128
2023-07-05 21:53:29,902 -  [BaseBLDC] left target amplitude is -0.936058991122128
2023-07-05 21:53:30,010 -  [BaseBLDC] right stroke amp is 0.9774874683081821
2023-07-05 21:53:30,010 -  [BaseBLDC] left stroke amp is -0.9774878483987469
2023-07-05 21:53:30,013 -  [BaseBLDC] right target amplitude is 0.917699521350579
2023-07-05 21:53:30,013 -  [BaseBLDC] left target amplitude is -0.917699521350579
2023-07-05 21:53:30,122 -  [BaseBLDC] right stroke amp is 0.9715086902665446
2023-07-05 21:53:30,122 -  [BaseBLDC] left stroke amp is -0.9715090156939301
2023-07-05 21:53:30,125 -  [BaseBLDC] right target amplitude is 0.898036033398437
2023-07-05 21:53:30,125 -  [BaseBLDC] left target amplitude is -0.898036033398437
2023-07-05 21:53:30,234 -  [BaseBLDC] right stroke amp is 0.9641614411449295
2023-07-05 21:53:30,234 -  [BaseBLDC] left stroke amp is -0.9641617174643807
2023-07-05 21:53:30,237 -  [BaseBLDC] right target amplitude is 0.877096468378990
2023-07-05 21:53:30,237 -  [BaseBLDC] left target amplitude is -0.877096468378990
2023-07-05 21:53:30,342 -  [BaseBLDC] right stroke amp is 0.9554549603189489
2023-07-05 21:53:30,342 -  [BaseBLDC] left stroke amp is -0.9554551925558417
2023-07-05 21:53:30,345 -  [BaseBLDC] right target amplitude is 0.854910580665373
2023-07-05 21:53:30,345 -  [BaseBLDC] left target amplitude is -0.854910580665373
2023-07-05 21:53:30,454 -  [BaseBLDC] right stroke amp is 0.9454005386643003
2023-07-05 21:53:30,455 -  [BaseBLDC] left stroke amp is -0.9454007313667948
2023-07-05 21:53:30,458 -  [BaseBLDC] right target amplitude is 0.831509895610660
2023-07-05 21:53:30,458 -  [BaseBLDC] left target amplitude is -0.831509895610660
2023-07-05 21:53:30,566 -  [BaseBLDC] right stroke amp is 0.934011490504775
2023-07-05 21:53:30,567 -  [BaseBLDC] left stroke amp is -0.9340116477911813
2023-07-05 21:53:30,569 -  [BaseBLDC] right target amplitude is 0.806927664751456
2023-07-05 21:53:30,569 -  [BaseBLDC] left target amplitude is -0.806927664751456
2023-07-05 21:53:30,678 -  [BaseBLDC] right stroke amp is 0.921303123885827
2023-07-05 21:53:30,678 -  [BaseBLDC] left stroke amp is -0.9213032494872088
2023-07-05 21:53:30,681 -  [BaseBLDC] right target amplitude is 0.781198818558652
2023-07-05 21:53:30,681 -  [BaseBLDC] left target amplitude is -0.781198818558652
2023-07-05 21:53:30,790 -  [BaseBLDC] right stroke amp is 0.9072927090958602
2023-07-05 21:53:30,790 -  [BaseBLDC] left stroke amp is -0.9072928063943532
2023-07-05 21:53:30,793 -  [BaseBLDC] right target amplitude is 0.754359916802466
2023-07-05 21:53:30,793 -  [BaseBLDC] left target amplitude is -0.754359916802466
2023-07-05 21:53:30,901 -  [BaseBLDC] right stroke amp is 0.891999445371894
2023-07-05 21:53:30,902 -  [BaseBLDC] left stroke amp is -0.8919995174351645
2023-07-05 21:53:30,904 -  [BaseBLDC] right target amplitude is 0.726449096602309
2023-07-05 21:53:30,905 -  [BaseBLDC] left target amplitude is -0.726449096602309
2023-07-05 21:53:31,013 -  [BaseBLDC] right stroke amp is 0.8754444257396483
2023-07-05 21:53:31,013 -  [BaseBLDC] left stroke amp is -0.875444475351879
2023-07-05 21:53:31,016 -  [BaseBLDC] right target amplitude is 0.697506018235303
2023-07-05 21:53:31,016 -  [BaseBLDC] left target amplitude is -0.697506018235303
2023-07-05 21:53:31,125 -  [BaseBLDC] right stroke amp is 0.857650607711417
2023-07-05 21:53:31,125 -  [BaseBLDC] left stroke amp is -0.8576506296402213
2023-07-05 21:53:31,128 -  [BaseBLDC] right target amplitude is 0.667571808780440
2023-07-05 21:53:31,128 -  [BaseBLDC] left target amplitude is -0.667571808780440
2023-07-05 21:53:31,237 -  [BaseBLDC] right stroke amp is 0.8386427500787563
2023-07-05 21:53:31,237 -  [BaseBLDC] left stroke amp is -0.8386427475542432
2023-07-05 21:53:31,240 -  [BaseBLDC] right target amplitude is 0.636689003678465
2023-07-05 21:53:31,240 -  [BaseBLDC] left target amplitude is -0.636689003678465
2023-07-05 21:53:31,348 -  [BaseBLDC] right stroke amp is 0.8184473972020895
2023-07-05 21:53:31,348 -  [BaseBLDC] left stroke amp is -0.8184473731666654
2023-07-05 21:53:31,351 -  [BaseBLDC] right target amplitude is 0.604901486290540
2023-07-05 21:53:31,351 -  [BaseBLDC] left target amplitude is -0.604901486290540
2023-07-05 21:53:31,459 -  [BaseBLDC] right stroke amp is 0.7970928273451228
2023-07-05 21:53:31,459 -  [BaseBLDC] left stroke amp is -0.7970927844790529
2023-07-05 21:53:31,462 -  [BaseBLDC] right target amplitude is 0.572254425541553
2023-07-05 21:53:31,462 -  [BaseBLDC] left target amplitude is -0.572254425541553
2023-07-05 21:53:31,569 -  [BaseBLDC] right stroke amp is 0.7746090078385948
2023-07-05 21:53:31,570 -  [BaseBLDC] left stroke amp is -0.7746089485853028
2023-07-05 21:53:31,573 -  [BaseBLDC] right target amplitude is 0.538794211736684
2023-07-05 21:53:31,573 -  [BaseBLDC] left target amplitude is -0.538794211736684
2023-07-05 21:53:31,681 -  [BaseBLDC] right stroke amp is 0.7510275483116461
2023-07-05 21:53:31,681 -  [BaseBLDC] left stroke amp is -0.751027474900441
2023-07-05 21:53:31,684 -  [BaseBLDC] right target amplitude is 0.504568390642449
2023-07-05 21:53:31,684 -  [BaseBLDC] left target amplitude is -0.504568390642449
2023-07-05 21:53:31,791 -  [BaseBLDC] right stroke amp is 0.7263816520081557
2023-07-05 21:53:31,791 -  [BaseBLDC] left stroke amp is -0.7263815664746418
2023-07-05 21:53:31,794 -  [BaseBLDC] right target amplitude is 0.469625595925861
2023-07-05 21:53:31,795 -  [BaseBLDC] left target amplitude is -0.469625595925861
2023-07-05 21:53:31,903 -  [BaseBLDC] right stroke amp is 0.7007060652153598
2023-07-05 21:53:31,903 -  [BaseBLDC] left stroke amp is -0.7007059694197637
2023-07-05 21:53:31,906 -  [BaseBLDC] right target amplitude is 0.434015480047730
2023-07-05 21:53:31,906 -  [BaseBLDC] left target amplitude is -0.434015480047730
2023-07-05 21:53:32,015 -  [BaseBLDC] right stroke amp is 0.674037024838937
2023-07-05 21:53:32,016 -  [BaseBLDC] left stroke amp is -0.6740369204825603
2023-07-05 21:53:32,018 -  [BaseBLDC] right target amplitude is 0.397788643708292
2023-07-05 21:53:32,019 -  [BaseBLDC] left target amplitude is -0.397788643708292
2023-07-05 21:53:32,126 -  [BaseBLDC] right stroke amp is 0.6464122041651477
2023-07-05 21:53:32,126 -  [BaseBLDC] left stroke amp is -0.6464120928051335
2023-07-05 21:53:32,129 -  [BaseBLDC] right target amplitude is 0.360996563945434
2023-07-05 21:53:32,130 -  [BaseBLDC] left target amplitude is -0.360996563945434
2023-07-05 21:53:32,238 -  [BaseBLDC] right stroke amp is 0.6178706568565795
2023-07-05 21:53:32,238 -  [BaseBLDC] left stroke amp is -0.6178705399191635
2023-07-05 21:53:32,241 -  [BaseBLDC] right target amplitude is 0.323691520987658
2023-07-05 21:53:32,241 -  [BaseBLDC] left target amplitude is -0.323691520987658
2023-07-05 21:53:32,350 -  [BaseBLDC] right stroke amp is 0.5884527592336151
2023-07-05 21:53:32,350 -  [BaseBLDC] left stroke amp is -0.588452638026013
2023-07-05 21:53:32,353 -  [BaseBLDC] right target amplitude is 0.285926523965756
2023-07-05 21:53:32,353 -  [BaseBLDC] left target amplitude is -0.285926523965756
2023-07-05 21:53:32,462 -  [BaseBLDC] right stroke amp is 0.5582001508989172
2023-07-05 21:53:32,462 -  [BaseBLDC] left stroke amp is -0.5582000266199872
2023-07-05 21:53:32,465 -  [BaseBLDC] right target amplitude is 0.247755235588734
2023-07-05 21:53:32,465 -  [BaseBLDC] left target amplitude is -0.247755235588734
2023-07-05 21:53:32,573 -  [BaseBLDC] right stroke amp is 0.5271556812427975
2023-07-05 21:53:32,574 -  [BaseBLDC] left stroke amp is -0.527155547516862
2023-07-05 21:53:32,576 -  [BaseBLDC] right target amplitude is 0.209231895891031
2023-07-05 21:53:32,577 -  [BaseBLDC] left target amplitude is -0.209231895891031
2023-07-05 21:53:32,685 -  [BaseBLDC] right stroke amp is 0.49536332335165606
2023-07-05 21:53:32,685 -  [BaseBLDC] left stroke amp is -0.4953631823542789
2023-07-05 21:53:32,688 -  [BaseBLDC] right target amplitude is 0.170411245159369
2023-07-05 21:53:32,688 -  [BaseBLDC] left target amplitude is -0.170411245159369
2023-07-05 21:53:32,797 -  [BaseBLDC] right stroke amp is 0.46286813491402173
2023-07-05 21:53:32,797 -  [BaseBLDC] left stroke amp is -0.46286798863478784
2023-07-05 21:53:32,800 -  [BaseBLDC] right target amplitude is 0.131348446148775
2023-07-05 21:53:32,800 -  [BaseBLDC] left target amplitude is -0.131348446148775
2023-07-05 21:53:32,908 -  [BaseBLDC] right stroke amp is 0.42971618413065693
2023-07-05 21:53:32,908 -  [BaseBLDC] left stroke amp is -0.4297160343861866
2023-07-05 21:53:32,911 -  [BaseBLDC] right target amplitude is 0.0920990056982888
2023-07-05 21:53:32,912 -  [BaseBLDC] left target amplitude is -0.0920990056982888
2023-07-05 21:53:33,020 -  [BaseBLDC] right stroke amp is 0.3959544830682473
2023-07-05 21:53:33,020 -  [BaseBLDC] left stroke amp is -0.39595433151739684
2023-07-05 21:53:33,023 -  [BaseBLDC] right target amplitude is 0.0527186958577289
2023-07-05 21:53:33,023 -  [BaseBLDC] left target amplitude is -0.0527186958577289
2023-07-05 21:53:33,131 -  [BaseBLDC] right stroke amp is 0.3616309197939128
2023-07-05 21:53:33,131 -  [BaseBLDC] left stroke amp is -0.36163076795143
2023-07-05 21:53:33,134 -  [BaseBLDC] right target amplitude is 0.0132634746376215
2023-07-05 21:53:33,134 -  [BaseBLDC] left target amplitude is -0.0132634746376215
2023-07-05 21:53:33,241 -  [BaseBLDC] right stroke amp is 0.3267941966917962
2023-07-05 21:53:33,241 -  [BaseBLDC] left stroke amp is -0.3267940386200492
2023-07-05 21:53:33,244 -  [BaseBLDC] right target amplitude is -0.0262105935051284
2023-07-05 21:53:33,244 -  [BaseBLDC] left target amplitude is 0.0262105935051284
2023-07-05 21:53:33,351 -  [BaseBLDC] right stroke amp is 0.29149373700738157
2023-07-05 21:53:33,351 -  [BaseBLDC] left stroke amp is -0.2914935754075314
2023-07-05 21:53:33,354 -  [BaseBLDC] right target amplitude is -0.0656474173328172
2023-07-05 21:53:33,354 -  [BaseBLDC] left target amplitude is 0.0656474173328172
2023-07-05 21:53:33,463 -  [BaseBLDC] right stroke amp is 0.25577963880153437
2023-07-05 21:53:33,463 -  [BaseBLDC] left stroke amp is -0.25577947613349655
2023-07-05 21:53:33,466 -  [BaseBLDC] right target amplitude is -0.104990958530573
2023-07-05 21:53:33,466 -  [BaseBLDC] left target amplitude is 0.104990958530573
2023-07-05 21:53:33,572 -  [BaseBLDC] right stroke amp is 0.21970260201514175
2023-07-05 21:53:33,572 -  [BaseBLDC] left stroke amp is -0.21970243266708964
2023-07-05 21:53:33,575 -  [BaseBLDC] right target amplitude is -0.144185311334791
2023-07-05 21:53:33,575 -  [BaseBLDC] left target amplitude is 0.144185311334791
2023-07-05 21:53:33,683 -  [BaseBLDC] right stroke amp is 0.1833138303764136
2023-07-05 21:53:33,683 -  [BaseBLDC] left stroke amp is -0.1833136582669016
2023-07-05 21:53:33,686 -  [BaseBLDC] right target amplitude is -0.183174781973219
2023-07-05 21:53:33,686 -  [BaseBLDC] left target amplitude is 0.183174781973219
2023-07-05 21:53:33,794 -  [BaseBLDC] right stroke amp is 0.14666498555638555
2023-07-05 21:53:33,794 -  [BaseBLDC] left stroke amp is -0.14666481424288955
2023-07-05 21:53:33,797 -  [BaseBLDC] right target amplitude is -0.221903967803803
2023-07-05 21:53:33,797 -  [BaseBLDC] left target amplitude is 0.221903967803803
2023-07-05 21:53:33,906 -  [BaseBLDC] right stroke amp is 0.10980811015323455
2023-07-05 21:53:33,906 -  [BaseBLDC] left stroke amp is -0.10980793603822034
2023-07-05 21:53:33,909 -  [BaseBLDC] right target amplitude is -0.260317836039854
2023-07-05 21:53:33,909 -  [BaseBLDC] left target amplitude is 0.260317836039854
2023-07-05 21:53:34,018 -  [BaseBLDC] right stroke amp is 0.07279553819434502
2023-07-05 21:53:34,019 -  [BaseBLDC] left stroke amp is -0.07279535883041288
2023-07-05 21:53:34,021 -  [BaseBLDC] right target amplitude is -0.298361801949668
2023-07-05 21:53:34,021 -  [BaseBLDC] left target amplitude is 0.298361801949668
2023-07-05 21:53:34,128 -  [BaseBLDC] right stroke amp is 0.03567982698437211
2023-07-05 21:53:34,128 -  [BaseBLDC] left stroke amp is -0.035679642752404817
2023-07-05 21:53:34,131 -  [BaseBLDC] right target amplitude is -0.335981806419460
2023-07-05 21:53:34,131 -  [BaseBLDC] left target amplitude is 0.335981806419460
2023-07-05 21:53:34,239 -  [BaseBLDC] right stroke amp is -0.0014863194216890377
2023-07-05 21:53:34,239 -  [BaseBLDC] left stroke amp is 0.0014865021647817028
2023-07-05 21:53:34,242 -  [BaseBLDC] right target amplitude is -0.373124392769437
2023-07-05 21:53:34,242 -  [BaseBLDC] left target amplitude is 0.373124392769437
2023-07-05 21:53:34,350 -  [BaseBLDC] right stroke amp is -0.038650142296519176
2023-07-05 21:53:34,350 -  [BaseBLDC] left stroke amp is 0.03865029122524723
2023-07-05 21:53:34,353 -  [BaseBLDC] right target amplitude is -0.409736782713815
2023-07-05 21:53:34,353 -  [BaseBLDC] left target amplitude is 0.409736782713815
2023-07-05 21:53:34,462 -  [BaseBLDC] right stroke amp is -0.07575882505993749
2023-07-05 21:53:34,462 -  [BaseBLDC] left stroke amp is 0.07575894037410402
2023-07-05 21:53:34,465 -  [BaseBLDC] right target amplitude is -0.445766951356874
2023-07-05 21:53:34,466 -  [BaseBLDC] left target amplitude is 0.445766951356874
2023-07-05 21:53:34,571 -  [BaseBLDC] right stroke amp is -0.11275965345919609
2023-07-05 21:53:34,571 -  [BaseBLDC] left stroke amp is 0.11275974147238099
2023-07-05 21:53:34,574 -  [BaseBLDC] right target amplitude is -0.481163701118467
2023-07-05 21:53:34,574 -  [BaseBLDC] left target amplitude is 0.481163701118467
2023-07-05 21:53:34,684 -  [BaseBLDC] right stroke amp is -0.14959999727652745
2023-07-05 21:53:34,684 -  [BaseBLDC] left stroke amp is 0.14960021380871108
2023-07-05 21:53:34,687 -  [BaseBLDC] right target amplitude is -0.515876734483956
2023-07-05 21:53:34,687 -  [BaseBLDC] left target amplitude is 0.515876734483956
2023-07-05 21:53:34,796 -  [BaseBLDC] right stroke amp is -0.1862276183267441
2023-07-05 21:53:34,796 -  [BaseBLDC] left stroke amp is 0.18622793187559028
2023-07-05 21:53:34,799 -  [BaseBLDC] right target amplitude is -0.549856725475164
2023-07-05 21:53:34,799 -  [BaseBLDC] left target amplitude is 0.549856725475164
2023-07-05 21:53:34,907 -  [BaseBLDC] right stroke amp is -0.22259048617131472
2023-07-05 21:53:34,907 -  [BaseBLDC] left stroke amp is 0.22259086495524735
2023-07-05 21:53:34,910 -  [BaseBLDC] right target amplitude is -0.583055389740840
2023-07-05 21:53:34,910 -  [BaseBLDC] left target amplitude is 0.583055389740840
2023-07-05 21:53:35,019 -  [BaseBLDC] right stroke amp is -0.25863692534385097
2023-07-05 21:53:35,019 -  [BaseBLDC] left stroke amp is 0.25863738157275984
2023-07-05 21:53:35,022 -  [BaseBLDC] right target amplitude is -0.615425553166983
2023-07-05 21:53:35,022 -  [BaseBLDC] left target amplitude is 0.615425553166983
2023-07-05 21:53:35,130 -  [BaseBLDC] right stroke amp is -0.2943157286938498
2023-07-05 21:53:35,131 -  [BaseBLDC] left stroke amp is 0.2943162732078199
2023-07-05 21:53:35,134 -  [BaseBLDC] right target amplitude is -0.646921218909578
2023-07-05 21:53:35,134 -  [BaseBLDC] left target amplitude is 0.646921218909578
2023-07-05 21:53:35,242 -  [BaseBLDC] right stroke amp is -0.3295762334604673
2023-07-05 21:53:35,242 -  [BaseBLDC] left stroke amp is 0.32957682323557286
2023-07-05 21:53:35,245 -  [BaseBLDC] right target amplitude is -0.677497632754464
2023-07-05 21:53:35,245 -  [BaseBLDC] left target amplitude is 0.677497632754464
2023-07-05 21:53:35,353 -  [BaseBLDC] right stroke amp is -0.36436832388993606
2023-07-05 21:53:35,353 -  [BaseBLDC] left stroke amp is 0.3643689662186492
2023-07-05 21:53:35,356 -  [BaseBLDC] right target amplitude is -0.707111346711471
2023-07-05 21:53:35,357 -  [BaseBLDC] left target amplitude is 0.707111346711471
2023-07-05 21:53:35,464 -  [BaseBLDC] right stroke amp is -0.398642571512087
2023-07-05 21:53:35,464 -  [BaseBLDC] left stroke amp is 0.3986432727662596
2023-07-05 21:53:35,467 -  [BaseBLDC] right target amplitude is -0.735720280752471
2023-07-05 21:53:35,467 -  [BaseBLDC] left target amplitude is 0.735720280752471
2023-07-05 21:53:35,575 -  [BaseBLDC] right stroke amp is -0.432350282727644
2023-07-05 21:53:35,575 -  [BaseBLDC] left stroke amp is 0.4323510483902168
2023-07-05 21:53:35,578 -  [BaseBLDC] right target amplitude is -0.763283782605585
2023-07-05 21:53:35,579 -  [BaseBLDC] left target amplitude is 0.763283782605585
2023-07-05 21:53:35,687 -  [BaseBLDC] right stroke amp is -0.46544359040741967
2023-07-05 21:53:35,687 -  [BaseBLDC] left stroke amp is 0.46544437483110046
2023-07-05 21:53:35,690 -  [BaseBLDC] right target amplitude is -0.789762685520621
2023-07-05 21:53:35,690 -  [BaseBLDC] left target amplitude is 0.789762685520621
2023-07-05 21:53:35,798 -  [BaseBLDC] right stroke amp is -0.4978754545014523
2023-07-05 21:53:35,798 -  [BaseBLDC] left stroke amp is 0.49787626281519803
2023-07-05 21:53:35,801 -  [BaseBLDC] right target amplitude is -0.815119363923624
2023-07-05 21:53:35,801 -  [BaseBLDC] left target amplitude is 0.815119363923624
2023-07-05 21:53:35,909 -  [BaseBLDC] right stroke amp is -0.529599797024224
2023-07-05 21:53:35,909 -  [BaseBLDC] left stroke amp is 0.5296006336019952
2023-07-05 21:53:35,912 -  [BaseBLDC] right target amplitude is -0.839317786881477
2023-07-05 21:53:35,912 -  [BaseBLDC] left target amplitude is 0.839317786881477
2023-07-05 21:53:36,021 -  [BaseBLDC] right stroke amp is -0.5605715447164228
2023-07-05 21:53:36,021 -  [BaseBLDC] left stroke amp is 0.560572413205223
2023-07-05 21:53:36,024 -  [BaseBLDC] right target amplitude is -0.862323569300577
2023-07-05 21:53:36,025 -  [BaseBLDC] left target amplitude is 0.862323569300577
2023-07-05 21:53:36,132 -  [BaseBLDC] right stroke amp is -0.5907466931501071
2023-07-05 21:53:36,132 -  [BaseBLDC] left stroke amp is 0.5907475965091107
2023-07-05 21:53:36,135 -  [BaseBLDC] right target amplitude is -0.884104020786821
2023-07-05 21:53:36,136 -  [BaseBLDC] left target amplitude is 0.884104020786821
2023-07-05 21:53:36,244 -  [BaseBLDC] right stroke amp is -0.6200823693152603
2023-07-05 21:53:36,244 -  [BaseBLDC] left stroke amp is 0.6200833098516232
2023-07-05 21:53:36,247 -  [BaseBLDC] right target amplitude is -0.904628192097506
2023-07-05 21:53:36,247 -  [BaseBLDC] left target amplitude is 0.904628192097506
2023-07-05 21:53:36,353 -  [BaseBLDC] right stroke amp is -0.6485368925920059
2023-07-05 21:53:36,353 -  [BaseBLDC] left stroke amp is 0.6485378719956775
2023-07-05 21:53:36,356 -  [BaseBLDC] right target amplitude is -0.923866919119089
2023-07-05 21:53:36,356 -  [BaseBLDC] left target amplitude is 0.923866919119089
2023-07-05 21:53:36,465 -  [BaseBLDC] right stroke amp is -0.6760698340220329
2023-07-05 21:53:36,465 -  [BaseBLDC] left stroke amp is 0.6760708534027255
2023-07-05 21:53:36,468 -  [BaseBLDC] right target amplitude is -0.941792864308365
2023-07-05 21:53:36,468 -  [BaseBLDC] left target amplitude is 0.941792864308365
2023-07-05 21:53:36,574 -  [BaseBLDC] right stroke amp is -0.7026420957333053
2023-07-05 21:53:36,574 -  [BaseBLDC] left stroke amp is 0.7026431062463024
2023-07-05 21:53:36,577 -  [BaseBLDC] right target amplitude is -0.958380555538140
2023-07-05 21:53:36,577 -  [BaseBLDC] left target amplitude is 0.958380555538140
2023-07-05 21:53:36,686 -  [BaseBLDC] right stroke amp is -0.7282158992162331
2023-07-05 21:53:36,686 -  [BaseBLDC] left stroke amp is 0.7282169043998833
2023-07-05 21:53:36,689 -  [BaseBLDC] right target amplitude is -0.973606422292221
2023-07-05 21:53:36,689 -  [BaseBLDC] left target amplitude is 0.973606422292221
2023-07-05 21:53:36,797 -  [BaseBLDC] right stroke amp is -0.752754907959484
2023-07-05 21:53:36,797 -  [BaseBLDC] left stroke amp is 0.7527559107419268
2023-07-05 21:53:36,800 -  [BaseBLDC] right target amplitude is -0.987448829158284
2023-07-05 21:53:36,800 -  [BaseBLDC] left target amplitude is 0.987448829158284
2023-07-05 21:53:36,908 -  [BaseBLDC] right stroke amp is -0.7762242555472508
2023-07-05 21:53:36,908 -  [BaseBLDC] left stroke amp is 0.7762252583401886
2023-07-05 21:53:36,911 -  [BaseBLDC] right target amplitude is -0.999888106571025
2023-07-05 21:53:36,911 -  [BaseBLDC] left target amplitude is 0.999888106571025
2023-07-05 21:53:37,019 -  [BaseBLDC] right stroke amp is -0.7985905952161458
2023-07-05 21:53:37,019 -  [BaseBLDC] left stroke amp is 0.7985916000405681
2023-07-05 21:53:37,022 -  [BaseBLDC] right target amplitude is -1.01090657876192
2023-07-05 21:53:37,022 -  [BaseBLDC] left target amplitude is 1.01090657876192
2023-07-05 21:53:37,131 -  [BaseBLDC] right stroke amp is -0.8198221472518841
2023-07-05 21:53:37,131 -  [BaseBLDC] left stroke amp is 0.8198231558914493
2023-07-05 21:53:37,134 -  [BaseBLDC] right target amplitude is -1.02048858887585
2023-07-05 21:53:37,135 -  [BaseBLDC] left target amplitude is 1.02048858887585
2023-07-05 21:53:37,243 -  [BaseBLDC] right stroke amp is -0.8398887441550186
2023-07-05 21:53:37,243 -  [BaseBLDC] left stroke amp is 0.8398897583409907
2023-07-05 21:53:37,246 -  [BaseBLDC] right target amplitude is -1.02862052121896
2023-07-05 21:53:37,246 -  [BaseBLDC] left target amplitude is 1.02862052121896
2023-07-05 21:53:37,354 -  [BaseBLDC] right stroke amp is -0.858761873513954
2023-07-05 21:53:37,354 -  [BaseBLDC] left stroke amp is 0.8587628951406492
2023-07-05 21:53:37,357 -  [BaseBLDC] right target amplitude is -1.03529082060606
2023-07-05 21:53:37,358 -  [BaseBLDC] left target amplitude is 1.03529082060606
2023-07-05 21:53:37,466 -  [BaseBLDC] right stroke amp is -0.8764147185284638
2023-07-05 21:53:37,466 -  [BaseBLDC] left stroke amp is 0.8764157498892541
2023-07-05 21:53:37,469 -  [BaseBLDC] right target amplitude is -1.04049000878015
2023-07-05 21:53:37,469 -  [BaseBLDC] left target amplitude is 1.04049000878015
2023-07-05 21:53:37,574 -  [BaseBLDC] right stroke amp is -0.8928221961326221
2023-07-05 21:53:37,574 -  [BaseBLDC] left stroke amp is 0.8928232401522771
2023-07-05 21:53:37,578 -  [BaseBLDC] right target amplitude is -1.04421069788067
2023-07-05 21:53:37,578 -  [BaseBLDC] left target amplitude is 1.04421069788067
2023-07-05 21:53:37,685 -  [BaseBLDC] right stroke amp is -0.9079609926722686
2023-07-05 21:53:37,685 -  [BaseBLDC] left stroke amp is 0.9079620530907921
2023-07-05 21:53:37,688 -  [BaseBLDC] right target amplitude is -1.04644760094138
2023-07-05 21:53:37,688 -  [BaseBLDC] left target amplitude is 1.04644760094138
2023-07-05 21:53:37,796 -  [BaseBLDC] right stroke amp is -0.9218095970978448
2023-07-05 21:53:37,796 -  [BaseBLDC] left stroke amp is 0.9218106785351727
2023-07-05 21:53:37,799 -  [BaseBLDC] right target amplitude is -1.04719753940300
2023-07-05 21:53:37,799 -  [BaseBLDC] left target amplitude is 1.04719753940300
2023-07-05 21:53:37,907 -  [BaseBLDC] right stroke amp is -0.9343483316358551
2023-07-05 21:53:37,908 -  [BaseBLDC] left stroke amp is 0.9343494394434334
2023-07-05 21:53:37,910 -  [BaseBLDC] right target amplitude is -1.04645944762976
2023-07-05 21:53:37,911 -  [BaseBLDC] left target amplitude is 1.04645944762976
2023-07-05 21:53:38,017 -  [BaseBLDC] right stroke amp is -0.9455594628714206
2023-07-05 21:53:38,017 -  [BaseBLDC] left stroke amp is 0.9455604402620664
2023-07-05 21:53:38,020 -  [BaseBLDC] right target amplitude is -1.04423437442371
2023-07-05 21:53:38,020 -  [BaseBLDC] left target amplitude is 1.04423437442371
2023-07-05 21:53:38,129 -  [BaseBLDC] right stroke amp is -0.9554269703566186
2023-07-05 21:53:38,129 -  [BaseBLDC] left stroke amp is 0.9554278336782311
2023-07-05 21:53:38,132 -  [BaseBLDC] right target amplitude is -1.04052548153434
2023-07-05 21:53:38,133 -  [BaseBLDC] left target amplitude is 1.04052548153434
2023-07-05 21:53:38,240 -  [BaseBLDC] right stroke amp is -0.9639368379777966
2023-07-05 21:53:38,240 -  [BaseBLDC] left stroke amp is 0.9639375984638422
2023-07-05 21:53:38,243 -  [BaseBLDC] right target amplitude is -1.03533803916588
2023-07-05 21:53:38,243 -  [BaseBLDC] left target amplitude is 1.03533803916588
2023-07-05 21:53:38,352 -  [BaseBLDC] right stroke amp is -0.9710769747502134
2023-07-05 21:53:38,352 -  [BaseBLDC] left stroke amp is 0.9710776425340459
2023-07-05 21:53:38,355 -  [BaseBLDC] right target amplitude is -1.02867941848852
2023-07-05 21:53:38,355 -  [BaseBLDC] left target amplitude is 1.02867941848852
2023-07-05 21:53:38,464 -  [BaseBLDC] right stroke amp is -0.9768372359037024
2023-07-05 21:53:38,464 -  [BaseBLDC] left stroke amp is 0.9768378201294928
2023-07-05 21:53:38,467 -  [BaseBLDC] right target amplitude is -1.02055908116423
2023-07-05 21:53:38,467 -  [BaseBLDC] left target amplitude is 1.02055908116423
2023-07-05 21:53:38,575 -  [BaseBLDC] right stroke amp is -0.9812094373111196
2023-07-05 21:53:38,575 -  [BaseBLDC] left stroke amp is 0.9812099462329664
2023-07-05 21:53:38,578 -  [BaseBLDC] right target amplitude is -1.01098856590210
2023-07-05 21:53:38,578 -  [BaseBLDC] left target amplitude is 1.01098856590210
2023-07-05 21:53:38,687 -  [BaseBLDC] right stroke amp is -0.9841873671287891
2023-07-05 21:53:38,687 -  [BaseBLDC] left stroke amp is 0.9841878081998799
2023-07-05 21:53:38,690 -  [BaseBLDC] right target amplitude is -0.999981472062218
2023-07-05 21:53:38,691 -  [BaseBLDC] left target amplitude is 0.999981472062218
2023-07-05 21:53:38,799 -  [BaseBLDC] right stroke amp is -0.985766794633294
2023-07-05 21:53:38,799 -  [BaseBLDC] left stroke amp is 0.9857671745861137
2023-07-05 21:53:38,802 -  [BaseBLDC] right target amplitude is -0.987553440331459
2023-07-05 21:53:38,802 -  [BaseBLDC] left target amplitude is 0.987553440331459
2023-07-05 21:53:38,910 -  [BaseBLDC] right stroke amp is -0.9859454762421679
2023-07-05 21:53:38,910 -  [BaseBLDC] left stroke amp is 0.9859458011606482
2023-07-05 21:53:38,913 -  [BaseBLDC] right target amplitude is -0.973722130498641
2023-07-05 21:53:38,913 -  [BaseBLDC] left target amplitude is 0.973722130498641
2023-07-05 21:53:39,022 -  [BaseBLDC] right stroke amp is -0.9847231587100301
2023-07-05 21:53:39,022 -  [BaseBLDC] left stroke amp is 0.9847234340944475
2023-07-05 21:53:39,025 -  [BaseBLDC] right target amplitude is -0.958507196360580
2023-07-05 21:53:39,025 -  [BaseBLDC] left target amplitude is 0.958507196360580
2023-07-05 21:53:39,133 -  [BaseBLDC] right stroke amp is -0.9821015794957141
2023-07-05 21:53:39,133 -  [BaseBLDC] left stroke amp is 0.9821018103210608
2023-07-05 21:53:39,136 -  [BaseBLDC] right target amplitude is -0.941930257794745
2023-07-05 21:53:39,136 -  [BaseBLDC] left target amplitude is 0.941930257794745
2023-07-05 21:53:39,242 -  [BaseBLDC] right stroke amp is -0.9780844642999479
2023-07-05 21:53:39,242 -  [BaseBLDC] left stroke amp is 0.9780846550684292
2023-07-05 21:53:39,245 -  [BaseBLDC] right target amplitude is -0.924014870038177
2023-07-05 21:53:39,245 -  [BaseBLDC] left target amplitude is 0.924014870038177
2023-07-05 21:53:39,354 -  [BaseBLDC] right stroke amp is -0.9726775217771594
2023-07-05 21:53:39,354 -  [BaseBLDC] left stroke amp is 0.9726776765654039
2023-07-05 21:53:39,357 -  [BaseBLDC] right target amplitude is -0.904786490216334
2023-07-05 21:53:39,358 -  [BaseBLDC] left target amplitude is 0.904786490216334
2023-07-05 21:53:39,463 -  [BaseBLDC] right stroke amp is -0.9658884354289846
2023-07-05 21:53:39,463 -  [BaseBLDC] left stroke amp is 0.965888557930497
2023-07-05 21:53:39,466 -  [BaseBLDC] right target amplitude is -0.884272441169424
2023-07-05 21:53:39,466 -  [BaseBLDC] left target amplitude is 0.884272441169424
2023-07-05 21:53:39,574 -  [BaseBLDC] right stroke amp is -0.9577268526910591
2023-07-05 21:53:39,574 -  [BaseBLDC] left stroke amp is 0.9577269462543897
2023-07-05 21:53:39,578 -  [BaseBLDC] right target amplitude is -0.862501872627612
2023-07-05 21:53:39,578 -  [BaseBLDC] left target amplitude is 0.862501872627612
2023-07-05 21:53:39,686 -  [BaseBLDC] right stroke amp is -0.9482043712286505
2023-07-05 21:53:39,686 -  [BaseBLDC] left stroke amp is 0.9482044388917119
2023-07-05 21:53:39,689 -  [BaseBLDC] right target amplitude is -0.839505719790295
2023-07-05 21:53:39,689 -  [BaseBLDC] left target amplitude is 0.839505719790295
2023-07-05 21:53:39,797 -  [BaseBLDC] right stroke amp is -0.9373345224606565
2023-07-05 21:53:39,797 -  [BaseBLDC] left stroke amp is 0.9373345669815702
2023-07-05 21:53:39,800 -  [BaseBLDC] right target amplitude is -0.815316659368281
2023-07-05 21:53:39,800 -  [BaseBLDC] left target amplitude is 0.815316659368281
2023-07-05 21:53:39,907 -  [BaseBLDC] right stroke amp is -0.9251327523354197
2023-07-05 21:53:39,907 -  [BaseBLDC] left stroke amp is 0.9251327762202414
2023-07-05 21:53:39,910 -  [BaseBLDC] right target amplitude is -0.789969063151347
2023-07-05 21:53:39,910 -  [BaseBLDC] left target amplitude is 0.789969063151347
2023-07-05 21:53:40,019 -  [BaseBLDC] right stroke amp is -0.9116163993857176
2023-07-05 21:53:40,019 -  [BaseBLDC] left stroke amp is 0.9116164049133519
2023-07-05 21:53:40,022 -  [BaseBLDC] right target amplitude is -0.763498949167147
2023-07-05 21:53:40,022 -  [BaseBLDC] left target amplitude is 0.763498949167147
2023-07-05 21:53:40,131 -  [BaseBLDC] right stroke amp is -0.8968046700941443
2023-07-05 21:53:40,131 -  [BaseBLDC] left stroke amp is 0.8968046593387314
2023-07-05 21:53:40,135 -  [BaseBLDC] right target amplitude is -0.735943930500882
2023-07-05 21:53:40,135 -  [BaseBLDC] left target amplitude is 0.735943930500882
2023-07-05 21:53:40,241 -  [BaseBLDC] right stroke amp is -0.8807186116039208
2023-07-05 21:53:40,241 -  [BaseBLDC] left stroke amp is 0.8807185864549465
2023-07-05 21:53:40,244 -  [BaseBLDC] right target amplitude is -0.707343161848439
2023-07-05 21:53:40,244 -  [BaseBLDC] left target amplitude is 0.707343161848439
2023-07-05 21:53:40,353 -  [BaseBLDC] right stroke amp is -0.8633810818139381
2023-07-05 21:53:40,353 -  [BaseBLDC] left stroke amp is 0.8633810439942957
2023-07-05 21:53:40,356 -  [BaseBLDC] right target amplitude is -0.677737283878971
2023-07-05 21:53:40,356 -  [BaseBLDC] left target amplitude is 0.677737283878971
2023-07-05 21:53:40,463 -  [BaseBLDC] right stroke amp is -0.8448167246121457
2023-07-05 21:53:40,463 -  [BaseBLDC] left stroke amp is 0.8448166679827632
2023-07-05 21:53:40,466 -  [BaseBLDC] right target amplitude is -0.647168365485951
2023-07-05 21:53:40,466 -  [BaseBLDC] left target amplitude is 0.647168365485951
2023-07-05 21:53:40,573 -  [BaseBLDC] right stroke amp is -0.8250519107974927
2023-07-05 21:53:40,573 -  [BaseBLDC] left stroke amp is 0.825051837733082
2023-07-05 21:53:40,576 -  [BaseBLDC] right target amplitude is -0.615679844008779
2023-07-05 21:53:40,576 -  [BaseBLDC] left target amplitude is 0.615679844008779
2023-07-05 21:53:40,685 -  [BaseBLDC] right stroke amp is -0.8041147256887594
2023-07-05 21:53:40,686 -  [BaseBLDC] left stroke amp is 0.8041146383606517
2023-07-05 21:53:40,689 -  [BaseBLDC] right target amplitude is -0.583316463509870
2023-07-05 21:53:40,689 -  [BaseBLDC] left target amplitude is 0.583316463509870
2023-07-05 21:53:40,796 -  [BaseBLDC] right stroke amp is -0.7820349204822556
2023-07-05 21:53:40,796 -  [BaseBLDC] left stroke amp is 0.7820348208755734
2023-07-05 21:53:40,799 -  [BaseBLDC] right target amplitude is -0.550124211194944
2023-07-05 21:53:40,799 -  [BaseBLDC] left target amplitude is 0.550124211194944
2023-07-05 21:53:40,907 -  [BaseBLDC] right stroke amp is -0.7588438699761085
2023-07-05 21:53:40,907 -  [BaseBLDC] left stroke amp is 0.7588437599075105
2023-07-05 21:53:40,910 -  [BaseBLDC] right target amplitude is -0.516150252066850
2023-07-05 21:53:40,911 -  [BaseBLDC] left target amplitude is 0.516150252066850
2023-07-05 21:53:41,018 -  [BaseBLDC] right stroke amp is -0.7345745279898437
2023-07-05 21:53:41,018 -  [BaseBLDC] left stroke amp is 0.7345744091234444
2023-07-05 21:53:41,021 -  [BaseBLDC] right target amplitude is -0.481442861905778
2023-07-05 21:53:41,021 -  [BaseBLDC] left target amplitude is 0.481442861905778
2023-07-05 21:53:41,130 -  [BaseBLDC] right stroke amp is -0.7092613805400291
2023-07-05 21:53:41,130 -  [BaseBLDC] left stroke amp is 0.7092612544016778
2023-07-05 21:53:41,133 -  [BaseBLDC] right target amplitude is -0.446051358671113
2023-07-05 21:53:41,133 -  [BaseBLDC] left target amplitude is 0.446051358671113
2023-07-05 21:53:41,241 -  [BaseBLDC] right stroke amp is -0.6829403968385382
2023-07-05 21:53:41,241 -  [BaseBLDC] left stroke amp is 0.6829402648286212
2023-07-05 21:53:41,244 -  [BaseBLDC] right target amplitude is -0.410026032422368
2023-07-05 21:53:41,244 -  [BaseBLDC] left target amplitude is 0.410026032422368
2023-07-05 21:53:41,353 -  [BaseBLDC] right stroke amp is -0.6556489781830793
2023-07-05 21:53:41,353 -  [BaseBLDC] left stroke amp is 0.6556488415879959
2023-07-05 21:53:41,356 -  [BaseBLDC] right target amplitude is -0.373418073858819
2023-07-05 21:53:41,356 -  [BaseBLDC] left target amplitude is 0.373418073858819
2023-07-05 21:53:41,464 -  [BaseBLDC] right stroke amp is -0.6274259048126322
2023-07-05 21:53:41,464 -  [BaseBLDC] left stroke amp is 0.6274257648150782
2023-07-05 21:53:41,467 -  [BaseBLDC] right target amplitude is -0.336279501579354
2023-07-05 21:53:41,467 -  [BaseBLDC] left target amplitude is 0.336279501579354
2023-07-05 21:53:41,575 -  [BaseBLDC] right stroke amp is -0.5983112808033254
2023-07-05 21:53:41,575 -  [BaseBLDC] left stroke amp is 0.5983111384915057
2023-07-05 21:53:41,578 -  [BaseBLDC] right target amplitude is -0.298663088165907
2023-07-05 21:53:41,578 -  [BaseBLDC] left target amplitude is 0.298663088165907
2023-07-05 21:53:41,686 -  [BaseBLDC] right stroke amp is -0.5683464770830676
2023-07-05 21:53:41,686 -  [BaseBLDC] left stroke amp is 0.5683463334589459
2023-07-05 21:53:41,689 -  [BaseBLDC] right target amplitude is -0.260622285195512
2023-07-05 21:53:41,689 -  [BaseBLDC] left target amplitude is 0.260622285195512
2023-07-05 21:53:41,796 -  [BaseBLDC] right stroke amp is -0.5375740802970072
2023-07-05 21:53:41,796 -  [BaseBLDC] left stroke amp is 0.5375739286326024
2023-07-05 21:53:41,799 -  [BaseBLDC] right target amplitude is -0.222211147287525
2023-07-05 21:53:41,799 -  [BaseBLDC] left target amplitude is 0.222211147287525
2023-07-05 21:53:41,907 -  [BaseBLDC] right stroke amp is -0.5060378081695871
2023-07-05 21:53:41,907 -  [BaseBLDC] left stroke amp is 0.5060376504980947
2023-07-05 21:53:41,910 -  [BaseBLDC] right target amplitude is -0.183484255293956
2023-07-05 21:53:41,910 -  [BaseBLDC] left target amplitude is 0.183484255293956
2023-07-05 21:53:42,018 -  [BaseBLDC] right stroke amp is -0.47378247279424757
2023-07-05 21:53:42,018 -  [BaseBLDC] left stroke amp is 0.4737823109776808
2023-07-05 21:53:42,021 -  [BaseBLDC] right target amplitude is -0.144496638742031
2023-07-05 21:53:42,021 -  [BaseBLDC] left target amplitude is 0.144496638742031
2023-07-05 21:53:42,129 -  [BaseBLDC] right stroke amp is -0.440853908013454
2023-07-05 21:53:42,129 -  [BaseBLDC] left stroke amp is 0.44085374375411585
2023-07-05 21:53:42,132 -  [BaseBLDC] right target amplitude is -0.105303697639215
2023-07-05 21:53:42,133 -  [BaseBLDC] left target amplitude is 0.105303697639215
2023-07-05 21:53:42,239 -  [BaseBLDC] right stroke amp is -0.407298904288237
2023-07-05 21:53:42,240 -  [BaseBLDC] left stroke amp is 0.40729873914262577
2023-07-05 21:53:42,242 -  [BaseBLDC] right target amplitude is -0.0659611237517845
2023-07-05 21:53:42,243 -  [BaseBLDC] left target amplitude is 0.0659611237517845
2023-07-05 21:53:42,351 -  [BaseBLDC] right stroke amp is -0.37316514221224895
2023-07-05 21:53:42,351 -  [BaseBLDC] left stroke amp is 0.3731649776035416
2023-07-05 21:53:42,354 -  [BaseBLDC] right target amplitude is -0.0265248214688306
2023-07-05 21:53:42,354 -  [BaseBLDC] left target amplitude is 0.0265248214688306
2023-07-05 21:53:42,461 -  [BaseBLDC] right stroke amp is -0.33850113234906853
2023-07-05 21:53:42,461 -  [BaseBLDC] left stroke amp is 0.3385009619900705
2023-07-05 21:53:42,464 -  [BaseBLDC] right target amplitude is 0.0131587071017506
2023-07-05 21:53:42,464 -  [BaseBLDC] left target amplitude is -0.0131587071017506
2023-07-05 21:53:42,572 -  [BaseBLDC] right stroke amp is -0.3033351694134196
2023-07-05 21:53:42,572 -  [BaseBLDC] left stroke amp is 0.3033349950808884
2023-07-05 21:53:42,575 -  [BaseBLDC] right target amplitude is 0.0526140525752570
2023-07-05 21:53:42,575 -  [BaseBLDC] left target amplitude is -0.0526140525752570
2023-07-05 21:53:42,684 -  [BaseBLDC] right stroke amp is -0.2677402651481279
2023-07-05 21:53:42,684 -  [BaseBLDC] left stroke amp is 0.26774009031527385
2023-07-05 21:53:42,687 -  [BaseBLDC] right target amplitude is 0.0919946353635739
2023-07-05 21:53:42,687 -  [BaseBLDC] left target amplitude is -0.0919946353635739
2023-07-05 21:53:42,796 -  [BaseBLDC] right stroke amp is -0.23176679090679916
2023-07-05 21:53:42,796 -  [BaseBLDC] left stroke amp is 0.23176661774738908
2023-07-05 21:53:42,799 -  [BaseBLDC] right target amplitude is 0.131244497068329
2023-07-05 21:53:42,799 -  [BaseBLDC] left target amplitude is -0.131244497068329
2023-07-05 21:53:42,907 -  [BaseBLDC] right stroke amp is -0.1954656828723862
2023-07-05 21:53:42,907 -  [BaseBLDC] left stroke amp is 0.19546550626581727
2023-07-05 21:53:42,910 -  [BaseBLDC] right target amplitude is 0.170307865041111
2023-07-05 21:53:42,910 -  [BaseBLDC] left target amplitude is -0.170307865041111
2023-07-05 21:53:43,018 -  [BaseBLDC] right stroke amp is -0.1588883455741291
2023-07-05 21:53:43,018 -  [BaseBLDC] left stroke amp is 0.15888816913512444
2023-07-05 21:53:43,021 -  [BaseBLDC] right target amplitude is 0.209129231634409
2023-07-05 21:53:43,021 -  [BaseBLDC] left target amplitude is -0.209129231634409
2023-07-05 21:53:43,130 -  [BaseBLDC] right stroke amp is -0.12208660941851131
2023-07-05 21:53:43,130 -  [BaseBLDC] left stroke amp is 0.12208642905817105
2023-07-05 21:53:43,133 -  [BaseBLDC] right target amplitude is 0.247653433075983
2023-07-05 21:53:43,133 -  [BaseBLDC] left target amplitude is -0.247653433075983
2023-07-05 21:53:43,241 -  [BaseBLDC] right stroke amp is -0.08511262171311876
2023-07-05 21:53:43,241 -  [BaseBLDC] left stroke amp is 0.08511244284475565
2023-07-05 21:53:43,244 -  [BaseBLDC] right target amplitude is 0.285825727854600
2023-07-05 21:53:43,244 -  [BaseBLDC] left target amplitude is -0.285825727854600
2023-07-05 21:53:43,353 -  [BaseBLDC] right stroke amp is -0.04801880421589413
2023-07-05 21:53:43,353 -  [BaseBLDC] left stroke amp is 0.04801862577482006
2023-07-05 21:53:43,356 -  [BaseBLDC] right target amplitude is 0.323591874505766
2023-07-05 21:53:43,356 -  [BaseBLDC] left target amplitude is -0.323591874505766
2023-07-05 21:53:43,465 -  [BaseBLDC] right stroke amp is -0.010857758923862378
2023-07-05 21:53:43,465 -  [BaseBLDC] left stroke amp is 0.01085757574676146
2023-07-05 21:53:43,468 -  [BaseBLDC] right target amplitude is 0.360898208686889
2023-07-05 21:53:43,468 -  [BaseBLDC] left target amplitude is -0.360898208686889
2023-07-05 21:53:43,576 -  [BaseBLDC] right stroke amp is 0.02631782077519531
2023-07-05 21:53:43,577 -  [BaseBLDC] left stroke amp is -0.026318002696603546
2023-07-05 21:53:43,579 -  [BaseBLDC] right target amplitude is 0.397691719432395
2023-07-05 21:53:43,580 -  [BaseBLDC] left target amplitude is -0.397691719432395
2023-07-05 21:53:43,688 -  [BaseBLDC] right stroke amp is 0.0634552302473457
2023-07-05 21:53:43,688 -  [BaseBLDC] left stroke amp is -0.06345537437018273
2023-07-05 21:53:43,691 -  [BaseBLDC] right target amplitude is 0.433920124480408
2023-07-05 21:53:43,691 -  [BaseBLDC] left target amplitude is -0.433920124480408
2023-07-05 21:53:43,799 -  [BaseBLDC] right stroke amp is 0.10050173995349443
2023-07-05 21:53:43,799 -  [BaseBLDC] left stroke amp is -0.10050184938120528
2023-07-05 21:53:43,802 -  [BaseBLDC] right target amplitude is 0.469531944563964
2023-07-05 21:53:43,802 -  [BaseBLDC] left target amplitude is -0.469531944563964
2023-07-05 21:53:43,910 -  [BaseBLDC] right stroke amp is 0.13740470632048385
2023-07-05 21:53:43,910 -  [BaseBLDC] left stroke amp is -0.13740492666398746
2023-07-05 21:53:43,913 -  [BaseBLDC] right target amplitude is 0.504476576561210
2023-07-05 21:53:43,913 -  [BaseBLDC] left target amplitude is -0.504476576561210
2023-07-05 21:53:44,022 -  [BaseBLDC] right stroke amp is 0.174111845406478
2023-07-05 21:53:44,022 -  [BaseBLDC] left stroke amp is -0.17411215170678543
2023-07-05 21:53:44,025 -  [BaseBLDC] right target amplitude is 0.538704365400627
2023-07-05 21:53:44,025 -  [BaseBLDC] left target amplitude is -0.538704365400627
2023-07-05 21:53:44,133 -  [BaseBLDC] right stroke amp is 0.2105710368192469
2023-07-05 21:53:44,133 -  [BaseBLDC] left stroke amp is -0.2105714489751069
2023-07-05 21:53:44,136 -  [BaseBLDC] right target amplitude is 0.572166674619105
2023-07-05 21:53:44,137 -  [BaseBLDC] left target amplitude is -0.572166674619105
2023-07-05 21:53:44,244 -  [BaseBLDC] right stroke amp is 0.24673055272245656
2023-07-05 21:53:44,244 -  [BaseBLDC] left stroke amp is -0.24673103151714249
2023-07-05 21:53:44,247 -  [BaseBLDC] right target amplitude is 0.604815955472624
2023-07-05 21:53:44,247 -  [BaseBLDC] left target amplitude is -0.604815955472624
2023-07-05 21:53:44,355 -  [BaseBLDC] right stroke amp is 0.2825390369822418
2023-07-05 21:53:44,355 -  [BaseBLDC] left stroke amp is -0.28253959408680834
2023-07-05 21:53:44,358 -  [BaseBLDC] right target amplitude is 0.636605814501312
2023-07-05 21:53:44,358 -  [BaseBLDC] left target amplitude is -0.636605814501312
2023-07-05 21:53:44,466 -  [BaseBLDC] right stroke amp is 0.317945672809939
2023-07-05 21:53:44,466 -  [BaseBLDC] left stroke amp is -0.31794626865034775
2023-07-05 21:53:44,469 -  [BaseBLDC] right target amplitude is 0.667491079452894
2023-07-05 21:53:44,470 -  [BaseBLDC] left target amplitude is -0.667491079452894
2023-07-05 21:53:44,578 -  [BaseBLDC] right stroke amp is 0.35290016636589183
2023-07-05 21:53:44,578 -  [BaseBLDC] left stroke amp is -0.3529008087480288
2023-07-05 21:53:44,581 -  [BaseBLDC] right target amplitude is 0.697427863470851
2023-07-05 21:53:44,581 -  [BaseBLDC] left target amplitude is -0.697427863470851
2023-07-05 21:53:44,690 -  [BaseBLDC] right stroke amp is 0.3873528838679581
2023-07-05 21:53:44,690 -  [BaseBLDC] left stroke amp is -0.38735357962767036
2023-07-05 21:53:44,693 -  [BaseBLDC] right target amplitude is 0.726373627456076
2023-07-05 21:53:44,694 -  [BaseBLDC] left target amplitude is -0.726373627456076
2023-07-05 21:53:44,801 -  [BaseBLDC] right stroke amp is 0.42125490102880353
2023-07-05 21:53:44,801 -  [BaseBLDC] left stroke amp is -0.4212556560689736
2023-07-05 21:53:44,804 -  [BaseBLDC] right target amplitude is 0.754287240513408
2023-07-05 21:53:44,804 -  [BaseBLDC] left target amplitude is -0.754287240513408
2023-07-05 21:53:44,913 -  [BaseBLDC] right stroke amp is 0.4545580729189091
2023-07-05 21:53:44,913 -  [BaseBLDC] left stroke amp is -0.45455889226059476
2023-07-05 21:53:44,916 -  [BaseBLDC] right target amplitude is 0.781129038397177
2023-07-05 21:53:44,916 -  [BaseBLDC] left target amplitude is -0.781129038397177
2023-07-05 21:53:45,024 -  [BaseBLDC] right stroke amp is 0.487215125799333
2023-07-05 21:53:45,024 -  [BaseBLDC] left stroke amp is -0.4872159615802579
2023-07-05 21:53:45,027 -  [BaseBLDC] right target amplitude is 0.806860879872677
2023-07-05 21:53:45,027 -  [BaseBLDC] left target amplitude is -0.806860879872677
2023-07-05 21:53:45,136 -  [BaseBLDC] right stroke amp is 0.5191796545842454
2023-07-05 21:53:45,137 -  [BaseBLDC] left stroke amp is -0.5191805118159484
2023-07-05 21:53:45,140 -  [BaseBLDC] right target amplitude is 0.831446200913500
2023-07-05 21:53:45,141 -  [BaseBLDC] left target amplitude is -0.831446200913500
2023-07-05 21:53:45,247 -  [BaseBLDC] right stroke amp is 0.5504062597603221
2023-07-05 21:53:45,247 -  [BaseBLDC] left stroke amp is -0.5504071426805341
2023-07-05 21:53:45,250 -  [BaseBLDC] right target amplitude is 0.854850066657721
2023-07-05 21:53:45,250 -  [BaseBLDC] left target amplitude is -0.854850066657721
2023-07-05 21:53:45,358 -  [BaseBLDC] right stroke amp is 0.5808505882995801
2023-07-05 21:53:45,358 -  [BaseBLDC] left stroke amp is -0.580851500403902
2023-07-05 21:53:45,361 -  [BaseBLDC] right target amplitude is 0.877039221049086
2023-07-05 21:53:45,361 -  [BaseBLDC] left target amplitude is -0.877039221049086
2023-07-05 21:53:45,470 -  [BaseBLDC] right stroke amp is 0.6104693968836228
2023-07-05 21:53:45,470 -  [BaseBLDC] left stroke amp is -0.6104703409716098
2023-07-05 21:53:45,474 -  [BaseBLDC] right target amplitude is 0.897982134092689
2023-07-05 21:53:45,474 -  [BaseBLDC] left target amplitude is -0.897982134092689
2023-07-05 21:53:45,580 -  [BaseBLDC] right stroke amp is 0.6392206135363733
2023-07-05 21:53:45,580 -  [BaseBLDC] left stroke amp is -0.6392215917585677
2023-07-05 21:53:45,583 -  [BaseBLDC] right target amplitude is 0.917649046657974
2023-07-05 21:53:45,583 -  [BaseBLDC] left target amplitude is -0.917649046657974
2023-07-05 21:53:45,691 -  [BaseBLDC] right stroke amp is 0.6670633975720477
2023-07-05 21:53:45,691 -  [BaseBLDC] left stroke amp is -0.6670644114819237
2023-07-05 21:53:45,694 -  [BaseBLDC] right target amplitude is 0.936012012765399
2023-07-05 21:53:45,694 -  [BaseBLDC] left target amplitude is -0.936012012765399
2023-07-05 21:53:45,803 -  [BaseBLDC] right stroke amp is 0.6939581977745264
2023-07-05 21:53:45,803 -  [BaseBLDC] left stroke amp is -0.6939592483904609
2023-07-05 21:53:45,806 -  [BaseBLDC] right target amplitude is 0.953044939296682
2023-07-05 21:53:45,807 -  [BaseBLDC] left target amplitude is -0.953044939296682
2023-07-05 21:53:45,913 -  [BaseBLDC] right stroke amp is 0.7198668087265603
2023-07-05 21:53:45,913 -  [BaseBLDC] left stroke amp is -0.719867896610203
2023-07-05 21:53:45,916 -  [BaseBLDC] right target amplitude is 0.968723623072194
2023-07-05 21:53:45,916 -  [BaseBLDC] left target amplitude is -0.968723623072194
2023-07-05 21:53:46,024 -  [BaseBLDC] right stroke amp is 0.7447524478168437
2023-07-05 21:53:46,024 -  [BaseBLDC] left stroke amp is -0.7447535222667458
2023-07-05 21:53:46,027 -  [BaseBLDC] right target amplitude is 0.983025785242819
2023-07-05 21:53:46,027 -  [BaseBLDC] left target amplitude is -0.983025785242819
