2023-07-05 21:28:12,939 -  [BaseWing] the length is 0.10559576566307186
2023-07-05 21:28:12,939 -  [BaseWing] the chord of root is 0.013679980005579979
2023-07-05 21:28:12,940 -  [BaseWing] the chord of tip is 0.009028786803682786
2023-07-05 21:28:12,940 -  [BaseWing] the length is 0.10559576566307186
2023-07-05 21:28:12,940 -  [BaseWing] the chord of root is 0.013679980005579979
2023-07-05 21:28:12,940 -  [BaseWing] the chord of tip is 0.009028786803682786
2023-07-05 21:28:13,078 -  [BaseBLDC] right target amplitude is 1.04719755119660
2023-07-05 21:28:13,078 -  [BaseBLDC] left target amplitude is 1.04719755119660
2023-07-05 21:28:13,180 -  [BaseBLDC] right stroke amp is -3.3038868168966635e-08
2023-07-05 21:28:13,181 -  [BaseBLDC] left stroke amp is -3.918072513695483e-08
2023-07-05 21:28:13,188 -  [BaseBLDC] right target amplitude is 1.04645353607079
2023-07-05 21:28:13,189 -  [BaseBLDC] left target amplitude is 1.04645353607079
2023-07-05 21:28:13,291 -  [BaseBLDC] right stroke amp is -3.925415977813537e-08
2023-07-05 21:28:13,291 -  [BaseBLDC] left stroke amp is -4.5490734291740357e-08
2023-07-05 21:28:13,294 -  [BaseBLDC] right target amplitude is 1.04422254791229
2023-07-05 21:28:13,294 -  [BaseBLDC] left target amplitude is 1.04422254791229
2023-07-05 21:28:13,401 -  [BaseBLDC] right stroke amp is -3.6173961755448914e-08
2023-07-05 21:28:13,402 -  [BaseBLDC] left stroke amp is -4.159633103420946e-08
2023-07-05 21:28:13,404 -  [BaseBLDC] right target amplitude is 1.04050775687551
2023-07-05 21:28:13,405 -  [BaseBLDC] left target amplitude is 1.04050775687551
2023-07-05 21:28:13,513 -  [BaseBLDC] right stroke amp is -3.0702472251662036e-08
2023-07-05 21:28:13,513 -  [BaseBLDC] left stroke amp is -3.5197151514846775e-08
2023-07-05 21:28:13,516 -  [BaseBLDC] right target amplitude is 1.03531444154575
2023-07-05 21:28:13,516 -  [BaseBLDC] left target amplitude is 1.03531444154575
2023-07-05 21:28:13,624 -  [BaseBLDC] right stroke amp is -2.5213117188775635e-08
2023-07-05 21:28:13,625 -  [BaseBLDC] left stroke amp is -2.8866437064030177e-08
2023-07-05 21:28:13,628 -  [BaseBLDC] right target amplitude is 1.02864998143846
2023-07-05 21:28:13,628 -  [BaseBLDC] left target amplitude is 1.02864998143846
2023-07-05 21:28:13,735 -  [BaseBLDC] right stroke amp is -2.0410910020975118e-08
2023-07-05 21:28:13,735 -  [BaseBLDC] left stroke amp is -2.3354696657880864e-08
2023-07-05 21:28:13,738 -  [BaseBLDC] right target amplitude is 1.02052384651324
2023-07-05 21:28:13,738 -  [BaseBLDC] left target amplitude is 1.02052384651324
2023-07-05 21:28:13,846 -  [BaseBLDC] right stroke amp is -1.641749267057704e-08
2023-07-05 21:28:13,846 -  [BaseBLDC] left stroke amp is -1.8780233298432016e-08
2023-07-05 21:28:13,849 -  [BaseBLDC] right target amplitude is 1.01094758371736
2023-07-05 21:28:13,849 -  [BaseBLDC] left target amplitude is 1.01094758371736
2023-07-05 21:28:13,958 -  [BaseBLDC] right stroke amp is -1.3166764541657167e-08
2023-07-05 21:28:13,958 -  [BaseBLDC] left stroke amp is -1.5059737680452436e-08
2023-07-05 21:28:13,961 -  [BaseBLDC] right target amplitude is 0.999934800577948
2023-07-05 21:28:13,961 -  [BaseBLDC] left target amplitude is 0.999934800577948
2023-07-05 21:28:14,070 -  [BaseBLDC] right stroke amp is -1.0545506159262612e-08
2023-07-05 21:28:14,071 -  [BaseBLDC] left stroke amp is -1.2060864011736711e-08
2023-07-05 21:28:14,073 -  [BaseBLDC] right target amplitude is 0.987501145866170
2023-07-05 21:28:14,073 -  [BaseBLDC] left target amplitude is 0.987501145866170
2023-07-05 21:28:14,182 -  [BaseBLDC] right stroke amp is -8.440863797405158e-09
2023-07-05 21:28:14,182 -  [BaseBLDC] left stroke amp is -9.653480025498585e-09
2023-07-05 21:28:14,186 -  [BaseBLDC] right target amplitude is 0.973664287360898
2023-07-05 21:28:14,186 -  [BaseBLDC] left target amplitude is 0.973664287360898
2023-07-05 21:28:14,293 -  [BaseBLDC] right stroke amp is -6.754329065691012e-09
2023-07-05 21:28:14,293 -  [BaseBLDC] left stroke amp is -7.724525106383752e-09
2023-07-05 21:28:14,296 -  [BaseBLDC] right target amplitude is 0.958443886743414
2023-07-05 21:28:14,296 -  [BaseBLDC] left target amplitude is 0.958443886743414
2023-07-05 21:28:14,404 -  [BaseBLDC] right stroke amp is -7.195439776085347e-09
2023-07-05 21:28:14,405 -  [BaseBLDC] left stroke amp is -7.724525106383752e-09
2023-07-05 21:28:14,407 -  [BaseBLDC] right target amplitude is 0.941861571658857
2023-07-05 21:28:14,407 -  [BaseBLDC] left target amplitude is 0.941861571658857
2023-07-05 21:28:14,515 -  [BaseBLDC] right stroke amp is -7.932142918711463e-09
2023-07-05 21:28:14,515 -  [BaseBLDC] left stroke amp is -7.724525106383752e-09
2023-07-05 21:28:14,519 -  [BaseBLDC] right target amplitude is 0.923940904984112
2023-07-05 21:28:14,520 -  [BaseBLDC] left target amplitude is 0.923940904984112
2023-07-05 21:28:14,626 -  [BaseBLDC] right stroke amp is -8.746068481395292e-09
2023-07-05 21:28:14,626 -  [BaseBLDC] left stroke amp is -7.724525106383752e-09
2023-07-05 21:28:14,629 -  [BaseBLDC] right target amplitude is 0.904707351345790
2023-07-05 21:28:14,629 -  [BaseBLDC] left target amplitude is 0.904707351345790
2023-07-05 21:28:14,737 -  [BaseBLDC] right stroke amp is -9.54478089559176e-09
2023-07-05 21:28:14,737 -  [BaseBLDC] left stroke amp is -7.724525106383752e-09
2023-07-05 21:28:14,740 -  [BaseBLDC] right target amplitude is 0.884188240935905
2023-07-05 21:28:14,741 -  [BaseBLDC] left target amplitude is 0.884188240935905
2023-07-05 21:28:14,849 -  [BaseBLDC] right stroke amp is -7.224745911396478e-09
2023-07-05 21:28:14,849 -  [BaseBLDC] left stroke amp is -5.084498084249956e-09
2023-07-05 21:28:14,852 -  [BaseBLDC] right target amplitude is 0.862412730676639
2023-07-05 21:28:14,852 -  [BaseBLDC] left target amplitude is 0.862412730676639
2023-07-05 21:28:14,960 -  [BaseBLDC] right stroke amp is -5.3598980093872164e-09
2023-07-05 21:28:14,960 -  [BaseBLDC] left stroke amp is -3.7084024953994697e-09
2023-07-05 21:28:14,963 -  [BaseBLDC] right target amplitude is 0.839411762789393
2023-07-05 21:28:14,963 -  [BaseBLDC] left target amplitude is 0.839411762789393
2023-07-05 21:28:15,072 -  [BaseBLDC] right stroke amp is -5.446334031516357e-09
2023-07-05 21:28:15,072 -  [BaseBLDC] left stroke amp is -3.7084024953994697e-09
2023-07-05 21:28:15,075 -  [BaseBLDC] right target amplitude is 0.815218020826987
2023-07-05 21:28:15,075 -  [BaseBLDC] left target amplitude is 0.815218020826987
2023-07-05 21:28:15,183 -  [BaseBLDC] right stroke amp is -5.679879155515427e-09
2023-07-05 21:28:15,184 -  [BaseBLDC] left stroke amp is -3.7084024953994697e-09
2023-07-05 21:28:15,187 -  [BaseBLDC] right target amplitude is 0.789865883231501
2023-07-05 21:28:15,187 -  [BaseBLDC] left target amplitude is 0.789865883231501
2023-07-05 21:28:15,292 -  [BaseBLDC] right stroke amp is -5.9036171751536375e-09
2023-07-05 21:28:15,292 -  [BaseBLDC] left stroke amp is -3.7084024953994697e-09
2023-07-05 21:28:15,295 -  [BaseBLDC] right target amplitude is 0.763391374483726
2023-07-05 21:28:15,295 -  [BaseBLDC] left target amplitude is 0.763391374483726
2023-07-05 21:28:15,402 -  [BaseBLDC] right stroke amp is -6.092094109662325e-09
2023-07-05 21:28:15,402 -  [BaseBLDC] left stroke amp is -3.7084024953994697e-09
2023-07-05 21:28:15,405 -  [BaseBLDC] right target amplitude is 0.735832113913662
2023-07-05 21:28:15,405 -  [BaseBLDC] left target amplitude is 0.735832113913662
2023-07-05 21:28:15,514 -  [BaseBLDC] right stroke amp is -6.242145031880683e-09
2023-07-05 21:28:15,514 -  [BaseBLDC] left stroke amp is -3.7084024953994697e-09
2023-07-05 21:28:15,517 -  [BaseBLDC] right target amplitude is 0.707227262244792
2023-07-05 21:28:15,517 -  [BaseBLDC] left target amplitude is 0.707227262244792
2023-07-05 21:28:15,623 -  [BaseBLDC] right stroke amp is -6.355976238581448e-09
2023-07-05 21:28:15,623 -  [BaseBLDC] left stroke amp is -3.7084024953994697e-09
2023-07-05 21:28:15,626 -  [BaseBLDC] right target amplitude is 0.677617465948086
2023-07-05 21:28:15,626 -  [BaseBLDC] left target amplitude is 0.677617465948086
2023-07-05 21:28:15,735 -  [BaseBLDC] right stroke amp is -6.437810671451008e-09
2023-07-05 21:28:15,735 -  [BaseBLDC] left stroke amp is -3.7084024953994697e-09
2023-07-05 21:28:15,738 -  [BaseBLDC] right target amplitude is 0.647044799484823
2023-07-05 21:28:15,738 -  [BaseBLDC] left target amplitude is 0.647044799484823
2023-07-05 21:28:15,846 -  [BaseBLDC] right stroke amp is -6.492713065621008e-09
2023-07-05 21:28:15,846 -  [BaseBLDC] left stroke amp is -3.7084024953994697e-09
2023-07-05 21:28:15,849 -  [BaseBLDC] right target amplitude is 0.615552705520273
2023-07-05 21:28:15,849 -  [BaseBLDC] left target amplitude is 0.615552705520273
2023-07-05 21:28:15,958 -  [BaseBLDC] right stroke amp is -6.525924237582734e-09
2023-07-05 21:28:15,958 -  [BaseBLDC] left stroke amp is -3.7084024953994697e-09
2023-07-05 21:28:15,961 -  [BaseBLDC] right target amplitude is 0.583185933193230
2023-07-05 21:28:15,961 -  [BaseBLDC] left target amplitude is 0.583185933193230
2023-07-05 21:28:16,067 -  [BaseBLDC] right stroke amp is -6.542432275012571e-09
2023-07-05 21:28:16,068 -  [BaseBLDC] left stroke amp is -3.7084024953994697e-09
2023-07-05 21:28:16,070 -  [BaseBLDC] right target amplitude is 0.549990474529080
2023-07-05 21:28:16,070 -  [BaseBLDC] left target amplitude is 0.549990474529080
2023-07-05 21:28:16,177 -  [BaseBLDC] right stroke amp is -6.5467094270985145e-09
2023-07-05 21:28:16,177 -  [BaseBLDC] left stroke amp is -3.7084024953994697e-09
2023-07-05 21:28:16,180 -  [BaseBLDC] right target amplitude is 0.516013499086778
2023-07-05 21:28:16,180 -  [BaseBLDC] left target amplitude is 0.516013499086778
2023-07-05 21:28:16,289 -  [BaseBLDC] right stroke amp is -6.542574118482567e-09
2023-07-05 21:28:16,290 -  [BaseBLDC] left stroke amp is -3.7084024953994697e-09
2023-07-05 21:28:16,292 -  [BaseBLDC] right target amplitude is 0.481303286932590
2023-07-05 21:28:16,292 -  [BaseBLDC] left target amplitude is 0.481303286932590
2023-07-05 21:28:16,400 -  [BaseBLDC] right stroke amp is -6.533145093401304e-09
2023-07-05 21:28:16,400 -  [BaseBLDC] left stroke amp is -3.7084024953994697e-09
2023-07-05 21:28:16,403 -  [BaseBLDC] right target amplitude is 0.445909160035849
2023-07-05 21:28:16,403 -  [BaseBLDC] left target amplitude is 0.445909160035849
2023-07-05 21:28:16,512 -  [BaseBLDC] right stroke amp is -6.520859776321141e-09
2023-07-05 21:28:16,512 -  [BaseBLDC] left stroke amp is -3.7084024953994697e-09
2023-07-05 21:28:16,515 -  [BaseBLDC] right target amplitude is 0.409881412184201
2023-07-05 21:28:16,515 -  [BaseBLDC] left target amplitude is 0.409881412184201
2023-07-05 21:28:16,623 -  [BaseBLDC] right stroke amp is -6.507533922853922e-09
2023-07-05 21:28:16,623 -  [BaseBLDC] left stroke amp is -3.7084024953994697e-09
2023-07-05 21:28:16,626 -  [BaseBLDC] right target amplitude is 0.373271237517931
2023-07-05 21:28:16,626 -  [BaseBLDC] left target amplitude is 0.373271237517931
2023-07-05 21:28:16,734 -  [BaseBLDC] right stroke amp is -6.494444491453699e-09
2023-07-05 21:28:16,734 -  [BaseBLDC] left stroke amp is -3.7084024953994697e-09
2023-07-05 21:28:16,737 -  [BaseBLDC] right target amplitude is 0.336130657784932
2023-07-05 21:28:16,737 -  [BaseBLDC] left target amplitude is 0.336130657784932
