2023-07-05 21:34:33,655 -  [BaseWing] the length is 0.10559576566307186
2023-07-05 21:34:33,655 -  [BaseWing] the chord of root is 0.013679980005579979
2023-07-05 21:34:33,656 -  [BaseWing] the chord of tip is 0.009028786803682786
2023-07-05 21:34:33,656 -  [BaseWing] the length is 0.10559576566307186
2023-07-05 21:34:33,656 -  [BaseWing] the chord of root is 0.013679980005579979
2023-07-05 21:34:33,656 -  [BaseWing] the chord of tip is 0.009028786803682786
2023-07-05 21:34:33,801 -  [BaseBLDC] right target amplitude is 1.04719755119660
2023-07-05 21:34:33,802 -  [BaseBLDC] left target amplitude is 1.04719755119660
2023-07-05 21:34:33,904 -  [BaseBLDC] right stroke amp is 0.4188815022904418
2023-07-05 21:34:33,904 -  [BaseBLDC] left stroke amp is 0.4188790204786391
2023-07-05 21:34:33,907 -  [BaseBLDC] right target amplitude is 1.04645353607079
2023-07-05 21:34:33,908 -  [BaseBLDC] left target amplitude is 1.04645353607079
2023-07-05 21:34:34,016 -  [BaseBLDC] right stroke amp is 1.029106723443932
2023-07-05 21:34:34,016 -  [BaseBLDC] left stroke amp is 1.029101192074197
2023-07-05 21:34:34,019 -  [BaseBLDC] right target amplitude is 1.04422254791229
2023-07-05 21:34:34,019 -  [BaseBLDC] left target amplitude is 1.04422254791229
2023-07-05 21:34:34,128 -  [BaseBLDC] right stroke amp is 1.5224571636424407
2023-07-05 21:34:34,128 -  [BaseBLDC] left stroke amp is 1.522452311059235
2023-07-05 21:34:34,131 -  [BaseBLDC] right target amplitude is 1.04050775687551
2023-07-05 21:34:34,131 -  [BaseBLDC] left target amplitude is 1.04050775687551
2023-07-05 21:34:34,239 -  [BaseBLDC] right stroke amp is 1.7232810995515269
2023-07-05 21:34:34,239 -  [BaseBLDC] left stroke amp is 1.7232810508405132
2023-07-05 21:34:34,242 -  [BaseBLDC] right target amplitude is 1.03531444154575
2023-07-05 21:34:34,242 -  [BaseBLDC] left target amplitude is 1.03531444154575
2023-07-05 21:34:34,350 -  [BaseBLDC] right stroke amp is 1.6075346180064882
2023-07-05 21:34:34,350 -  [BaseBLDC] left stroke amp is 1.607540962616725
2023-07-05 21:34:34,353 -  [BaseBLDC] right target amplitude is 1.02864998143846
2023-07-05 21:34:34,354 -  [BaseBLDC] left target amplitude is 1.02864998143846
2023-07-05 21:34:34,461 -  [BaseBLDC] right stroke amp is 1.2818923996483516
2023-07-05 21:34:34,461 -  [BaseBLDC] left stroke amp is 1.2819030028824376
2023-07-05 21:34:34,464 -  [BaseBLDC] right target amplitude is 1.02052384651324
2023-07-05 21:34:34,464 -  [BaseBLDC] left target amplitude is 1.02052384651324
2023-07-05 21:34:34,573 -  [BaseBLDC] right stroke amp is 0.9149803699023211
2023-07-05 21:34:34,574 -  [BaseBLDC] left stroke amp is 0.9149904569682323
2023-07-05 21:34:34,576 -  [BaseBLDC] right target amplitude is 1.01094758371736
2023-07-05 21:34:34,576 -  [BaseBLDC] left target amplitude is 1.01094758371736
2023-07-05 21:34:34,685 -  [BaseBLDC] right stroke amp is 0.6576776203580806
2023-07-05 21:34:34,685 -  [BaseBLDC] left stroke amp is 0.6576824911811887
2023-07-05 21:34:34,688 -  [BaseBLDC] right target amplitude is 0.999934800577948
2023-07-05 21:34:34,688 -  [BaseBLDC] left target amplitude is 0.999934800577948
2023-07-05 21:34:34,796 -  [BaseBLDC] right stroke amp is 0.5865113343063537
2023-07-05 21:34:34,796 -  [BaseBLDC] left stroke amp is 0.5865091759003563
2023-07-05 21:34:34,799 -  [BaseBLDC] right target amplitude is 0.987501145866170
2023-07-05 21:34:34,799 -  [BaseBLDC] left target amplitude is 0.987501145866170
2023-07-05 21:34:34,907 -  [BaseBLDC] right stroke amp is 0.6773987039355265
2023-07-05 21:34:34,908 -  [BaseBLDC] left stroke amp is 0.6773906569870908
2023-07-05 21:34:34,910 -  [BaseBLDC] right target amplitude is 0.973664287360898
2023-07-05 21:34:34,910 -  [BaseBLDC] left target amplitude is 0.973664287360898
2023-07-05 21:34:35,019 -  [BaseBLDC] right stroke amp is 0.8680433688194971
2023-07-05 21:34:35,019 -  [BaseBLDC] left stroke amp is 0.8680330958299045
2023-07-05 21:34:35,022 -  [BaseBLDC] right target amplitude is 0.958443886743414
2023-07-05 21:34:35,022 -  [BaseBLDC] left target amplitude is 0.958443886743414
2023-07-05 21:34:35,130 -  [BaseBLDC] right stroke amp is 1.0543617138841286
2023-07-05 21:34:35,130 -  [BaseBLDC] left stroke amp is 1.0543536939809404
2023-07-05 21:34:35,133 -  [BaseBLDC] right target amplitude is 0.941861571658857
2023-07-05 21:34:35,133 -  [BaseBLDC] left target amplitude is 0.941861571658857
2023-07-05 21:34:35,241 -  [BaseBLDC] right stroke amp is 1.1549541778030745
2023-07-05 21:34:35,241 -  [BaseBLDC] left stroke amp is 1.1549518549613484
2023-07-05 21:34:35,244 -  [BaseBLDC] right target amplitude is 0.923940904984112
2023-07-05 21:34:35,244 -  [BaseBLDC] left target amplitude is 0.923940904984112
2023-07-05 21:34:35,353 -  [BaseBLDC] right stroke amp is 1.1393026103101986
2023-07-05 21:34:35,353 -  [BaseBLDC] left stroke amp is 1.1393066833057675
2023-07-05 21:34:35,356 -  [BaseBLDC] right target amplitude is 0.904707351345790
2023-07-05 21:34:35,356 -  [BaseBLDC] left target amplitude is 0.904707351345790
2023-07-05 21:34:35,464 -  [BaseBLDC] right stroke amp is 1.02896623548243
2023-07-05 21:34:35,464 -  [BaseBLDC] left stroke amp is 1.0289745321112143
2023-07-05 21:34:35,467 -  [BaseBLDC] right target amplitude is 0.884188240935905
2023-07-05 21:34:35,467 -  [BaseBLDC] left target amplitude is 0.884188240935905
2023-07-05 21:34:35,575 -  [BaseBLDC] right stroke amp is 0.8785515249935312
2023-07-05 21:34:35,575 -  [BaseBLDC] left stroke amp is 0.8785602004257709
2023-07-05 21:34:35,578 -  [BaseBLDC] right target amplitude is 0.862412730676639
2023-07-05 21:34:35,578 -  [BaseBLDC] left target amplitude is 0.862412730676639
2023-07-05 21:34:35,686 -  [BaseBLDC] right stroke amp is 0.7472789119661158
2023-07-05 21:34:35,686 -  [BaseBLDC] left stroke amp is 0.7472842912554674
2023-07-05 21:34:35,689 -  [BaseBLDC] right target amplitude is 0.839411762789393
2023-07-05 21:34:35,689 -  [BaseBLDC] left target amplitude is 0.839411762789393
2023-07-05 21:34:35,798 -  [BaseBLDC] right stroke amp is 0.6743931812327222
2023-07-05 21:34:35,799 -  [BaseBLDC] left stroke amp is 0.6743933593664302
2023-07-05 21:34:35,801 -  [BaseBLDC] right target amplitude is 0.815218020826987
2023-07-05 21:34:35,802 -  [BaseBLDC] left target amplitude is 0.815218020826987
2023-07-05 21:34:35,909 -  [BaseBLDC] right stroke amp is 0.6675924604836155
2023-07-05 21:34:35,909 -  [BaseBLDC] left stroke amp is 0.6675879848451001
2023-07-05 21:34:35,912 -  [BaseBLDC] right target amplitude is 0.789865883231501
2023-07-05 21:34:35,912 -  [BaseBLDC] left target amplitude is 0.789865883231501
2023-07-05 21:34:36,021 -  [BaseBLDC] right stroke amp is 0.705983164160447
2023-07-05 21:34:36,021 -  [BaseBLDC] left stroke amp is 0.705976287387824
2023-07-05 21:34:36,024 -  [BaseBLDC] right target amplitude is 0.763391374483726
2023-07-05 21:34:36,024 -  [BaseBLDC] left target amplitude is 0.763391374483726
2023-07-05 21:34:36,132 -  [BaseBLDC] right stroke amp is 0.7517374959359356
2023-07-05 21:34:36,132 -  [BaseBLDC] left stroke amp is 0.7517303642505448
2023-07-05 21:34:36,135 -  [BaseBLDC] right target amplitude is 0.735832113913662
2023-07-05 21:34:36,135 -  [BaseBLDC] left target amplitude is 0.735832113913662
2023-07-05 21:34:36,244 -  [BaseBLDC] right stroke amp is 0.7763618711848078
2023-07-05 21:34:36,244 -  [BaseBLDC] left stroke amp is 0.7763575409090898
2023-07-05 21:34:36,246 -  [BaseBLDC] right target amplitude is 0.707227262244792
2023-07-05 21:34:36,246 -  [BaseBLDC] left target amplitude is 0.707227262244792
2023-07-05 21:34:36,355 -  [BaseBLDC] right stroke amp is 0.7625684162388867
2023-07-05 21:34:36,355 -  [BaseBLDC] left stroke amp is 0.7625683493458143
2023-07-05 21:34:36,358 -  [BaseBLDC] right target amplitude is 0.677617465948086
2023-07-05 21:34:36,358 -  [BaseBLDC] left target amplitude is 0.677617465948086
2023-07-05 21:34:36,466 -  [BaseBLDC] right stroke amp is 0.7114078493090633
2023-07-05 21:34:36,466 -  [BaseBLDC] left stroke amp is 0.7114115258363232
2023-07-05 21:34:36,468 -  [BaseBLDC] right target amplitude is 0.647044799484823
2023-07-05 21:34:36,469 -  [BaseBLDC] left target amplitude is 0.647044799484823
