2023-07-05 21:56:47,535 -  [BaseWing] the length is 0.10559576566307186
2023-07-05 21:56:47,536 -  [BaseWing] the chord of root is 0.013679980005579979
2023-07-05 21:56:47,536 -  [BaseWing] the chord of tip is 0.009028786803682786
2023-07-05 21:56:47,536 -  [BaseWing] the length is 0.10559576566307186
2023-07-05 21:56:47,536 -  [BaseWing] the chord of root is 0.013679980005579979
2023-07-05 21:56:47,537 -  [BaseWing] the chord of tip is 0.009028786803682786
2023-07-05 21:56:47,701 -  [BaseBLDC] right target amplitude is 0
2023-07-05 21:56:47,701 -  [BaseBLDC] left target amplitude is 0
2023-07-05 21:56:47,814 -  [BaseBLDC] right stroke amp is -3.3038868168966635e-08
2023-07-05 21:56:47,815 -  [BaseBLDC] left stroke amp is -3.918072513695483e-08
2023-07-05 21:56:47,817 -  [BaseBLDC] right target amplitude is 0.0394678105132561
2023-07-05 21:56:47,818 -  [BaseBLDC] left target amplitude is -0.0394678105132561
2023-07-05 21:56:47,926 -  [BaseBLDC] right stroke amp is 0.00394679480438067
2023-07-05 21:56:47,926 -  [BaseBLDC] left stroke amp is -0.003946761934294676
2023-07-05 21:56:47,928 -  [BaseBLDC] right target amplitude is 0.0788795386806738
2023-07-05 21:56:47,929 -  [BaseBLDC] left target amplitude is -0.0788795386806738
2023-07-05 21:56:48,036 -  [BaseBLDC] right stroke amp is 0.011440129269066367
2023-07-05 21:56:48,036 -  [BaseBLDC] left stroke amp is -0.011439964485150868
2023-07-05 21:56:48,039 -  [BaseBLDC] right target amplitude is 0.118179181847414
2023-07-05 21:56:48,039 -  [BaseBLDC] left target amplitude is -0.118179181847414
2023-07-05 21:56:48,147 -  [BaseBLDC] right stroke amp is 0.022114088550308733
2023-07-05 21:56:48,147 -  [BaseBLDC] left stroke amp is -0.022113818665220122
2023-07-05 21:56:48,151 -  [BaseBLDC] right target amplitude is 0.157310896627400
2023-07-05 21:56:48,151 -  [BaseBLDC] left target amplitude is -0.157310896627400
2023-07-05 21:56:48,258 -  [BaseBLDC] right stroke amp is 0.03563381809774192
2023-07-05 21:56:48,258 -  [BaseBLDC] left stroke amp is -0.03563346550643935
2023-07-05 21:56:48,261 -  [BaseBLDC] right target amplitude is 0.196219078254759
2023-07-05 21:56:48,261 -  [BaseBLDC] left target amplitude is -0.196219078254759
2023-07-05 21:56:48,370 -  [BaseBLDC] right stroke amp is 0.05169238837942078
2023-07-05 21:56:48,370 -  [BaseBLDC] left stroke amp is -0.05169197140967788
2023-07-05 21:56:48,373 -  [BaseBLDC] right target amplitude is 0.234848439596204
2023-07-05 21:56:48,373 -  [BaseBLDC] left target amplitude is -0.234848439596204
2023-07-05 21:56:48,480 -  [BaseBLDC] right stroke amp is 0.07000805570495897
2023-07-05 21:56:48,481 -  [BaseBLDC] left stroke amp is -0.07000754039148785
2023-07-05 21:56:48,483 -  [BaseBLDC] right target amplitude is 0.273144089712063
2023-07-05 21:56:48,483 -  [BaseBLDC] left target amplitude is -0.273144089712063
2023-07-05 21:56:48,589 -  [BaseBLDC] right stroke amp is 0.09032171652555082
2023-07-05 21:56:48,589 -  [BaseBLDC] left stroke amp is -0.09032112343807173
2023-07-05 21:56:48,592 -  [BaseBLDC] right target amplitude is 0.311051611854332
2023-07-05 21:56:48,592 -  [BaseBLDC] left target amplitude is -0.311051611854332
2023-07-05 21:56:48,701 -  [BaseBLDC] right stroke amp is 0.11239468993835477
2023-07-05 21:56:48,701 -  [BaseBLDC] left stroke amp is -0.1123941722796978
2023-07-05 21:56:48,704 -  [BaseBLDC] right target amplitude is 0.348517140790926
2023-07-05 21:56:48,704 -  [BaseBLDC] left target amplitude is -0.348517140790926
2023-07-05 21:56:48,811 -  [BaseBLDC] right stroke amp is 0.13600691674423823
2023-07-05 21:56:48,811 -  [BaseBLDC] left stroke amp is -0.13600646913082065
2023-07-05 21:56:48,814 -  [BaseBLDC] right target amplitude is 0.385487439346237
2023-07-05 21:56:48,814 -  [BaseBLDC] left target amplitude is -0.385487439346237
2023-07-05 21:56:48,922 -  [BaseBLDC] right stroke amp is 0.1609549531398949
2023-07-05 21:56:48,922 -  [BaseBLDC] left stroke amp is -0.1609545661523623
2023-07-05 21:56:48,925 -  [BaseBLDC] right target amplitude is 0.421909974049254
2023-07-05 21:56:48,925 -  [BaseBLDC] left target amplitude is -0.421909974049254
2023-07-05 21:56:49,033 -  [BaseBLDC] right stroke amp is 0.18705043452564793
2023-07-05 21:56:49,033 -  [BaseBLDC] left stroke amp is -0.18705010694205151
2023-07-05 21:56:49,036 -  [BaseBLDC] right target amplitude is 0.457732989781741
2023-07-05 21:56:49,036 -  [BaseBLDC] left target amplitude is -0.457732989781741
2023-07-05 21:56:49,144 -  [BaseBLDC] right stroke amp is 0.2141186724936996
2023-07-05 21:56:49,144 -  [BaseBLDC] left stroke amp is -0.21411839522602052
2023-07-05 21:56:49,147 -  [BaseBLDC] right target amplitude is 0.492905583320407
2023-07-05 21:56:49,147 -  [BaseBLDC] left target amplitude is -0.492905583320407
2023-07-05 21:56:49,256 -  [BaseBLDC] right stroke amp is 0.2419973413484563
2023-07-05 21:56:49,256 -  [BaseBLDC] left stroke amp is -0.24199711403545912
2023-07-05 21:56:49,259 -  [BaseBLDC] right target amplitude is 0.527377775668558
2023-07-05 21:56:49,259 -  [BaseBLDC] left target amplitude is -0.527377775668558
2023-07-05 21:56:49,367 -  [BaseBLDC] right stroke amp is 0.2705353666875904
2023-07-05 21:56:49,368 -  [BaseBLDC] left stroke amp is -0.270535180198769
2023-07-05 21:56:49,370 -  [BaseBLDC] right target amplitude is 0.561100583074469
2023-07-05 21:56:49,370 -  [BaseBLDC] left target amplitude is -0.561100583074469
2023-07-05 21:56:49,477 -  [BaseBLDC] right stroke amp is 0.2995918667036941
2023-07-05 21:56:49,477 -  [BaseBLDC] left stroke amp is -0.299591720486339
2023-07-05 21:56:49,480 -  [BaseBLDC] right target amplitude is 0.594026086635535
2023-07-05 21:56:49,480 -  [BaseBLDC] left target amplitude is -0.594026086635535
2023-07-05 21:56:49,589 -  [BaseBLDC] right stroke amp is 0.3290352725485784
2023-07-05 21:56:49,590 -  [BaseBLDC] left stroke amp is -0.32903515710125864
2023-07-05 21:56:49,592 -  [BaseBLDC] right target amplitude is 0.626107500389324
2023-07-05 21:56:49,593 -  [BaseBLDC] left target amplitude is -0.626107500389324
2023-07-05 21:56:49,701 -  [BaseBLDC] right stroke amp is 0.35874247859392
2023-07-05 21:56:49,701 -  [BaseBLDC] left stroke amp is -0.35874239143006514
2023-07-05 21:56:49,704 -  [BaseBLDC] right target amplitude is 0.657299237794749
2023-07-05 21:56:49,704 -  [BaseBLDC] left target amplitude is -0.657299237794749
2023-07-05 21:56:49,812 -  [BaseBLDC] right stroke amp is 0.388598132735289
2023-07-05 21:56:49,812 -  [BaseBLDC] left stroke amp is -0.38859807606653357
2023-07-05 21:56:49,815 -  [BaseBLDC] right target amplitude is 0.687556976508922
2023-07-05 21:56:49,815 -  [BaseBLDC] left target amplitude is -0.687556976508922
