2023-07-05 21:30:57,764 -  [BaseWing] the length is 0.10559576566307186
2023-07-05 21:30:57,764 -  [BaseWing] the chord of root is 0.013679980005579979
2023-07-05 21:30:57,764 -  [BaseWing] the chord of tip is 0.009028786803682786
2023-07-05 21:30:57,764 -  [BaseWing] the length is 0.10559576566307186
2023-07-05 21:30:57,765 -  [BaseWing] the chord of root is 0.013679980005579979
2023-07-05 21:30:57,765 -  [BaseWing] the chord of tip is 0.009028786803682786
2023-07-05 21:30:57,930 -  [BaseBLDC] right target amplitude is 1.04719755119660
2023-07-05 21:30:57,931 -  [BaseBLDC] left target amplitude is 1.04719755119660
2023-07-05 21:30:58,042 -  [BaseBLDC] right stroke amp is -3.3038868168966635e-08
2023-07-05 21:30:58,042 -  [BaseBLDC] left stroke amp is -3.918072513695483e-08
2023-07-05 21:30:58,045 -  [BaseBLDC] right target amplitude is 1.04645353607079
2023-07-05 21:30:58,045 -  [BaseBLDC] left target amplitude is 1.04645353607079
2023-07-05 21:30:58,152 -  [BaseBLDC] right stroke amp is -0.0014878293100943538
2023-07-05 21:30:58,153 -  [BaseBLDC] left stroke amp is -0.0014878209878254403
2023-07-05 21:30:58,155 -  [BaseBLDC] right target amplitude is 1.04422254791229
2023-07-05 21:30:58,156 -  [BaseBLDC] left target amplitude is 1.04422254791229
2023-07-05 21:30:58,262 -  [BaseBLDC] right stroke amp is -0.0044613654926605375
2023-07-05 21:30:58,262 -  [BaseBLDC] left stroke amp is -0.004461342725083998
2023-07-05 21:30:58,265 -  [BaseBLDC] right target amplitude is 1.04050775687551
2023-07-05 21:30:58,265 -  [BaseBLDC] left target amplitude is 1.04050775687551
2023-07-05 21:30:58,372 -  [BaseBLDC] right stroke amp is -0.00891641628094363
2023-07-05 21:30:58,372 -  [BaseBLDC] left stroke amp is -0.00891637910283555
2023-07-05 21:30:58,375 -  [BaseBLDC] right target amplitude is 1.03531444154575
2023-07-05 21:30:58,375 -  [BaseBLDC] left target amplitude is 1.03531444154575
2023-07-05 21:30:58,484 -  [BaseBLDC] right stroke amp is -0.014846651149418947
2023-07-05 21:30:58,484 -  [BaseBLDC] left stroke amp is -0.014846599600765559
2023-07-05 21:30:58,487 -  [BaseBLDC] right target amplitude is 1.02864998143846
2023-07-05 21:30:58,487 -  [BaseBLDC] left target amplitude is 1.02864998143846
2023-07-05 21:30:58,595 -  [BaseBLDC] right stroke amp is -0.022243643335331378
2023-07-05 21:30:58,595 -  [BaseBLDC] left stroke amp is -0.022243577447130604
2023-07-05 21:30:58,598 -  [BaseBLDC] right target amplitude is 1.02052384651324
2023-07-05 21:30:58,598 -  [BaseBLDC] left target amplitude is 1.02052384651324
2023-07-05 21:30:58,707 -  [BaseBLDC] right stroke amp is -0.031096881799427864
2023-07-05 21:30:58,707 -  [BaseBLDC] left stroke amp is -0.031096801575939245
2023-07-05 21:30:58,710 -  [BaseBLDC] right target amplitude is 1.01094758371736
2023-07-05 21:30:58,710 -  [BaseBLDC] left target amplitude is 1.01094758371736
2023-07-05 21:30:58,818 -  [BaseBLDC] right stroke amp is -0.041393786154637915
2023-07-05 21:30:58,819 -  [BaseBLDC] left stroke amp is -0.0413936915537331
2023-07-05 21:30:58,821 -  [BaseBLDC] right target amplitude is 0.999934800577948
2023-07-05 21:30:58,822 -  [BaseBLDC] left target amplitude is 0.999934800577948
2023-07-05 21:30:58,928 -  [BaseBLDC] right stroke amp is -0.053119724545476504
2023-07-05 21:30:58,928 -  [BaseBLDC] left stroke amp is -0.05311961545978498
2023-07-05 21:30:58,931 -  [BaseBLDC] right target amplitude is 0.987501145866170
2023-07-05 21:30:58,931 -  [BaseBLDC] left target amplitude is 0.987501145866170
2023-07-05 21:30:59,039 -  [BaseBLDC] right stroke amp is -0.06625803445765165
2023-07-05 21:30:59,040 -  [BaseBLDC] left stroke amp is -0.06625791070049172
2023-07-05 21:30:59,042 -  [BaseBLDC] right target amplitude is 0.973664287360898
2023-07-05 21:30:59,042 -  [BaseBLDC] left target amplitude is 0.973664287360898
2023-07-05 21:30:59,149 -  [BaseBLDC] right stroke amp is -0.08079004643319486
2023-07-05 21:30:59,149 -  [BaseBLDC] left stroke amp is -0.0807899077346118
2023-07-05 21:30:59,152 -  [BaseBLDC] right target amplitude is 0.958443886743414
2023-07-05 21:30:59,152 -  [BaseBLDC] left target amplitude is 0.958443886743414
2023-07-05 21:30:59,260 -  [BaseBLDC] right stroke amp is -0.09669511066020421
2023-07-05 21:30:59,260 -  [BaseBLDC] left stroke amp is -0.09669495667926828
2023-07-05 21:30:59,263 -  [BaseBLDC] right target amplitude is 0.941861571658857
2023-07-05 21:30:59,263 -  [BaseBLDC] left target amplitude is 0.941861571658857
2023-07-05 21:30:59,371 -  [BaseBLDC] right stroke amp is -0.11395071014537568
2023-07-05 21:30:59,371 -  [BaseBLDC] left stroke amp is -0.11395053434566989
2023-07-05 21:30:59,374 -  [BaseBLDC] right target amplitude is 0.923940904984112
2023-07-05 21:30:59,374 -  [BaseBLDC] left target amplitude is 0.923940904984112
2023-07-05 21:30:59,483 -  [BaseBLDC] right stroke amp is -0.1325322370781506
2023-07-05 21:30:59,483 -  [BaseBLDC] left stroke amp is -0.13253204532112953
2023-07-05 21:30:59,486 -  [BaseBLDC] right target amplitude is 0.904707351345790
2023-07-05 21:30:59,486 -  [BaseBLDC] left target amplitude is 0.904707351345790
2023-07-05 21:30:59,594 -  [BaseBLDC] right stroke amp is -0.1524132933397329
2023-07-05 21:30:59,594 -  [BaseBLDC] left stroke amp is -0.15241308594292646
2023-07-05 21:30:59,597 -  [BaseBLDC] right target amplitude is 0.884188240935905
2023-07-05 21:30:59,597 -  [BaseBLDC] left target amplitude is 0.884188240935905
2023-07-05 21:30:59,706 -  [BaseBLDC] right stroke amp is -0.17356562866046726
2023-07-05 21:30:59,706 -  [BaseBLDC] left stroke amp is -0.1735654059632129
2023-07-05 21:30:59,709 -  [BaseBLDC] right target amplitude is 0.862412730676639
2023-07-05 21:30:59,709 -  [BaseBLDC] left target amplitude is 0.862412730676639
2023-07-05 21:30:59,818 -  [BaseBLDC] right stroke amp is -0.19595919409012091
2023-07-05 21:30:59,818 -  [BaseBLDC] left stroke amp is -0.19595894869161248
2023-07-05 21:30:59,821 -  [BaseBLDC] right target amplitude is 0.839411762789393
2023-07-05 21:30:59,821 -  [BaseBLDC] left target amplitude is 0.839411762789393
2023-07-05 21:30:59,928 -  [BaseBLDC] right stroke amp is -0.21956216122448047
2023-07-05 21:30:59,928 -  [BaseBLDC] left stroke amp is -0.2195618937047088
2023-07-05 21:30:59,931 -  [BaseBLDC] right target amplitude is 0.815218020826987
2023-07-05 21:30:59,931 -  [BaseBLDC] left target amplitude is 0.815218020826987
2023-07-05 21:31:00,040 -  [BaseBLDC] right stroke amp is -0.24434099109084617
2023-07-05 21:31:00,040 -  [BaseBLDC] left stroke amp is -0.2443407020617354
2023-07-05 21:31:00,043 -  [BaseBLDC] right target amplitude is 0.789865883231501
2023-07-05 21:31:00,043 -  [BaseBLDC] left target amplitude is 0.789865883231501
2023-07-05 21:31:00,151 -  [BaseBLDC] right stroke amp is -0.2702604738583409
2023-07-05 21:31:00,151 -  [BaseBLDC] left stroke amp is -0.2702601639622171
2023-07-05 21:31:00,154 -  [BaseBLDC] right target amplitude is 0.763391374483726
2023-07-05 21:31:00,154 -  [BaseBLDC] left target amplitude is 0.763391374483726
2023-07-05 21:31:00,262 -  [BaseBLDC] right stroke amp is -0.2972837788691524
2023-07-05 21:31:00,262 -  [BaseBLDC] left stroke amp is -0.2972834487778428
2023-07-05 21:31:00,265 -  [BaseBLDC] right target amplitude is 0.735832113913662
2023-07-05 21:31:00,265 -  [BaseBLDC] left target amplitude is 0.735832113913662
2023-07-05 21:31:00,373 -  [BaseBLDC] right stroke amp is -0.3253725069735815
2023-07-05 21:31:00,374 -  [BaseBLDC] left stroke amp is -0.32537215738747666
2023-07-05 21:31:00,376 -  [BaseBLDC] right target amplitude is 0.707227262244792
2023-07-05 21:31:00,377 -  [BaseBLDC] left target amplitude is 0.707227262244792
2023-07-05 21:31:00,485 -  [BaseBLDC] right stroke amp is -0.35448674509386047
2023-07-05 21:31:00,486 -  [BaseBLDC] left stroke amp is -0.35448637674094025
2023-07-05 21:31:00,488 -  [BaseBLDC] right target amplitude is 0.677617465948086
2023-07-05 21:31:00,489 -  [BaseBLDC] left target amplitude is 0.677617465948086
2023-07-05 21:31:00,594 -  [BaseBLDC] right stroke amp is -0.384585122939209
2023-07-05 21:31:00,594 -  [BaseBLDC] left stroke amp is -0.38458473657403386
2023-07-05 21:31:00,598 -  [BaseBLDC] right target amplitude is 0.647044799484823
2023-07-05 21:31:00,598 -  [BaseBLDC] left target amplitude is 0.647044799484823
2023-07-05 21:31:00,705 -  [BaseBLDC] right stroke amp is -0.415624871791537
2023-07-05 21:31:00,705 -  [BaseBLDC] left stroke amp is -0.4156244681942056
2023-07-05 21:31:00,708 -  [BaseBLDC] right target amplitude is 0.615552705520273
2023-07-05 21:31:00,708 -  [BaseBLDC] left target amplitude is 0.615552705520273
2023-07-05 21:31:00,817 -  [BaseBLDC] right stroke amp is -0.44756188527826296
2023-07-05 21:31:00,818 -  [BaseBLDC] left stroke amp is -0.44756146525333707
2023-07-05 21:31:00,821 -  [BaseBLDC] right target amplitude is 0.583185933193230
2023-07-05 21:31:00,821 -  [BaseBLDC] left target amplitude is 0.583185933193230
2023-07-05 21:31:00,927 -  [BaseBLDC] right stroke amp is -0.480350782045891
2023-07-05 21:31:00,927 -  [BaseBLDC] left stroke amp is -0.48035034642128827
2023-07-05 21:31:00,930 -  [BaseBLDC] right target amplitude is 0.549990474529080
2023-07-05 21:31:00,930 -  [BaseBLDC] left target amplitude is 0.549990474529080
2023-07-05 21:31:01,038 -  [BaseBLDC] right stroke amp is -0.5139449779077901
2023-07-05 21:31:01,039 -  [BaseBLDC] left stroke amp is -0.5139445198711463
2023-07-05 21:31:01,042 -  [BaseBLDC] right target amplitude is 0.516013499086778
2023-07-05 21:31:01,042 -  [BaseBLDC] left target amplitude is 0.516013499086778
2023-07-05 21:31:01,148 -  [BaseBLDC] right stroke amp is -0.5482967286103089
2023-07-05 21:31:01,148 -  [BaseBLDC] left stroke amp is -0.5482962494845455
2023-07-05 21:31:01,150 -  [BaseBLDC] right target amplitude is 0.481303286932590
2023-07-05 21:31:01,151 -  [BaseBLDC] left target amplitude is 0.481303286932590
2023-07-05 21:31:01,260 -  [BaseBLDC] right stroke amp is -0.5833572215437608
2023-07-05 21:31:01,261 -  [BaseBLDC] left stroke amp is -0.5833567226829838
2023-07-05 21:31:01,263 -  [BaseBLDC] right target amplitude is 0.445909160035849
2023-07-05 21:31:01,264 -  [BaseBLDC] left target amplitude is 0.445909160035849
2023-07-05 21:31:01,369 -  [BaseBLDC] right stroke amp is -0.6190766370021532
2023-07-05 21:31:01,369 -  [BaseBLDC] left stroke amp is -0.6190761197887502
2023-07-05 21:31:01,372 -  [BaseBLDC] right target amplitude is 0.409881412184201
2023-07-05 21:31:01,372 -  [BaseBLDC] left target amplitude is 0.409881412184201
2023-07-05 21:31:01,481 -  [BaseBLDC] right stroke amp is -0.6554042189741712
2023-07-05 21:31:01,481 -  [BaseBLDC] left stroke amp is -0.655403684816903
2023-07-05 21:31:01,484 -  [BaseBLDC] right target amplitude is 0.373271237517931
2023-07-05 21:31:01,484 -  [BaseBLDC] left target amplitude is 0.373271237517931
2023-07-05 21:31:01,593 -  [BaseBLDC] right stroke amp is -0.6922883472656555
2023-07-05 21:31:01,593 -  [BaseBLDC] left stroke amp is -0.6922877975977061
2023-07-05 21:31:01,596 -  [BaseBLDC] right target amplitude is 0.336130657784932
2023-07-05 21:31:01,596 -  [BaseBLDC] left target amplitude is 0.336130657784932
2023-07-05 21:31:01,704 -  [BaseBLDC] right stroke amp is -0.7296766181511494
2023-07-05 21:31:01,704 -  [BaseBLDC] left stroke amp is -0.7296760471270405
2023-07-05 21:31:01,707 -  [BaseBLDC] right target amplitude is 0.298512448419653
2023-07-05 21:31:01,707 -  [BaseBLDC] left target amplitude is 0.298512448419653
2023-07-05 21:31:01,814 -  [BaseBLDC] right stroke amp is -0.7675158961793244
2023-07-05 21:31:01,814 -  [BaseBLDC] left stroke amp is -0.7675153060405626
2023-07-05 21:31:01,817 -  [BaseBLDC] right target amplitude is 0.260470063551113
2023-07-05 21:31:01,817 -  [BaseBLDC] left target amplitude is 0.260470063551113
2023-07-05 21:31:01,925 -  [BaseBLDC] right stroke amp is -0.8057524130882907
2023-07-05 21:31:01,925 -  [BaseBLDC] left stroke amp is -0.8057518061057835
2023-07-05 21:31:01,928 -  [BaseBLDC] right target amplitude is 0.222057560046490
2023-07-05 21:31:01,928 -  [BaseBLDC] left target amplitude is 0.222057560046490
2023-07-05 21:31:02,036 -  [BaseBLDC] right stroke amp is -0.8443318437123914
2023-07-05 21:31:02,037 -  [BaseBLDC] left stroke amp is -0.8443312146247987
2023-07-05 21:31:02,039 -  [BaseBLDC] right target amplitude is 0.183329520698255
2023-07-05 21:31:02,039 -  [BaseBLDC] left target amplitude is 0.183329520698255
2023-07-05 21:31:02,148 -  [BaseBLDC] right stroke amp is -0.8831993593133166
2023-07-05 21:31:02,148 -  [BaseBLDC] left stroke amp is -0.8831987116391026
2023-07-05 21:31:02,151 -  [BaseBLDC] right target amplitude is 0.144340976663988
2023-07-05 21:31:02,151 -  [BaseBLDC] left target amplitude is 0.144340976663988
2023-07-05 21:31:02,259 -  [BaseBLDC] right stroke amp is -0.9222997383501691
2023-07-05 21:31:02,259 -  [BaseBLDC] left stroke amp is -0.9222990678267817
2023-07-05 21:31:02,262 -  [BaseBLDC] right target amplitude is 0.105147329269070
2023-07-05 21:31:02,262 -  [BaseBLDC] left target amplitude is 0.105147329269070
2023-07-05 21:31:02,371 -  [BaseBLDC] right stroke amp is -0.9615774109313143
2023-07-05 21:31:02,371 -  [BaseBLDC] left stroke amp is -0.961576722981399
2023-07-05 21:31:02,374 -  [BaseBLDC] right target amplitude is 0.0658042712833928
2023-07-05 21:31:02,374 -  [BaseBLDC] left target amplitude is 0.0658042712833928
2023-07-05 21:31:02,480 -  [BaseBLDC] right stroke amp is -1.000976571103141
2023-07-05 21:31:02,481 -  [BaseBLDC] left stroke amp is -1.0009758649610518
2023-07-05 21:31:02,483 -  [BaseBLDC] right target amplitude is 0.0263677077839345
2023-07-05 21:31:02,483 -  [BaseBLDC] left target amplitude is 0.0263677077839345
2023-07-05 21:31:02,591 -  [BaseBLDC] right stroke amp is -1.0404412379512091
2023-07-05 21:31:02,592 -  [BaseBLDC] left stroke amp is -1.040440508995422
2023-07-05 21:31:02,594 -  [BaseBLDC] right target amplitude is -0.0131063232843514
2023-07-05 21:31:02,595 -  [BaseBLDC] left target amplitude is -0.0131063232843514
2023-07-05 21:31:02,703 -  [BaseBLDC] right stroke amp is -1.079915325365777
2023-07-05 21:31:02,703 -  [BaseBLDC] left stroke amp is -1.0799145772381242
2023-07-05 21:31:02,706 -  [BaseBLDC] right target amplitude is -0.0525617307364418
2023-07-05 21:31:02,706 -  [BaseBLDC] left target amplitude is -0.0525617307364418
2023-07-05 21:31:02,815 -  [BaseBLDC] right stroke amp is -1.1193427109374186
2023-07-05 21:31:02,815 -  [BaseBLDC] left stroke amp is -1.1193419784513112
2023-07-05 21:31:02,818 -  [BaseBLDC] right target amplitude is -0.0919424498508024
2023-07-05 21:31:02,818 -  [BaseBLDC] left target amplitude is -0.0919424498508024
2023-07-05 21:31:02,926 -  [BaseBLDC] right stroke amp is -1.158667397219179
2023-07-05 21:31:02,926 -  [BaseBLDC] left stroke amp is -1.158666687709309
2023-07-05 21:31:02,929 -  [BaseBLDC] right target amplitude is -0.131192522035345
2023-07-05 21:31:02,929 -  [BaseBLDC] left target amplitude is -0.131192522035345
2023-07-05 21:31:03,037 -  [BaseBLDC] right stroke amp is -1.1978335952068822
2023-07-05 21:31:03,037 -  [BaseBLDC] left stroke amp is -1.1978329008232085
2023-07-05 21:31:03,040 -  [BaseBLDC] right target amplitude is -0.170256174342578
2023-07-05 21:31:03,040 -  [BaseBLDC] left target amplitude is -0.170256174342578
2023-07-05 21:31:03,147 -  [BaseBLDC] right stroke amp is -1.2367855611909349
2023-07-05 21:31:03,147 -  [BaseBLDC] left stroke amp is -1.2367848800676042
2023-07-05 21:31:03,150 -  [BaseBLDC] right target amplitude is -0.209077898720959
2023-07-05 21:31:03,150 -  [BaseBLDC] left target amplitude is -0.209077898720959
2023-07-05 21:31:03,257 -  [BaseBLDC] right stroke amp is -1.2754679439525733
2023-07-05 21:31:03,257 -  [BaseBLDC] left stroke amp is -1.2754672737309218
2023-07-05 21:31:03,260 -  [BaseBLDC] right target amplitude is -0.247602530889847
2023-07-05 21:31:03,260 -  [BaseBLDC] left target amplitude is -0.247602530889847
2023-07-05 21:31:03,368 -  [BaseBLDC] right stroke amp is -1.3138257952914087
2023-07-05 21:31:03,368 -  [BaseBLDC] left stroke amp is -1.3138251381792168
2023-07-05 21:31:03,371 -  [BaseBLDC] right target amplitude is -0.285775328725964
2023-07-05 21:31:03,371 -  [BaseBLDC] left target amplitude is -0.285775328725964
2023-07-05 21:31:03,479 -  [BaseBLDC] right stroke amp is -1.3518046100585002
2023-07-05 21:31:03,479 -  [BaseBLDC] left stroke amp is -1.351803968240731
2023-07-05 21:31:03,482 -  [BaseBLDC] right target amplitude is -0.323542050049986
2023-07-05 21:31:03,482 -  [BaseBLDC] left target amplitude is -0.323542050049986
2023-07-05 21:31:03,590 -  [BaseBLDC] right stroke amp is -1.3893503979045727
2023-07-05 21:31:03,590 -  [BaseBLDC] left stroke amp is -1.3893497675095723
2023-07-05 21:31:03,593 -  [BaseBLDC] right target amplitude is -0.360849029702735
2023-07-05 21:31:03,593 -  [BaseBLDC] left target amplitude is -0.360849029702735
2023-07-05 21:31:03,700 -  [BaseBLDC] right stroke amp is -1.4264098284195161
2023-07-05 21:31:03,700 -  [BaseBLDC] left stroke amp is -1.4264092108326254
2023-07-05 21:31:03,704 -  [BaseBLDC] right target amplitude is -0.397643255801443
2023-07-05 21:31:03,704 -  [BaseBLDC] left target amplitude is -0.397643255801443
2023-07-05 21:31:03,809 -  [BaseBLDC] right stroke amp is -1.46293024144061
2023-07-05 21:31:03,809 -  [BaseBLDC] left stroke amp is -1.4629296380184929
2023-07-05 21:31:03,812 -  [BaseBLDC] right target amplitude is -0.433872445067743
2023-07-05 21:31:03,812 -  [BaseBLDC] left target amplitude is -0.433872445067743
2023-07-05 21:31:03,918 -  [BaseBLDC] right stroke amp is -1.498859742714337
2023-07-05 21:31:03,919 -  [BaseBLDC] left stroke amp is -1.4988591547789387
2023-07-05 21:31:03,922 -  [BaseBLDC] right target amplitude is -0.469485117120324
2023-07-05 21:31:03,922 -  [BaseBLDC] left target amplitude is -0.469485117120324
2023-07-05 21:31:04,028 -  [BaseBLDC] right stroke amp is -1.5341472547534696
2023-07-05 21:31:04,028 -  [BaseBLDC] left stroke amp is -1.5341466777906867
2023-07-05 21:31:04,031 -  [BaseBLDC] right target amplitude is -0.504430667626718
2023-07-05 21:31:04,031 -  [BaseBLDC] left target amplitude is -0.504430667626718
2023-07-05 21:31:04,140 -  [BaseBLDC] right stroke amp is -1.5687426563319096
2023-07-05 21:31:04,140 -  [BaseBLDC] left stroke amp is -1.5687420911472731
2023-07-05 21:31:04,143 -  [BaseBLDC] right target amplitude is -0.538659440210234
2023-07-05 21:31:04,143 -  [BaseBLDC] left target amplitude is -0.538659440210234
2023-07-05 21:31:04,251 -  [BaseBLDC] right stroke amp is -1.602596788554147
2023-07-05 21:31:04,251 -  [BaseBLDC] left stroke amp is -1.6025962359180543
2023-07-05 21:31:04,254 -  [BaseBLDC] right target amplitude is -0.572122797009901
2023-07-05 21:31:04,254 -  [BaseBLDC] left target amplitude is -0.572122797009901
2023-07-05 21:31:04,363 -  [BaseBLDC] right stroke amp is -1.6356615458275676
2023-07-05 21:31:04,364 -  [BaseBLDC] left stroke amp is -1.6356610064703716
2023-07-05 21:31:04,366 -  [BaseBLDC] right target amplitude is -0.604773187793121
2023-07-05 21:31:04,367 -  [BaseBLDC] left target amplitude is -0.604773187793121
2023-07-05 21:31:04,475 -  [BaseBLDC] right stroke amp is -1.667889944220293
2023-07-05 21:31:04,475 -  [BaseBLDC] left stroke amp is -1.6678894188278368
2023-07-05 21:31:04,478 -  [BaseBLDC] right target amplitude is -0.636564217522852
2023-07-05 21:31:04,478 -  [BaseBLDC] left target amplitude is -0.636564217522852
2023-07-05 21:31:04,586 -  [BaseBLDC] right stroke amp is -1.6992361882244145
2023-07-05 21:31:04,586 -  [BaseBLDC] left stroke amp is -1.69923567743384
2023-07-05 21:31:04,589 -  [BaseBLDC] right target amplitude is -0.667450712283295
2023-07-05 21:31:04,589 -  [BaseBLDC] left target amplitude is -0.667450712283295
2023-07-05 21:31:04,698 -  [BaseBLDC] right stroke amp is -1.729655735831928
2023-07-05 21:31:04,698 -  [BaseBLDC] left stroke amp is -1.7296552402281433
2023-07-05 21:31:04,701 -  [BaseBLDC] right target amplitude is -0.697388783470419
2023-07-05 21:31:04,701 -  [BaseBLDC] left target amplitude is -0.697388783470419
2023-07-05 21:31:04,809 -  [BaseBLDC] right stroke amp is -1.7591053618316113
2023-07-05 21:31:04,809 -  [BaseBLDC] left stroke amp is -1.7591048819449897
2023-07-05 21:31:04,812 -  [BaseBLDC] right target amplitude is -0.726335890156090
2023-07-05 21:31:04,812 -  [BaseBLDC] left target amplitude is -0.726335890156090
2023-07-05 21:31:04,919 -  [BaseBLDC] right stroke amp is -1.7875431969376594
2023-07-05 21:31:04,920 -  [BaseBLDC] left stroke amp is -1.7875427276196802
2023-07-05 21:31:04,922 -  [BaseBLDC] right target amplitude is -0.754250899537224
2023-07-05 21:31:04,922 -  [BaseBLDC] left target amplitude is -0.754250899537224
2023-07-05 21:31:05,030 -  [BaseBLDC] right stroke amp is -1.8149288535371502
2023-07-05 21:31:05,031 -  [BaseBLDC] left stroke amp is -1.8149283950582429
2023-07-05 21:31:05,033 -  [BaseBLDC] right target amplitude is -0.781094145384022
2023-07-05 21:31:05,034 -  [BaseBLDC] left target amplitude is -0.781094145384022
2023-07-05 21:31:05,142 -  [BaseBLDC] right stroke amp is -1.8412234175398259
2023-07-05 21:31:05,142 -  [BaseBLDC] left stroke amp is -1.8412229701410998
2023-07-05 21:31:05,145 -  [BaseBLDC] right target amplitude is -0.806827484404273
2023-07-05 21:31:05,145 -  [BaseBLDC] left target amplitude is -0.806827484404273
2023-07-05 21:31:05,254 -  [BaseBLDC] right stroke amp is -1.866389525293563
2023-07-05 21:31:05,255 -  [BaseBLDC] left stroke amp is -1.8663890891957073
2023-07-05 21:31:05,257 -  [BaseBLDC] right target amplitude is -0.831414350443615
2023-07-05 21:31:05,257 -  [BaseBLDC] left target amplitude is -0.831414350443615
2023-07-05 21:31:05,366 -  [BaseBLDC] right stroke amp is -1.890391416697762
2023-07-05 21:31:05,367 -  [BaseBLDC] left stroke amp is -1.8903909921154984
2023-07-05 21:31:05,369 -  [BaseBLDC] right target amplitude is -0.854819806444733
2023-07-05 21:31:05,370 -  [BaseBLDC] left target amplitude is -0.854819806444733
2023-07-05 21:31:05,477 -  [BaseBLDC] right stroke amp is -1.9131949860410564
2023-07-05 21:31:05,478 -  [BaseBLDC] left stroke amp is -1.9131945732038922
2023-07-05 21:31:05,480 -  [BaseBLDC] right target amplitude is -0.877010594091674
2023-07-05 21:31:05,480 -  [BaseBLDC] left target amplitude is -0.877010594091674
2023-07-05 21:31:05,588 -  [BaseBLDC] right stroke amp is -1.9347678304902733
2023-07-05 21:31:05,588 -  [BaseBLDC] left stroke amp is -1.9347674296700812
2023-07-05 21:31:05,591 -  [BaseBLDC] right target amplitude is -0.897955181068738
2023-07-05 21:31:05,591 -  [BaseBLDC] left target amplitude is -0.897955181068738
2023-07-05 21:31:05,700 -  [BaseBLDC] right stroke amp is -1.9550792961577361
2023-07-05 21:31:05,700 -  [BaseBLDC] left stroke amp is -1.9550789077026594
2023-07-05 21:31:05,703 -  [BaseBLDC] right target amplitude is -0.917623805866767
2023-07-05 21:31:05,703 -  [BaseBLDC] left target amplitude is -0.917623805866767
2023-07-05 21:31:05,811 -  [BaseBLDC] right stroke amp is -1.9741005216742569
2023-07-05 21:31:05,811 -  [BaseBLDC] left stroke amp is -1.974100146046594
2023-07-05 21:31:05,814 -  [BaseBLDC] right target amplitude is -0.935988520073197
2023-07-05 21:31:05,814 -  [BaseBLDC] left target amplitude is -0.935988520073197
2023-07-05 21:31:05,922 -  [BaseBLDC] right stroke amp is -1.9918044791943417
2023-07-05 21:31:05,922 -  [BaseBLDC] left stroke amp is -1.9918041170070633
2023-07-05 21:31:05,925 -  [BaseBLDC] right target amplitude is -0.953023228085761
2023-07-05 21:31:05,925 -  [BaseBLDC] left target amplitude is -0.953023228085761
2023-07-05 21:31:06,034 -  [BaseBLDC] right stroke amp is -2.008166012758874
2023-07-05 21:31:06,034 -  [BaseBLDC] left stroke amp is -2.0081656648010395
2023-07-05 21:31:06,037 -  [BaseBLDC] right target amplitude is -0.968703724193408
2023-07-05 21:31:06,037 -  [BaseBLDC] left target amplitude is -0.968703724193408
2023-07-05 21:31:06,146 -  [BaseBLDC] right stroke amp is -2.0231618739419712
2023-07-05 21:31:06,146 -  [BaseBLDC] left stroke amp is -2.023161541178114
2023-07-05 21:31:06,149 -  [BaseBLDC] right target amplitude is -0.983007726971764
2023-07-05 21:31:06,149 -  [BaseBLDC] left target amplitude is -0.983007726971764
2023-07-05 21:31:06,257 -  [BaseBLDC] right stroke amp is -2.036770674399419
2023-07-05 21:31:06,257 -  [BaseBLDC] left stroke amp is -2.0367703576464966
2023-07-05 21:31:06,260 -  [BaseBLDC] right target amplitude is -0.995914910944242
2023-07-05 21:31:06,260 -  [BaseBLDC] left target amplitude is -0.995914910944242
2023-07-05 21:31:06,369 -  [BaseBLDC] right stroke amp is -2.048973151638739
2023-07-05 21:31:06,370 -  [BaseBLDC] left stroke amp is -2.0489728519141224
2023-07-05 21:31:06,372 -  [BaseBLDC] right target amplitude is -1.00740693546383
2023-07-05 21:31:06,373 -  [BaseBLDC] left target amplitude is -1.00740693546383
2023-07-05 21:31:06,479 -  [BaseBLDC] right stroke amp is -2.0597519671602518
2023-07-05 21:31:06,479 -  [BaseBLDC] left stroke amp is -2.059751684672845
2023-07-05 21:31:06,482 -  [BaseBLDC] right target amplitude is -1.01746747077448
2023-07-05 21:31:06,483 -  [BaseBLDC] left target amplitude is -1.01746747077448
2023-07-05 21:31:06,591 -  [BaseBLDC] right stroke amp is -2.0690918046523494
2023-07-05 21:31:06,591 -  [BaseBLDC] left stroke amp is -2.0690915395866183
2023-07-05 21:31:06,594 -  [BaseBLDC] right target amplitude is -1.02608222121514
2023-07-05 21:31:06,594 -  [BaseBLDC] left target amplitude is -1.02608222121514
2023-07-05 21:31:06,703 -  [BaseBLDC] right stroke amp is -2.0769793925397035
2023-07-05 21:31:06,703 -  [BaseBLDC] left stroke amp is -2.0769791450554647
2023-07-05 21:31:06,706 -  [BaseBLDC] right target amplitude is -1.03323894553337
2023-07-05 21:31:06,706 -  [BaseBLDC] left target amplitude is -1.03323894553337
2023-07-05 21:31:06,814 -  [BaseBLDC] right stroke amp is -2.083403522841747
2023-07-05 21:31:06,815 -  [BaseBLDC] left stroke amp is -2.0834032930739506
2023-07-05 21:31:06,817 -  [BaseBLDC] right target amplitude is -1.03892747427972
2023-07-05 21:31:06,817 -  [BaseBLDC] left target amplitude is -1.03892747427972
2023-07-05 21:31:06,925 -  [BaseBLDC] right stroke amp is -2.08835506709882
2023-07-05 21:31:06,925 -  [BaseBLDC] left stroke amp is -2.0883548551573634
2023-07-05 21:31:06,928 -  [BaseBLDC] right target amplitude is -1.04313972425818
2023-07-05 21:31:06,928 -  [BaseBLDC] left target amplitude is -1.04313972425818
2023-07-05 21:31:07,037 -  [BaseBLDC] right stroke amp is -2.0918269893433874
2023-07-05 21:31:07,037 -  [BaseBLDC] left stroke amp is -2.0918267953129663
2023-07-05 21:31:07,040 -  [BaseBLDC] right target amplitude is -1.04586971001207
2023-07-05 21:31:07,040 -  [BaseBLDC] left target amplitude is -1.04586971001207
2023-07-05 21:31:07,148 -  [BaseBLDC] right stroke amp is -2.0938143560979032
2023-07-05 21:31:07,148 -  [BaseBLDC] left stroke amp is -2.093814180037894
2023-07-05 21:31:07,151 -  [BaseBLDC] right target amplitude is -1.04711355232922
2023-07-05 21:31:07,151 -  [BaseBLDC] left target amplitude is -1.04711355232922
2023-07-05 21:31:07,257 -  [BaseBLDC] right stroke amp is -2.0943143433851055
2023-07-05 21:31:07,258 -  [BaseBLDC] left stroke amp is -2.0943141853294858
2023-07-05 21:31:07,260 -  [BaseBLDC] right target amplitude is -1.04686948375415
2023-07-05 21:31:07,260 -  [BaseBLDC] left target amplitude is -1.04686948375415
2023-07-05 21:31:07,368 -  [BaseBLDC] right stroke amp is -2.0933262407407924
2023-07-05 21:31:07,368 -  [BaseBLDC] left stroke amp is -2.0933261006980937
2023-07-05 21:31:07,370 -  [BaseBLDC] right target amplitude is -1.04513785109959
2023-07-05 21:31:07,371 -  [BaseBLDC] left target amplitude is -1.04513785109959
2023-07-05 21:31:07,479 -  [BaseBLDC] right stroke amp is -2.090851452223367
2023-07-05 21:31:07,480 -  [BaseBLDC] left stroke amp is -2.0908513301766627
2023-07-05 21:31:07,482 -  [BaseBLDC] right target amplitude is -1.04192111495364
2023-07-05 21:31:07,483 -  [BaseBLDC] left target amplitude is -1.04192111495364
2023-07-05 21:31:07,591 -  [BaseBLDC] right stroke amp is -2.086893494418721
2023-07-05 21:31:07,591 -  [BaseBLDC] left stroke amp is -2.08689339032565
2023-07-05 21:31:07,594 -  [BaseBLDC] right target amplitude is -1.03722384618339
2023-07-05 21:31:07,594 -  [BaseBLDC] left target amplitude is -1.03722384618339
2023-07-05 21:31:07,703 -  [BaseBLDC] right stroke amp is -2.0814579914432927
2023-07-05 21:31:07,704 -  [BaseBLDC] left stroke amp is -2.081457905236116
2023-07-05 21:31:07,706 -  [BaseBLDC] right target amplitude is -1.03105271943988
2023-07-05 21:31:07,706 -  [BaseBLDC] left target amplitude is -1.03105271943988
2023-07-05 21:31:07,814 -  [BaseBLDC] right stroke amp is -2.0745526669523984
2023-07-05 21:31:07,814 -  [BaseBLDC] left stroke amp is -2.0745525985380926
2023-07-05 21:31:07,817 -  [BaseBLDC] right target amplitude is -1.02341650367362
2023-07-05 21:31:07,817 -  [BaseBLDC] left target amplitude is -1.02341650367362
2023-07-05 21:31:07,926 -  [BaseBLDC] right stroke amp is -2.0661873331651917
2023-07-05 21:31:07,927 -  [BaseBLDC] left stroke amp is -2.0661872824255747
2023-07-05 21:31:07,930 -  [BaseBLDC] right target amplitude is -1.01432604967428
2023-07-05 21:31:07,930 -  [BaseBLDC] left target amplitude is -1.01432604967428
2023-07-05 21:31:08,036 -  [BaseBLDC] right stroke amp is -2.056373876921851
2023-07-05 21:31:08,036 -  [BaseBLDC] left stroke amp is -2.0563738437137435
2023-07-05 21:31:08,039 -  [BaseBLDC] right target amplitude is -1.00379427465204
2023-07-05 21:31:08,039 -  [BaseBLDC] left target amplitude is -1.00379427465204
2023-07-05 21:31:08,148 -  [BaseBLDC] right stroke amp is -2.0451262427928003
2023-07-05 21:31:08,148 -  [BaseBLDC] left stroke amp is -2.0451262269482218
2023-07-05 21:31:08,151 -  [BaseBLDC] right target amplitude is -0.991836143882736
2023-07-05 21:31:08,151 -  [BaseBLDC] left target amplitude is -0.991836143882736
2023-07-05 21:31:08,260 -  [BaseBLDC] right stroke amp is -2.0324604132639714
2023-07-05 21:31:08,260 -  [BaseBLDC] left stroke amp is -2.032460414590368
2023-07-05 21:31:08,263 -  [BaseBLDC] right target amplitude is -0.978468649442729
2023-07-05 21:31:08,263 -  [BaseBLDC] left target amplitude is -0.978468649442729
2023-07-05 21:31:08,372 -  [BaseBLDC] right stroke amp is -2.018394386026258
2023-07-05 21:31:08,372 -  [BaseBLDC] left stroke amp is -2.018394404306767
2023-07-05 21:31:08,375 -  [BaseBLDC] right target amplitude is -0.963710786063744
2023-07-05 21:31:08,375 -  [BaseBLDC] left target amplitude is -0.963710786063744
2023-07-05 21:31:08,483 -  [BaseBLDC] right stroke amp is -2.0029481484014355
2023-07-05 21:31:08,483 -  [BaseBLDC] left stroke amp is -2.002948183395181
2023-07-05 21:31:08,486 -  [BaseBLDC] right target amplitude is -0.947583524142050
2023-07-05 21:31:08,487 -  [BaseBLDC] left target amplitude is -0.947583524142050
2023-07-05 21:31:08,594 -  [BaseBLDC] right stroke amp is -1.9861436489408895
2023-07-05 21:31:08,594 -  [BaseBLDC] left stroke amp is -1.9861437003833124
2023-07-05 21:31:08,597 -  [BaseBLDC] right target amplitude is -0.930109779940264
2023-07-05 21:31:08,597 -  [BaseBLDC] left target amplitude is -0.930109779940264
2023-07-05 21:31:08,703 -  [BaseBLDC] right stroke amp is -1.9680047662375002
2023-07-05 21:31:08,703 -  [BaseBLDC] left stroke amp is -1.9680048338407206
2023-07-05 21:31:08,706 -  [BaseBLDC] right target amplitude is -0.911314383024152
2023-07-05 21:31:08,706 -  [BaseBLDC] left target amplitude is -0.911314383024152
2023-07-05 21:31:08,813 -  [BaseBLDC] right stroke amp is -1.9485572749950124
2023-07-05 21:31:08,813 -  [BaseBLDC] left stroke amp is -1.9485573584482245
2023-07-05 21:31:08,816 -  [BaseBLDC] right target amplitude is -0.891224040980705
2023-07-05 21:31:08,816 -  [BaseBLDC] left target amplitude is -0.891224040980705
2023-07-05 21:31:08,922 -  [BaseBLDC] right stroke amp is -1.9278288094030966
2023-07-05 21:31:08,922 -  [BaseBLDC] left stroke amp is -1.927828908372996
2023-07-05 21:31:08,925 -  [BaseBLDC] right target amplitude is -0.869867301467599
2023-07-05 21:31:08,925 -  [BaseBLDC] left target amplitude is -0.869867301467599
2023-07-05 21:31:09,033 -  [BaseBLDC] right stroke amp is -1.9058488238701474
2023-07-05 21:31:09,033 -  [BaseBLDC] left stroke amp is -1.9058489380013899
2023-07-05 21:31:09,036 -  [BaseBLDC] right target amplitude is -0.847274511647994
2023-07-05 21:31:09,036 -  [BaseBLDC] left target amplitude is -0.847274511647994
2023-07-05 21:31:09,145 -  [BaseBLDC] right stroke amp is -1.882648543493815
2023-07-05 21:31:09,145 -  [BaseBLDC] left stroke amp is -1.8826486800853077
2023-07-05 21:31:09,148 -  [BaseBLDC] right target amplitude is -0.823477775068291
2023-07-05 21:31:09,148 -  [BaseBLDC] left target amplitude is -0.823477775068291
2023-07-05 21:31:09,257 -  [BaseBLDC] right stroke amp is -1.8582609429137655
2023-07-05 21:31:09,257 -  [BaseBLDC] left stroke amp is -1.8582611013615682
2023-07-05 21:31:09,260 -  [BaseBLDC] right target amplitude is -0.798510906040132
2023-07-05 21:31:09,260 -  [BaseBLDC] left target amplitude is -0.798510906040132
2023-07-05 21:31:09,368 -  [BaseBLDC] right stroke amp is -1.8327206760389425
2023-07-05 21:31:09,368 -  [BaseBLDC] left stroke amp is -1.8327208557073467
2023-07-05 21:31:09,371 -  [BaseBLDC] right target amplitude is -0.772409381591473
2023-07-05 21:31:09,371 -  [BaseBLDC] left target amplitude is -0.772409381591473
2023-07-05 21:31:09,479 -  [BaseBLDC] right stroke amp is -1.806064034675172
2023-07-05 21:31:09,479 -  [BaseBLDC] left stroke amp is -1.8060642348982496
2023-07-05 21:31:09,482 -  [BaseBLDC] right target amplitude is -0.745210291054983
2023-07-05 21:31:09,482 -  [BaseBLDC] left target amplitude is -0.745210291054983
2023-07-05 21:31:09,591 -  [BaseBLDC] right stroke amp is -1.7783288969564635
2023-07-05 21:31:09,591 -  [BaseBLDC] left stroke amp is -1.7783291170389939
2023-07-05 21:31:09,594 -  [BaseBLDC] right target amplitude is -0.716952283365430
2023-07-05 21:31:09,594 -  [BaseBLDC] left target amplitude is -0.716952283365430
2023-07-05 21:31:09,702 -  [BaseBLDC] right stroke amp is -1.7495546735215302
2023-07-05 21:31:09,703 -  [BaseBLDC] left stroke amp is -1.7495549127399697
2023-07-05 21:31:09,706 -  [BaseBLDC] right target amplitude is -0.687675512140920
2023-07-05 21:31:09,706 -  [BaseBLDC] left target amplitude is -0.687675512140920
2023-07-05 21:31:09,813 -  [BaseBLDC] right stroke amp is -1.7197822515126737
2023-07-05 21:31:09,813 -  [BaseBLDC] left stroke amp is -1.7197825091161685
2023-07-05 21:31:09,816 -  [BaseBLDC] right target amplitude is -0.657421578626036
2023-07-05 21:31:09,816 -  [BaseBLDC] left target amplitude is -0.657421578626036
2023-07-05 21:31:09,925 -  [BaseBLDC] right stroke amp is -1.6890539364766115
2023-07-05 21:31:09,926 -  [BaseBLDC] left stroke amp is -1.6890542116880511
2023-07-05 21:31:09,928 -  [BaseBLDC] right target amplitude is -0.626233472577953
2023-07-05 21:31:09,928 -  [BaseBLDC] left target amplitude is -0.626233472577953
2023-07-05 21:31:10,037 -  [BaseBLDC] right stroke amp is -1.6574133922498018
2023-07-05 21:31:10,037 -  [BaseBLDC] left stroke amp is -1.6574136842669127
2023-07-05 21:31:10,040 -  [BaseBLDC] right target amplitude is -0.594155511179535
2023-07-05 21:31:10,040 -  [BaseBLDC] left target amplitude is -0.594155511179535
2023-07-05 21:31:10,149 -  [BaseBLDC] right stroke amp is -1.624905578913688
2023-07-05 21:31:10,150 -  [BaseBLDC] left stroke amp is -1.624905886910167
2023-07-05 21:31:10,152 -  [BaseBLDC] right target amplitude is -0.561233276066192
2023-07-05 21:31:10,153 -  [BaseBLDC] left target amplitude is -0.561233276066192
2023-07-05 21:31:10,260 -  [BaseBLDC] right stroke amp is -1.5915766889080267
2023-07-05 21:31:10,260 -  [BaseBLDC] left stroke amp is -1.5915770120347101
2023-07-05 21:31:10,263 -  [BaseBLDC] right target amplitude is -0.527513548556012
2023-07-05 21:31:10,263 -  [BaseBLDC] left target amplitude is -0.527513548556012
2023-07-05 21:31:10,371 -  [BaseBLDC] right stroke amp is -1.557474073990303
2023-07-05 21:31:10,372 -  [BaseBLDC] left stroke amp is -1.5574744187791487
2023-07-05 21:31:10,374 -  [BaseBLDC] right target amplitude is -0.493044243175178
2023-07-05 21:31:10,374 -  [BaseBLDC] left target amplitude is -0.493044243175178
2023-07-05 21:31:10,483 -  [BaseBLDC] right stroke amp is -1.522646200610171
2023-07-05 21:31:10,483 -  [BaseBLDC] left stroke amp is -1.5226465657081567
2023-07-05 21:31:10,486 -  [BaseBLDC] right target amplitude is -0.457874339573138
2023-07-05 21:31:10,487 -  [BaseBLDC] left target amplitude is -0.457874339573138
2023-07-05 21:31:10,592 -  [BaseBLDC] right stroke amp is -1.4871425579305593
2023-07-05 21:31:10,592 -  [BaseBLDC] left stroke amp is -1.4871429419545892
2023-07-05 21:31:10,595 -  [BaseBLDC] right target amplitude is -0.422053812924281
2023-07-05 21:31:10,595 -  [BaseBLDC] left target amplitude is -0.422053812924281
2023-07-05 21:31:10,704 -  [BaseBLDC] right stroke amp is -1.4510135953573031
2023-07-05 21:31:10,704 -  [BaseBLDC] left stroke amp is -1.4510139968971967
2023-07-05 21:31:10,707 -  [BaseBLDC] right target amplitude is -0.385633562915000
2023-07-05 21:31:10,707 -  [BaseBLDC] left target amplitude is -0.385633562915000
2023-07-05 21:31:10,816 -  [BaseBLDC] right stroke amp is -1.4143106508533512
2023-07-05 21:31:10,816 -  [BaseBLDC] left stroke amp is -1.4143110684738645
2023-07-05 21:31:10,819 -  [BaseBLDC] right target amplitude is -0.348665341417065
2023-07-05 21:31:10,820 -  [BaseBLDC] left target amplitude is -0.348665341417065
2023-07-05 21:31:10,927 -  [BaseBLDC] right stroke amp is -1.3770858703981743
2023-07-05 21:31:10,928 -  [BaseBLDC] left stroke amp is -1.3770863102322422
2023-07-05 21:31:10,930 -  [BaseBLDC] right target amplitude is -0.311201678950060
2023-07-05 21:31:10,931 -  [BaseBLDC] left target amplitude is -0.311201678950060
2023-07-05 21:31:11,039 -  [BaseBLDC] right stroke amp is -1.3393921574194108
2023-07-05 21:31:11,040 -  [BaseBLDC] left stroke amp is -1.3393926172214219
2023-07-05 21:31:11,042 -  [BaseBLDC] right target amplitude is -0.273295810037410
2023-07-05 21:31:11,042 -  [BaseBLDC] left target amplitude is -0.273295810037410
2023-07-05 21:31:11,150 -  [BaseBLDC] right stroke amp is -1.3012830733357477
2023-07-05 21:31:11,150 -  [BaseBLDC] left stroke amp is -1.3012835508299705
2023-07-05 21:31:11,154 -  [BaseBLDC] right target amplitude is -0.235001597562018
2023-07-05 21:31:11,154 -  [BaseBLDC] left target amplitude is -0.235001597562018
2023-07-05 21:31:11,261 -  [BaseBLDC] right stroke amp is -1.2628127697916198
2023-07-05 21:31:11,262 -  [BaseBLDC] left stroke amp is -1.262813262677117
2023-07-05 21:31:11,264 -  [BaseBLDC] right target amplitude is -0.196373456229053
2023-07-05 21:31:11,265 -  [BaseBLDC] left target amplitude is -0.196373456229053
2023-07-05 21:31:11,371 -  [BaseBLDC] right stroke amp is -1.224035904926748
2023-07-05 21:31:11,371 -  [BaseBLDC] left stroke amp is -1.2240364176652445
2023-07-05 21:31:11,374 -  [BaseBLDC] right target amplitude is -0.157466275244598
2023-07-05 21:31:11,374 -  [BaseBLDC] left target amplitude is -0.157466275244598
2023-07-05 21:31:11,482 -  [BaseBLDC] right stroke amp is -1.185007587266424
2023-07-05 21:31:11,482 -  [BaseBLDC] left stroke amp is -1.1850081163030262
2023-07-05 21:31:11,485 -  [BaseBLDC] right target amplitude is -0.118335340320064
2023-07-05 21:31:11,485 -  [BaseBLDC] left target amplitude is -0.118335340320064
2023-07-05 21:31:11,593 -  [BaseBLDC] right stroke amp is -1.1457832680524858
2023-07-05 21:31:11,593 -  [BaseBLDC] left stroke amp is -1.1457838164095795
2023-07-05 21:31:11,596 -  [BaseBLDC] right target amplitude is -0.0790362551131765
2023-07-05 21:31:11,596 -  [BaseBLDC] left target amplitude is -0.0790362551131765
2023-07-05 21:31:11,704 -  [BaseBLDC] right stroke amp is -1.1064186849021125
2023-07-05 21:31:11,705 -  [BaseBLDC] left stroke amp is -1.1064192543108968
2023-07-05 21:31:11,707 -  [BaseBLDC] right target amplitude is -0.0396248622171714
2023-07-05 21:31:11,707 -  [BaseBLDC] left target amplitude is -0.0396248622171714
2023-07-05 21:31:11,813 -  [BaseBLDC] right stroke amp is -1.0669697769043316
2023-07-05 21:31:11,813 -  [BaseBLDC] left stroke amp is -1.0669703656405272
2023-07-05 21:31:11,816 -  [BaseBLDC] right target amplitude is -0.000157163810477918
2023-07-05 21:31:11,816 -  [BaseBLDC] left target amplitude is -0.000157163810477918
2023-07-05 21:31:11,923 -  [BaseBLDC] right stroke amp is -1.027492601786603
2023-07-05 21:31:11,924 -  [BaseBLDC] left stroke amp is -1.0274932058570498
2023-07-05 21:31:11,926 -  [BaseBLDC] right target amplitude is 0.0393107579203630
2023-07-05 21:31:11,926 -  [BaseBLDC] left target amplitude is 0.0393107579203630
2023-07-05 21:31:12,033 -  [BaseBLDC] right stroke amp is -0.9880432877285633
2023-07-05 21:31:12,033 -  [BaseBLDC] left stroke amp is -0.9880438705912803
2023-07-05 21:31:12,036 -  [BaseBLDC] right target amplitude is 0.0787228204714787
2023-07-05 21:31:12,036 -  [BaseBLDC] left target amplitude is 0.0787228204714787
2023-07-05 21:31:12,143 -  [BaseBLDC] right stroke amp is -0.9486778518372394
2023-07-05 21:31:12,143 -  [BaseBLDC] left stroke amp is -0.9486784159363936
2023-07-05 21:31:12,146 -  [BaseBLDC] right target amplitude is 0.118023020712882
2023-07-05 21:31:12,146 -  [BaseBLDC] left target amplitude is 0.118023020712882
2023-07-05 21:31:12,255 -  [BaseBLDC] right stroke amp is -0.9094521619085174
2023-07-05 21:31:12,255 -  [BaseBLDC] left stroke amp is -0.9094527126365526
2023-07-05 21:31:12,258 -  [BaseBLDC] right target amplitude is 0.157155514466911
2023-07-05 21:31:12,258 -  [BaseBLDC] left target amplitude is 0.157155514466911
2023-07-05 21:31:12,367 -  [BaseBLDC] right stroke amp is -0.8704220329355244
2023-07-05 21:31:12,367 -  [BaseBLDC] left stroke amp is -0.8704225716142602
2023-07-05 21:31:12,370 -  [BaseBLDC] right target amplitude is 0.196064695860802
2023-07-05 21:31:12,370 -  [BaseBLDC] left target amplitude is 0.196064695860802
2023-07-05 21:31:12,479 -  [BaseBLDC] right stroke amp is -0.8316429067447126
2023-07-05 21:31:12,479 -  [BaseBLDC] left stroke amp is -0.8316434300046113
2023-07-05 21:31:12,482 -  [BaseBLDC] right target amplitude is 0.234695276340636
2023-07-05 21:31:12,482 -  [BaseBLDC] left target amplitude is 0.234695276340636
2023-07-05 21:31:12,589 -  [BaseBLDC] right stroke amp is -0.7931699126577418
2023-07-05 21:31:12,590 -  [BaseBLDC] left stroke amp is -0.7931704236283296
2023-07-05 21:31:12,592 -  [BaseBLDC] right target amplitude is 0.272992363234385
2023-07-05 21:31:12,593 -  [BaseBLDC] left target amplitude is 0.272992363234385
2023-07-05 21:31:12,698 -  [BaseBLDC] right stroke amp is -0.7550576984112278
2023-07-05 21:31:12,698 -  [BaseBLDC] left stroke amp is -0.7550581949183177
2023-07-05 21:31:12,701 -  [BaseBLDC] right target amplitude is 0.310901537752440
2023-07-05 21:31:12,701 -  [BaseBLDC] left target amplitude is 0.310901537752440
2023-07-05 21:31:12,807 -  [BaseBLDC] right stroke amp is -0.7173604427917161
2023-07-05 21:31:12,807 -  [BaseBLDC] left stroke amp is -0.7173609284292513
2023-07-05 21:31:12,810 -  [BaseBLDC] right target amplitude is 0.348368932314746
2023-07-05 21:31:12,810 -  [BaseBLDC] left target amplitude is 0.348368932314746
2023-07-05 21:31:12,918 -  [BaseBLDC] right stroke amp is -0.6801316925467094
2023-07-05 21:31:12,918 -  [BaseBLDC] left stroke amp is -0.6801321659349029
2023-07-05 21:31:12,921 -  [BaseBLDC] right target amplitude is 0.385341307094709
2023-07-05 21:31:12,921 -  [BaseBLDC] left target amplitude is 0.385341307094709
2023-07-05 21:31:13,028 -  [BaseBLDC] right stroke amp is -0.6434243484356955
2023-07-05 21:31:13,028 -  [BaseBLDC] left stroke amp is -0.6434248082227325
2023-07-05 21:31:13,031 -  [BaseBLDC] right target amplitude is 0.421766125671076
2023-07-05 21:31:13,031 -  [BaseBLDC] left target amplitude is 0.421766125671076
2023-07-05 21:31:13,138 -  [BaseBLDC] right stroke amp is -0.6072905703336408
2023-07-05 21:31:13,138 -  [BaseBLDC] left stroke amp is -0.6072910152016177
2023-07-05 21:31:13,141 -  [BaseBLDC] right target amplitude is 0.457591629680312
2023-07-05 21:31:13,141 -  [BaseBLDC] left target amplitude is 0.457591629680312
2023-07-05 21:31:13,250 -  [BaseBLDC] right stroke amp is -0.571781725254074
2023-07-05 21:31:13,250 -  [BaseBLDC] left stroke amp is -0.5717821595265472
2023-07-05 21:31:13,253 -  [BaseBLDC] right target amplitude is 0.492766912363370
2023-07-05 21:31:13,254 -  [BaseBLDC] left target amplitude is 0.492766912363370
2023-07-05 21:31:13,361 -  [BaseBLDC] right stroke amp is -0.5369482496707199
2023-07-05 21:31:13,361 -  [BaseBLDC] left stroke amp is -0.5369486725438118
2023-07-05 21:31:13,364 -  [BaseBLDC] right target amplitude is 0.527241990902382
2023-07-05 21:31:13,364 -  [BaseBLDC] left target amplitude is 0.527241990902382
2023-07-05 21:31:13,472 -  [BaseBLDC] right stroke amp is -0.5028396407722886
2023-07-05 21:31:13,473 -  [BaseBLDC] left stroke amp is -0.5028400514765097
2023-07-05 21:31:13,475 -  [BaseBLDC] right target amplitude is 0.560967877444447
2023-07-05 21:31:13,476 -  [BaseBLDC] left target amplitude is 0.560967877444447
2023-07-05 21:31:13,582 -  [BaseBLDC] right stroke amp is -0.4695043657516635
2023-07-05 21:31:13,582 -  [BaseBLDC] left stroke amp is -0.46950476355667403
2023-07-05 21:31:13,585 -  [BaseBLDC] right target amplitude is 0.593896648711620
2023-07-05 21:31:13,585 -  [BaseBLDC] left target amplitude is 0.593896648711620
2023-07-05 21:31:13,692 -  [BaseBLDC] right stroke amp is -0.43698979293416385
2023-07-05 21:31:13,692 -  [BaseBLDC] left stroke amp is -0.4369901771530658
2023-07-05 21:31:13,695 -  [BaseBLDC] right target amplitude is 0.625981514098173
2023-07-05 21:31:13,695 -  [BaseBLDC] left target amplitude is 0.625981514098173
2023-07-05 21:31:13,802 -  [BaseBLDC] right stroke amp is -0.40534212446792056
2023-07-05 21:31:13,802 -  [BaseBLDC] left stroke amp is -0.405342494461223
2023-07-05 21:31:13,805 -  [BaseBLDC] right target amplitude is 0.657176882158375
2023-07-05 21:31:13,805 -  [BaseBLDC] left target amplitude is 0.657176882158375
2023-07-05 21:31:13,912 -  [BaseBLDC] right stroke amp is -0.37460633066990684
2023-07-05 21:31:13,913 -  [BaseBLDC] left stroke amp is -0.37460668584877355
2023-07-05 21:31:13,915 -  [BaseBLDC] right target amplitude is 0.687438425390306
2023-07-05 21:31:13,915 -  [BaseBLDC] left target amplitude is 0.687438425390306
2023-07-05 21:31:14,021 -  [BaseBLDC] right stroke amp is -0.3448260861202188
2023-07-05 21:31:14,021 -  [BaseBLDC] left stroke amp is -0.34482642594842233
2023-07-05 21:31:14,024 -  [BaseBLDC] right target amplitude is 0.716723143223654
2023-07-05 21:31:14,024 -  [BaseBLDC] left target amplitude is 0.716723143223654
2023-07-05 21:31:14,133 -  [BaseBLDC] right stroke amp is -0.31604370759452644
2023-07-05 21:31:14,134 -  [BaseBLDC] left stroke amp is -0.31604403158830197
2023-07-05 21:31:14,136 -  [BaseBLDC] right target amplitude is 0.744989423121988
2023-07-05 21:31:14,137 -  [BaseBLDC] left target amplitude is 0.744989423121988
2023-07-05 21:31:14,245 -  [BaseBLDC] right stroke amp is -0.2883001164246771
2023-07-05 21:31:14,245 -  [BaseBLDC] left stroke amp is -0.288300429809122
2023-07-05 21:31:14,248 -  [BaseBLDC] right target amplitude is 0.772197099712692
2023-07-05 21:31:14,248 -  [BaseBLDC] left target amplitude is 0.772197099712692
2023-07-05 21:31:14,356 -  [BaseBLDC] right stroke amp is -0.26163471344892353
2023-07-05 21:31:14,356 -  [BaseBLDC] left stroke amp is -0.2616350159736868
2023-07-05 21:31:14,359 -  [BaseBLDC] right target amplitude is 0.798307511860523
2023-07-05 21:31:14,359 -  [BaseBLDC] left target amplitude is 0.798307511860523
2023-07-05 21:31:14,468 -  [BaseBLDC] right stroke amp is -0.23608538925912376
2023-07-05 21:31:14,468 -  [BaseBLDC] left stroke amp is -0.2360856806915643
2023-07-05 21:31:14,471 -  [BaseBLDC] right target amplitude is 0.823283557603707
2023-07-05 21:31:14,472 -  [BaseBLDC] left target amplitude is 0.823283557603707
2023-07-05 21:31:14,576 -  [BaseBLDC] right stroke amp is -0.2116884484838749
2023-07-05 21:31:14,576 -  [BaseBLDC] left stroke amp is -0.21168872859469895
2023-07-05 21:31:14,579 -  [BaseBLDC] right target amplitude is 0.847089746874507
2023-07-05 21:31:14,579 -  [BaseBLDC] left target amplitude is 0.847089746874507
2023-07-05 21:31:14,687 -  [BaseBLDC] right stroke amp is -0.18847855817666004
2023-07-05 21:31:14,687 -  [BaseBLDC] left stroke amp is -0.18847882671917576
2023-07-05 21:31:14,721 -  [BaseBLDC] right target amplitude is 0.869692251929344
2023-07-05 21:31:14,722 -  [BaseBLDC] left target amplitude is 0.869692251929344
2023-07-05 21:31:14,830 -  [BaseBLDC] right stroke amp is -0.1664886985303035
2023-07-05 21:31:14,830 -  [BaseBLDC] left stroke amp is -0.16648895521313511
2023-07-05 21:31:14,833 -  [BaseBLDC] right target amplitude is 0.891058955416816
2023-07-05 21:31:14,833 -  [BaseBLDC] left target amplitude is 0.891058955416816
2023-07-05 21:31:14,939 -  [BaseBLDC] right stroke amp is -0.1457501159908498
2023-07-05 21:31:14,939 -  [BaseBLDC] left stroke amp is -0.14575036044474676
2023-07-05 21:31:14,942 -  [BaseBLDC] right target amplitude is 0.911159496015313
2023-07-05 21:31:14,942 -  [BaseBLDC] left target amplitude is 0.911159496015313
2023-07-05 21:31:15,049 -  [BaseBLDC] right stroke amp is -0.12629227884477046
2023-07-05 21:31:15,049 -  [BaseBLDC] left stroke amp is -0.12629251058601748
2023-07-05 21:31:15,052 -  [BaseBLDC] right target amplitude is 0.929965311575376
2023-07-05 21:31:15,052 -  [BaseBLDC] left target amplitude is 0.929965311575376
2023-07-05 21:31:15,161 -  [BaseBLDC] right stroke amp is -0.10814283535415793
2023-07-05 21:31:15,161 -  [BaseBLDC] left stroke amp is -0.10814305375009986
2023-07-05 21:31:15,164 -  [BaseBLDC] right target amplitude is 0.947449679705496
2023-07-05 21:31:15,164 -  [BaseBLDC] left target amplitude is 0.947449679705496
2023-07-05 21:31:15,272 -  [BaseBLDC] right stroke amp is -0.09132757451551551
2023-07-05 21:31:15,272 -  [BaseBLDC] left stroke amp is -0.09132777876201484
2023-07-05 21:31:15,275 -  [BaseBLDC] right target amplitude is 0.963587755743680
2023-07-05 21:31:15,275 -  [BaseBLDC] left target amplitude is 0.963587755743680
2023-07-05 21:31:15,384 -  [BaseBLDC] right stroke amp is -0.07587038951555253
2023-07-05 21:31:15,384 -  [BaseBLDC] left stroke amp is -0.07587057864109757
2023-07-05 21:31:15,387 -  [BaseBLDC] right target amplitude is 0.978356608060843
2023-07-05 21:31:15,387 -  [BaseBLDC] left target amplitude is 0.978356608060843
2023-07-05 21:31:15,496 -  [BaseBLDC] right stroke amp is -0.06179332381560596
2023-07-05 21:31:15,497 -  [BaseBLDC] left stroke amp is -0.06179349719384051
2023-07-05 21:31:15,499 -  [BaseBLDC] right target amplitude is 0.991735250645827
2023-07-05 21:31:15,500 -  [BaseBLDC] left target amplitude is 0.991735250645827
2023-07-05 21:31:15,607 -  [BaseBLDC] right stroke amp is -0.04911630583787111
2023-07-05 21:31:15,607 -  [BaseBLDC] left stroke amp is -0.049116462350251626
2023-07-05 21:31:15,610 -  [BaseBLDC] right target amplitude is 1.00370467292579
2023-07-05 21:31:15,610 -  [BaseBLDC] left target amplitude is 1.00370467292579
2023-07-05 21:31:15,719 -  [BaseBLDC] right stroke amp is -0.037857348293924405
2023-07-05 21:31:15,719 -  [BaseBLDC] left stroke amp is -0.037857487723666
2023-07-05 21:31:15,722 -  [BaseBLDC] right target amplitude is 1.01424786677954
2023-07-05 21:31:15,723 -  [BaseBLDC] left target amplitude is 1.01424786677954
2023-07-05 21:31:15,830 -  [BaseBLDC] right stroke amp is -0.028032449759975597
2023-07-05 21:31:15,830 -  [BaseBLDC] left stroke amp is -0.028032571914556922
2023-07-05 21:31:15,833 -  [BaseBLDC] right target amplitude is 1.02334985070549
2023-07-05 21:31:15,833 -  [BaseBLDC] left target amplitude is 1.02334985070549
2023-07-05 21:31:15,942 -  [BaseBLDC] right stroke amp is -0.019655571065692913
2023-07-05 21:31:15,942 -  [BaseBLDC] left stroke amp is -0.019655675777091788
2023-07-05 21:31:15,945 -  [BaseBLDC] right target amplitude is 1.03099769110984
2023-07-05 21:31:15,945 -  [BaseBLDC] left target amplitude is 1.03099769110984
2023-07-05 21:31:16,052 -  [BaseBLDC] right stroke amp is -0.012738615456310845
2023-07-05 21:31:16,052 -  [BaseBLDC] left stroke amp is -0.012738702581252918
2023-07-05 21:31:16,055 -  [BaseBLDC] right target amplitude is 1.03718052068474
2023-07-05 21:31:16,055 -  [BaseBLDC] left target amplitude is 1.03718052068474
2023-07-05 21:31:16,164 -  [BaseBLDC] right stroke amp is -0.007291411678541493
2023-07-05 21:31:16,164 -  [BaseBLDC] left stroke amp is -0.0072914810987126525
2023-07-05 21:31:16,167 -  [BaseBLDC] right target amplitude is 1.04188955385035
2023-07-05 21:31:16,167 -  [BaseBLDC] left target amplitude is 1.04188955385035
2023-07-05 21:31:16,275 -  [BaseBLDC] right stroke amp is -0.003321700014274784
2023-07-05 21:31:16,275 -  [BaseBLDC] left stroke amp is -0.003321751636496828
2023-07-05 21:31:16,278 -  [BaseBLDC] right target amplitude is 1.04511809923887
2023-07-05 21:31:16,278 -  [BaseBLDC] left target amplitude is 1.04511809923887
2023-07-05 21:31:16,385 -  [BaseBLDC] right stroke amp is -0.0008351212819134664
2023-07-05 21:31:16,385 -  [BaseBLDC] left stroke amp is -0.000835155038282632
2023-07-05 21:31:16,388 -  [BaseBLDC] right target amplitude is 1.04686156920269
2023-07-05 21:31:16,388 -  [BaseBLDC] left target amplitude is 1.04686156920269
2023-07-05 21:31:16,496 -  [BaseBLDC] right stroke amp is 0.00016479117902859584
2023-07-05 21:31:16,496 -  [BaseBLDC] left stroke amp is 0.0001647753310405728
2023-07-05 21:31:16,499 -  [BaseBLDC] right target amplitude is 1.04711487414629
2023-07-05 21:31:16,499 -  [BaseBLDC] left target amplitude is 1.04711487414629
2023-07-05 21:31:16,605 -  [BaseBLDC] right stroke amp is -0.00033128261589777496
2023-07-05 21:31:16,605 -  [BaseBLDC] left stroke amp is -0.00033128044326778553
2023-07-05 21:31:16,608 -  [BaseBLDC] right target amplitude is 1.04587497947190
2023-07-05 21:31:16,608 -  [BaseBLDC] left target amplitude is 1.04587497947190
2023-07-05 21:31:16,715 -  [BaseBLDC] right stroke amp is -0.0023147404246238973
2023-07-05 21:31:16,715 -  [BaseBLDC] left stroke amp is -0.0023147203350057754
2023-07-05 21:31:16,718 -  [BaseBLDC] right target amplitude is 1.04314893387305
2023-07-05 21:31:16,718 -  [BaseBLDC] left target amplitude is 1.04314893387305
2023-07-05 21:31:16,827 -  [BaseBLDC] right stroke amp is -0.005782763919618605
2023-07-05 21:31:16,827 -  [BaseBLDC] left stroke amp is -0.005782725946979766
2023-07-05 21:31:16,830 -  [BaseBLDC] right target amplitude is 1.03894061096311
2023-07-05 21:31:16,830 -  [BaseBLDC] left target amplitude is 1.03894061096311
2023-07-05 21:31:16,938 -  [BaseBLDC] right stroke amp is -0.010730425163466206
2023-07-05 21:31:16,938 -  [BaseBLDC] left stroke amp is -0.010730369367170405
2023-07-05 21:31:16,941 -  [BaseBLDC] right target amplitude is 1.03325599061851
2023-07-05 21:31:16,941 -  [BaseBLDC] left target amplitude is 1.03325599061851
2023-07-05 21:31:17,050 -  [BaseBLDC] right stroke amp is -0.017150693706396405
2023-07-05 21:31:17,050 -  [BaseBLDC] left stroke amp is -0.017150620171120973
2023-07-05 21:31:17,053 -  [BaseBLDC] right target amplitude is 1.02610315048157
2023-07-05 21:31:17,053 -  [BaseBLDC] left target amplitude is 1.02610315048157
2023-07-05 21:31:17,161 -  [BaseBLDC] right stroke amp is -0.025034446576311424
2023-07-05 21:31:17,161 -  [BaseBLDC] left stroke amp is -0.02503435541192174
2023-07-05 21:31:17,164 -  [BaseBLDC] right target amplitude is 1.01749225448247
2023-07-05 21:31:17,164 -  [BaseBLDC] left target amplitude is 1.01749225448247
2023-07-05 21:31:17,272 -  [BaseBLDC] right stroke amp is -0.03437048124220759
2023-07-05 21:31:17,272 -  [BaseBLDC] left stroke amp is -0.034370372583594384
2023-07-05 21:31:17,275 -  [BaseBLDC] right target amplitude is 1.00743553839661
2023-07-05 21:31:17,275 -  [BaseBLDC] left target amplitude is 1.00743553839661
2023-07-05 21:31:17,384 -  [BaseBLDC] right stroke amp is -0.045145531532576264
2023-07-05 21:31:17,384 -  [BaseBLDC] left stroke amp is -0.04514540553945617
2023-07-05 21:31:17,387 -  [BaseBLDC] right target amplitude is 0.995947292458077
2023-07-05 21:31:17,387 -  [BaseBLDC] left target amplitude is 0.995947292458077
2023-07-05 21:31:17,496 -  [BaseBLDC] right stroke amp is -0.05734428648616458
2023-07-05 21:31:17,497 -  [BaseBLDC] left stroke amp is -0.057344143342844406
2023-07-05 21:31:17,499 -  [BaseBLDC] right target amplitude is 0.983043841053674
2023-07-05 21:31:17,499 -  [BaseBLDC] left target amplitude is 0.983043841053674
2023-07-05 21:31:17,608 -  [BaseBLDC] right stroke amp is -0.07094941210830935
2023-07-05 21:31:17,608 -  [BaseBLDC] left stroke amp is -0.07094925202341468
2023-07-05 21:31:17,611 -  [BaseBLDC] right target amplitude is 0.968743519526573
2023-07-05 21:31:17,611 -  [BaseBLDC] left target amplitude is 0.968743519526573
2023-07-05 21:31:17,719 -  [BaseBLDC] right stroke amp is -0.0859415760019295
2023-07-05 21:31:17,720 -  [BaseBLDC] left stroke amp is -0.08594139920809837
2023-07-05 21:31:17,723 -  [BaseBLDC] right target amplitude is 0.953066648122436
2023-07-05 21:31:17,723 -  [BaseBLDC] left target amplitude is 0.953066648122436
2023-07-05 21:31:17,830 -  [BaseBLDC] right stroke amp is -0.10229947483817681
2023-07-05 21:31:17,830 -  [BaseBLDC] left stroke amp is -0.10229928159171918
2023-07-05 21:31:17,833 -  [BaseBLDC] right target amplitude is 0.936035503115062
2023-07-05 21:31:17,833 -  [BaseBLDC] left target amplitude is 0.936035503115062
2023-07-05 21:31:17,942 -  [BaseBLDC] right stroke amp is -0.11999986462771008
2023-07-05 21:31:17,942 -  [BaseBLDC] left stroke amp is -0.11999965520823397
2023-07-05 21:31:17,945 -  [BaseBLDC] right target amplitude is 0.917674285152599
2023-07-05 21:31:17,945 -  [BaseBLDC] left target amplitude is 0.917674285152599
2023-07-05 21:31:18,053 -  [BaseBLDC] right stroke amp is -0.13901759374957834
2023-07-05 21:31:18,054 -  [BaseBLDC] left stroke amp is -0.13901736845958368
2023-07-05 21:31:18,056 -  [BaseBLDC] right target amplitude is 0.898009084869277
2023-07-05 21:31:18,056 -  [BaseBLDC] left target amplitude is 0.898009084869277
2023-07-05 21:31:18,165 -  [BaseBLDC] right stroke amp is -0.15932563869078006
2023-07-05 21:31:18,166 -  [BaseBLDC] left stroke amp is -0.1593253978552212
2023-07-05 21:31:18,168 -  [BaseBLDC] right target amplitude is 0.877067845811548
2023-07-05 21:31:18,168 -  [BaseBLDC] left target amplitude is 0.877067845811548
2023-07-05 21:31:18,276 -  [BaseBLDC] right stroke amp is -0.1808951424457134
2023-07-05 21:31:18,276 -  [BaseBLDC] left stroke amp is -0.1808948864115314
2023-07-05 21:31:18,279 -  [BaseBLDC] right target amplitude is 0.854880324731293
2023-07-05 21:31:18,279 -  [BaseBLDC] left target amplitude is 0.854880324731293
2023-07-05 21:31:18,388 -  [BaseBLDC] right stroke amp is -0.20369546322488752
2023-07-05 21:31:18,389 -  [BaseBLDC] left stroke amp is -0.20369518465657946
2023-07-05 21:31:18,391 -  [BaseBLDC] right target amplitude is 0.831478049302542
2023-07-05 21:31:18,391 -  [BaseBLDC] left target amplitude is 0.831478049302542
2023-07-05 21:31:18,498 -  [BaseBLDC] right stroke amp is -0.22769419469327684
2023-07-05 21:31:18,498 -  [BaseBLDC] left stroke amp is -0.22769389418192085
2023-07-05 21:31:18,501 -  [BaseBLDC] right target amplitude is 0.806894273321766
2023-07-05 21:31:18,501 -  [BaseBLDC] left target amplitude is 0.806894273321766
2023-07-05 21:31:18,608 -  [BaseBLDC] right stroke amp is -0.25285723551123096
2023-07-05 21:31:18,609 -  [BaseBLDC] left stroke amp is -0.2528569136795871
2023-07-05 21:31:18,611 -  [BaseBLDC] right target amplitude is 0.781163929455417
2023-07-05 21:31:18,611 -  [BaseBLDC] left target amplitude is 0.781163929455417
2023-07-05 21:31:18,720 -  [BaseBLDC] right stroke amp is -0.27914882989786277
2023-07-05 21:31:18,720 -  [BaseBLDC] left stroke amp is -0.2791484873988309
2023-07-05 21:31:18,723 -  [BaseBLDC] right target amplitude is 0.754323579601852
2023-07-05 21:31:18,723 -  [BaseBLDC] left target amplitude is 0.754323579601852
2023-07-05 21:31:18,830 -  [BaseBLDC] right stroke amp is -0.3065316184380699
2023-07-05 21:31:18,830 -  [BaseBLDC] left stroke amp is -0.30653125595377456
2023-07-05 21:31:18,833 -  [BaseBLDC] right target amplitude is 0.726411362938180
2023-07-05 21:31:18,833 -  [BaseBLDC] left target amplitude is 0.726411362938180
2023-07-05 21:31:18,941 -  [BaseBLDC] right stroke amp is -0.3349666911689274
2023-07-05 21:31:18,941 -  [BaseBLDC] left stroke amp is -0.33496630940976624
2023-07-05 21:31:18,944 -  [BaseBLDC] right target amplitude is 0.697466941725846
2023-07-05 21:31:18,944 -  [BaseBLDC] left target amplitude is 0.697466941725846
2023-07-05 21:31:19,052 -  [BaseBLDC] right stroke amp is -0.36441364286935335
2023-07-05 21:31:19,053 -  [BaseBLDC] left stroke amp is -0.3644132425730103
2023-07-05 21:31:19,055 -  [BaseBLDC] right target amplitude is 0.667531444951976
2023-07-05 21:31:19,056 -  [BaseBLDC] left target amplitude is 0.667531444951976
2023-07-05 21:31:19,164 -  [BaseBLDC] right stroke amp is -0.3948306304744826
2023-07-05 21:31:19,164 -  [BaseBLDC] left stroke amp is -0.3948302124049063
2023-07-05 21:31:19,167 -  [BaseBLDC] right target amplitude is 0.636647409886551
2023-07-05 21:31:19,167 -  [BaseBLDC] left target amplitude is 0.636647409886551
2023-07-05 21:31:19,275 -  [BaseBLDC] right stroke amp is -0.42617443253316456
2023-07-05 21:31:19,275 -  [BaseBLDC] left stroke amp is -0.4261739974795138
2023-07-05 21:31:19,278 -  [BaseBLDC] right target amplitude is 0.604858721638467
2023-07-05 21:31:19,278 -  [BaseBLDC] left target amplitude is 0.604858721638467
2023-07-05 21:31:19,387 -  [BaseBLDC] right stroke amp is -0.45840051062409903
2023-07-05 21:31:19,387 -  [BaseBLDC] left stroke amp is -0.45840005939965534
2023-07-05 21:31:19,390 -  [BaseBLDC] right target amplitude is 0.572210550796358
2023-07-05 21:31:19,390 -  [BaseBLDC] left target amplitude is 0.572210550796358
2023-07-05 21:31:19,498 -  [BaseBLDC] right stroke amp is -0.49146307264333877
2023-07-05 21:31:19,498 -  [BaseBLDC] left stroke amp is -0.49146260608438785
2023-07-05 21:31:19,501 -  [BaseBLDC] right target amplitude is 0.538749289242814
2023-07-05 21:31:19,501 -  [BaseBLDC] left target amplitude is 0.538749289242814
2023-07-05 21:31:19,609 -  [BaseBLDC] right stroke amp is -0.5253151453927557
2023-07-05 21:31:19,609 -  [BaseBLDC] left stroke amp is -0.5253146568379128
2023-07-05 21:31:19,612 -  [BaseBLDC] right target amplitude is 0.504522484233159
2023-07-05 21:31:19,612 -  [BaseBLDC] left target amplitude is 0.504522484233159
2023-07-05 21:31:19,721 -  [BaseBLDC] right stroke amp is -0.5599086183237323
2023-07-05 21:31:19,721 -  [BaseBLDC] left stroke amp is -0.5599081091074651
2023-07-05 21:31:19,724 -  [BaseBLDC] right target amplitude is 0.469578770832516
2023-07-05 21:31:19,724 -  [BaseBLDC] left target amplitude is 0.469578770832516
2023-07-05 21:31:19,833 -  [BaseBLDC] right stroke amp is -0.5951943353479633
2023-07-05 21:31:19,833 -  [BaseBLDC] left stroke amp is -0.5951938068353195
2023-07-05 21:31:19,836 -  [BaseBLDC] right target amplitude is 0.433967802807111
2023-07-05 21:31:19,836 -  [BaseBLDC] left target amplitude is 0.433967802807111
2023-07-05 21:31:19,944 -  [BaseBLDC] right stroke amp is -0.6311221567240842
2023-07-05 21:31:19,944 -  [BaseBLDC] left stroke amp is -0.6311216103077892
2023-07-05 21:31:19,947 -  [BaseBLDC] right target amplitude is 0.397740182068051
2023-07-05 21:31:19,947 -  [BaseBLDC] left target amplitude is 0.397740182068051
2023-07-05 21:31:20,055 -  [BaseBLDC] right stroke amp is -0.667641030303431
2023-07-05 21:31:20,055 -  [BaseBLDC] left stroke amp is -0.6676404674019634
2023-07-05 21:31:20,058 -  [BaseBLDC] right target amplitude is 0.360947386767829
2023-07-05 21:31:20,058 -  [BaseBLDC] left target amplitude is 0.360947386767829
2023-07-05 21:31:20,167 -  [BaseBLDC] right stroke amp is -0.704699071886575
2023-07-05 21:31:20,167 -  [BaseBLDC] left stroke amp is -0.7046984861289449
2023-07-05 21:31:20,170 -  [BaseBLDC] right target amplitude is 0.323641698151697
2023-07-05 21:31:20,170 -  [BaseBLDC] left target amplitude is 0.323641698151697
2023-07-05 21:31:20,279 -  [BaseBLDC] right stroke amp is -0.7422436147611717
2023-07-05 21:31:20,279 -  [BaseBLDC] left stroke amp is -0.7422430083705073
2023-07-05 21:31:20,282 -  [BaseBLDC] right target amplitude is 0.285876126267906
2023-07-05 21:31:20,282 -  [BaseBLDC] left target amplitude is 0.285876126267906
2023-07-05 21:31:20,391 -  [BaseBLDC] right stroke amp is -0.7802213094733371
2023-07-05 21:31:20,392 -  [BaseBLDC] left stroke amp is -0.7802206847043921
2023-07-05 21:31:20,394 -  [BaseBLDC] right target amplitude is 0.247704334642321
2023-07-05 21:31:20,395 -  [BaseBLDC] left target amplitude is 0.247704334642321
2023-07-05 21:31:20,502 -  [BaseBLDC] right stroke amp is -0.8185781910775919
2023-07-05 21:31:20,503 -  [BaseBLDC] left stroke amp is -0.8185775502119252
2023-07-05 21:31:20,507 -  [BaseBLDC] right target amplitude is 0.209180564024477
2023-07-05 21:31:20,507 -  [BaseBLDC] left target amplitude is 0.209180564024477
2023-07-05 21:31:20,613 -  [BaseBLDC] right stroke amp is -0.8572597629803134
2023-07-05 21:31:20,613 -  [BaseBLDC] left stroke amp is -0.8572591011602302
2023-07-05 21:31:20,615 -  [BaseBLDC] right target amplitude is 0.170359555313417
2023-07-05 21:31:20,616 -  [BaseBLDC] left target amplitude is 0.170359555313417
2023-07-05 21:31:20,723 -  [BaseBLDC] right stroke amp is -0.8962110516932035
2023-07-05 21:31:20,723 -  [BaseBLDC] left stroke amp is -0.8962103724500767
2023-07-05 21:31:20,726 -  [BaseBLDC] right target amplitude is 0.131296471772848
2023-07-05 21:31:20,726 -  [BaseBLDC] left target amplitude is 0.131296471772848
2023-07-05 21:31:20,835 -  [BaseBLDC] right stroke amp is -0.9353767160256782
2023-07-05 21:31:20,835 -  [BaseBLDC] left stroke amp is -0.935376015719314
2023-07-05 21:31:20,838 -  [BaseBLDC] right target amplitude is 0.0920468206461132
2023-07-05 21:31:20,838 -  [BaseBLDC] left target amplitude is 0.0920468206461132
2023-07-05 21:31:20,944 -  [BaseBLDC] right stroke amp is -0.974701093923457
2023-07-05 21:31:20,944 -  [BaseBLDC] left stroke amp is -0.9747003779909061
2023-07-05 21:31:20,947 -  [BaseBLDC] right target amplitude is 0.0526663742823968
2023-07-05 21:31:20,947 -  [BaseBLDC] left target amplitude is 0.0526663742823968
2023-07-05 21:31:21,056 -  [BaseBLDC] right stroke amp is -1.0141283121247455
2023-07-05 21:31:21,056 -  [BaseBLDC] left stroke amp is -1.014127580753815
2023-07-05 21:31:21,060 -  [BaseBLDC] right target amplitude is 0.0132110908862180
2023-07-05 21:31:21,060 -  [BaseBLDC] left target amplitude is 0.0132110908862180
2023-07-05 21:31:21,168 -  [BaseBLDC] right stroke amp is -1.0536023471580422
2023-07-05 21:31:21,168 -  [BaseBLDC] left stroke amp is -1.053601599364357
2023-07-05 21:31:21,171 -  [BaseBLDC] right target amplitude is -0.0262629649971683
2023-07-05 21:31:21,172 -  [BaseBLDC] left target amplitude is -0.0262629649971683
2023-07-05 21:31:21,279 -  [BaseBLDC] right stroke amp is -1.0930670676314271
2023-07-05 21:31:21,279 -  [BaseBLDC] left stroke amp is -1.0930663426552107
2023-07-05 21:31:21,282 -  [BaseBLDC] right target amplitude is -0.0656997021474786
2023-07-05 21:31:21,282 -  [BaseBLDC] left target amplitude is -0.0656997021474786
2023-07-05 21:31:21,391 -  [BaseBLDC] right stroke amp is -1.132466435493744
2023-07-05 21:31:21,391 -  [BaseBLDC] left stroke amp is -1.1324657326389507
2023-07-05 21:31:21,394 -  [BaseBLDC] right target amplitude is -0.105043082373005
2023-07-05 21:31:21,394 -  [BaseBLDC] left target amplitude is -0.105043082373005
2023-07-05 21:31:21,501 -  [BaseBLDC] right stroke amp is -1.1717444691404724
2023-07-05 21:31:21,501 -  [BaseBLDC] left stroke amp is -1.1717437841928537
2023-07-05 21:31:21,504 -  [BaseBLDC] right target amplitude is -0.144237200138880
2023-07-05 21:31:21,505 -  [BaseBLDC] left target amplitude is -0.144237200138880
2023-07-05 21:31:21,612 -  [BaseBLDC] right stroke amp is -1.2108454129437252
2023-07-05 21:31:21,612 -  [BaseBLDC] left stroke amp is -1.2108447389884496
2023-07-05 21:31:21,615 -  [BaseBLDC] right target amplitude is -0.183226362006831
2023-07-05 21:31:21,615 -  [BaseBLDC] left target amplitude is -0.183226362006831
2023-07-05 21:31:21,724 -  [BaseBLDC] right stroke amp is -1.249713657905744
2023-07-05 21:31:21,724 -  [BaseBLDC] left stroke amp is -1.249712998306217
2023-07-05 21:31:21,727 -  [BaseBLDC] right target amplitude is -0.221955165773557
2023-07-05 21:31:21,727 -  [BaseBLDC] left target amplitude is -0.221955165773557
2023-07-05 21:31:21,834 -  [BaseBLDC] right stroke amp is -1.2882939496209553
2023-07-05 21:31:21,834 -  [BaseBLDC] left stroke amp is -1.2882933016337494
2023-07-05 21:31:21,837 -  [BaseBLDC] right target amplitude is -0.260368579195268
2023-07-05 21:31:21,837 -  [BaseBLDC] left target amplitude is -0.260368579195268
2023-07-05 21:31:21,945 -  [BaseBLDC] right stroke amp is -1.326531486432133
2023-07-05 21:31:21,945 -  [BaseBLDC] left stroke amp is -1.326530852252199
2023-07-05 21:31:21,948 -  [BaseBLDC] right target amplitude is -0.298412018186535
2023-07-05 21:31:21,949 -  [BaseBLDC] left target amplitude is -0.298412018186535
2023-07-05 21:31:22,057 -  [BaseBLDC] right stroke amp is -1.3643719341492309
2023-07-05 21:31:22,057 -  [BaseBLDC] left stroke amp is -1.3643713159466875
2023-07-05 21:31:22,060 -  [BaseBLDC] right target amplitude is -0.336031424382305
2023-07-05 21:31:22,060 -  [BaseBLDC] left target amplitude is -0.336031424382305
2023-07-05 21:31:22,168 -  [BaseBLDC] right stroke amp is -1.4017614981135667
2023-07-05 21:31:22,168 -  [BaseBLDC] left stroke amp is -1.4017608917680406
2023-07-05 21:31:22,171 -  [BaseBLDC] right target amplitude is -0.373173341952910
2023-07-05 21:31:22,171 -  [BaseBLDC] left target amplitude is -0.373173341952910
