2023-07-05 21:21:48,276 -  [BaseWing] the length is 0.10559576566307186
2023-07-05 21:21:48,277 -  [BaseWing] the chord of root is 0.013679980005579979
2023-07-05 21:21:48,277 -  [BaseWing] the chord of tip is 0.009028786803682786
2023-07-05 21:21:48,277 -  [BaseWing] the length is 0.10559576566307186
2023-07-05 21:21:48,277 -  [BaseWing] the chord of root is 0.013679980005579979
2023-07-05 21:21:48,278 -  [BaseWing] the chord of tip is 0.009028786803682786
2023-07-05 21:21:48,435 -  [BaseBLDC] right target amplitude is 1.04719755119660
2023-07-05 21:21:48,436 -  [BaseBLDC] left target amplitude is 1.04719755119660
2023-07-05 21:21:48,541 -  [BaseBLDC] right stroke amp is -3.3038868168966635e-08
2023-07-05 21:21:48,542 -  [BaseBLDC] left stroke amp is -3.918072513695483e-08
2023-07-05 21:21:48,545 -  [BaseBLDC] right target amplitude is 1.04645353607079
2023-07-05 21:21:48,545 -  [BaseBLDC] left target amplitude is 1.04645353607079
2023-07-05 21:21:48,653 -  [BaseBLDC] right stroke amp is -3.925415977813537e-08
2023-07-05 21:21:48,653 -  [BaseBLDC] left stroke amp is -4.5490734291740357e-08
2023-07-05 21:21:48,656 -  [BaseBLDC] right target amplitude is 1.04422254791229
2023-07-05 21:21:48,656 -  [BaseBLDC] left target amplitude is 1.04422254791229
2023-07-05 21:21:48,764 -  [BaseBLDC] right stroke amp is -3.6173961755448914e-08
2023-07-05 21:21:48,764 -  [BaseBLDC] left stroke amp is -4.159633103420946e-08
2023-07-05 21:21:48,767 -  [BaseBLDC] right target amplitude is 1.04050775687551
2023-07-05 21:21:48,767 -  [BaseBLDC] left target amplitude is 1.04050775687551
2023-07-05 21:21:48,875 -  [BaseBLDC] right stroke amp is -3.0702472251662036e-08
2023-07-05 21:21:48,875 -  [BaseBLDC] left stroke amp is -3.5197151514846775e-08
2023-07-05 21:21:48,878 -  [BaseBLDC] right target amplitude is 1.03531444154575
2023-07-05 21:21:48,879 -  [BaseBLDC] left target amplitude is 1.03531444154575
2023-07-05 21:21:48,987 -  [BaseBLDC] right stroke amp is -2.5213117188775635e-08
2023-07-05 21:21:48,987 -  [BaseBLDC] left stroke amp is -2.8866437064030177e-08
2023-07-05 21:21:48,990 -  [BaseBLDC] right target amplitude is 1.02864998143846
2023-07-05 21:21:48,990 -  [BaseBLDC] left target amplitude is 1.02864998143846
2023-07-05 21:21:49,098 -  [BaseBLDC] right stroke amp is -2.0410910020975118e-08
2023-07-05 21:21:49,099 -  [BaseBLDC] left stroke amp is -2.3354696657880864e-08
2023-07-05 21:21:49,101 -  [BaseBLDC] right target amplitude is 1.02052384651324
2023-07-05 21:21:49,102 -  [BaseBLDC] left target amplitude is 1.02052384651324
2023-07-05 21:21:49,211 -  [BaseBLDC] right stroke amp is -1.641749267057704e-08
2023-07-05 21:21:49,211 -  [BaseBLDC] left stroke amp is -1.8780233298432016e-08
2023-07-05 21:21:49,213 -  [BaseBLDC] right target amplitude is 1.01094758371736
2023-07-05 21:21:49,214 -  [BaseBLDC] left target amplitude is 1.01094758371736
2023-07-05 21:21:49,321 -  [BaseBLDC] right stroke amp is -1.3166764541657167e-08
2023-07-05 21:21:49,321 -  [BaseBLDC] left stroke amp is -1.5059737680452436e-08
2023-07-05 21:21:49,324 -  [BaseBLDC] right target amplitude is 0.999934800577948
2023-07-05 21:21:49,324 -  [BaseBLDC] left target amplitude is 0.999934800577948
2023-07-05 21:21:49,432 -  [BaseBLDC] right stroke amp is -1.0545506159262612e-08
2023-07-05 21:21:49,432 -  [BaseBLDC] left stroke amp is -1.2060864011736711e-08
2023-07-05 21:21:49,435 -  [BaseBLDC] right target amplitude is 0.987501145866170
2023-07-05 21:21:49,435 -  [BaseBLDC] left target amplitude is 0.987501145866170
2023-07-05 21:21:49,544 -  [BaseBLDC] right stroke amp is -8.440863797405158e-09
2023-07-05 21:21:49,545 -  [BaseBLDC] left stroke amp is -9.653480025498585e-09
2023-07-05 21:21:49,547 -  [BaseBLDC] right target amplitude is 0.973664287360898
2023-07-05 21:21:49,548 -  [BaseBLDC] left target amplitude is 0.973664287360898
2023-07-05 21:21:49,656 -  [BaseBLDC] right stroke amp is -6.754329065691012e-09
2023-07-05 21:21:49,656 -  [BaseBLDC] left stroke amp is -7.724525106383752e-09
2023-07-05 21:21:49,659 -  [BaseBLDC] right target amplitude is 0.958443886743414
2023-07-05 21:21:49,659 -  [BaseBLDC] left target amplitude is 0.958443886743414
2023-07-05 21:21:49,768 -  [BaseBLDC] right stroke amp is -7.195439776085347e-09
2023-07-05 21:21:49,769 -  [BaseBLDC] left stroke amp is -7.724525106383752e-09
2023-07-05 21:21:49,771 -  [BaseBLDC] right target amplitude is 0.941861571658857
2023-07-05 21:21:49,771 -  [BaseBLDC] left target amplitude is 0.941861571658857
2023-07-05 21:21:49,879 -  [BaseBLDC] right stroke amp is -7.932142918711463e-09
2023-07-05 21:21:49,879 -  [BaseBLDC] left stroke amp is -7.724525106383752e-09
2023-07-05 21:21:49,882 -  [BaseBLDC] right target amplitude is 0.923940904984112
2023-07-05 21:21:49,882 -  [BaseBLDC] left target amplitude is 0.923940904984112
2023-07-05 21:21:49,990 -  [BaseBLDC] right stroke amp is -8.746068481395292e-09
2023-07-05 21:21:49,990 -  [BaseBLDC] left stroke amp is -7.724525106383752e-09
2023-07-05 21:21:49,993 -  [BaseBLDC] right target amplitude is 0.904707351345790
2023-07-05 21:21:49,993 -  [BaseBLDC] left target amplitude is 0.904707351345790
2023-07-05 21:21:50,101 -  [BaseBLDC] right stroke amp is -9.54478089559176e-09
2023-07-05 21:21:50,101 -  [BaseBLDC] left stroke amp is -7.724525106383752e-09
2023-07-05 21:21:50,104 -  [BaseBLDC] right target amplitude is 0.884188240935905
2023-07-05 21:21:50,104 -  [BaseBLDC] left target amplitude is 0.884188240935905
2023-07-05 21:21:50,211 -  [BaseBLDC] right stroke amp is -7.224745911396478e-09
2023-07-05 21:21:50,212 -  [BaseBLDC] left stroke amp is -5.084498084249956e-09
2023-07-05 21:21:50,214 -  [BaseBLDC] right target amplitude is 0.862412730676639
2023-07-05 21:21:50,215 -  [BaseBLDC] left target amplitude is 0.862412730676639
2023-07-05 21:21:50,322 -  [BaseBLDC] right stroke amp is -5.3598980093872164e-09
2023-07-05 21:21:50,322 -  [BaseBLDC] left stroke amp is -3.7084024953994697e-09
2023-07-05 21:21:50,325 -  [BaseBLDC] right target amplitude is 0.839411762789393
2023-07-05 21:21:50,325 -  [BaseBLDC] left target amplitude is 0.839411762789393
2023-07-05 21:21:50,433 -  [BaseBLDC] right stroke amp is -5.446334031516357e-09
2023-07-05 21:21:50,433 -  [BaseBLDC] left stroke amp is -3.7084024953994697e-09
2023-07-05 21:21:50,436 -  [BaseBLDC] right target amplitude is 0.815218020826987
2023-07-05 21:21:50,436 -  [BaseBLDC] left target amplitude is 0.815218020826987
2023-07-05 21:21:50,544 -  [BaseBLDC] right stroke amp is -5.679879155515427e-09
2023-07-05 21:21:50,544 -  [BaseBLDC] left stroke amp is -3.7084024953994697e-09
2023-07-05 21:21:50,547 -  [BaseBLDC] right target amplitude is 0.789865883231501
2023-07-05 21:21:50,547 -  [BaseBLDC] left target amplitude is 0.789865883231501
2023-07-05 21:21:50,656 -  [BaseBLDC] right stroke amp is -5.9036171751536375e-09
2023-07-05 21:21:50,656 -  [BaseBLDC] left stroke amp is -3.7084024953994697e-09
2023-07-05 21:21:50,659 -  [BaseBLDC] right target amplitude is 0.763391374483726
2023-07-05 21:21:50,659 -  [BaseBLDC] left target amplitude is 0.763391374483726
2023-07-05 21:21:50,767 -  [BaseBLDC] right stroke amp is -6.092094109662325e-09
2023-07-05 21:21:50,767 -  [BaseBLDC] left stroke amp is -3.7084024953994697e-09
2023-07-05 21:21:50,770 -  [BaseBLDC] right target amplitude is 0.735832113913662
2023-07-05 21:21:50,770 -  [BaseBLDC] left target amplitude is 0.735832113913662
2023-07-05 21:21:50,878 -  [BaseBLDC] right stroke amp is -6.242145031880683e-09
2023-07-05 21:21:50,878 -  [BaseBLDC] left stroke amp is -3.7084024953994697e-09
2023-07-05 21:21:50,881 -  [BaseBLDC] right target amplitude is 0.707227262244792
2023-07-05 21:21:50,881 -  [BaseBLDC] left target amplitude is 0.707227262244792
2023-07-05 21:21:50,989 -  [BaseBLDC] right stroke amp is -6.355976238581448e-09
2023-07-05 21:21:50,989 -  [BaseBLDC] left stroke amp is -3.7084024953994697e-09
2023-07-05 21:21:50,992 -  [BaseBLDC] right target amplitude is 0.677617465948086
2023-07-05 21:21:50,992 -  [BaseBLDC] left target amplitude is 0.677617465948086
2023-07-05 21:21:51,101 -  [BaseBLDC] right stroke amp is -6.437810671451008e-09
2023-07-05 21:21:51,102 -  [BaseBLDC] left stroke amp is -3.7084024953994697e-09
2023-07-05 21:21:51,104 -  [BaseBLDC] right target amplitude is 0.647044799484823
2023-07-05 21:21:51,105 -  [BaseBLDC] left target amplitude is 0.647044799484823
2023-07-05 21:21:51,213 -  [BaseBLDC] right stroke amp is -6.492713065621008e-09
2023-07-05 21:21:51,213 -  [BaseBLDC] left stroke amp is -3.7084024953994697e-09
2023-07-05 21:21:51,216 -  [BaseBLDC] right target amplitude is 0.615552705520273
2023-07-05 21:21:51,216 -  [BaseBLDC] left target amplitude is 0.615552705520273
2023-07-05 21:21:51,325 -  [BaseBLDC] right stroke amp is -6.525924237582734e-09
2023-07-05 21:21:51,325 -  [BaseBLDC] left stroke amp is -3.7084024953994697e-09
2023-07-05 21:21:51,328 -  [BaseBLDC] right target amplitude is 0.583185933193230
2023-07-05 21:21:51,328 -  [BaseBLDC] left target amplitude is 0.583185933193230
2023-07-05 21:21:51,436 -  [BaseBLDC] right stroke amp is -6.542432275012571e-09
2023-07-05 21:21:51,436 -  [BaseBLDC] left stroke amp is -3.7084024953994697e-09
2023-07-05 21:21:51,439 -  [BaseBLDC] right target amplitude is 0.549990474529080
2023-07-05 21:21:51,439 -  [BaseBLDC] left target amplitude is 0.549990474529080
2023-07-05 21:21:51,548 -  [BaseBLDC] right stroke amp is -6.5467094270985145e-09
2023-07-05 21:21:51,549 -  [BaseBLDC] left stroke amp is -3.7084024953994697e-09
2023-07-05 21:21:51,551 -  [BaseBLDC] right target amplitude is 0.516013499086778
2023-07-05 21:21:51,552 -  [BaseBLDC] left target amplitude is 0.516013499086778
2023-07-05 21:21:51,660 -  [BaseBLDC] right stroke amp is -6.542574118482567e-09
2023-07-05 21:21:51,660 -  [BaseBLDC] left stroke amp is -3.7084024953994697e-09
2023-07-05 21:21:51,663 -  [BaseBLDC] right target amplitude is 0.481303286932590
2023-07-05 21:21:51,663 -  [BaseBLDC] left target amplitude is 0.481303286932590
2023-07-05 21:21:51,771 -  [BaseBLDC] right stroke amp is -6.533145093401304e-09
2023-07-05 21:21:51,772 -  [BaseBLDC] left stroke amp is -3.7084024953994697e-09
2023-07-05 21:21:51,774 -  [BaseBLDC] right target amplitude is 0.445909160035849
2023-07-05 21:21:51,774 -  [BaseBLDC] left target amplitude is 0.445909160035849
2023-07-05 21:21:51,883 -  [BaseBLDC] right stroke amp is -6.520859776321141e-09
2023-07-05 21:21:51,883 -  [BaseBLDC] left stroke amp is -3.7084024953994697e-09
2023-07-05 21:21:51,886 -  [BaseBLDC] right target amplitude is 0.409881412184201
2023-07-05 21:21:51,886 -  [BaseBLDC] left target amplitude is 0.409881412184201
2023-07-05 21:21:51,995 -  [BaseBLDC] right stroke amp is -6.507533922853922e-09
2023-07-05 21:21:51,995 -  [BaseBLDC] left stroke amp is -3.7084024953994697e-09
2023-07-05 21:21:51,998 -  [BaseBLDC] right target amplitude is 0.373271237517931
2023-07-05 21:21:51,998 -  [BaseBLDC] left target amplitude is 0.373271237517931
2023-07-05 21:21:52,107 -  [BaseBLDC] right stroke amp is -6.494444491453699e-09
2023-07-05 21:21:52,107 -  [BaseBLDC] left stroke amp is -3.7084024953994697e-09
2023-07-05 21:21:52,110 -  [BaseBLDC] right target amplitude is 0.336130657784932
2023-07-05 21:21:52,110 -  [BaseBLDC] left target amplitude is 0.336130657784932
2023-07-05 21:21:52,219 -  [BaseBLDC] right stroke amp is -6.4824221383604946e-09
2023-07-05 21:21:52,219 -  [BaseBLDC] left stroke amp is -3.7084024953994697e-09
2023-07-05 21:21:52,222 -  [BaseBLDC] right target amplitude is 0.298512448419653
2023-07-05 21:21:52,222 -  [BaseBLDC] left target amplitude is 0.298512448419653
2023-07-05 21:21:52,330 -  [BaseBLDC] right stroke amp is -6.471943649516849e-09
2023-07-05 21:21:52,330 -  [BaseBLDC] left stroke amp is -3.7084024953994697e-09
2023-07-05 21:21:52,333 -  [BaseBLDC] right target amplitude is 0.260470063551113
2023-07-05 21:21:52,333 -  [BaseBLDC] left target amplitude is 0.260470063551113
2023-07-05 21:21:52,442 -  [BaseBLDC] right stroke amp is -6.463217891130253e-09
2023-07-05 21:21:52,442 -  [BaseBLDC] left stroke amp is -3.7084024953994697e-09
2023-07-05 21:21:52,445 -  [BaseBLDC] right target amplitude is 0.222057560046490
2023-07-05 21:21:52,445 -  [BaseBLDC] left target amplitude is 0.222057560046490
