2023-07-05 21:36:34,572 -  [BaseWing] the length is 0.10559576566307186
2023-07-05 21:36:34,573 -  [BaseWing] the chord of root is 0.013679980005579979
2023-07-05 21:36:34,573 -  [BaseWing] the chord of tip is 0.009028786803682786
2023-07-05 21:36:34,573 -  [BaseWing] the length is 0.10559576566307186
2023-07-05 21:36:34,574 -  [BaseWing] the chord of root is 0.013679980005579979
2023-07-05 21:36:34,574 -  [BaseWing] the chord of tip is 0.009028786803682786
2023-07-05 21:36:34,739 -  [BaseBLDC] right target amplitude is 1.04719755119660
2023-07-05 21:36:34,739 -  [BaseBLDC] left target amplitude is 1.04719755119660
2023-07-05 21:36:34,844 -  [BaseBLDC] right stroke amp is 0.05236018778682086
2023-07-05 21:36:34,844 -  [BaseBLDC] left stroke amp is 0.05235987755982989
2023-07-05 21:36:34,847 -  [BaseBLDC] right target amplitude is 1.04645353607079
2023-07-05 21:36:34,847 -  [BaseBLDC] left target amplitude is 1.04645353607079
2023-07-05 21:36:34,956 -  [BaseBLDC] right stroke amp is 0.15149943446455397
2023-07-05 21:36:34,956 -  [BaseBLDC] left stroke amp is 0.15149855941861542
2023-07-05 21:36:34,959 -  [BaseBLDC] right target amplitude is 1.04422254791229
2023-07-05 21:36:34,959 -  [BaseBLDC] left target amplitude is 1.04422254791229
2023-07-05 21:36:35,067 -  [BaseBLDC] right stroke amp is 0.2883323283142394
2023-07-05 21:36:35,067 -  [BaseBLDC] left stroke amp is 0.2883306362870155
2023-07-05 21:36:35,070 -  [BaseBLDC] right target amplitude is 1.04050775687551
2023-07-05 21:36:35,070 -  [BaseBLDC] left target amplitude is 1.04050775687551
2023-07-05 21:36:35,178 -  [BaseBLDC] right stroke amp is 0.4559343128519917
2023-07-05 21:36:35,179 -  [BaseBLDC] left stroke amp is 0.4559317034292818
2023-07-05 21:36:35,181 -  [BaseBLDC] right target amplitude is 1.03531444154575
2023-07-05 21:36:35,181 -  [BaseBLDC] left target amplitude is 1.03531444154575
2023-07-05 21:36:35,289 -  [BaseBLDC] right stroke amp is 0.6441279550847865
2023-07-05 21:36:35,289 -  [BaseBLDC] left stroke amp is 0.6441244619421387
2023-07-05 21:36:35,292 -  [BaseBLDC] right target amplitude is 1.02864998143846
2023-07-05 21:36:35,292 -  [BaseBLDC] left target amplitude is 1.02864998143846
2023-07-05 21:36:35,401 -  [BaseBLDC] right stroke amp is 0.842141360540925
2023-07-05 21:36:35,401 -  [BaseBLDC] left stroke amp is 0.8421371466181078
2023-07-05 21:36:35,404 -  [BaseBLDC] right target amplitude is 1.02052384651324
2023-07-05 21:36:35,405 -  [BaseBLDC] left target amplitude is 1.02052384651324
2023-07-05 21:36:35,512 -  [BaseBLDC] right stroke amp is 1.0391768861719637
2023-07-05 21:36:35,512 -  [BaseBLDC] left stroke amp is 1.0391722319026244
2023-07-05 21:36:35,515 -  [BaseBLDC] right target amplitude is 1.01094758371736
2023-07-05 21:36:35,515 -  [BaseBLDC] left target amplitude is 1.01094758371736
2023-07-05 21:36:35,624 -  [BaseBLDC] right stroke amp is 1.2249526679795053
2023-07-05 21:36:35,625 -  [BaseBLDC] left stroke amp is 1.2249479347946879
2023-07-05 21:36:35,627 -  [BaseBLDC] right target amplitude is 0.999934800577948
2023-07-05 21:36:35,628 -  [BaseBLDC] left target amplitude is 0.999934800577948
2023-07-05 21:36:35,734 -  [BaseBLDC] right stroke amp is 1.3901920618587704
2023-07-05 21:36:35,734 -  [BaseBLDC] left stroke amp is 1.3901876674791975
2023-07-05 21:36:35,737 -  [BaseBLDC] right target amplitude is 0.987501145866170
2023-07-05 21:36:35,737 -  [BaseBLDC] left target amplitude is 0.987501145866170
2023-07-05 21:36:35,846 -  [BaseBLDC] right stroke amp is 1.5270346848443646
2023-07-05 21:36:35,846 -  [BaseBLDC] left stroke amp is 1.5270310802258489
2023-07-05 21:36:35,849 -  [BaseBLDC] right target amplitude is 0.973664287360898
2023-07-05 21:36:35,849 -  [BaseBLDC] left target amplitude is 0.973664287360898
2023-07-05 21:36:35,957 -  [BaseBLDC] right stroke amp is 1.6293473498796618
2023-07-05 21:36:35,957 -  [BaseBLDC] left stroke amp is 1.6293450073891405
2023-07-05 21:36:35,960 -  [BaseBLDC] right target amplitude is 0.958443886743414
2023-07-05 21:36:35,960 -  [BaseBLDC] left target amplitude is 0.958443886743414
2023-07-05 21:36:36,068 -  [BaseBLDC] right stroke amp is 1.6929111932466325
2023-07-05 21:36:36,068 -  [BaseBLDC] left stroke amp is 1.692910615169041
2023-07-05 21:36:36,071 -  [BaseBLDC] right target amplitude is 0.941861571658857
2023-07-05 21:36:36,071 -  [BaseBLDC] left target amplitude is 0.941861571658857
2023-07-05 21:36:36,178 -  [BaseBLDC] right stroke amp is 1.715512298238452
2023-07-05 21:36:36,178 -  [BaseBLDC] left stroke amp is 1.715513817900321
2023-07-05 21:36:36,181 -  [BaseBLDC] right target amplitude is 0.923940904984112
2023-07-05 21:36:36,181 -  [BaseBLDC] left target amplitude is 0.923940904984112
2023-07-05 21:36:36,289 -  [BaseBLDC] right stroke amp is 1.6975876928129263
2023-07-05 21:36:36,289 -  [BaseBLDC] left stroke amp is 1.6975892059132047
2023-07-05 21:36:36,292 -  [BaseBLDC] right target amplitude is 0.904707351345790
2023-07-05 21:36:36,292 -  [BaseBLDC] left target amplitude is 0.904707351345790
2023-07-05 21:36:36,400 -  [BaseBLDC] right stroke amp is 1.6438984051064462
2023-07-05 21:36:36,400 -  [BaseBLDC] left stroke amp is 1.6438958276472029
2023-07-05 21:36:36,403 -  [BaseBLDC] right target amplitude is 0.884188240935905
2023-07-05 21:36:36,403 -  [BaseBLDC] left target amplitude is 0.884188240935905
2023-07-05 21:36:36,510 -  [BaseBLDC] right stroke amp is 1.5549070487234642
2023-07-05 21:36:36,511 -  [BaseBLDC] left stroke amp is 1.554900982206465
2023-07-05 21:36:36,513 -  [BaseBLDC] right target amplitude is 0.862412730676639
2023-07-05 21:36:36,513 -  [BaseBLDC] left target amplitude is 0.862412730676639
2023-07-05 21:36:36,621 -  [BaseBLDC] right stroke amp is 1.4357382461559647
2023-07-05 21:36:36,621 -  [BaseBLDC] left stroke amp is 1.4357293873865304
2023-07-05 21:36:36,624 -  [BaseBLDC] right target amplitude is 0.839411762789393
2023-07-05 21:36:36,624 -  [BaseBLDC] left target amplitude is 0.839411762789393
2023-07-05 21:36:36,733 -  [BaseBLDC] right stroke amp is 1.2927076730134708
2023-07-05 21:36:36,733 -  [BaseBLDC] left stroke amp is 1.2926967628961608
2023-07-05 21:36:36,736 -  [BaseBLDC] right target amplitude is 0.815218020826987
2023-07-05 21:36:36,736 -  [BaseBLDC] left target amplitude is 0.815218020826987
2023-07-05 21:36:36,844 -  [BaseBLDC] right stroke amp is 1.1329486839085339
2023-07-05 21:36:36,845 -  [BaseBLDC] left stroke amp is 1.1329364618560471
2023-07-05 21:36:36,847 -  [BaseBLDC] right target amplitude is 0.789865883231501
2023-07-05 21:36:36,848 -  [BaseBLDC] left target amplitude is 0.789865883231501
2023-07-05 21:36:36,956 -  [BaseBLDC] right stroke amp is 0.9640167805510336
2023-07-05 21:36:36,957 -  [BaseBLDC] left stroke amp is 0.9640039465407334
2023-07-05 21:36:36,959 -  [BaseBLDC] right target amplitude is 0.763391374483726
2023-07-05 21:36:36,959 -  [BaseBLDC] left target amplitude is 0.763391374483726
2023-07-05 21:36:37,067 -  [BaseBLDC] right stroke amp is 0.7934927447895774
2023-07-05 21:36:37,067 -  [BaseBLDC] left stroke amp is 0.7934799364956797
2023-07-05 21:36:37,070 -  [BaseBLDC] right target amplitude is 0.735832113913662
2023-07-05 21:36:37,070 -  [BaseBLDC] left target amplitude is 0.735832113913662
2023-07-05 21:36:37,177 -  [BaseBLDC] right stroke amp is 0.6286043420141234
2023-07-05 21:36:37,178 -  [BaseBLDC] left stroke amp is 0.6285921021004831
2023-07-05 21:36:37,180 -  [BaseBLDC] right target amplitude is 0.707227262244792
2023-07-05 21:36:37,180 -  [BaseBLDC] left target amplitude is 0.707227262244792
2023-07-05 21:36:37,289 -  [BaseBLDC] right stroke amp is 0.47588411505826234
2023-07-05 21:36:37,289 -  [BaseBLDC] left stroke amp is 0.4758728822557806
2023-07-05 21:36:37,292 -  [BaseBLDC] right target amplitude is 0.677617465948086
2023-07-05 21:36:37,292 -  [BaseBLDC] left target amplitude is 0.677617465948086
2023-07-05 21:36:37,400 -  [BaseBLDC] right stroke amp is 0.3408814323221088
2023-07-05 21:36:37,400 -  [BaseBLDC] left stroke amp is 0.34087156398861496
2023-07-05 21:36:37,403 -  [BaseBLDC] right target amplitude is 0.647044799484823
2023-07-05 21:36:37,403 -  [BaseBLDC] left target amplitude is 0.647044799484823
2023-07-05 21:36:37,511 -  [BaseBLDC] right stroke amp is 0.2279454075586242
2023-07-05 21:36:37,511 -  [BaseBLDC] left stroke amp is 0.22793730207562143
2023-07-05 21:36:37,514 -  [BaseBLDC] right target amplitude is 0.615552705520273
2023-07-05 21:36:37,514 -  [BaseBLDC] left target amplitude is 0.615552705520273
2023-07-05 21:36:37,623 -  [BaseBLDC] right stroke amp is 0.14008836268052513
2023-07-05 21:36:37,623 -  [BaseBLDC] left stroke amp is 0.1400826775168123
2023-07-05 21:36:37,626 -  [BaseBLDC] right target amplitude is 0.583185933193230
2023-07-05 21:36:37,626 -  [BaseBLDC] left target amplitude is 0.583185933193230
2023-07-05 21:36:37,734 -  [BaseBLDC] right stroke amp is 0.07891352229225146
2023-07-05 21:36:37,734 -  [BaseBLDC] left stroke amp is 0.07891070633847679
2023-07-05 21:36:37,737 -  [BaseBLDC] right target amplitude is 0.549990474529080
2023-07-05 21:36:37,737 -  [BaseBLDC] left target amplitude is 0.549990474529080
2023-07-05 21:36:37,844 -  [BaseBLDC] right stroke amp is 0.04440748643298015
2023-07-05 21:36:37,845 -  [BaseBLDC] left stroke amp is 0.044402143770629586
2023-07-05 21:36:37,847 -  [BaseBLDC] right target amplitude is 0.516013499086778
2023-07-05 21:36:37,847 -  [BaseBLDC] left target amplitude is 0.516013499086778
2023-07-05 21:36:37,955 -  [BaseBLDC] right stroke amp is 0.03422413403874012
2023-07-05 21:36:37,955 -  [BaseBLDC] left stroke amp is 0.03419625878194346
2023-07-05 21:36:37,958 -  [BaseBLDC] right target amplitude is 0.481303286932590
2023-07-05 21:36:37,958 -  [BaseBLDC] left target amplitude is 0.481303286932590
2023-07-05 21:36:38,066 -  [BaseBLDC] right stroke amp is 0.04458820405431045
2023-07-05 21:36:38,067 -  [BaseBLDC] left stroke amp is 0.04453719063543571
2023-07-05 21:36:38,069 -  [BaseBLDC] right target amplitude is 0.445909160035849
2023-07-05 21:36:38,069 -  [BaseBLDC] left target amplitude is 0.445909160035849
2023-07-05 21:36:38,177 -  [BaseBLDC] right stroke amp is 0.0745002686928529
2023-07-05 21:36:38,177 -  [BaseBLDC] left stroke amp is 0.07442967614112375
2023-07-05 21:36:38,180 -  [BaseBLDC] right target amplitude is 0.409881412184201
2023-07-05 21:36:38,180 -  [BaseBLDC] left target amplitude is 0.409881412184201
2023-07-05 21:36:38,289 -  [BaseBLDC] right stroke amp is 0.11968548936556488
2023-07-05 21:36:38,289 -  [BaseBLDC] left stroke amp is 0.11959955097156447
2023-07-05 21:36:38,292 -  [BaseBLDC] right target amplitude is 0.373271237517931
2023-07-05 21:36:38,293 -  [BaseBLDC] left target amplitude is 0.373271237517931
2023-07-05 21:36:38,400 -  [BaseBLDC] right stroke amp is 0.17528969914253736
2023-07-05 21:36:38,400 -  [BaseBLDC] left stroke amp is 0.17519297123420058
2023-07-05 21:36:38,403 -  [BaseBLDC] right target amplitude is 0.336130657784932
2023-07-05 21:36:38,403 -  [BaseBLDC] left target amplitude is 0.336130657784932
2023-07-05 21:36:38,511 -  [BaseBLDC] right stroke amp is 0.23615426506467685
2023-07-05 21:36:38,512 -  [BaseBLDC] left stroke amp is 0.2360515001311287
2023-07-05 21:36:38,514 -  [BaseBLDC] right target amplitude is 0.298512448419653
2023-07-05 21:36:38,514 -  [BaseBLDC] left target amplitude is 0.298512448419653
2023-07-05 21:36:38,620 -  [BaseBLDC] right stroke amp is 0.2970918905717412
2023-07-05 21:36:38,620 -  [BaseBLDC] left stroke amp is 0.29698791474363573
2023-07-05 21:36:38,623 -  [BaseBLDC] right target amplitude is 0.260470063551113
2023-07-05 21:36:38,623 -  [BaseBLDC] left target amplitude is 0.260470063551113
2023-07-05 21:36:38,732 -  [BaseBLDC] right stroke amp is 0.35314997331275333
2023-07-05 21:36:38,733 -  [BaseBLDC] left stroke amp is 0.3530494986672162
2023-07-05 21:36:38,735 -  [BaseBLDC] right target amplitude is 0.222057560046490
2023-07-05 21:36:38,735 -  [BaseBLDC] left target amplitude is 0.222057560046490
2023-07-05 21:36:38,843 -  [BaseBLDC] right stroke amp is 0.3998487537334307
2023-07-05 21:36:38,843 -  [BaseBLDC] left stroke amp is 0.3997560513836551
2023-07-05 21:36:38,846 -  [BaseBLDC] right target amplitude is 0.183329520698255
2023-07-05 21:36:38,846 -  [BaseBLDC] left target amplitude is 0.183329520698255
2023-07-05 21:36:38,954 -  [BaseBLDC] right stroke amp is 0.4333840463551019
2023-07-05 21:36:38,955 -  [BaseBLDC] left stroke amp is 0.43330252008711734
2023-07-05 21:36:38,957 -  [BaseBLDC] right target amplitude is 0.144340976663988
2023-07-05 21:36:38,958 -  [BaseBLDC] left target amplitude is 0.144340976663988
2023-07-05 21:36:39,065 -  [BaseBLDC] right stroke amp is 0.45078557526722884
2023-07-05 21:36:39,065 -  [BaseBLDC] left stroke amp is 0.4507170882233028
2023-07-05 21:36:39,068 -  [BaseBLDC] right target amplitude is 0.105147329269070
2023-07-05 21:36:39,068 -  [BaseBLDC] left target amplitude is 0.105147329269070
2023-07-05 21:36:39,176 -  [BaseBLDC] right stroke amp is 0.45002446699994386
2023-07-05 21:36:39,176 -  [BaseBLDC] left stroke amp is 0.4499680492691988
2023-07-05 21:36:39,179 -  [BaseBLDC] right target amplitude is 0.0658042712833928
2023-07-05 21:36:39,179 -  [BaseBLDC] left target amplitude is 0.0658042712833928
2023-07-05 21:36:39,287 -  [BaseBLDC] right stroke amp is 0.43006562497820067
2023-07-05 21:36:39,287 -  [BaseBLDC] left stroke amp is 0.43001495153248515
2023-07-05 21:36:39,290 -  [BaseBLDC] right target amplitude is 0.0263677077839345
2023-07-05 21:36:39,290 -  [BaseBLDC] left target amplitude is 0.0263677077839345
