2023-07-05 21:19:58,629 -  [BaseWing] the length is 0.10559576566307186
2023-07-05 21:19:58,629 -  [BaseWing] the chord of root is 0.013679980005579979
2023-07-05 21:19:58,630 -  [BaseWing] the chord of tip is 0.009028786803682786
2023-07-05 21:19:58,630 -  [BaseWing] the length is 0.10559576566307186
2023-07-05 21:19:58,630 -  [BaseWing] the chord of root is 0.013679980005579979
2023-07-05 21:19:58,630 -  [BaseWing] the chord of tip is 0.009028786803682786
2023-07-05 21:19:58,819 -  [BaseBLDC] right target amplitude is 1.04719755119660
2023-07-05 21:19:58,820 -  [BaseBLDC] left target amplitude is 1.04719755119660
2023-07-05 21:19:58,936 -  [BaseBLDC] right stroke amp is -3.3038868168966635e-08
2023-07-05 21:19:58,936 -  [BaseBLDC] left stroke amp is -3.918072513695483e-08
2023-07-05 21:19:58,939 -  [BaseBLDC] right target amplitude is 1.04645353607079
2023-07-05 21:19:58,939 -  [BaseBLDC] left target amplitude is 1.04645353607079
2023-07-05 21:19:59,046 -  [BaseBLDC] right stroke amp is -3.925415977813537e-08
2023-07-05 21:19:59,047 -  [BaseBLDC] left stroke amp is -4.5490734291740357e-08
2023-07-05 21:19:59,050 -  [BaseBLDC] right target amplitude is 1.04422254791229
2023-07-05 21:19:59,050 -  [BaseBLDC] left target amplitude is 1.04422254791229
2023-07-05 21:19:59,158 -  [BaseBLDC] right stroke amp is -3.6173961755448914e-08
2023-07-05 21:19:59,158 -  [BaseBLDC] left stroke amp is -4.159633103420946e-08
2023-07-05 21:19:59,161 -  [BaseBLDC] right target amplitude is 1.04050775687551
2023-07-05 21:19:59,161 -  [BaseBLDC] left target amplitude is 1.04050775687551
2023-07-05 21:19:59,269 -  [BaseBLDC] right stroke amp is -3.0702472251662036e-08
2023-07-05 21:19:59,269 -  [BaseBLDC] left stroke amp is -3.5197151514846775e-08
2023-07-05 21:19:59,272 -  [BaseBLDC] right target amplitude is 1.03531444154575
2023-07-05 21:19:59,272 -  [BaseBLDC] left target amplitude is 1.03531444154575
2023-07-05 21:19:59,381 -  [BaseBLDC] right stroke amp is -2.5213117188775635e-08
2023-07-05 21:19:59,381 -  [BaseBLDC] left stroke amp is -2.8866437064030177e-08
2023-07-05 21:19:59,384 -  [BaseBLDC] right target amplitude is 1.02864998143846
2023-07-05 21:19:59,384 -  [BaseBLDC] left target amplitude is 1.02864998143846
2023-07-05 21:19:59,492 -  [BaseBLDC] right stroke amp is -2.0410910020975118e-08
2023-07-05 21:19:59,493 -  [BaseBLDC] left stroke amp is -2.3354696657880864e-08
2023-07-05 21:19:59,495 -  [BaseBLDC] right target amplitude is 1.02052384651324
2023-07-05 21:19:59,495 -  [BaseBLDC] left target amplitude is 1.02052384651324
2023-07-05 21:19:59,603 -  [BaseBLDC] right stroke amp is -1.641749267057704e-08
2023-07-05 21:19:59,603 -  [BaseBLDC] left stroke amp is -1.8780233298432016e-08
2023-07-05 21:19:59,606 -  [BaseBLDC] right target amplitude is 1.01094758371736
2023-07-05 21:19:59,606 -  [BaseBLDC] left target amplitude is 1.01094758371736
2023-07-05 21:19:59,715 -  [BaseBLDC] right stroke amp is -1.3166764541657167e-08
2023-07-05 21:19:59,715 -  [BaseBLDC] left stroke amp is -1.5059737680452436e-08
2023-07-05 21:19:59,718 -  [BaseBLDC] right target amplitude is 0.999934800577948
2023-07-05 21:19:59,718 -  [BaseBLDC] left target amplitude is 0.999934800577948
2023-07-05 21:19:59,826 -  [BaseBLDC] right stroke amp is -1.0545506159262612e-08
2023-07-05 21:19:59,826 -  [BaseBLDC] left stroke amp is -1.2060864011736711e-08
2023-07-05 21:19:59,829 -  [BaseBLDC] right target amplitude is 0.987501145866170
2023-07-05 21:19:59,829 -  [BaseBLDC] left target amplitude is 0.987501145866170
2023-07-05 21:19:59,938 -  [BaseBLDC] right stroke amp is -8.440863797405158e-09
2023-07-05 21:19:59,938 -  [BaseBLDC] left stroke amp is -9.653480025498585e-09
2023-07-05 21:19:59,941 -  [BaseBLDC] right target amplitude is 0.973664287360898
2023-07-05 21:19:59,941 -  [BaseBLDC] left target amplitude is 0.973664287360898
2023-07-05 21:20:00,049 -  [BaseBLDC] right stroke amp is -6.754329065691012e-09
2023-07-05 21:20:00,049 -  [BaseBLDC] left stroke amp is -7.724525106383752e-09
2023-07-05 21:20:00,052 -  [BaseBLDC] right target amplitude is 0.958443886743414
2023-07-05 21:20:00,052 -  [BaseBLDC] left target amplitude is 0.958443886743414
2023-07-05 21:20:00,161 -  [BaseBLDC] right stroke amp is -7.195439776085347e-09
2023-07-05 21:20:00,162 -  [BaseBLDC] left stroke amp is -7.724525106383752e-09
2023-07-05 21:20:00,164 -  [BaseBLDC] right target amplitude is 0.941861571658857
2023-07-05 21:20:00,164 -  [BaseBLDC] left target amplitude is 0.941861571658857
2023-07-05 21:20:00,272 -  [BaseBLDC] right stroke amp is -7.932142918711463e-09
2023-07-05 21:20:00,272 -  [BaseBLDC] left stroke amp is -7.724525106383752e-09
2023-07-05 21:20:00,275 -  [BaseBLDC] right target amplitude is 0.923940904984112
2023-07-05 21:20:00,275 -  [BaseBLDC] left target amplitude is 0.923940904984112
2023-07-05 21:20:00,384 -  [BaseBLDC] right stroke amp is -8.746068481395292e-09
2023-07-05 21:20:00,384 -  [BaseBLDC] left stroke amp is -7.724525106383752e-09
2023-07-05 21:20:00,387 -  [BaseBLDC] right target amplitude is 0.904707351345790
2023-07-05 21:20:00,387 -  [BaseBLDC] left target amplitude is 0.904707351345790
2023-07-05 21:20:00,494 -  [BaseBLDC] right stroke amp is -9.54478089559176e-09
2023-07-05 21:20:00,494 -  [BaseBLDC] left stroke amp is -7.724525106383752e-09
2023-07-05 21:20:00,497 -  [BaseBLDC] right target amplitude is 0.884188240935905
2023-07-05 21:20:00,497 -  [BaseBLDC] left target amplitude is 0.884188240935905
2023-07-05 21:20:00,606 -  [BaseBLDC] right stroke amp is -7.224745911396478e-09
2023-07-05 21:20:00,606 -  [BaseBLDC] left stroke amp is -5.084498084249956e-09
2023-07-05 21:20:00,609 -  [BaseBLDC] right target amplitude is 0.862412730676639
2023-07-05 21:20:00,610 -  [BaseBLDC] left target amplitude is 0.862412730676639
2023-07-05 21:20:00,717 -  [BaseBLDC] right stroke amp is -5.3598980093872164e-09
2023-07-05 21:20:00,717 -  [BaseBLDC] left stroke amp is -3.7084024953994697e-09
2023-07-05 21:20:00,720 -  [BaseBLDC] right target amplitude is 0.839411762789393
2023-07-05 21:20:00,720 -  [BaseBLDC] left target amplitude is 0.839411762789393
2023-07-05 21:20:00,829 -  [BaseBLDC] right stroke amp is -5.446334031516357e-09
2023-07-05 21:20:00,830 -  [BaseBLDC] left stroke amp is -3.7084024953994697e-09
2023-07-05 21:20:00,832 -  [BaseBLDC] right target amplitude is 0.815218020826987
2023-07-05 21:20:00,832 -  [BaseBLDC] left target amplitude is 0.815218020826987
2023-07-05 21:20:00,940 -  [BaseBLDC] right stroke amp is -5.679879155515427e-09
2023-07-05 21:20:00,940 -  [BaseBLDC] left stroke amp is -3.7084024953994697e-09
2023-07-05 21:20:00,943 -  [BaseBLDC] right target amplitude is 0.789865883231501
2023-07-05 21:20:00,943 -  [BaseBLDC] left target amplitude is 0.789865883231501
2023-07-05 21:20:01,052 -  [BaseBLDC] right stroke amp is -5.9036171751536375e-09
2023-07-05 21:20:01,053 -  [BaseBLDC] left stroke amp is -3.7084024953994697e-09
2023-07-05 21:20:01,055 -  [BaseBLDC] right target amplitude is 0.763391374483726
2023-07-05 21:20:01,056 -  [BaseBLDC] left target amplitude is 0.763391374483726
2023-07-05 21:20:01,163 -  [BaseBLDC] right stroke amp is -6.092094109662325e-09
2023-07-05 21:20:01,163 -  [BaseBLDC] left stroke amp is -3.7084024953994697e-09
2023-07-05 21:20:01,166 -  [BaseBLDC] right target amplitude is 0.735832113913662
2023-07-05 21:20:01,166 -  [BaseBLDC] left target amplitude is 0.735832113913662
2023-07-05 21:20:01,275 -  [BaseBLDC] right stroke amp is -6.242145031880683e-09
2023-07-05 21:20:01,276 -  [BaseBLDC] left stroke amp is -3.7084024953994697e-09
2023-07-05 21:20:01,278 -  [BaseBLDC] right target amplitude is 0.707227262244792
2023-07-05 21:20:01,279 -  [BaseBLDC] left target amplitude is 0.707227262244792
2023-07-05 21:20:01,386 -  [BaseBLDC] right stroke amp is -6.355976238581448e-09
2023-07-05 21:20:01,386 -  [BaseBLDC] left stroke amp is -3.7084024953994697e-09
2023-07-05 21:20:01,389 -  [BaseBLDC] right target amplitude is 0.677617465948086
2023-07-05 21:20:01,389 -  [BaseBLDC] left target amplitude is 0.677617465948086
2023-07-05 21:20:01,498 -  [BaseBLDC] right stroke amp is -6.437810671451008e-09
2023-07-05 21:20:01,499 -  [BaseBLDC] left stroke amp is -3.7084024953994697e-09
2023-07-05 21:20:01,501 -  [BaseBLDC] right target amplitude is 0.647044799484823
2023-07-05 21:20:01,501 -  [BaseBLDC] left target amplitude is 0.647044799484823
2023-07-05 21:20:01,609 -  [BaseBLDC] right stroke amp is -6.492713065621008e-09
2023-07-05 21:20:01,609 -  [BaseBLDC] left stroke amp is -3.7084024953994697e-09
2023-07-05 21:20:01,612 -  [BaseBLDC] right target amplitude is 0.615552705520273
2023-07-05 21:20:01,612 -  [BaseBLDC] left target amplitude is 0.615552705520273
2023-07-05 21:20:01,721 -  [BaseBLDC] right stroke amp is -6.525924237582734e-09
2023-07-05 21:20:01,721 -  [BaseBLDC] left stroke amp is -3.7084024953994697e-09
2023-07-05 21:20:01,724 -  [BaseBLDC] right target amplitude is 0.583185933193230
2023-07-05 21:20:01,724 -  [BaseBLDC] left target amplitude is 0.583185933193230
2023-07-05 21:20:01,832 -  [BaseBLDC] right stroke amp is -6.542432275012571e-09
2023-07-05 21:20:01,832 -  [BaseBLDC] left stroke amp is -3.7084024953994697e-09
2023-07-05 21:20:01,835 -  [BaseBLDC] right target amplitude is 0.549990474529080
2023-07-05 21:20:01,835 -  [BaseBLDC] left target amplitude is 0.549990474529080
2023-07-05 21:20:01,944 -  [BaseBLDC] right stroke amp is -6.5467094270985145e-09
2023-07-05 21:20:01,944 -  [BaseBLDC] left stroke amp is -3.7084024953994697e-09
2023-07-05 21:20:01,947 -  [BaseBLDC] right target amplitude is 0.516013499086778
2023-07-05 21:20:01,947 -  [BaseBLDC] left target amplitude is 0.516013499086778
2023-07-05 21:20:02,054 -  [BaseBLDC] right stroke amp is -6.542574118482567e-09
2023-07-05 21:20:02,054 -  [BaseBLDC] left stroke amp is -3.7084024953994697e-09
2023-07-05 21:20:02,057 -  [BaseBLDC] right target amplitude is 0.481303286932590
2023-07-05 21:20:02,057 -  [BaseBLDC] left target amplitude is 0.481303286932590
2023-07-05 21:20:02,165 -  [BaseBLDC] right stroke amp is -6.533145093401304e-09
2023-07-05 21:20:02,165 -  [BaseBLDC] left stroke amp is -3.7084024953994697e-09
2023-07-05 21:20:02,168 -  [BaseBLDC] right target amplitude is 0.445909160035849
2023-07-05 21:20:02,168 -  [BaseBLDC] left target amplitude is 0.445909160035849
2023-07-05 21:20:02,277 -  [BaseBLDC] right stroke amp is -6.520859776321141e-09
2023-07-05 21:20:02,277 -  [BaseBLDC] left stroke amp is -3.7084024953994697e-09
2023-07-05 21:20:02,280 -  [BaseBLDC] right target amplitude is 0.409881412184201
2023-07-05 21:20:02,280 -  [BaseBLDC] left target amplitude is 0.409881412184201
2023-07-05 21:20:02,389 -  [BaseBLDC] right stroke amp is -6.507533922853922e-09
2023-07-05 21:20:02,389 -  [BaseBLDC] left stroke amp is -3.7084024953994697e-09
2023-07-05 21:20:02,392 -  [BaseBLDC] right target amplitude is 0.373271237517931
2023-07-05 21:20:02,392 -  [BaseBLDC] left target amplitude is 0.373271237517931
2023-07-05 21:20:02,501 -  [BaseBLDC] right stroke amp is -6.494444491453699e-09
2023-07-05 21:20:02,501 -  [BaseBLDC] left stroke amp is -3.7084024953994697e-09
2023-07-05 21:20:02,504 -  [BaseBLDC] right target amplitude is 0.336130657784932
2023-07-05 21:20:02,504 -  [BaseBLDC] left target amplitude is 0.336130657784932
2023-07-05 21:20:02,613 -  [BaseBLDC] right stroke amp is -6.4824221383604946e-09
2023-07-05 21:20:02,614 -  [BaseBLDC] left stroke amp is -3.7084024953994697e-09
2023-07-05 21:20:02,616 -  [BaseBLDC] right target amplitude is 0.298512448419653
2023-07-05 21:20:02,617 -  [BaseBLDC] left target amplitude is 0.298512448419653
2023-07-05 21:20:02,725 -  [BaseBLDC] right stroke amp is -6.471943649516849e-09
2023-07-05 21:20:02,725 -  [BaseBLDC] left stroke amp is -3.7084024953994697e-09
2023-07-05 21:20:02,728 -  [BaseBLDC] right target amplitude is 0.260470063551113
2023-07-05 21:20:02,728 -  [BaseBLDC] left target amplitude is 0.260470063551113
2023-07-05 21:20:02,835 -  [BaseBLDC] right stroke amp is -6.463217891130253e-09
2023-07-05 21:20:02,835 -  [BaseBLDC] left stroke amp is -3.7084024953994697e-09
2023-07-05 21:20:02,838 -  [BaseBLDC] right target amplitude is 0.222057560046490
2023-07-05 21:20:02,838 -  [BaseBLDC] left target amplitude is 0.222057560046490
2023-07-05 21:20:02,946 -  [BaseBLDC] right stroke amp is -6.456261474479806e-09
2023-07-05 21:20:02,946 -  [BaseBLDC] left stroke amp is -3.7084024953994697e-09
2023-07-05 21:20:02,949 -  [BaseBLDC] right target amplitude is 0.183329520698255
2023-07-05 21:20:02,949 -  [BaseBLDC] left target amplitude is 0.183329520698255
2023-07-05 21:20:03,057 -  [BaseBLDC] right stroke amp is -6.4509623287987295e-09
2023-07-05 21:20:03,057 -  [BaseBLDC] left stroke amp is -3.7084024953994697e-09
2023-07-05 21:20:03,060 -  [BaseBLDC] right target amplitude is 0.144340976663988
2023-07-05 21:20:03,060 -  [BaseBLDC] left target amplitude is 0.144340976663988
2023-07-05 21:20:03,169 -  [BaseBLDC] right stroke amp is -6.447130826877648e-09
2023-07-05 21:20:03,169 -  [BaseBLDC] left stroke amp is -3.7084024953994697e-09
2023-07-05 21:20:03,172 -  [BaseBLDC] right target amplitude is 0.105147329269070
2023-07-05 21:20:03,172 -  [BaseBLDC] left target amplitude is 0.105147329269070
2023-07-05 21:20:03,281 -  [BaseBLDC] right stroke amp is -6.444539094814525e-09
2023-07-05 21:20:03,281 -  [BaseBLDC] left stroke amp is -3.7084024953994697e-09
2023-07-05 21:20:03,284 -  [BaseBLDC] right target amplitude is 0.0658042712833928
2023-07-05 21:20:03,284 -  [BaseBLDC] left target amplitude is 0.0658042712833928
