2023-07-05 21:50:16,076 -  [BaseWing] the length is 0.10559576566307186
2023-07-05 21:50:16,076 -  [BaseWing] the chord of root is 0.013679980005579979
2023-07-05 21:50:16,076 -  [BaseWing] the chord of tip is 0.009028786803682786
2023-07-05 21:50:16,077 -  [BaseWing] the length is 0.10559576566307186
2023-07-05 21:50:16,077 -  [BaseWing] the chord of root is 0.013679980005579979
2023-07-05 21:50:16,077 -  [BaseWing] the chord of tip is 0.009028786803682786
2023-07-05 21:50:16,225 -  [BaseBLDC] right target amplitude is 1.04719755119660
2023-07-05 21:50:16,225 -  [BaseBLDC] left target amplitude is 1.04719755119660
2023-07-05 21:50:16,330 -  [BaseBLDC] right stroke amp is 0.10472037557305242
2023-07-05 21:50:16,331 -  [BaseBLDC] left stroke amp is 0.10471975511965978
2023-07-05 21:50:16,333 -  [BaseBLDC] right target amplitude is 1.04645353607079
2023-07-05 21:50:16,334 -  [BaseBLDC] left target amplitude is 1.04645353607079
2023-07-05 21:50:16,441 -  [BaseBLDC] right stroke amp is 0.19889364664315032
2023-07-05 21:50:16,441 -  [BaseBLDC] left stroke amp is 0.19889313321477328
2023-07-05 21:50:16,444 -  [BaseBLDC] right target amplitude is 1.04422254791229
2023-07-05 21:50:16,444 -  [BaseBLDC] left target amplitude is 1.04422254791229
2023-07-05 21:50:16,550 -  [BaseBLDC] right stroke amp is 0.2834264684853323
2023-07-05 21:50:16,550 -  [BaseBLDC] left stroke amp is 0.28342607468452474
2023-07-05 21:50:16,554 -  [BaseBLDC] right target amplitude is 1.04050775687551
2023-07-05 21:50:16,554 -  [BaseBLDC] left target amplitude is 1.04050775687551
2023-07-05 21:50:16,662 -  [BaseBLDC] right stroke amp is 0.35913453550541036
2023-07-05 21:50:16,662 -  [BaseBLDC] left stroke amp is 0.35913424290362317
2023-07-05 21:50:16,665 -  [BaseBLDC] right target amplitude is 1.03531444154575
2023-07-05 21:50:16,665 -  [BaseBLDC] left target amplitude is 1.03531444154575
2023-07-05 21:50:16,773 -  [BaseBLDC] right stroke amp is 0.4267524707674848
2023-07-05 21:50:16,773 -  [BaseBLDC] left stroke amp is 0.42675226276783546
2023-07-05 21:50:16,776 -  [BaseBLDC] right target amplitude is 1.02864998143846
2023-07-05 21:50:16,776 -  [BaseBLDC] left target amplitude is 1.02864998143846
2023-07-05 21:50:16,884 -  [BaseBLDC] right stroke amp is 0.4869421728821834
2023-07-05 21:50:16,884 -  [BaseBLDC] left stroke amp is 0.4869420346348975
2023-07-05 21:50:16,887 -  [BaseBLDC] right target amplitude is 1.02052384651324
2023-07-05 21:50:16,887 -  [BaseBLDC] left target amplitude is 1.02052384651324
2023-07-05 21:50:16,996 -  [BaseBLDC] right stroke amp is 0.5403002973248454
2023-07-05 21:50:16,997 -  [BaseBLDC] left stroke amp is 0.5403002158227318
2023-07-05 21:50:16,999 -  [BaseBLDC] right target amplitude is 1.01094758371736
2023-07-05 21:50:17,000 -  [BaseBLDC] left target amplitude is 1.01094758371736
2023-07-05 21:50:17,104 -  [BaseBLDC] right stroke amp is 0.587364988141982
2023-07-05 21:50:17,104 -  [BaseBLDC] left stroke amp is 0.5873649526121949
2023-07-05 21:50:17,107 -  [BaseBLDC] right target amplitude is 0.999934800577948
2023-07-05 21:50:17,107 -  [BaseBLDC] left target amplitude is 0.999934800577948
2023-07-05 21:50:17,215 -  [BaseBLDC] right stroke amp is 0.6286219348718345
2023-07-05 21:50:17,215 -  [BaseBLDC] left stroke amp is 0.6286219374087703
2023-07-05 21:50:17,218 -  [BaseBLDC] right target amplitude is 0.987501145866170
2023-07-05 21:50:17,218 -  [BaseBLDC] left target amplitude is 0.987501145866170
2023-07-05 21:50:17,325 -  [BaseBLDC] right stroke amp is 0.6645098221723353
2023-07-05 21:50:17,326 -  [BaseBLDC] left stroke amp is 0.6645098582545103
2023-07-05 21:50:17,328 -  [BaseBLDC] right target amplitude is 0.973664287360898
2023-07-05 21:50:17,329 -  [BaseBLDC] left target amplitude is 0.973664287360898
2023-07-05 21:50:17,436 -  [BaseBLDC] right stroke amp is 0.6954252330660338
2023-07-05 21:50:17,436 -  [BaseBLDC] left stroke amp is 0.695425301165149
2023-07-05 21:50:17,439 -  [BaseBLDC] right target amplitude is 0.958443886743414
2023-07-05 21:50:17,439 -  [BaseBLDC] left target amplitude is 0.958443886743414
2023-07-05 21:50:17,548 -  [BaseBLDC] right stroke amp is 0.7217270534479064
2023-07-05 21:50:17,548 -  [BaseBLDC] left stroke amp is 0.7217271597229754
2023-07-05 21:50:17,552 -  [BaseBLDC] right target amplitude is 0.941861571658857
2023-07-05 21:50:17,552 -  [BaseBLDC] left target amplitude is 0.941861571658857
2023-07-05 21:50:17,659 -  [BaseBLDC] right stroke amp is 0.7437404720788315
2023-07-05 21:50:17,659 -  [BaseBLDC] left stroke amp is 0.7437406009165636
2023-07-05 21:50:17,662 -  [BaseBLDC] right target amplitude is 0.923940904984112
2023-07-05 21:50:17,662 -  [BaseBLDC] left target amplitude is 0.923940904984112
2023-07-05 21:50:17,770 -  [BaseBLDC] right stroke amp is 0.7617604844599014
2023-07-05 21:50:17,770 -  [BaseBLDC] left stroke amp is 0.7617606313233184
2023-07-05 21:50:17,773 -  [BaseBLDC] right target amplitude is 0.904707351345790
2023-07-05 21:50:17,773 -  [BaseBLDC] left target amplitude is 0.904707351345790
2023-07-05 21:50:17,880 -  [BaseBLDC] right stroke amp is 0.7760551423116993
2023-07-05 21:50:17,880 -  [BaseBLDC] left stroke amp is 0.7760553033255655
2023-07-05 21:50:17,883 -  [BaseBLDC] right target amplitude is 0.884188240935905
2023-07-05 21:50:17,883 -  [BaseBLDC] left target amplitude is 0.884188240935905
2023-07-05 21:50:17,990 -  [BaseBLDC] right stroke amp is 0.7868684252243828
2023-07-05 21:50:17,990 -  [BaseBLDC] left stroke amp is 0.7868685970865994
2023-07-05 21:50:17,993 -  [BaseBLDC] right target amplitude is 0.862412730676639
2023-07-05 21:50:17,993 -  [BaseBLDC] left target amplitude is 0.862412730676639
2023-07-05 21:50:18,102 -  [BaseBLDC] right stroke amp is 0.794422830541199
2023-07-05 21:50:18,102 -  [BaseBLDC] left stroke amp is 0.7944230104456034
2023-07-05 21:50:18,105 -  [BaseBLDC] right target amplitude is 0.839411762789393
2023-07-05 21:50:18,105 -  [BaseBLDC] left target amplitude is 0.839411762789393
2023-07-05 21:50:18,214 -  [BaseBLDC] right stroke amp is 0.798921700111095
2023-07-05 21:50:18,214 -  [BaseBLDC] left stroke amp is 0.7989218856799823
2023-07-05 21:50:18,217 -  [BaseBLDC] right target amplitude is 0.815218020826987
2023-07-05 21:50:18,217 -  [BaseBLDC] left target amplitude is 0.815218020826987
2023-07-05 21:50:18,325 -  [BaseBLDC] right stroke amp is 0.8005513099694828
2023-07-05 21:50:18,325 -  [BaseBLDC] left stroke amp is 0.8005514991946828
2023-07-05 21:50:18,328 -  [BaseBLDC] right target amplitude is 0.789865883231501
2023-07-05 21:50:18,328 -  [BaseBLDC] left target amplitude is 0.789865883231501
2023-07-05 21:50:18,435 -  [BaseBLDC] right stroke amp is 0.7994827464068867
2023-07-05 21:50:18,435 -  [BaseBLDC] left stroke amp is 0.7994829375983646
2023-07-05 21:50:18,438 -  [BaseBLDC] right target amplitude is 0.763391374483726
2023-07-05 21:50:18,438 -  [BaseBLDC] left target amplitude is 0.763391374483726
2023-07-05 21:50:18,547 -  [BaseBLDC] right stroke amp is 0.7958735895458302
2023-07-05 21:50:18,547 -  [BaseBLDC] left stroke amp is 0.7958737812869008
2023-07-05 21:50:18,550 -  [BaseBLDC] right target amplitude is 0.735832113913662
2023-07-05 21:50:18,550 -  [BaseBLDC] left target amplitude is 0.735832113913662
