2023-07-05 21:23:28,932 -  [BaseWing] the length is 0.10559576566307186
2023-07-05 21:23:28,932 -  [BaseWing] the chord of root is 0.013679980005579979
2023-07-05 21:23:28,932 -  [BaseWing] the chord of tip is 0.009028786803682786
2023-07-05 21:23:28,933 -  [BaseWing] the length is 0.10559576566307186
2023-07-05 21:23:28,933 -  [BaseWing] the chord of root is 0.013679980005579979
2023-07-05 21:23:28,933 -  [BaseWing] the chord of tip is 0.009028786803682786
2023-07-05 21:23:29,095 -  [BaseBLDC] right target amplitude is 1.04719755119660
2023-07-05 21:23:29,096 -  [BaseBLDC] left target amplitude is 1.04719755119660
2023-07-05 21:23:29,212 -  [BaseBLDC] right stroke amp is -3.3038868168966635e-08
2023-07-05 21:23:29,213 -  [BaseBLDC] left stroke amp is -3.918072513695483e-08
2023-07-05 21:23:29,215 -  [BaseBLDC] right target amplitude is 1.04645353607079
2023-07-05 21:23:29,216 -  [BaseBLDC] left target amplitude is 1.04645353607079
2023-07-05 21:23:29,324 -  [BaseBLDC] right stroke amp is -3.925415977813537e-08
2023-07-05 21:23:29,324 -  [BaseBLDC] left stroke amp is -4.5490734291740357e-08
2023-07-05 21:23:29,327 -  [BaseBLDC] right target amplitude is 1.04422254791229
2023-07-05 21:23:29,327 -  [BaseBLDC] left target amplitude is 1.04422254791229
2023-07-05 21:23:29,435 -  [BaseBLDC] right stroke amp is -3.6173961755448914e-08
2023-07-05 21:23:29,436 -  [BaseBLDC] left stroke amp is -4.159633103420946e-08
2023-07-05 21:23:29,438 -  [BaseBLDC] right target amplitude is 1.04050775687551
2023-07-05 21:23:29,439 -  [BaseBLDC] left target amplitude is 1.04050775687551
2023-07-05 21:23:29,545 -  [BaseBLDC] right stroke amp is -3.0702472251662036e-08
2023-07-05 21:23:29,545 -  [BaseBLDC] left stroke amp is -3.5197151514846775e-08
2023-07-05 21:23:29,548 -  [BaseBLDC] right target amplitude is 1.03531444154575
2023-07-05 21:23:29,548 -  [BaseBLDC] left target amplitude is 1.03531444154575
2023-07-05 21:23:29,657 -  [BaseBLDC] right stroke amp is -2.5213117188775635e-08
2023-07-05 21:23:29,657 -  [BaseBLDC] left stroke amp is -2.8866437064030177e-08
2023-07-05 21:23:29,660 -  [BaseBLDC] right target amplitude is 1.02864998143846
2023-07-05 21:23:29,660 -  [BaseBLDC] left target amplitude is 1.02864998143846
2023-07-05 21:23:29,768 -  [BaseBLDC] right stroke amp is -2.0410910020975118e-08
2023-07-05 21:23:29,768 -  [BaseBLDC] left stroke amp is -2.3354696657880864e-08
2023-07-05 21:23:29,771 -  [BaseBLDC] right target amplitude is 1.02052384651324
2023-07-05 21:23:29,771 -  [BaseBLDC] left target amplitude is 1.02052384651324
2023-07-05 21:23:29,880 -  [BaseBLDC] right stroke amp is -1.641749267057704e-08
2023-07-05 21:23:29,880 -  [BaseBLDC] left stroke amp is -1.8780233298432016e-08
2023-07-05 21:23:29,883 -  [BaseBLDC] right target amplitude is 1.01094758371736
2023-07-05 21:23:29,883 -  [BaseBLDC] left target amplitude is 1.01094758371736
2023-07-05 21:23:29,991 -  [BaseBLDC] right stroke amp is -1.3166764541657167e-08
2023-07-05 21:23:29,992 -  [BaseBLDC] left stroke amp is -1.5059737680452436e-08
2023-07-05 21:23:29,994 -  [BaseBLDC] right target amplitude is 0.999934800577948
2023-07-05 21:23:29,994 -  [BaseBLDC] left target amplitude is 0.999934800577948
2023-07-05 21:23:30,101 -  [BaseBLDC] right stroke amp is -1.0545506159262612e-08
2023-07-05 21:23:30,101 -  [BaseBLDC] left stroke amp is -1.2060864011736711e-08
2023-07-05 21:23:30,104 -  [BaseBLDC] right target amplitude is 0.987501145866170
2023-07-05 21:23:30,104 -  [BaseBLDC] left target amplitude is 0.987501145866170
2023-07-05 21:23:30,212 -  [BaseBLDC] right stroke amp is -8.440863797405158e-09
2023-07-05 21:23:30,213 -  [BaseBLDC] left stroke amp is -9.653480025498585e-09
2023-07-05 21:23:30,215 -  [BaseBLDC] right target amplitude is 0.973664287360898
2023-07-05 21:23:30,215 -  [BaseBLDC] left target amplitude is 0.973664287360898
2023-07-05 21:23:30,323 -  [BaseBLDC] right stroke amp is -6.754329065691012e-09
2023-07-05 21:23:30,323 -  [BaseBLDC] left stroke amp is -7.724525106383752e-09
2023-07-05 21:23:30,326 -  [BaseBLDC] right target amplitude is 0.958443886743414
2023-07-05 21:23:30,326 -  [BaseBLDC] left target amplitude is 0.958443886743414
