2023-07-05 22:00:51,226 -  [BaseWing] the length is 0.10559576566307186
2023-07-05 22:00:51,227 -  [BaseWing] the chord of root is 0.013679980005579979
2023-07-05 22:00:51,228 -  [BaseWing] the chord of tip is 0.009028786803682786
2023-07-05 22:00:51,228 -  [BaseWing] the length is 0.10559576566307186
2023-07-05 22:00:51,228 -  [BaseWing] the chord of root is 0.013679980005579979
2023-07-05 22:00:51,229 -  [BaseWing] the chord of tip is 0.009028786803682786
2023-07-05 22:00:51,381 -  [BaseBLDC] right target amplitude is 0
2023-07-05 22:00:51,381 -  [BaseBLDC] left target amplitude is 0
2023-07-05 22:00:51,483 -  [BaseBLDC] right stroke amp is -3.3038868168966635e-08
2023-07-05 22:00:51,483 -  [BaseBLDC] left stroke amp is -3.918072513695483e-08
2023-07-05 22:00:51,486 -  [BaseBLDC] right target amplitude is 0.0394678105132561
2023-07-05 22:00:51,486 -  [BaseBLDC] left target amplitude is -0.0394678105132561
2023-07-05 22:00:51,594 -  [BaseBLDC] right stroke amp is 0.00394679480438067
2023-07-05 22:00:51,594 -  [BaseBLDC] left stroke amp is -0.003946761934294676
2023-07-05 22:00:51,597 -  [BaseBLDC] right target amplitude is 0.0788795386806738
2023-07-05 22:00:51,597 -  [BaseBLDC] left target amplitude is -0.0788795386806738
2023-07-05 22:00:51,706 -  [BaseBLDC] right stroke amp is 0.011440130361277613
2023-07-05 22:00:51,707 -  [BaseBLDC] left stroke amp is -0.011439963119387563
2023-07-05 22:00:51,709 -  [BaseBLDC] right target amplitude is 0.118179181847414
2023-07-05 22:00:51,710 -  [BaseBLDC] left target amplitude is -0.118179181847414
2023-07-05 22:00:51,818 -  [BaseBLDC] right stroke amp is 0.022114092622159052
2023-07-05 22:00:51,818 -  [BaseBLDC] left stroke amp is -0.02211381357421364
2023-07-05 22:00:51,821 -  [BaseBLDC] right target amplitude is 0.157310896627400
2023-07-05 22:00:51,821 -  [BaseBLDC] left target amplitude is -0.157310896627400
2023-07-05 22:00:51,928 -  [BaseBLDC] right stroke amp is 0.035633826146963116
2023-07-05 22:00:51,928 -  [BaseBLDC] left stroke amp is -0.03563345544681925
2023-07-05 22:00:51,931 -  [BaseBLDC] right target amplitude is 0.196219078254759
2023-07-05 22:00:51,931 -  [BaseBLDC] left target amplitude is -0.196219078254759
2023-07-05 22:00:52,040 -  [BaseBLDC] right stroke amp is 0.05169240132367471
2023-07-05 22:00:52,040 -  [BaseBLDC] left stroke amp is -0.05169195524430545
2023-07-05 22:00:52,043 -  [BaseBLDC] right target amplitude is 0.234848439596204
2023-07-05 22:00:52,043 -  [BaseBLDC] left target amplitude is -0.234848439596204
2023-07-05 22:00:52,152 -  [BaseBLDC] right stroke amp is 0.07000805199941726
2023-07-05 22:00:52,152 -  [BaseBLDC] left stroke amp is -0.07000754509643123
2023-07-05 22:00:52,155 -  [BaseBLDC] right target amplitude is 0.273144089712063
2023-07-05 22:00:52,155 -  [BaseBLDC] left target amplitude is -0.273144089712063
2023-07-05 22:00:52,262 -  [BaseBLDC] right stroke amp is 0.09032171874904482
2023-07-05 22:00:52,262 -  [BaseBLDC] left stroke amp is -0.0903211208046929
2023-07-05 22:00:52,265 -  [BaseBLDC] right target amplitude is 0.311051611854332
2023-07-05 22:00:52,265 -  [BaseBLDC] left target amplitude is -0.311051611854332
2023-07-05 22:00:52,374 -  [BaseBLDC] right stroke amp is 0.11239476781453833
2023-07-05 22:00:52,374 -  [BaseBLDC] left stroke amp is -0.11239409517793887
2023-07-05 22:00:52,377 -  [BaseBLDC] right target amplitude is 0.348517140790926
2023-07-05 22:00:52,377 -  [BaseBLDC] left target amplitude is -0.348517140790926
2023-07-05 22:00:52,484 -  [BaseBLDC] right stroke amp is 0.13600705932247167
2023-07-05 22:00:52,484 -  [BaseBLDC] left stroke amp is -0.13600633192159672
2023-07-05 22:00:52,487 -  [BaseBLDC] right target amplitude is 0.385487439346237
2023-07-05 22:00:52,487 -  [BaseBLDC] left target amplitude is -0.385487439346237
2023-07-05 22:00:52,595 -  [BaseBLDC] right stroke amp is 0.1609551491212023
2023-07-05 22:00:52,595 -  [BaseBLDC] left stroke amp is -0.16095437783735492
2023-07-05 22:00:52,598 -  [BaseBLDC] right target amplitude is 0.421909974049254
2023-07-05 22:00:52,598 -  [BaseBLDC] left target amplitude is -0.421909974049254
2023-07-05 22:00:52,707 -  [BaseBLDC] right stroke amp is 0.1870506751343532
2023-07-05 22:00:52,707 -  [BaseBLDC] left stroke amp is -0.18704988295567582
2023-07-05 22:00:52,710 -  [BaseBLDC] right target amplitude is 0.457732989781741
2023-07-05 22:00:52,710 -  [BaseBLDC] left target amplitude is -0.457732989781741
2023-07-05 22:00:52,818 -  [BaseBLDC] right stroke amp is 0.21411888590099654
2023-07-05 22:00:52,819 -  [BaseBLDC] left stroke amp is -0.21411819363828238
2023-07-05 22:00:52,821 -  [BaseBLDC] right target amplitude is 0.492905583320407
2023-07-05 22:00:52,821 -  [BaseBLDC] left target amplitude is -0.492905583320407
2023-07-05 22:00:52,928 -  [BaseBLDC] right stroke amp is 0.24199753273269897
2023-07-05 22:00:52,928 -  [BaseBLDC] left stroke amp is -0.2419969326064948
2023-07-05 22:00:52,931 -  [BaseBLDC] right target amplitude is 0.527377775668558
2023-07-05 22:00:52,931 -  [BaseBLDC] left target amplitude is -0.527377775668558
2023-07-05 22:00:53,038 -  [BaseBLDC] right stroke amp is 0.2705355363296059
2023-07-05 22:00:53,038 -  [BaseBLDC] left stroke amp is -0.2705350169127011
2023-07-05 22:00:53,041 -  [BaseBLDC] right target amplitude is 0.561100583074469
2023-07-05 22:00:53,041 -  [BaseBLDC] left target amplitude is -0.561100583074469
2023-07-05 22:00:53,149 -  [BaseBLDC] right stroke amp is 0.29959202242359806
2023-07-05 22:00:53,149 -  [BaseBLDC] left stroke amp is -0.29959157352887783
2023-07-05 22:00:53,152 -  [BaseBLDC] right target amplitude is 0.594026086635535
2023-07-05 22:00:53,152 -  [BaseBLDC] left target amplitude is -0.594026086635535
2023-07-05 22:00:53,260 -  [BaseBLDC] right stroke amp is 0.329035412298366
2023-07-05 22:00:53,260 -  [BaseBLDC] left stroke amp is -0.32903502483954356
2023-07-05 22:00:53,263 -  [BaseBLDC] right target amplitude is 0.626107500389324
2023-07-05 22:00:53,263 -  [BaseBLDC] left target amplitude is -0.626107500389324
2023-07-05 22:00:53,370 -  [BaseBLDC] right stroke amp is 0.35874259895708527
2023-07-05 22:00:53,370 -  [BaseBLDC] left stroke amp is -0.35874227239452156
2023-07-05 22:00:53,373 -  [BaseBLDC] right target amplitude is 0.657299237794749
2023-07-05 22:00:53,373 -  [BaseBLDC] left target amplitude is -0.657299237794749
2023-07-05 22:00:53,482 -  [BaseBLDC] right stroke amp is 0.38859824358654343
2023-07-05 22:00:53,483 -  [BaseBLDC] left stroke amp is -0.38859796893454435
2023-07-05 22:00:53,485 -  [BaseBLDC] right target amplitude is 0.687556976508922
2023-07-05 22:00:53,485 -  [BaseBLDC] left target amplitude is -0.687556976508922
2023-07-05 22:00:53,593 -  [BaseBLDC] right stroke amp is 0.41849410044976376
2023-07-05 22:00:53,593 -  [BaseBLDC] left stroke amp is -0.4184938696919821
2023-07-05 22:00:53,596 -  [BaseBLDC] right target amplitude is 0.716837721367612
2023-07-05 22:00:53,596 -  [BaseBLDC] left target amplitude is -0.716837721367612
2023-07-05 22:00:53,705 -  [BaseBLDC] right stroke amp is 0.44832844177952097
2023-07-05 22:00:53,706 -  [BaseBLDC] left stroke amp is -0.44832825485954514
2023-07-05 22:00:53,708 -  [BaseBLDC] right target amplitude is 0.745099865479846
2023-07-05 22:00:53,709 -  [BaseBLDC] left target amplitude is -0.745099865479846
2023-07-05 22:00:53,817 -  [BaseBLDC] right stroke amp is 0.4780055674914279
2023-07-05 22:00:53,817 -  [BaseBLDC] left stroke amp is -0.4780054159215752
2023-07-05 22:00:53,853 -  [BaseBLDC] right target amplitude is 0.772303249349808
2023-07-05 22:00:53,854 -  [BaseBLDC] left target amplitude is -0.772303249349808
2023-07-05 22:00:53,960 -  [BaseBLDC] right stroke amp is 0.5074353164993544
2023-07-05 22:00:53,960 -  [BaseBLDC] left stroke amp is -0.5074351992643985
2023-07-05 22:00:53,963 -  [BaseBLDC] right target amplitude is 0.798409217942060
2023-07-05 22:00:53,963 -  [BaseBLDC] left target amplitude is -0.798409217942060
2023-07-05 22:00:54,072 -  [BaseBLDC] right stroke amp is 0.5365326866411885
2023-07-05 22:00:54,072 -  [BaseBLDC] left stroke amp is -0.5365326011321647
2023-07-05 22:00:54,075 -  [BaseBLDC] right target amplitude is 0.823380675608962
2023-07-05 22:00:54,075 -  [BaseBLDC] left target amplitude is -0.823380675608962
2023-07-05 22:00:54,183 -  [BaseBLDC] right stroke amp is 0.5652174687845334
2023-07-05 22:00:54,183 -  [BaseBLDC] left stroke amp is -0.5652174085798445
2023-07-05 22:00:54,186 -  [BaseBLDC] right target amplitude is 0.847182138802268
2023-07-05 22:00:54,186 -  [BaseBLDC] left target amplitude is -0.847182138802268
2023-07-05 22:00:54,294 -  [BaseBLDC] right stroke amp is 0.5934139179342622
2023-07-05 22:00:54,294 -  [BaseBLDC] left stroke amp is -0.5934138816020867
2023-07-05 22:00:54,297 -  [BaseBLDC] right target amplitude is 0.869779786493985
2023-07-05 22:00:54,297 -  [BaseBLDC] left target amplitude is -0.869779786493985
2023-07-05 22:00:54,404 -  [BaseBLDC] right stroke amp is 0.6210505273802414
2023-07-05 22:00:54,404 -  [BaseBLDC] left stroke amp is -0.6210504720912765
2023-07-05 22:00:54,407 -  [BaseBLDC] right target amplitude is 0.891141508234850
2023-07-05 22:00:54,407 -  [BaseBLDC] left target amplitude is -0.891141508234850
2023-07-05 22:00:54,516 -  [BaseBLDC] right stroke amp is 0.6480596482549927
2023-07-05 22:00:54,516 -  [BaseBLDC] left stroke amp is -0.6480595757056339
2023-07-05 22:00:54,519 -  [BaseBLDC] right target amplitude is 0.911236949782139
2023-07-05 22:00:54,519 -  [BaseBLDC] left target amplitude is -0.911236949782139
2023-07-05 22:00:54,626 -  [BaseBLDC] right stroke amp is 0.6743773937699625
2023-07-05 22:00:54,626 -  [BaseBLDC] left stroke amp is -0.6743773131132843
2023-07-05 22:00:54,629 -  [BaseBLDC] right target amplitude is 0.930037556231960
2023-07-05 22:00:54,630 -  [BaseBLDC] left target amplitude is -0.930037556231960
2023-07-05 22:00:54,738 -  [BaseBLDC] right stroke amp is 0.699943430734794
2023-07-05 22:00:54,738 -  [BaseBLDC] left stroke amp is -0.6999433374251518
2023-07-05 22:00:54,741 -  [BaseBLDC] right target amplitude is 0.947516612594763
2023-07-05 22:00:54,741 -  [BaseBLDC] left target amplitude is -0.947516612594763
2023-07-05 22:00:54,849 -  [BaseBLDC] right stroke amp is 0.7247007660165079
2023-07-05 22:00:54,850 -  [BaseBLDC] left stroke amp is -0.7247006649421129
2023-07-05 22:00:54,852 -  [BaseBLDC] right target amplitude is 0.963649281756389
2023-07-05 22:00:54,852 -  [BaseBLDC] left target amplitude is -0.963649281756389
2023-07-05 22:00:54,961 -  [BaseBLDC] right stroke amp is 0.7485956380447251
2023-07-05 22:00:54,961 -  [BaseBLDC] left stroke amp is -0.7485955266235406
2023-07-05 22:00:54,964 -  [BaseBLDC] right target amplitude is 0.978412639770728
2023-07-05 22:00:54,964 -  [BaseBLDC] left target amplitude is -0.978412639770728
2023-07-05 22:00:55,072 -  [BaseBLDC] right stroke amp is 0.7715773538387803
2023-07-05 22:00:55,072 -  [BaseBLDC] left stroke amp is -0.7715772379382594
2023-07-05 22:00:55,075 -  [BaseBLDC] right target amplitude is 0.991785708433832
2023-07-05 22:00:55,075 -  [BaseBLDC] left target amplitude is -0.991785708433832
2023-07-05 22:00:55,184 -  [BaseBLDC] right stroke amp is 0.7935982070014137
2023-07-05 22:00:55,184 -  [BaseBLDC] left stroke amp is -0.7935980849878167
2023-07-05 22:00:55,187 -  [BaseBLDC] right target amplitude is 1.00374948509320
2023-07-05 22:00:55,187 -  [BaseBLDC] left target amplitude is -1.00374948509320
2023-07-05 22:00:55,295 -  [BaseBLDC] right stroke amp is 0.8146133545266137
2023-07-05 22:00:55,295 -  [BaseBLDC] left stroke amp is -0.814613224998355
2023-07-05 22:00:55,298 -  [BaseBLDC] right target amplitude is 1.01428696964987
2023-07-05 22:00:55,298 -  [BaseBLDC] left target amplitude is -1.01428696964987
2023-07-05 22:00:55,407 -  [BaseBLDC] right stroke amp is 0.8345807376910764
2023-07-05 22:00:55,407 -  [BaseBLDC] left stroke amp is -0.8345805994635064
2023-07-05 22:00:55,410 -  [BaseBLDC] right target amplitude is 1.02338318871496
2023-07-05 22:00:55,410 -  [BaseBLDC] left target amplitude is -1.02338318871496
2023-07-05 22:00:55,518 -  [BaseBLDC] right stroke amp is 0.8534609982741039
2023-07-05 22:00:55,518 -  [BaseBLDC] left stroke amp is -0.8534608583886518
2023-07-05 22:00:55,521 -  [BaseBLDC] right target amplitude is 1.03102521688633
2023-07-05 22:00:55,521 -  [BaseBLDC] left target amplitude is -1.03102521688633
2023-07-05 22:00:55,629 -  [BaseBLDC] right stroke amp is 0.8712174367782909
2023-07-05 22:00:55,629 -  [BaseBLDC] left stroke amp is -0.8712172942384195
2023-07-05 22:00:55,632 -  [BaseBLDC] right target amplitude is 1.03720219511510
2023-07-05 22:00:55,632 -  [BaseBLDC] left target amplitude is -1.03720219511510
2023-07-05 22:00:55,741 -  [BaseBLDC] right stroke amp is 0.8878159303593629
2023-07-05 22:00:55,741 -  [BaseBLDC] left stroke amp is -0.8878157843260875
2023-07-05 22:00:55,744 -  [BaseBLDC] right target amplitude is 1.04190534613600
2023-07-05 22:00:55,745 -  [BaseBLDC] left target amplitude is -1.04190534613600
2023-07-05 22:00:55,851 -  [BaseBLDC] right stroke amp is 0.9032248907257016
2023-07-05 22:00:55,851 -  [BaseBLDC] left stroke amp is -0.9032247405070783
2023-07-05 22:00:55,854 -  [BaseBLDC] right target amplitude is 1.04512798693952
2023-07-05 22:00:55,854 -  [BaseBLDC] left target amplitude is -1.04512798693952
2023-07-05 22:00:55,963 -  [BaseBLDC] right stroke amp is 0.9174152201109805
2023-07-05 22:00:55,963 -  [BaseBLDC] left stroke amp is -0.9174150651503228
2023-07-05 22:00:55,966 -  [BaseBLDC] right target amplitude is 1.04686553826828
2023-07-05 22:00:55,966 -  [BaseBLDC] left target amplitude is -1.04686553826828
2023-07-05 22:00:56,075 -  [BaseBLDC] right stroke amp is 0.9303602725970018
2023-07-05 22:00:56,075 -  [BaseBLDC] left stroke amp is -0.9303601124621187
2023-07-05 22:00:56,078 -  [BaseBLDC] right target amplitude is 1.04711553112394
2023-07-05 22:00:56,078 -  [BaseBLDC] left target amplitude is -1.04711553112394
2023-07-05 22:00:56,186 -  [BaseBLDC] right stroke amp is 0.9420358199549687
2023-07-05 22:00:56,186 -  [BaseBLDC] left stroke amp is -0.9420356543283008
2023-07-05 22:00:56,189 -  [BaseBLDC] right target amplitude is 1.04587761027559
2023-07-05 22:00:56,189 -  [BaseBLDC] left target amplitude is -1.04587761027559
2023-07-05 22:00:56,298 -  [BaseBLDC] right stroke amp is 0.9524200212534961
2023-07-05 22:00:56,298 -  [BaseBLDC] left stroke amp is -0.9524198499230293
2023-07-05 22:00:56,301 -  [BaseBLDC] right target amplitude is 1.04315353476450
2023-07-05 22:00:56,301 -  [BaseBLDC] left target amplitude is -1.04315353476450
2023-07-05 22:00:56,406 -  [BaseBLDC] right stroke amp is 0.9614933955563209
2023-07-05 22:00:56,406 -  [BaseBLDC] left stroke amp is -0.9614932184071759
2023-07-05 22:00:56,409 -  [BaseBLDC] right target amplitude is 1.03894717540461
2023-07-05 22:00:56,409 -  [BaseBLDC] left target amplitude is -1.03894717540461
2023-07-05 22:00:56,516 -  [BaseBLDC] right stroke amp is 0.9692387890581156
2023-07-05 22:00:56,516 -  [BaseBLDC] left stroke amp is -0.9692386141069191
2023-07-05 22:00:56,519 -  [BaseBLDC] right target amplitude is 1.03326450928223
2023-07-05 22:00:56,519 -  [BaseBLDC] left target amplitude is -1.03326450928223
2023-07-05 22:00:56,627 -  [BaseBLDC] right stroke amp is 0.9756413769438127
2023-07-05 22:00:56,627 -  [BaseBLDC] left stroke amp is -0.97564120362445
2023-07-05 22:00:56,630 -  [BaseBLDC] right target amplitude is 1.02611361126279
2023-07-05 22:00:56,630 -  [BaseBLDC] left target amplitude is -1.02611361126279
2023-07-05 22:00:56,739 -  [BaseBLDC] right stroke amp is 0.980688616533586
2023-07-05 22:00:56,739 -  [BaseBLDC] left stroke amp is -0.9806884443882844
2023-07-05 22:00:56,742 -  [BaseBLDC] right target amplitude is 1.01750464251679
2023-07-05 22:00:56,742 -  [BaseBLDC] left target amplitude is -1.01750464251679
2023-07-05 22:00:56,849 -  [BaseBLDC] right stroke amp is 0.9843702355303944
2023-07-05 22:00:56,849 -  [BaseBLDC] left stroke amp is -0.9843700642011354
2023-07-05 22:00:56,852 -  [BaseBLDC] right target amplitude is 1.00744983608109
2023-07-05 22:00:56,852 -  [BaseBLDC] left target amplitude is -1.00744983608109
2023-07-05 22:00:56,960 -  [BaseBLDC] right stroke amp is 0.9866782121700673
2023-07-05 22:00:56,960 -  [BaseBLDC] left stroke amp is -0.9866780413891307
2023-07-05 22:00:56,963 -  [BaseBLDC] right target amplitude is 0.995963479476208
2023-07-05 22:00:56,963 -  [BaseBLDC] left target amplitude is -0.995963479476208
2023-07-05 22:00:57,071 -  [BaseBLDC] right stroke amp is 0.9876067556165814
2023-07-05 22:00:57,071 -  [BaseBLDC] left stroke amp is -0.9876065851978385
2023-07-05 22:00:57,074 -  [BaseBLDC] right target amplitude is 0.983061894404285
2023-07-05 22:00:57,074 -  [BaseBLDC] left target amplitude is -0.983061894404285
2023-07-05 22:00:57,182 -  [BaseBLDC] right stroke amp is 0.9871522862876048
2023-07-05 22:00:57,182 -  [BaseBLDC] left stroke amp is -0.9871521161184831
2023-07-05 22:00:57,185 -  [BaseBLDC] right target amplitude is 0.968763413556498
2023-07-05 22:00:57,185 -  [BaseBLDC] left target amplitude is -0.968763413556498
2023-07-05 22:00:57,293 -  [BaseBLDC] right stroke amp is 0.9853134158312243
2023-07-05 22:00:57,293 -  [BaseBLDC] left stroke amp is -0.9853132458622845
2023-07-05 22:00:57,296 -  [BaseBLDC] right target amplitude is 0.953088354562969
2023-07-05 22:00:57,296 -  [BaseBLDC] left target amplitude is -0.953088354562969
2023-07-05 22:00:57,404 -  [BaseBLDC] right stroke amp is 0.9820909265339043
2023-07-05 22:00:57,404 -  [BaseBLDC] left stroke amp is -0.982090756732353
2023-07-05 22:00:57,407 -  [BaseBLDC] right target amplitude is 0.936058991122128
2023-07-05 22:00:57,408 -  [BaseBLDC] left target amplitude is -0.936058991122128
2023-07-05 22:00:57,514 -  [BaseBLDC] right stroke amp is 0.9774877498358822
2023-07-05 22:00:57,514 -  [BaseBLDC] left stroke amp is -0.9774875801713305
2023-07-05 22:00:57,517 -  [BaseBLDC] right target amplitude is 0.917699521350579
2023-07-05 22:00:57,517 -  [BaseBLDC] left target amplitude is -0.917699521350579
2023-07-05 22:00:57,625 -  [BaseBLDC] right stroke amp is 0.9715089437685747
2023-07-05 22:00:57,625 -  [BaseBLDC] left stroke amp is -0.9715087742892553
2023-07-05 22:00:57,628 -  [BaseBLDC] right target amplitude is 0.898036033398437
2023-07-05 22:00:57,628 -  [BaseBLDC] left target amplitude is -0.898036033398437
2023-07-05 22:00:57,736 -  [BaseBLDC] right stroke amp is 0.9641616106917805
2023-07-05 22:00:57,736 -  [BaseBLDC] left stroke amp is -0.9641615529309808
2023-07-05 22:00:57,739 -  [BaseBLDC] right target amplitude is 0.877096468378990
2023-07-05 22:00:57,739 -  [BaseBLDC] left target amplitude is -0.877096468378990
2023-07-05 22:00:57,848 -  [BaseBLDC] right stroke amp is 0.955455054207228
2023-07-05 22:00:57,848 -  [BaseBLDC] left stroke amp is -0.9554550974736787
2023-07-05 22:00:57,851 -  [BaseBLDC] right target amplitude is 0.854910580665373
2023-07-05 22:00:57,851 -  [BaseBLDC] left target amplitude is -0.854910580665373
2023-07-05 22:00:57,958 -  [BaseBLDC] right stroke amp is 0.9454005644259216
2023-07-05 22:00:57,959 -  [BaseBLDC] left stroke amp is -0.9454006990067441
2023-07-05 22:00:57,962 -  [BaseBLDC] right target amplitude is 0.831509895610660
2023-07-05 22:00:57,962 -  [BaseBLDC] left target amplitude is -0.831509895610660
2023-07-05 22:00:58,069 -  [BaseBLDC] right stroke amp is 0.9340114550791744
2023-07-05 22:00:58,069 -  [BaseBLDC] left stroke amp is -0.9340116719244531
2023-07-05 22:00:58,072 -  [BaseBLDC] right target amplitude is 0.806927664751456
2023-07-05 22:00:58,072 -  [BaseBLDC] left target amplitude is -0.806927664751456
2023-07-05 22:00:58,178 -  [BaseBLDC] right stroke amp is 0.9213030337613052
2023-07-05 22:00:58,178 -  [BaseBLDC] left stroke amp is -0.9213033242312108
2023-07-05 22:00:58,182 -  [BaseBLDC] right target amplitude is 0.781198818558652
2023-07-05 22:00:58,182 -  [BaseBLDC] left target amplitude is -0.781198818558652
2023-07-05 22:00:58,288 -  [BaseBLDC] right stroke amp is 0.9072925702853082
2023-07-05 22:00:58,288 -  [BaseBLDC] left stroke amp is -0.9072929262646113
2023-07-05 22:00:58,291 -  [BaseBLDC] right target amplitude is 0.754359916802466
2023-07-05 22:00:58,291 -  [BaseBLDC] left target amplitude is -0.754359916802466
2023-07-05 22:00:58,399 -  [BaseBLDC] right stroke amp is 0.8919992632269294
2023-07-05 22:00:58,399 -  [BaseBLDC] left stroke amp is -0.8919996775982182
2023-07-05 22:00:58,402 -  [BaseBLDC] right target amplitude is 0.726449096602309
2023-07-05 22:00:58,402 -  [BaseBLDC] left target amplitude is -0.726449096602309
2023-07-05 22:00:58,509 -  [BaseBLDC] right stroke amp is 0.8754442049052171
2023-07-05 22:00:58,509 -  [BaseBLDC] left stroke amp is -0.8754446716999627
2023-07-05 22:00:58,512 -  [BaseBLDC] right target amplitude is 0.697506018235303
2023-07-05 22:00:58,513 -  [BaseBLDC] left target amplitude is -0.697506018235303
2023-07-05 22:00:58,620 -  [BaseBLDC] right stroke amp is 0.8576503444883796
2023-07-05 22:00:58,620 -  [BaseBLDC] left stroke amp is -0.857650858652356
2023-07-05 22:00:58,623 -  [BaseBLDC] right target amplitude is 0.667571808780440
2023-07-05 22:00:58,623 -  [BaseBLDC] left target amplitude is -0.667571808780440
2023-07-05 22:00:58,732 -  [BaseBLDC] right stroke amp is 0.8386424489437493
2023-07-05 22:00:58,732 -  [BaseBLDC] left stroke amp is -0.8386430062284023
2023-07-05 22:00:58,735 -  [BaseBLDC] right target amplitude is 0.636689003678465
2023-07-05 22:00:58,735 -  [BaseBLDC] left target amplitude is -0.636689003678465
2023-07-05 22:00:58,842 -  [BaseBLDC] right stroke amp is 0.8184470620863005
2023-07-05 22:00:58,842 -  [BaseBLDC] left stroke amp is -0.818447658968967
2023-07-05 22:00:58,845 -  [BaseBLDC] right target amplitude is 0.604901486290540
2023-07-05 22:00:58,845 -  [BaseBLDC] left target amplitude is -0.604901486290540
2023-07-05 22:00:58,953 -  [BaseBLDC] right stroke amp is 0.7970924617193114
2023-07-05 22:00:58,953 -  [BaseBLDC] left stroke amp is -0.7970930952568022
2023-07-05 22:00:58,956 -  [BaseBLDC] right target amplitude is 0.572254425541553
2023-07-05 22:00:58,956 -  [BaseBLDC] left target amplitude is -0.572254425541553
2023-07-05 22:00:59,064 -  [BaseBLDC] right stroke amp is 0.7746086148236923
2023-07-05 22:00:59,064 -  [BaseBLDC] left stroke amp is -0.7746092824494037
2023-07-05 22:00:59,067 -  [BaseBLDC] right target amplitude is 0.538794211736684
2023-07-05 22:00:59,067 -  [BaseBLDC] left target amplitude is -0.538794211736684
2023-07-05 22:00:59,176 -  [BaseBLDC] right stroke amp is 0.7510271308531236
2023-07-05 22:00:59,176 -  [BaseBLDC] left stroke amp is -0.7510278300258758
2023-07-05 22:00:59,179 -  [BaseBLDC] right target amplitude is 0.504568390642449
2023-07-05 22:00:59,179 -  [BaseBLDC] left target amplitude is -0.504568390642449
2023-07-05 22:00:59,287 -  [BaseBLDC] right stroke amp is 0.7263812131267964
2023-07-05 22:00:59,287 -  [BaseBLDC] left stroke amp is -0.726381940802486
2023-07-05 22:00:59,290 -  [BaseBLDC] right target amplitude is 0.469625595925861
2023-07-05 22:00:59,290 -  [BaseBLDC] left target amplitude is -0.469625595925861
2023-07-05 22:00:59,398 -  [BaseBLDC] right stroke amp is 0.7007056083686928
2023-07-05 22:00:59,398 -  [BaseBLDC] left stroke amp is -0.7007063602166539
2023-07-05 22:00:59,401 -  [BaseBLDC] right target amplitude is 0.434015480047730
2023-07-05 22:00:59,401 -  [BaseBLDC] left target amplitude is -0.434015480047730
2023-07-05 22:00:59,509 -  [BaseBLDC] right stroke amp is 0.6740365324344066
2023-07-05 22:00:59,509 -  [BaseBLDC] left stroke amp is -0.6740373512731678
2023-07-05 22:00:59,512 -  [BaseBLDC] right target amplitude is 0.397788643708292
2023-07-05 22:00:59,512 -  [BaseBLDC] left target amplitude is -0.397788643708292
2023-07-05 22:00:59,620 -  [BaseBLDC] right stroke amp is 0.6464117627366841
2023-07-05 22:00:59,620 -  [BaseBLDC] left stroke amp is -0.6464124805166802
2023-07-05 22:00:59,623 -  [BaseBLDC] right target amplitude is 0.360996563945434
2023-07-05 22:00:59,623 -  [BaseBLDC] left target amplitude is -0.360996563945434
2023-07-05 22:00:59,732 -  [BaseBLDC] right stroke amp is 0.6178702586113863
2023-07-05 22:00:59,732 -  [BaseBLDC] left stroke amp is -0.6178708888595555
2023-07-05 22:00:59,735 -  [BaseBLDC] right target amplitude is 0.323691520987658
2023-07-05 22:00:59,735 -  [BaseBLDC] left target amplitude is -0.323691520987658
2023-07-05 22:00:59,842 -  [BaseBLDC] right stroke amp is 0.5884524004451506
2023-07-05 22:00:59,843 -  [BaseBLDC] left stroke amp is -0.5884529520723658
2023-07-05 22:00:59,845 -  [BaseBLDC] right target amplitude is 0.285926523965756
2023-07-05 22:00:59,845 -  [BaseBLDC] left target amplitude is -0.285926523965756
2023-07-05 22:00:59,953 -  [BaseBLDC] right stroke amp is 0.5581998282171717
2023-07-05 22:00:59,953 -  [BaseBLDC] left stroke amp is -0.5582003092617048
2023-07-05 22:00:59,956 -  [BaseBLDC] right target amplitude is 0.247755235588734
2023-07-05 22:00:59,956 -  [BaseBLDC] left target amplitude is -0.247755235588734
2023-07-05 22:01:00,063 -  [BaseBLDC] right stroke amp is 0.5271553841777564
2023-07-05 22:01:00,063 -  [BaseBLDC] left stroke amp is -0.5271558018944078
2023-07-05 22:01:00,066 -  [BaseBLDC] right target amplitude is 0.209231895891031
2023-07-05 22:01:00,066 -  [BaseBLDC] left target amplitude is -0.209231895891031
2023-07-05 22:01:00,173 -  [BaseBLDC] right stroke amp is 0.4953630581525561
2023-07-05 22:01:00,173 -  [BaseBLDC] left stroke amp is -0.49536341129407013
2023-07-05 22:01:00,176 -  [BaseBLDC] right target amplitude is 0.170411245159369
2023-07-05 22:01:00,176 -  [BaseBLDC] left target amplitude is -0.170411245159369
2023-07-05 22:01:00,285 -  [BaseBLDC] right stroke amp is 0.462867899293304
2023-07-05 22:01:00,285 -  [BaseBLDC] left stroke amp is -0.4628681946806
2023-07-05 22:01:00,288 -  [BaseBLDC] right target amplitude is 0.131348446148775
2023-07-05 22:01:00,288 -  [BaseBLDC] left target amplitude is -0.131348446148775
2023-07-05 22:01:00,395 -  [BaseBLDC] right stroke amp is 0.4297159760169343
2023-07-05 22:01:00,395 -  [BaseBLDC] left stroke amp is -0.4297162198274175
2023-07-05 22:01:00,398 -  [BaseBLDC] right target amplitude is 0.0920990056982888
2023-07-05 22:01:00,398 -  [BaseBLDC] left target amplitude is -0.0920990056982888
2023-07-05 22:01:00,507 -  [BaseBLDC] right stroke amp is 0.3959543005833537
2023-07-05 22:01:00,507 -  [BaseBLDC] left stroke amp is -0.3959544984145046
2023-07-05 22:01:00,510 -  [BaseBLDC] right target amplitude is 0.0527186958577289
2023-07-05 22:01:00,510 -  [BaseBLDC] left target amplitude is -0.0527186958577289
2023-07-05 22:01:00,617 -  [BaseBLDC] right stroke amp is 0.36163076122999804
2023-07-05 22:01:00,617 -  [BaseBLDC] left stroke amp is -0.36163091815882703
2023-07-05 22:01:00,620 -  [BaseBLDC] right target amplitude is 0.0132634746376215
2023-07-05 22:01:00,620 -  [BaseBLDC] left target amplitude is -0.0132634746376215
2023-07-05 22:01:00,729 -  [BaseBLDC] right stroke amp is 0.326794053170408
2023-07-05 22:01:00,729 -  [BaseBLDC] left stroke amp is -0.3267941738067065
2023-07-05 22:01:00,732 -  [BaseBLDC] right target amplitude is -0.0262105935051284
2023-07-05 22:01:00,732 -  [BaseBLDC] left target amplitude is 0.0262105935051284
2023-07-05 22:01:00,838 -  [BaseBLDC] right stroke amp is 0.29149360854142203
2023-07-05 22:01:00,839 -  [BaseBLDC] left stroke amp is -0.29149369707552303
2023-07-05 22:01:00,842 -  [BaseBLDC] right target amplitude is -0.0656474173328172
2023-07-05 22:01:00,842 -  [BaseBLDC] left target amplitude is 0.0656474173328172
2023-07-05 22:01:00,949 -  [BaseBLDC] right stroke amp is 0.2557795253891359
2023-07-05 22:01:00,949 -  [BaseBLDC] left stroke amp is -0.255779585634689
2023-07-05 22:01:00,952 -  [BaseBLDC] right target amplitude is -0.104990958530573
2023-07-05 22:01:00,952 -  [BaseBLDC] left target amplitude is 0.104990958530573
2023-07-05 22:01:01,061 -  [BaseBLDC] right stroke amp is 0.21970249578598022
2023-07-05 22:01:01,062 -  [BaseBLDC] left stroke amp is -0.21970253121816286
2023-07-05 22:01:01,064 -  [BaseBLDC] right target amplitude is -0.144185311334791
2023-07-05 22:01:01,064 -  [BaseBLDC] left target amplitude is 0.144185311334791
2023-07-05 22:01:01,172 -  [BaseBLDC] right stroke amp is 0.18331373317321328
2023-07-05 22:01:01,172 -  [BaseBLDC] left stroke amp is -0.1833137469628675
2023-07-05 22:01:01,175 -  [BaseBLDC] right target amplitude is -0.183174781973219
2023-07-05 22:01:01,175 -  [BaseBLDC] left target amplitude is 0.183174781973219
2023-07-05 22:01:01,282 -  [BaseBLDC] right stroke amp is 0.14666489902521668
2023-07-05 22:01:01,283 -  [BaseBLDC] left stroke amp is -0.14666489406925887
2023-07-05 22:01:01,285 -  [BaseBLDC] right target amplitude is -0.221903967803803
2023-07-05 22:01:01,286 -  [BaseBLDC] left target amplitude is 0.221903967803803
2023-07-05 22:01:01,394 -  [BaseBLDC] right stroke amp is 0.10980802893341615
2023-07-05 22:01:01,394 -  [BaseBLDC] left stroke amp is -0.10980800788195272
2023-07-05 22:01:01,397 -  [BaseBLDC] right target amplitude is -0.260317836039854
2023-07-05 22:01:01,397 -  [BaseBLDC] left target amplitude is 0.260317836039854
2023-07-05 22:01:01,506 -  [BaseBLDC] right stroke amp is 0.07279545820938124
2023-07-05 22:01:01,506 -  [BaseBLDC] left stroke amp is -0.07279542348977203
2023-07-05 22:01:01,509 -  [BaseBLDC] right target amplitude is -0.298361801949668
2023-07-05 22:01:01,510 -  [BaseBLDC] left target amplitude is 0.298361801949668
2023-07-05 22:01:01,616 -  [BaseBLDC] right stroke amp is 0.035679754861796996
2023-07-05 22:01:01,616 -  [BaseBLDC] left stroke amp is -0.03567970094582804
2023-07-05 22:01:01,619 -  [BaseBLDC] right target amplitude is -0.335981806419460
2023-07-05 22:01:01,619 -  [BaseBLDC] left target amplitude is 0.335981806419460
2023-07-05 22:01:01,727 -  [BaseBLDC] right stroke amp is -0.0014863799619442009
2023-07-05 22:01:01,727 -  [BaseBLDC] left stroke amp is 0.0014864497907007973
2023-07-05 22:01:01,730 -  [BaseBLDC] right target amplitude is -0.373124392769437
2023-07-05 22:01:01,730 -  [BaseBLDC] left target amplitude is 0.373124392769437
2023-07-05 22:01:01,839 -  [BaseBLDC] right stroke amp is -0.03865016136496501
2023-07-05 22:01:01,839 -  [BaseBLDC] left stroke amp is 0.03865024408857441
2023-07-05 22:01:01,842 -  [BaseBLDC] right target amplitude is -0.409736782713815
2023-07-05 22:01:01,842 -  [BaseBLDC] left target amplitude is 0.409736782713815
2023-07-05 22:01:01,950 -  [BaseBLDC] right stroke amp is -0.07575880510544587
2023-07-05 22:01:01,950 -  [BaseBLDC] left stroke amp is 0.0757588979510985
2023-07-05 22:01:01,953 -  [BaseBLDC] right target amplitude is -0.445766951356874
2023-07-05 22:01:01,953 -  [BaseBLDC] left target amplitude is 0.445766951356874
2023-07-05 22:01:02,062 -  [BaseBLDC] right stroke amp is -0.1127596028735042
2023-07-05 22:01:02,063 -  [BaseBLDC] left stroke amp is 0.112759703291676
2023-07-05 22:01:02,065 -  [BaseBLDC] right target amplitude is -0.481163701118467
2023-07-05 22:01:02,066 -  [BaseBLDC] left target amplitude is 0.481163701118467
2023-07-05 22:01:02,174 -  [BaseBLDC] right stroke amp is -0.1495999974293047
2023-07-05 22:01:02,174 -  [BaseBLDC] left stroke amp is 0.14960010307435515
2023-07-05 22:01:02,177 -  [BaseBLDC] right target amplitude is -0.515876734483956
2023-07-05 22:01:02,177 -  [BaseBLDC] left target amplitude is 0.515876734483956
2023-07-05 22:01:02,285 -  [BaseBLDC] right stroke amp is -0.18622765041635467
2023-07-05 22:01:02,285 -  [BaseBLDC] left stroke amp is 0.18622776621531517
2023-07-05 22:01:02,288 -  [BaseBLDC] right target amplitude is -0.549856725475164
2023-07-05 22:01:02,288 -  [BaseBLDC] left target amplitude is 0.549856725475164
2023-07-05 22:01:02,396 -  [BaseBLDC] right stroke amp is -0.2225905397546507
2023-07-05 22:01:02,396 -  [BaseBLDC] left stroke amp is 0.22259066214130008
2023-07-05 22:01:02,399 -  [BaseBLDC] right target amplitude is -0.583055389740840
2023-07-05 22:01:02,399 -  [BaseBLDC] left target amplitude is 0.583055389740840
2023-07-05 22:01:02,507 -  [BaseBLDC] right stroke amp is -0.2586370092044879
2023-07-05 22:01:02,507 -  [BaseBLDC] left stroke amp is 0.25863713490125406
2023-07-05 22:01:02,510 -  [BaseBLDC] right target amplitude is -0.615425553166983
2023-07-05 22:01:02,510 -  [BaseBLDC] left target amplitude is 0.615425553166983
2023-07-05 22:01:02,618 -  [BaseBLDC] right stroke amp is -0.2943158440381435
2023-07-05 22:01:02,619 -  [BaseBLDC] left stroke amp is 0.29431597672782694
2023-07-05 22:01:02,621 -  [BaseBLDC] right target amplitude is -0.646921218909578
2023-07-05 22:01:02,622 -  [BaseBLDC] left target amplitude is 0.646921218909578
2023-07-05 22:01:02,728 -  [BaseBLDC] right stroke amp is -0.329576366101619
2023-07-05 22:01:02,728 -  [BaseBLDC] left stroke amp is 0.32957650094600205
2023-07-05 22:01:02,731 -  [BaseBLDC] right target amplitude is -0.677497632754464
2023-07-05 22:01:02,731 -  [BaseBLDC] left target amplitude is 0.677497632754464
2023-07-05 22:01:02,839 -  [BaseBLDC] right stroke amp is -0.36436847573584047
2023-07-05 22:01:02,839 -  [BaseBLDC] left stroke amp is 0.3643686141268482
2023-07-05 22:01:02,842 -  [BaseBLDC] right target amplitude is -0.707111346711471
2023-07-05 22:01:02,843 -  [BaseBLDC] left target amplitude is 0.707111346711471
2023-07-05 22:01:02,949 -  [BaseBLDC] right stroke amp is -0.39864274681371714
2023-07-05 22:01:02,949 -  [BaseBLDC] left stroke amp is 0.3986428873853105
2023-07-05 22:01:02,952 -  [BaseBLDC] right target amplitude is -0.735720280752471
2023-07-05 22:01:02,952 -  [BaseBLDC] left target amplitude is 0.735720280752471
2023-07-05 22:01:03,059 -  [BaseBLDC] right stroke amp is -0.43235047901836626
2023-07-05 22:01:03,060 -  [BaseBLDC] left stroke amp is 0.4323506267220265
2023-07-05 22:01:03,062 -  [BaseBLDC] right target amplitude is -0.763283782605585
2023-07-05 22:01:03,063 -  [BaseBLDC] left target amplitude is 0.763283782605585
2023-07-05 22:01:03,168 -  [BaseBLDC] right stroke amp is -0.46544383078261664
2023-07-05 22:01:03,168 -  [BaseBLDC] left stroke amp is 0.4654439423103824
2023-07-05 22:01:03,171 -  [BaseBLDC] right target amplitude is -0.789762685520621
2023-07-05 22:01:03,171 -  [BaseBLDC] left target amplitude is 0.789762685520621
2023-07-05 22:01:03,279 -  [BaseBLDC] right stroke amp is -0.49787573789686274
2023-07-05 22:01:03,279 -  [BaseBLDC] left stroke amp is 0.49787581663140623
2023-07-05 22:01:03,282 -  [BaseBLDC] right target amplitude is -0.815119363923624
2023-07-05 22:01:03,282 -  [BaseBLDC] left target amplitude is 0.815119363923624
2023-07-05 22:01:03,391 -  [BaseBLDC] right stroke amp is -0.5296001165633704
2023-07-05 22:01:03,391 -  [BaseBLDC] left stroke amp is 0.529600171360628
2023-07-05 22:01:03,394 -  [BaseBLDC] right target amplitude is -0.839317786881477
2023-07-05 22:01:03,394 -  [BaseBLDC] left target amplitude is 0.839317786881477
