2023-07-05 21:19:37,270 -  [BaseWing] the length is 0.10559576566307186
2023-07-05 21:19:37,270 -  [BaseWing] the chord of root is 0.013679980005579979
2023-07-05 21:19:37,271 -  [BaseWing] the chord of tip is 0.009028786803682786
2023-07-05 21:19:37,271 -  [BaseWing] the length is 0.10559576566307186
2023-07-05 21:19:37,271 -  [BaseWing] the chord of root is 0.013679980005579979
2023-07-05 21:19:37,271 -  [BaseWing] the chord of tip is 0.009028786803682786
2023-07-05 21:19:37,410 -  [BaseBLDC] right target amplitude is 0
2023-07-05 21:19:37,411 -  [BaseBLDC] left target amplitude is 0
2023-07-05 21:19:37,518 -  [BaseBLDC] right stroke amp is -3.3038868168966635e-08
2023-07-05 21:19:37,518 -  [BaseBLDC] left stroke amp is -3.918072513695483e-08
2023-07-05 21:19:37,521 -  [BaseBLDC] right target amplitude is 0
2023-07-05 21:19:37,521 -  [BaseBLDC] left target amplitude is 0
2023-07-05 21:19:37,629 -  [BaseBLDC] right stroke amp is -3.925415977813537e-08
2023-07-05 21:19:37,629 -  [BaseBLDC] left stroke amp is -4.5490734291740357e-08
2023-07-05 21:19:37,632 -  [BaseBLDC] right target amplitude is 0
2023-07-05 21:19:37,632 -  [BaseBLDC] left target amplitude is 0
2023-07-05 21:19:37,739 -  [BaseBLDC] right stroke amp is -3.6173961755448914e-08
2023-07-05 21:19:37,739 -  [BaseBLDC] left stroke amp is -4.159633103420946e-08
2023-07-05 21:19:37,742 -  [BaseBLDC] right target amplitude is 0
2023-07-05 21:19:37,742 -  [BaseBLDC] left target amplitude is 0
2023-07-05 21:19:37,851 -  [BaseBLDC] right stroke amp is -3.0702472251662036e-08
2023-07-05 21:19:37,851 -  [BaseBLDC] left stroke amp is -3.5197151514846775e-08
2023-07-05 21:19:37,854 -  [BaseBLDC] right target amplitude is 0
2023-07-05 21:19:37,854 -  [BaseBLDC] left target amplitude is 0
2023-07-05 21:19:37,962 -  [BaseBLDC] right stroke amp is -2.5213117188775635e-08
2023-07-05 21:19:37,962 -  [BaseBLDC] left stroke amp is -2.8866437064030177e-08
2023-07-05 21:19:37,965 -  [BaseBLDC] right target amplitude is 0
2023-07-05 21:19:37,965 -  [BaseBLDC] left target amplitude is 0
2023-07-05 21:19:38,073 -  [BaseBLDC] right stroke amp is -2.0410910020975118e-08
2023-07-05 21:19:38,073 -  [BaseBLDC] left stroke amp is -2.3354696657880864e-08
2023-07-05 21:19:38,076 -  [BaseBLDC] right target amplitude is 0
2023-07-05 21:19:38,076 -  [BaseBLDC] left target amplitude is 0
2023-07-05 21:19:38,184 -  [BaseBLDC] right stroke amp is -1.641749267057704e-08
2023-07-05 21:19:38,184 -  [BaseBLDC] left stroke amp is -1.8780233298432016e-08
2023-07-05 21:19:38,187 -  [BaseBLDC] right target amplitude is 0
2023-07-05 21:19:38,187 -  [BaseBLDC] left target amplitude is 0
2023-07-05 21:19:38,294 -  [BaseBLDC] right stroke amp is -1.3166764541657167e-08
2023-07-05 21:19:38,294 -  [BaseBLDC] left stroke amp is -1.5059737680452436e-08
2023-07-05 21:19:38,297 -  [BaseBLDC] right target amplitude is 0
2023-07-05 21:19:38,297 -  [BaseBLDC] left target amplitude is 0
2023-07-05 21:19:38,405 -  [BaseBLDC] right stroke amp is -1.0545506159262612e-08
2023-07-05 21:19:38,405 -  [BaseBLDC] left stroke amp is -1.2060864011736711e-08
2023-07-05 21:19:38,408 -  [BaseBLDC] right target amplitude is 0
2023-07-05 21:19:38,408 -  [BaseBLDC] left target amplitude is 0
2023-07-05 21:19:38,517 -  [BaseBLDC] right stroke amp is -8.440863797405158e-09
2023-07-05 21:19:38,517 -  [BaseBLDC] left stroke amp is -9.653480025498585e-09
2023-07-05 21:19:38,520 -  [BaseBLDC] right target amplitude is 0
2023-07-05 21:19:38,520 -  [BaseBLDC] left target amplitude is 0
2023-07-05 21:19:38,627 -  [BaseBLDC] right stroke amp is -6.754329065691012e-09
2023-07-05 21:19:38,627 -  [BaseBLDC] left stroke amp is -7.724525106383752e-09
2023-07-05 21:19:38,630 -  [BaseBLDC] right target amplitude is 0
2023-07-05 21:19:38,630 -  [BaseBLDC] left target amplitude is 0
2023-07-05 21:19:38,738 -  [BaseBLDC] right stroke amp is -7.195439776085347e-09
2023-07-05 21:19:38,738 -  [BaseBLDC] left stroke amp is -7.724525106383752e-09
2023-07-05 21:19:38,741 -  [BaseBLDC] right target amplitude is 0
2023-07-05 21:19:38,741 -  [BaseBLDC] left target amplitude is 0
2023-07-05 21:19:38,849 -  [BaseBLDC] right stroke amp is -7.932142918711463e-09
2023-07-05 21:19:38,849 -  [BaseBLDC] left stroke amp is -7.724525106383752e-09
2023-07-05 21:19:38,852 -  [BaseBLDC] right target amplitude is 0
2023-07-05 21:19:38,852 -  [BaseBLDC] left target amplitude is 0
2023-07-05 21:19:38,961 -  [BaseBLDC] right stroke amp is -8.746068481395292e-09
2023-07-05 21:19:38,961 -  [BaseBLDC] left stroke amp is -7.724525106383752e-09
2023-07-05 21:19:38,964 -  [BaseBLDC] right target amplitude is 0
2023-07-05 21:19:38,964 -  [BaseBLDC] left target amplitude is 0
2023-07-05 21:19:39,071 -  [BaseBLDC] right stroke amp is -9.54478089559176e-09
2023-07-05 21:19:39,071 -  [BaseBLDC] left stroke amp is -7.724525106383752e-09
2023-07-05 21:19:39,074 -  [BaseBLDC] right target amplitude is 0
2023-07-05 21:19:39,074 -  [BaseBLDC] left target amplitude is 0
2023-07-05 21:19:39,183 -  [BaseBLDC] right stroke amp is -7.224745911396478e-09
2023-07-05 21:19:39,183 -  [BaseBLDC] left stroke amp is -5.084498084249956e-09
2023-07-05 21:19:39,186 -  [BaseBLDC] right target amplitude is 0
2023-07-05 21:19:39,186 -  [BaseBLDC] left target amplitude is 0
2023-07-05 21:19:39,293 -  [BaseBLDC] right stroke amp is -5.3598980093872164e-09
2023-07-05 21:19:39,293 -  [BaseBLDC] left stroke amp is -3.7084024953994697e-09
2023-07-05 21:19:39,296 -  [BaseBLDC] right target amplitude is 0
2023-07-05 21:19:39,296 -  [BaseBLDC] left target amplitude is 0
2023-07-05 21:19:39,403 -  [BaseBLDC] right stroke amp is -5.446334031516357e-09
2023-07-05 21:19:39,403 -  [BaseBLDC] left stroke amp is -3.7084024953994697e-09
2023-07-05 21:19:39,405 -  [BaseBLDC] right target amplitude is 0
2023-07-05 21:19:39,406 -  [BaseBLDC] left target amplitude is 0
2023-07-05 21:19:39,512 -  [BaseBLDC] right stroke amp is -5.679879155515427e-09
2023-07-05 21:19:39,512 -  [BaseBLDC] left stroke amp is -3.7084024953994697e-09
2023-07-05 21:19:39,515 -  [BaseBLDC] right target amplitude is 0
2023-07-05 21:19:39,515 -  [BaseBLDC] left target amplitude is 0
2023-07-05 21:19:39,623 -  [BaseBLDC] right stroke amp is -5.9036171751536375e-09
2023-07-05 21:19:39,623 -  [BaseBLDC] left stroke amp is -3.7084024953994697e-09
2023-07-05 21:19:39,626 -  [BaseBLDC] right target amplitude is 0
2023-07-05 21:19:39,626 -  [BaseBLDC] left target amplitude is 0
2023-07-05 21:19:39,734 -  [BaseBLDC] right stroke amp is -6.092094109662325e-09
2023-07-05 21:19:39,734 -  [BaseBLDC] left stroke amp is -3.7084024953994697e-09
2023-07-05 21:19:39,736 -  [BaseBLDC] right target amplitude is 0
2023-07-05 21:19:39,737 -  [BaseBLDC] left target amplitude is 0
2023-07-05 21:19:39,846 -  [BaseBLDC] right stroke amp is -6.242145031880683e-09
2023-07-05 21:19:39,847 -  [BaseBLDC] left stroke amp is -3.7084024953994697e-09
2023-07-05 21:19:39,849 -  [BaseBLDC] right target amplitude is 0
2023-07-05 21:19:39,849 -  [BaseBLDC] left target amplitude is 0
2023-07-05 21:19:39,956 -  [BaseBLDC] right stroke amp is -6.355976238581448e-09
2023-07-05 21:19:39,956 -  [BaseBLDC] left stroke amp is -3.7084024953994697e-09
2023-07-05 21:19:39,959 -  [BaseBLDC] right target amplitude is 0
2023-07-05 21:19:39,959 -  [BaseBLDC] left target amplitude is 0
