2023-07-05 21:28:47,400 -  [BaseWing] the length is 0.10559576566307186
2023-07-05 21:28:47,400 -  [BaseWing] the chord of root is 0.013679980005579979
2023-07-05 21:28:47,401 -  [BaseWing] the chord of tip is 0.009028786803682786
2023-07-05 21:28:47,401 -  [BaseWing] the length is 0.10559576566307186
2023-07-05 21:28:47,401 -  [BaseWing] the chord of root is 0.013679980005579979
2023-07-05 21:28:47,402 -  [BaseWing] the chord of tip is 0.009028786803682786
2023-07-05 21:28:47,565 -  [BaseBLDC] right target amplitude is 1.04719755119660
2023-07-05 21:28:47,568 -  [BaseBLDC] left target amplitude is 1.04719755119660
2023-07-05 21:28:47,672 -  [BaseBLDC] right stroke amp is -3.3038868168966635e-08
2023-07-05 21:28:47,673 -  [BaseBLDC] left stroke amp is -3.918072513695483e-08
2023-07-05 21:28:47,676 -  [BaseBLDC] right target amplitude is 1.04645353607079
2023-07-05 21:28:47,676 -  [BaseBLDC] left target amplitude is 1.04645353607079
2023-07-05 21:28:47,783 -  [BaseBLDC] right stroke amp is -0.0014878293100943538
2023-07-05 21:28:47,783 -  [BaseBLDC] left stroke amp is -0.0014878209878254403
2023-07-05 21:28:47,786 -  [BaseBLDC] right target amplitude is 1.04422254791229
2023-07-05 21:28:47,786 -  [BaseBLDC] left target amplitude is 1.04422254791229
2023-07-05 21:28:47,895 -  [BaseBLDC] right stroke amp is -0.004461365376689307
2023-07-05 21:28:47,895 -  [BaseBLDC] left stroke amp is -0.004461342580067501
2023-07-05 21:28:47,898 -  [BaseBLDC] right target amplitude is 1.04050775687551
2023-07-05 21:28:47,898 -  [BaseBLDC] left target amplitude is 1.04050775687551
2023-07-05 21:28:48,005 -  [BaseBLDC] right stroke amp is -0.00891641570203882
2023-07-05 21:28:48,005 -  [BaseBLDC] left stroke amp is -0.008916378378952965
2023-07-05 21:28:48,008 -  [BaseBLDC] right target amplitude is 1.03531444154575
2023-07-05 21:28:48,008 -  [BaseBLDC] left target amplitude is 1.03531444154575
2023-07-05 21:28:48,117 -  [BaseBLDC] right stroke amp is -0.01484664953423626
2023-07-05 21:28:48,118 -  [BaseBLDC] left stroke amp is -0.014846597581191476
2023-07-05 21:28:48,121 -  [BaseBLDC] right target amplitude is 1.02864998143846
2023-07-05 21:28:48,121 -  [BaseBLDC] left target amplitude is 1.02864998143846
2023-07-05 21:28:48,228 -  [BaseBLDC] right stroke amp is -0.022243639891405834
2023-07-05 21:28:48,229 -  [BaseBLDC] left stroke amp is -0.022243573141462455
2023-07-05 21:28:48,231 -  [BaseBLDC] right target amplitude is 1.02052384651324
2023-07-05 21:28:48,231 -  [BaseBLDC] left target amplitude is 1.02052384651324
2023-07-05 21:28:48,339 -  [BaseBLDC] right stroke amp is -0.031096875504376478
2023-07-05 21:28:48,339 -  [BaseBLDC] left stroke amp is -0.031096793707350683
2023-07-05 21:28:48,342 -  [BaseBLDC] right target amplitude is 1.01094758371736
2023-07-05 21:28:48,342 -  [BaseBLDC] left target amplitude is 1.01094758371736
2023-07-05 21:28:48,451 -  [BaseBLDC] right stroke amp is -0.041393775670657385
2023-07-05 21:28:48,452 -  [BaseBLDC] left stroke amp is -0.04139367845297054
2023-07-05 21:28:48,454 -  [BaseBLDC] right target amplitude is 0.999934800577948
2023-07-05 21:28:48,454 -  [BaseBLDC] left target amplitude is 0.999934800577948
2023-07-05 21:28:48,562 -  [BaseBLDC] right stroke amp is -0.05311973019443037
2023-07-05 21:28:48,562 -  [BaseBLDC] left stroke amp is -0.053119622551942206
2023-07-05 21:28:48,565 -  [BaseBLDC] right target amplitude is 0.987501145866170
2023-07-05 21:28:48,565 -  [BaseBLDC] left target amplitude is 0.987501145866170
2023-07-05 21:28:48,674 -  [BaseBLDC] right stroke amp is -0.06625811971243505
2023-07-05 21:28:48,674 -  [BaseBLDC] left stroke amp is -0.06625799083314673
2023-07-05 21:28:48,677 -  [BaseBLDC] right target amplitude is 0.973664287360898
2023-07-05 21:28:48,677 -  [BaseBLDC] left target amplitude is 0.973664287360898
2023-07-05 21:28:48,784 -  [BaseBLDC] right stroke amp is -0.08079020829070768
2023-07-05 21:28:48,784 -  [BaseBLDC] left stroke amp is -0.0807900621498689
2023-07-05 21:28:48,787 -  [BaseBLDC] right target amplitude is 0.958443886743414
2023-07-05 21:28:48,787 -  [BaseBLDC] left target amplitude is 0.958443886743414
2023-07-05 21:28:48,896 -  [BaseBLDC] right stroke amp is -0.09669535086579381
2023-07-05 21:28:48,896 -  [BaseBLDC] left stroke amp is -0.09669518694828574
2023-07-05 21:28:48,899 -  [BaseBLDC] right target amplitude is 0.941861571658857
2023-07-05 21:28:48,899 -  [BaseBLDC] left target amplitude is 0.941861571658857
2023-07-05 21:28:49,007 -  [BaseBLDC] right stroke amp is -0.1139509468301234
2023-07-05 21:28:49,008 -  [BaseBLDC] left stroke amp is -0.11395076461468735
2023-07-05 21:28:49,010 -  [BaseBLDC] right target amplitude is 0.923940904984112
2023-07-05 21:28:49,010 -  [BaseBLDC] left target amplitude is 0.923940904984112
2023-07-05 21:28:49,119 -  [BaseBLDC] right stroke amp is -0.13253247621400469
2023-07-05 21:28:49,119 -  [BaseBLDC] left stroke amp is -0.132532275590147
2023-07-05 21:28:49,122 -  [BaseBLDC] right target amplitude is 0.904707351345790
2023-07-05 21:28:49,122 -  [BaseBLDC] left target amplitude is 0.904707351345790
2023-07-05 21:28:49,231 -  [BaseBLDC] right stroke amp is -0.15241353443675248
2023-07-05 21:28:49,231 -  [BaseBLDC] left stroke amp is -0.15241331621194393
2023-07-05 21:28:49,234 -  [BaseBLDC] right target amplitude is 0.884188240935905
2023-07-05 21:28:49,234 -  [BaseBLDC] left target amplitude is 0.884188240935905
2023-07-05 21:28:49,341 -  [BaseBLDC] right stroke amp is -0.17356587236779275
2023-07-05 21:28:49,341 -  [BaseBLDC] left stroke amp is -0.17356563623223037
2023-07-05 21:28:49,344 -  [BaseBLDC] right target amplitude is 0.862412730676639
2023-07-05 21:28:49,344 -  [BaseBLDC] left target amplitude is 0.862412730676639
2023-07-05 21:28:49,453 -  [BaseBLDC] right stroke amp is -0.1959594330178287
2023-07-05 21:28:49,453 -  [BaseBLDC] left stroke amp is -0.19595917896062995
2023-07-05 21:28:49,456 -  [BaseBLDC] right target amplitude is 0.839411762789393
2023-07-05 21:28:49,456 -  [BaseBLDC] left target amplitude is 0.839411762789393
2023-07-05 21:28:49,564 -  [BaseBLDC] right stroke amp is -0.21956239595559415
2023-07-05 21:28:49,564 -  [BaseBLDC] left stroke amp is -0.21956212397372626
2023-07-05 21:28:49,567 -  [BaseBLDC] right target amplitude is 0.815218020826987
2023-07-05 21:28:49,567 -  [BaseBLDC] left target amplitude is 0.815218020826987
2023-07-05 21:28:49,676 -  [BaseBLDC] right stroke amp is -0.24434122223084134
2023-07-05 21:28:49,676 -  [BaseBLDC] left stroke amp is -0.24434093233075285
2023-07-05 21:28:49,679 -  [BaseBLDC] right target amplitude is 0.789865883231501
2023-07-05 21:28:49,679 -  [BaseBLDC] left target amplitude is 0.789865883231501
2023-07-05 21:28:49,787 -  [BaseBLDC] right stroke amp is -0.27026070203184677
2023-07-05 21:28:49,788 -  [BaseBLDC] left stroke amp is -0.27026039423123455
2023-07-05 21:28:49,790 -  [BaseBLDC] right target amplitude is 0.763391374483726
2023-07-05 21:28:49,791 -  [BaseBLDC] left target amplitude is 0.763391374483726
2023-07-05 21:28:49,899 -  [BaseBLDC] right stroke amp is -0.2972840047174069
2023-07-05 21:28:49,899 -  [BaseBLDC] left stroke amp is -0.29728367904686026
2023-07-05 21:28:49,902 -  [BaseBLDC] right target amplitude is 0.735832113913662
2023-07-05 21:28:49,902 -  [BaseBLDC] left target amplitude is 0.735832113913662
2023-07-05 21:28:50,010 -  [BaseBLDC] right stroke amp is -0.3253727311516631
2023-07-05 21:28:50,010 -  [BaseBLDC] left stroke amp is -0.3253723876564941
2023-07-05 21:28:50,013 -  [BaseBLDC] right target amplitude is 0.707227262244792
2023-07-05 21:28:50,013 -  [BaseBLDC] left target amplitude is 0.707227262244792
2023-07-05 21:28:50,122 -  [BaseBLDC] right stroke amp is -0.3544869682681653
2023-07-05 21:28:50,122 -  [BaseBLDC] left stroke amp is -0.3544866070099577
2023-07-05 21:28:50,125 -  [BaseBLDC] right target amplitude is 0.677617465948086
2023-07-05 21:28:50,125 -  [BaseBLDC] left target amplitude is 0.677617465948086
2023-07-05 21:28:50,233 -  [BaseBLDC] right stroke amp is -0.3845853457844995
2023-07-05 21:28:50,233 -  [BaseBLDC] left stroke amp is -0.3845849668430513
2023-07-05 21:28:50,236 -  [BaseBLDC] right target amplitude is 0.647044799484823
2023-07-05 21:28:50,236 -  [BaseBLDC] left target amplitude is 0.647044799484823
2023-07-05 21:28:50,344 -  [BaseBLDC] right stroke amp is -0.4156250949884029
2023-07-05 21:28:50,344 -  [BaseBLDC] left stroke amp is -0.4156246984632231
2023-07-05 21:28:50,347 -  [BaseBLDC] right target amplitude is 0.615552705520273
2023-07-05 21:28:50,347 -  [BaseBLDC] left target amplitude is 0.615552705520273
2023-07-05 21:28:50,455 -  [BaseBLDC] right stroke amp is -0.44756210951011094
2023-07-05 21:28:50,455 -  [BaseBLDC] left stroke amp is -0.44756169552235453
2023-07-05 21:28:50,458 -  [BaseBLDC] right target amplitude is 0.583185933193230
2023-07-05 21:28:50,458 -  [BaseBLDC] left target amplitude is 0.583185933193230
2023-07-05 21:28:50,566 -  [BaseBLDC] right stroke amp is -0.4803510079962915
2023-07-05 21:28:50,566 -  [BaseBLDC] left stroke amp is -0.48035057669030573
2023-07-05 21:28:50,569 -  [BaseBLDC] right target amplitude is 0.549990474529080
2023-07-05 21:28:50,569 -  [BaseBLDC] left target amplitude is 0.549990474529080
2023-07-05 21:28:50,678 -  [BaseBLDC] right stroke amp is -0.5139451985952435
2023-07-05 21:28:50,678 -  [BaseBLDC] left stroke amp is -0.5139447501401637
2023-07-05 21:28:50,681 -  [BaseBLDC] right target amplitude is 0.516013499086778
2023-07-05 21:28:50,681 -  [BaseBLDC] left target amplitude is 0.516013499086778
2023-07-05 21:28:50,789 -  [BaseBLDC] right stroke amp is -0.548296945162432
2023-07-05 21:28:50,789 -  [BaseBLDC] left stroke amp is -0.5482964797535629
2023-07-05 21:28:50,792 -  [BaseBLDC] right target amplitude is 0.481303286932590
2023-07-05 21:28:50,792 -  [BaseBLDC] left target amplitude is 0.481303286932590
2023-07-05 21:28:50,901 -  [BaseBLDC] right stroke amp is -0.5833574350914305
2023-07-05 21:28:50,902 -  [BaseBLDC] left stroke amp is -0.5833569529520012
2023-07-05 21:28:50,904 -  [BaseBLDC] right target amplitude is 0.445909160035849
2023-07-05 21:28:50,904 -  [BaseBLDC] left target amplitude is 0.445909160035849
2023-07-05 21:28:51,012 -  [BaseBLDC] right stroke amp is -0.6190768486754014
2023-07-05 21:28:51,012 -  [BaseBLDC] left stroke amp is -0.6190763500577676
2023-07-05 21:28:51,015 -  [BaseBLDC] right target amplitude is 0.409881412184201
2023-07-05 21:28:51,015 -  [BaseBLDC] left target amplitude is 0.409881412184201
2023-07-05 21:28:51,124 -  [BaseBLDC] right stroke amp is -0.6554044298990388
2023-07-05 21:28:51,124 -  [BaseBLDC] left stroke amp is -0.6554039150859204
2023-07-05 21:28:51,127 -  [BaseBLDC] right target amplitude is 0.373271237517931
2023-07-05 21:28:51,127 -  [BaseBLDC] left target amplitude is 0.373271237517931
2023-07-05 21:28:51,236 -  [BaseBLDC] right stroke amp is -0.6922885585611294
2023-07-05 21:28:51,236 -  [BaseBLDC] left stroke amp is -0.6922880278667235
2023-07-05 21:28:51,239 -  [BaseBLDC] right target amplitude is 0.336130657784932
2023-07-05 21:28:51,239 -  [BaseBLDC] left target amplitude is 0.336130657784932
2023-07-05 21:28:51,347 -  [BaseBLDC] right stroke amp is -0.7296768236251068
2023-07-05 21:28:51,347 -  [BaseBLDC] left stroke amp is -0.7296762773960579
2023-07-05 21:28:51,350 -  [BaseBLDC] right target amplitude is 0.298512448419653
2023-07-05 21:28:51,350 -  [BaseBLDC] left target amplitude is 0.298512448419653
2023-07-05 21:28:51,459 -  [BaseBLDC] right stroke amp is -0.7675160976933701
2023-07-05 21:28:51,459 -  [BaseBLDC] left stroke amp is -0.76751553630958
2023-07-05 21:28:51,462 -  [BaseBLDC] right target amplitude is 0.260470063551113
2023-07-05 21:28:51,462 -  [BaseBLDC] left target amplitude is 0.260470063551113
2023-07-05 21:28:51,571 -  [BaseBLDC] right stroke amp is -0.8057526201590202
2023-07-05 21:28:51,571 -  [BaseBLDC] left stroke amp is -0.8057520363748009
2023-07-05 21:28:51,573 -  [BaseBLDC] right target amplitude is 0.222057560046490
2023-07-05 21:28:51,574 -  [BaseBLDC] left target amplitude is 0.222057560046490
2023-07-05 21:28:51,682 -  [BaseBLDC] right stroke amp is -0.844332050397899
2023-07-05 21:28:51,682 -  [BaseBLDC] left stroke amp is -0.8443314448938161
2023-07-05 21:28:51,685 -  [BaseBLDC] right target amplitude is 0.183329520698255
2023-07-05 21:28:51,685 -  [BaseBLDC] left target amplitude is 0.183329520698255
2023-07-05 21:28:51,793 -  [BaseBLDC] right stroke amp is -0.8831995683982078
2023-07-05 21:28:51,794 -  [BaseBLDC] left stroke amp is -0.88319894190812
2023-07-05 21:28:51,796 -  [BaseBLDC] right target amplitude is 0.144340976663988
2023-07-05 21:28:51,797 -  [BaseBLDC] left target amplitude is 0.144340976663988
2023-07-05 21:28:51,904 -  [BaseBLDC] right stroke amp is -0.9222999447852659
2023-07-05 21:28:51,904 -  [BaseBLDC] left stroke amp is -0.9222992980957991
2023-07-05 21:28:51,907 -  [BaseBLDC] right target amplitude is 0.105147329269070
2023-07-05 21:28:51,907 -  [BaseBLDC] left target amplitude is 0.105147329269070
2023-07-05 21:28:52,016 -  [BaseBLDC] right stroke amp is -0.9615776193000437
2023-07-05 21:28:52,017 -  [BaseBLDC] left stroke amp is -0.9615769532504164
2023-07-05 21:28:52,020 -  [BaseBLDC] right target amplitude is 0.0658042712833928
2023-07-05 21:28:52,020 -  [BaseBLDC] left target amplitude is 0.0658042712833928
2023-07-05 21:28:52,128 -  [BaseBLDC] right stroke amp is -1.0009767797485187
2023-07-05 21:28:52,128 -  [BaseBLDC] left stroke amp is -1.0009760952300693
2023-07-05 21:28:52,131 -  [BaseBLDC] right target amplitude is 0.0263677077839345
2023-07-05 21:28:52,131 -  [BaseBLDC] left target amplitude is 0.0263677077839345
2023-07-05 21:28:52,239 -  [BaseBLDC] right stroke amp is -1.0404414413090515
2023-07-05 21:28:52,239 -  [BaseBLDC] left stroke amp is -1.0404407392644395
2023-07-05 21:28:52,242 -  [BaseBLDC] right target amplitude is -0.0131063232843514
2023-07-05 21:28:52,242 -  [BaseBLDC] left target amplitude is -0.0131063232843514
2023-07-05 21:28:52,350 -  [BaseBLDC] right stroke amp is -1.0799155260850475
2023-07-05 21:28:52,350 -  [BaseBLDC] left stroke amp is -1.0799148075071416
2023-07-05 21:28:52,353 -  [BaseBLDC] right target amplitude is -0.0525617307364418
2023-07-05 21:28:52,353 -  [BaseBLDC] left target amplitude is -0.0525617307364418
