2023-07-05 21:56:54,975 -  [BaseWing] the length is 0.10559576566307186
2023-07-05 21:56:54,975 -  [BaseWing] the chord of root is 0.013679980005579979
2023-07-05 21:56:54,976 -  [BaseWing] the chord of tip is 0.009028786803682786
2023-07-05 21:56:54,976 -  [BaseWing] the length is 0.10559576566307186
2023-07-05 21:56:54,976 -  [BaseWing] the chord of root is 0.013679980005579979
2023-07-05 21:56:54,976 -  [BaseWing] the chord of tip is 0.009028786803682786
2023-07-05 21:56:55,152 -  [BaseBLDC] right target amplitude is 0
2023-07-05 21:56:55,153 -  [BaseBLDC] left target amplitude is 0
2023-07-05 21:56:55,261 -  [BaseBLDC] right stroke amp is -3.3038868168966635e-08
2023-07-05 21:56:55,262 -  [BaseBLDC] left stroke amp is -3.918072513695483e-08
2023-07-05 21:56:55,265 -  [BaseBLDC] right target amplitude is 0.0394678105132561
2023-07-05 21:56:55,265 -  [BaseBLDC] left target amplitude is -0.0394678105132561
2023-07-05 21:56:55,373 -  [BaseBLDC] right stroke amp is 0.00394679480438067
2023-07-05 21:56:55,374 -  [BaseBLDC] left stroke amp is -0.003946761934294676
2023-07-05 21:56:55,376 -  [BaseBLDC] right target amplitude is 0.0788795386806738
2023-07-05 21:56:55,377 -  [BaseBLDC] left target amplitude is -0.0788795386806738
2023-07-05 21:56:55,484 -  [BaseBLDC] right stroke amp is 0.011440129269066367
2023-07-05 21:56:55,484 -  [BaseBLDC] left stroke amp is -0.011439964485150868
2023-07-05 21:56:55,487 -  [BaseBLDC] right target amplitude is 0.118179181847414
2023-07-05 21:56:55,487 -  [BaseBLDC] left target amplitude is -0.118179181847414
2023-07-05 21:56:55,595 -  [BaseBLDC] right stroke amp is 0.022114088550308733
2023-07-05 21:56:55,595 -  [BaseBLDC] left stroke amp is -0.022113818665220122
2023-07-05 21:56:55,599 -  [BaseBLDC] right target amplitude is 0.157310896627400
2023-07-05 21:56:55,599 -  [BaseBLDC] left target amplitude is -0.157310896627400
2023-07-05 21:56:55,707 -  [BaseBLDC] right stroke amp is 0.03563381809774192
2023-07-05 21:56:55,707 -  [BaseBLDC] left stroke amp is -0.03563346550643935
2023-07-05 21:56:55,710 -  [BaseBLDC] right target amplitude is 0.196219078254759
2023-07-05 21:56:55,710 -  [BaseBLDC] left target amplitude is -0.196219078254759
2023-07-05 21:56:55,818 -  [BaseBLDC] right stroke amp is 0.05169238837942078
2023-07-05 21:56:55,818 -  [BaseBLDC] left stroke amp is -0.05169197140967788
2023-07-05 21:56:55,821 -  [BaseBLDC] right target amplitude is 0.234848439596204
2023-07-05 21:56:55,821 -  [BaseBLDC] left target amplitude is -0.234848439596204
2023-07-05 21:56:55,930 -  [BaseBLDC] right stroke amp is 0.07000805570495897
2023-07-05 21:56:55,930 -  [BaseBLDC] left stroke amp is -0.07000754039148785
2023-07-05 21:56:55,933 -  [BaseBLDC] right target amplitude is 0.273144089712063
2023-07-05 21:56:55,933 -  [BaseBLDC] left target amplitude is -0.273144089712063
2023-07-05 21:56:56,041 -  [BaseBLDC] right stroke amp is 0.09032171652555082
2023-07-05 21:56:56,041 -  [BaseBLDC] left stroke amp is -0.09032112343807173
2023-07-05 21:56:56,044 -  [BaseBLDC] right target amplitude is 0.311051611854332
2023-07-05 21:56:56,044 -  [BaseBLDC] left target amplitude is -0.311051611854332
2023-07-05 21:56:56,153 -  [BaseBLDC] right stroke amp is 0.11239468993835477
2023-07-05 21:56:56,153 -  [BaseBLDC] left stroke amp is -0.1123941722796978
2023-07-05 21:56:56,156 -  [BaseBLDC] right target amplitude is 0.348517140790926
2023-07-05 21:56:56,156 -  [BaseBLDC] left target amplitude is -0.348517140790926
2023-07-05 21:56:56,263 -  [BaseBLDC] right stroke amp is 0.13600691674423823
2023-07-05 21:56:56,264 -  [BaseBLDC] left stroke amp is -0.13600646913082065
2023-07-05 21:56:56,266 -  [BaseBLDC] right target amplitude is 0.385487439346237
2023-07-05 21:56:56,266 -  [BaseBLDC] left target amplitude is -0.385487439346237
2023-07-05 21:56:56,375 -  [BaseBLDC] right stroke amp is 0.1609549531398949
2023-07-05 21:56:56,375 -  [BaseBLDC] left stroke amp is -0.1609545661523623
2023-07-05 21:56:56,378 -  [BaseBLDC] right target amplitude is 0.421909974049254
2023-07-05 21:56:56,378 -  [BaseBLDC] left target amplitude is -0.421909974049254
2023-07-05 21:56:56,486 -  [BaseBLDC] right stroke amp is 0.18705043452564793
2023-07-05 21:56:56,486 -  [BaseBLDC] left stroke amp is -0.18705010694205151
2023-07-05 21:56:56,489 -  [BaseBLDC] right target amplitude is 0.457732989781741
2023-07-05 21:56:56,489 -  [BaseBLDC] left target amplitude is -0.457732989781741
2023-07-05 21:56:56,596 -  [BaseBLDC] right stroke amp is 0.2141186724936996
2023-07-05 21:56:56,596 -  [BaseBLDC] left stroke amp is -0.21411839522602052
2023-07-05 21:56:56,599 -  [BaseBLDC] right target amplitude is 0.492905583320407
2023-07-05 21:56:56,599 -  [BaseBLDC] left target amplitude is -0.492905583320407
2023-07-05 21:56:56,708 -  [BaseBLDC] right stroke amp is 0.2419973413484563
2023-07-05 21:56:56,708 -  [BaseBLDC] left stroke amp is -0.24199711403545912
2023-07-05 21:56:56,711 -  [BaseBLDC] right target amplitude is 0.527377775668558
2023-07-05 21:56:56,711 -  [BaseBLDC] left target amplitude is -0.527377775668558
2023-07-05 21:56:56,820 -  [BaseBLDC] right stroke amp is 0.2705353666875904
2023-07-05 21:56:56,820 -  [BaseBLDC] left stroke amp is -0.270535180198769
2023-07-05 21:56:56,823 -  [BaseBLDC] right target amplitude is 0.561100583074469
2023-07-05 21:56:56,823 -  [BaseBLDC] left target amplitude is -0.561100583074469
2023-07-05 21:56:56,930 -  [BaseBLDC] right stroke amp is 0.2995918667036941
2023-07-05 21:56:56,930 -  [BaseBLDC] left stroke amp is -0.299591720486339
2023-07-05 21:56:56,933 -  [BaseBLDC] right target amplitude is 0.594026086635535
2023-07-05 21:56:56,933 -  [BaseBLDC] left target amplitude is -0.594026086635535
2023-07-05 21:56:57,041 -  [BaseBLDC] right stroke amp is 0.3290352725485784
2023-07-05 21:56:57,041 -  [BaseBLDC] left stroke amp is -0.32903515710125864
2023-07-05 21:56:57,044 -  [BaseBLDC] right target amplitude is 0.626107500389324
2023-07-05 21:56:57,044 -  [BaseBLDC] left target amplitude is -0.626107500389324
2023-07-05 21:56:57,152 -  [BaseBLDC] right stroke amp is 0.35874247859392
2023-07-05 21:56:57,152 -  [BaseBLDC] left stroke amp is -0.35874239143006514
2023-07-05 21:56:57,155 -  [BaseBLDC] right target amplitude is 0.657299237794749
2023-07-05 21:56:57,155 -  [BaseBLDC] left target amplitude is -0.657299237794749
2023-07-05 21:56:57,263 -  [BaseBLDC] right stroke amp is 0.388598132735289
2023-07-05 21:56:57,263 -  [BaseBLDC] left stroke amp is -0.38859807606653357
2023-07-05 21:56:57,266 -  [BaseBLDC] right target amplitude is 0.687556976508922
2023-07-05 21:56:57,266 -  [BaseBLDC] left target amplitude is -0.687556976508922
2023-07-05 21:56:57,374 -  [BaseBLDC] right stroke amp is 0.41849399621064604
2023-07-05 21:56:57,374 -  [BaseBLDC] left stroke amp is -0.41849396611077244
2023-07-05 21:56:57,377 -  [BaseBLDC] right target amplitude is 0.716837721367612
2023-07-05 21:56:57,377 -  [BaseBLDC] left target amplitude is -0.716837721367612
2023-07-05 21:56:57,485 -  [BaseBLDC] right stroke amp is 0.44832838932851926
2023-07-05 21:56:57,485 -  [BaseBLDC] left stroke amp is -0.4483283416364564
2023-07-05 21:56:57,488 -  [BaseBLDC] right target amplitude is 0.745099865479846
2023-07-05 21:56:57,488 -  [BaseBLDC] left target amplitude is -0.745099865479846
2023-07-05 21:56:57,596 -  [BaseBLDC] right stroke amp is 0.478005478210691
2023-07-05 21:56:57,596 -  [BaseBLDC] left stroke amp is -0.47800556761251345
2023-07-05 21:56:57,637 -  [BaseBLDC] right target amplitude is 0.772303249349808
2023-07-05 21:56:57,638 -  [BaseBLDC] left target amplitude is -0.772303249349808
2023-07-05 21:56:57,739 -  [BaseBLDC] right stroke amp is 0.5074351949510265
2023-07-05 21:56:57,739 -  [BaseBLDC] left stroke amp is -0.5074354114362772
2023-07-05 21:56:57,742 -  [BaseBLDC] right target amplitude is 0.798409217942060
2023-07-05 21:56:57,742 -  [BaseBLDC] left target amplitude is -0.798409217942060
2023-07-05 21:56:57,851 -  [BaseBLDC] right stroke amp is 0.5365325441950931
2023-07-05 21:56:57,852 -  [BaseBLDC] left stroke amp is -0.5365328585686342
2023-07-05 21:56:57,854 -  [BaseBLDC] right target amplitude is 0.823380675608962
2023-07-05 21:56:57,855 -  [BaseBLDC] left target amplitude is -0.823380675608962
2023-07-05 21:56:57,961 -  [BaseBLDC] right stroke amp is 0.56521731426713
2023-07-05 21:56:57,961 -  [BaseBLDC] left stroke amp is -0.5652176942430861
2023-07-05 21:56:57,964 -  [BaseBLDC] right target amplitude is 0.847182138802268
2023-07-05 21:56:57,964 -  [BaseBLDC] left target amplitude is -0.847182138802268
2023-07-05 21:56:58,072 -  [BaseBLDC] right stroke amp is 0.593413745787343
2023-07-05 21:56:58,072 -  [BaseBLDC] left stroke amp is -0.5934142025249951
2023-07-05 21:56:58,075 -  [BaseBLDC] right target amplitude is 0.869779786493985
2023-07-05 21:56:58,076 -  [BaseBLDC] left target amplitude is -0.869779786493985
2023-07-05 21:56:58,184 -  [BaseBLDC] right stroke amp is 0.6210502915263341
2023-07-05 21:56:58,184 -  [BaseBLDC] left stroke amp is -0.6210508340197148
2023-07-05 21:56:58,187 -  [BaseBLDC] right target amplitude is 0.891141508234850
2023-07-05 21:56:58,187 -  [BaseBLDC] left target amplitude is -0.891141508234850
2023-07-05 21:56:58,295 -  [BaseBLDC] right stroke amp is 0.6480593705004021
2023-07-05 21:56:58,295 -  [BaseBLDC] left stroke amp is -0.6480599549462578
2023-07-05 21:56:58,298 -  [BaseBLDC] right target amplitude is 0.911236949782139
2023-07-05 21:56:58,298 -  [BaseBLDC] left target amplitude is -0.911236949782139
2023-07-05 21:56:58,407 -  [BaseBLDC] right stroke amp is 0.6743770815096531
2023-07-05 21:56:58,407 -  [BaseBLDC] left stroke amp is -0.674377713224979
2023-07-05 21:56:58,410 -  [BaseBLDC] right target amplitude is 0.930037556231960
2023-07-05 21:56:58,410 -  [BaseBLDC] left target amplitude is -0.930037556231960
2023-07-05 21:56:58,518 -  [BaseBLDC] right stroke amp is 0.6999430781375315
2023-07-05 21:56:58,518 -  [BaseBLDC] left stroke amp is -0.699943761238041
2023-07-05 21:56:58,521 -  [BaseBLDC] right target amplitude is 0.947516612594763
2023-07-05 21:56:58,521 -  [BaseBLDC] left target amplitude is -0.947516612594763
2023-07-05 21:56:58,628 -  [BaseBLDC] right stroke amp is 0.7247003771176389
2023-07-05 21:56:58,628 -  [BaseBLDC] left stroke amp is -0.724701114620812
2023-07-05 21:56:58,631 -  [BaseBLDC] right target amplitude is 0.963649281756389
2023-07-05 21:56:58,631 -  [BaseBLDC] left target amplitude is -0.963649281756389
2023-07-05 21:56:58,737 -  [BaseBLDC] right stroke amp is 0.7485952098007411
2023-07-05 21:56:58,737 -  [BaseBLDC] left stroke amp is -0.7485960037310245
2023-07-05 21:56:58,740 -  [BaseBLDC] right target amplitude is 0.978412639770728
2023-07-05 21:56:58,740 -  [BaseBLDC] left target amplitude is -0.978412639770728
2023-07-05 21:56:58,847 -  [BaseBLDC] right stroke amp is 0.7715768920093
2023-07-05 21:56:58,847 -  [BaseBLDC] left stroke amp is -0.7715777434940922
2023-07-05 21:56:58,850 -  [BaseBLDC] right target amplitude is 0.991785708433832
2023-07-05 21:56:58,850 -  [BaseBLDC] left target amplitude is -0.991785708433832
2023-07-05 21:56:58,956 -  [BaseBLDC] right stroke amp is 0.7935977321769142
2023-07-05 21:56:58,957 -  [BaseBLDC] left stroke amp is -0.7935985919449798
2023-07-05 21:56:58,959 -  [BaseBLDC] right target amplitude is 1.00374948509320
2023-07-05 21:56:58,960 -  [BaseBLDC] left target amplitude is -1.00374948509320
2023-07-05 21:56:59,067 -  [BaseBLDC] right stroke amp is 0.8146128644480544
2023-07-05 21:56:59,067 -  [BaseBLDC] left stroke amp is -0.8146137351468529
2023-07-05 21:56:59,070 -  [BaseBLDC] right target amplitude is 1.01428696964987
2023-07-05 21:56:59,070 -  [BaseBLDC] left target amplitude is -1.01428696964987
2023-07-05 21:56:59,177 -  [BaseBLDC] right stroke amp is 0.8345802305883876
2023-07-05 21:56:59,177 -  [BaseBLDC] left stroke amp is -0.8345811141797734
2023-07-05 21:56:59,180 -  [BaseBLDC] right target amplitude is 1.02338318871496
2023-07-05 21:56:59,180 -  [BaseBLDC] left target amplitude is -1.02338318871496
2023-07-05 21:56:59,289 -  [BaseBLDC] right stroke amp is 0.8534604808341465
2023-07-05 21:56:59,289 -  [BaseBLDC] left stroke amp is -0.853461378694697
2023-07-05 21:56:59,292 -  [BaseBLDC] right target amplitude is 1.03102521688633
2023-07-05 21:56:59,292 -  [BaseBLDC] left target amplitude is -1.03102521688633
2023-07-05 21:56:59,400 -  [BaseBLDC] right stroke amp is 0.8712169078274047
2023-07-05 21:56:59,401 -  [BaseBLDC] left stroke amp is -0.871217820875724
2023-07-05 21:56:59,403 -  [BaseBLDC] right target amplitude is 1.03720219511510
2023-07-05 21:56:59,404 -  [BaseBLDC] left target amplitude is -1.03720219511510
2023-07-05 21:56:59,512 -  [BaseBLDC] right stroke amp is 0.88781538899473
2023-07-05 21:56:59,512 -  [BaseBLDC] left stroke amp is -0.8878163178425064
2023-07-05 21:56:59,515 -  [BaseBLDC] right target amplitude is 1.04190534613600
2023-07-05 21:56:59,515 -  [BaseBLDC] left target amplitude is -1.04190534613600
2023-07-05 21:56:59,622 -  [BaseBLDC] right stroke amp is 0.9032243362274108
2023-07-05 21:56:59,622 -  [BaseBLDC] left stroke amp is -0.9032252813599799
2023-07-05 21:56:59,625 -  [BaseBLDC] right target amplitude is 1.04512798693952
2023-07-05 21:56:59,625 -  [BaseBLDC] left target amplitude is -1.04512798693952
2023-07-05 21:56:59,733 -  [BaseBLDC] right stroke amp is 0.9174146518386643
2023-07-05 21:56:59,733 -  [BaseBLDC] left stroke amp is -0.9174156138271372
2023-07-05 21:56:59,736 -  [BaseBLDC] right target amplitude is 1.04686553826828
2023-07-05 21:56:59,736 -  [BaseBLDC] left target amplitude is -1.04686553826828
2023-07-05 21:56:59,844 -  [BaseBLDC] right stroke amp is 0.9303596898756157
2023-07-05 21:56:59,844 -  [BaseBLDC] left stroke amp is -0.9303606696154789
2023-07-05 21:56:59,847 -  [BaseBLDC] right target amplitude is 1.04711553112394
2023-07-05 21:56:59,848 -  [BaseBLDC] left target amplitude is -1.04711553112394
2023-07-05 21:56:59,956 -  [BaseBLDC] right stroke amp is 0.9420352219571241
2023-07-05 21:56:59,956 -  [BaseBLDC] left stroke amp is -0.9420362209163351
2023-07-05 21:56:59,959 -  [BaseBLDC] right target amplitude is 1.04587761027559
2023-07-05 21:56:59,959 -  [BaseBLDC] left target amplitude is -1.04587761027559
2023-07-05 21:57:00,066 -  [BaseBLDC] right stroke amp is 0.9524194068936296
2023-07-05 21:57:00,066 -  [BaseBLDC] left stroke amp is -0.9524204273354396
2023-07-05 21:57:00,069 -  [BaseBLDC] right target amplitude is 1.04315353476450
2023-07-05 21:57:00,069 -  [BaseBLDC] left target amplitude is -1.04315353476450
2023-07-05 21:57:00,177 -  [BaseBLDC] right stroke amp is 0.9614927634224797
2023-07-05 21:57:00,177 -  [BaseBLDC] left stroke amp is -0.9614938085444498
2023-07-05 21:57:00,180 -  [BaseBLDC] right target amplitude is 1.03894717540461
2023-07-05 21:57:00,180 -  [BaseBLDC] left target amplitude is -1.03894717540461
2023-07-05 21:57:00,288 -  [BaseBLDC] right stroke amp is 0.969238145460712
2023-07-05 21:57:00,289 -  [BaseBLDC] left stroke amp is -0.969239219365482
2023-07-05 21:57:00,291 -  [BaseBLDC] right target amplitude is 1.03326450928223
2023-07-05 21:57:00,292 -  [BaseBLDC] left target amplitude is -1.03326450928223
2023-07-05 21:57:00,400 -  [BaseBLDC] right stroke amp is 0.9756407193336203
2023-07-05 21:57:00,400 -  [BaseBLDC] left stroke amp is -0.9756418267321111
2023-07-05 21:57:00,403 -  [BaseBLDC] right target amplitude is 1.02611361126279
2023-07-05 21:57:00,403 -  [BaseBLDC] left target amplitude is -1.02611361126279
2023-07-05 21:57:00,511 -  [BaseBLDC] right stroke amp is 0.9806880282987309
2023-07-05 21:57:00,511 -  [BaseBLDC] left stroke amp is -0.9806890051851794
2023-07-05 21:57:00,514 -  [BaseBLDC] right target amplitude is 1.01750464251679
2023-07-05 21:57:00,514 -  [BaseBLDC] left target amplitude is -1.01750464251679
2023-07-05 21:57:00,621 -  [BaseBLDC] right stroke amp is 0.9843697062555016
2023-07-05 21:57:00,621 -  [BaseBLDC] left stroke amp is -0.9843705689183408
2023-07-05 21:57:00,624 -  [BaseBLDC] right target amplitude is 1.00744983608109
2023-07-05 21:57:00,624 -  [BaseBLDC] left target amplitude is -1.00744983608109
2023-07-05 21:57:00,733 -  [BaseBLDC] right stroke amp is 0.9866777358707978
2023-07-05 21:57:00,733 -  [BaseBLDC] left stroke amp is -0.9866784956346157
2023-07-05 21:57:00,736 -  [BaseBLDC] right target amplitude is 0.995963479476208
2023-07-05 21:57:00,736 -  [BaseBLDC] left target amplitude is -0.995963479476208
2023-07-05 21:57:00,844 -  [BaseBLDC] right stroke amp is 0.9876063269350082
2023-07-05 21:57:00,844 -  [BaseBLDC] left stroke amp is -0.9876069940187749
2023-07-05 21:57:00,847 -  [BaseBLDC] right target amplitude is 0.983061894404285
2023-07-05 21:57:00,847 -  [BaseBLDC] left target amplitude is -0.983061894404285
2023-07-05 21:57:00,956 -  [BaseBLDC] right stroke amp is 0.9871519004292655
2023-07-05 21:57:00,956 -  [BaseBLDC] left stroke amp is -0.9871524840573259
2023-07-05 21:57:00,959 -  [BaseBLDC] right target amplitude is 0.968763413556498
2023-07-05 21:57:00,960 -  [BaseBLDC] left target amplitude is -0.968763413556498
2023-07-05 21:57:01,067 -  [BaseBLDC] right stroke amp is 0.9853130685059417
2023-07-05 21:57:01,067 -  [BaseBLDC] left stroke amp is -0.9853135770072431
2023-07-05 21:57:01,070 -  [BaseBLDC] right target amplitude is 0.953088354562969
2023-07-05 21:57:01,070 -  [BaseBLDC] left target amplitude is -0.953088354562969
2023-07-05 21:57:01,179 -  [BaseBLDC] right stroke amp is 0.9820906138654291
2023-07-05 21:57:01,179 -  [BaseBLDC] left stroke amp is -0.9820910547628157
2023-07-05 21:57:01,182 -  [BaseBLDC] right target amplitude is 0.936058991122128
2023-07-05 21:57:01,182 -  [BaseBLDC] left target amplitude is -0.936058991122128
2023-07-05 21:57:01,290 -  [BaseBLDC] right stroke amp is 0.9774874683081821
2023-07-05 21:57:01,290 -  [BaseBLDC] left stroke amp is -0.9774878483987469
2023-07-05 21:57:01,293 -  [BaseBLDC] right target amplitude is 0.917699521350579
2023-07-05 21:57:01,293 -  [BaseBLDC] left target amplitude is -0.917699521350579
2023-07-05 21:57:01,401 -  [BaseBLDC] right stroke amp is 0.9715086902665446
2023-07-05 21:57:01,401 -  [BaseBLDC] left stroke amp is -0.9715090156939301
2023-07-05 21:57:01,404 -  [BaseBLDC] right target amplitude is 0.898036033398437
2023-07-05 21:57:01,404 -  [BaseBLDC] left target amplitude is -0.898036033398437
2023-07-05 21:57:01,513 -  [BaseBLDC] right stroke amp is 0.9641614411449295
2023-07-05 21:57:01,513 -  [BaseBLDC] left stroke amp is -0.9641617174643807
2023-07-05 21:57:01,516 -  [BaseBLDC] right target amplitude is 0.877096468378990
2023-07-05 21:57:01,516 -  [BaseBLDC] left target amplitude is -0.877096468378990
2023-07-05 21:57:01,624 -  [BaseBLDC] right stroke amp is 0.9554549603189489
2023-07-05 21:57:01,625 -  [BaseBLDC] left stroke amp is -0.9554551925558417
2023-07-05 21:57:01,628 -  [BaseBLDC] right target amplitude is 0.854910580665373
2023-07-05 21:57:01,628 -  [BaseBLDC] left target amplitude is -0.854910580665373
2023-07-05 21:57:01,736 -  [BaseBLDC] right stroke amp is 0.9454005386643003
2023-07-05 21:57:01,736 -  [BaseBLDC] left stroke amp is -0.9454007313667948
2023-07-05 21:57:01,739 -  [BaseBLDC] right target amplitude is 0.831509895610660
2023-07-05 21:57:01,739 -  [BaseBLDC] left target amplitude is -0.831509895610660
2023-07-05 21:57:01,848 -  [BaseBLDC] right stroke amp is 0.934011490504775
2023-07-05 21:57:01,849 -  [BaseBLDC] left stroke amp is -0.9340116477911813
2023-07-05 21:57:01,851 -  [BaseBLDC] right target amplitude is 0.806927664751456
2023-07-05 21:57:01,852 -  [BaseBLDC] left target amplitude is -0.806927664751456
2023-07-05 21:57:01,959 -  [BaseBLDC] right stroke amp is 0.921303123885827
2023-07-05 21:57:01,959 -  [BaseBLDC] left stroke amp is -0.9213032494872088
2023-07-05 21:57:01,962 -  [BaseBLDC] right target amplitude is 0.781198818558652
2023-07-05 21:57:01,962 -  [BaseBLDC] left target amplitude is -0.781198818558652
2023-07-05 21:57:02,070 -  [BaseBLDC] right stroke amp is 0.9072927090958602
2023-07-05 21:57:02,070 -  [BaseBLDC] left stroke amp is -0.9072928063943532
2023-07-05 21:57:02,073 -  [BaseBLDC] right target amplitude is 0.754359916802466
2023-07-05 21:57:02,073 -  [BaseBLDC] left target amplitude is -0.754359916802466
2023-07-05 21:57:02,182 -  [BaseBLDC] right stroke amp is 0.891999445371894
2023-07-05 21:57:02,182 -  [BaseBLDC] left stroke amp is -0.8919995174351645
2023-07-05 21:57:02,185 -  [BaseBLDC] right target amplitude is 0.726449096602309
2023-07-05 21:57:02,185 -  [BaseBLDC] left target amplitude is -0.726449096602309
2023-07-05 21:57:02,293 -  [BaseBLDC] right stroke amp is 0.8754444257396483
2023-07-05 21:57:02,293 -  [BaseBLDC] left stroke amp is -0.875444475351879
2023-07-05 21:57:02,296 -  [BaseBLDC] right target amplitude is 0.697506018235303
2023-07-05 21:57:02,296 -  [BaseBLDC] left target amplitude is -0.697506018235303
2023-07-05 21:57:02,404 -  [BaseBLDC] right stroke amp is 0.857650607711417
2023-07-05 21:57:02,404 -  [BaseBLDC] left stroke amp is -0.8576506296402213
2023-07-05 21:57:02,407 -  [BaseBLDC] right target amplitude is 0.667571808780440
2023-07-05 21:57:02,407 -  [BaseBLDC] left target amplitude is -0.667571808780440
2023-07-05 21:57:02,516 -  [BaseBLDC] right stroke amp is 0.8386427500787563
2023-07-05 21:57:02,517 -  [BaseBLDC] left stroke amp is -0.8386427475542432
2023-07-05 21:57:02,519 -  [BaseBLDC] right target amplitude is 0.636689003678465
2023-07-05 21:57:02,520 -  [BaseBLDC] left target amplitude is -0.636689003678465
2023-07-05 21:57:02,626 -  [BaseBLDC] right stroke amp is 0.8184473972020895
2023-07-05 21:57:02,626 -  [BaseBLDC] left stroke amp is -0.8184473731666654
2023-07-05 21:57:02,629 -  [BaseBLDC] right target amplitude is 0.604901486290540
2023-07-05 21:57:02,629 -  [BaseBLDC] left target amplitude is -0.604901486290540
2023-07-05 21:57:02,737 -  [BaseBLDC] right stroke amp is 0.7970928273451228
2023-07-05 21:57:02,737 -  [BaseBLDC] left stroke amp is -0.7970927844790529
2023-07-05 21:57:02,740 -  [BaseBLDC] right target amplitude is 0.572254425541553
2023-07-05 21:57:02,740 -  [BaseBLDC] left target amplitude is -0.572254425541553
2023-07-05 21:57:02,849 -  [BaseBLDC] right stroke amp is 0.7746090078385948
2023-07-05 21:57:02,849 -  [BaseBLDC] left stroke amp is -0.7746089485853028
2023-07-05 21:57:02,852 -  [BaseBLDC] right target amplitude is 0.538794211736684
2023-07-05 21:57:02,852 -  [BaseBLDC] left target amplitude is -0.538794211736684
2023-07-05 21:57:02,961 -  [BaseBLDC] right stroke amp is 0.7510275483116461
2023-07-05 21:57:02,961 -  [BaseBLDC] left stroke amp is -0.751027474900441
2023-07-05 21:57:02,964 -  [BaseBLDC] right target amplitude is 0.504568390642449
2023-07-05 21:57:02,964 -  [BaseBLDC] left target amplitude is -0.504568390642449
2023-07-05 21:57:03,072 -  [BaseBLDC] right stroke amp is 0.7263816520081557
2023-07-05 21:57:03,072 -  [BaseBLDC] left stroke amp is -0.7263815664746418
2023-07-05 21:57:03,075 -  [BaseBLDC] right target amplitude is 0.469625595925861
2023-07-05 21:57:03,075 -  [BaseBLDC] left target amplitude is -0.469625595925861
2023-07-05 21:57:03,184 -  [BaseBLDC] right stroke amp is 0.7007060652153598
2023-07-05 21:57:03,184 -  [BaseBLDC] left stroke amp is -0.7007059694197637
2023-07-05 21:57:03,187 -  [BaseBLDC] right target amplitude is 0.434015480047730
2023-07-05 21:57:03,187 -  [BaseBLDC] left target amplitude is -0.434015480047730
2023-07-05 21:57:03,295 -  [BaseBLDC] right stroke amp is 0.674037024838937
2023-07-05 21:57:03,295 -  [BaseBLDC] left stroke amp is -0.6740369204825603
2023-07-05 21:57:03,298 -  [BaseBLDC] right target amplitude is 0.397788643708292
2023-07-05 21:57:03,298 -  [BaseBLDC] left target amplitude is -0.397788643708292
2023-07-05 21:57:03,407 -  [BaseBLDC] right stroke amp is 0.6464122041651477
2023-07-05 21:57:03,407 -  [BaseBLDC] left stroke amp is -0.6464120928051335
2023-07-05 21:57:03,410 -  [BaseBLDC] right target amplitude is 0.360996563945434
2023-07-05 21:57:03,410 -  [BaseBLDC] left target amplitude is -0.360996563945434
2023-07-05 21:57:03,518 -  [BaseBLDC] right stroke amp is 0.6178706568565795
2023-07-05 21:57:03,518 -  [BaseBLDC] left stroke amp is -0.6178705399191635
2023-07-05 21:57:03,521 -  [BaseBLDC] right target amplitude is 0.323691520987658
2023-07-05 21:57:03,521 -  [BaseBLDC] left target amplitude is -0.323691520987658
2023-07-05 21:57:03,630 -  [BaseBLDC] right stroke amp is 0.5884527592336151
2023-07-05 21:57:03,631 -  [BaseBLDC] left stroke amp is -0.588452638026013
2023-07-05 21:57:03,633 -  [BaseBLDC] right target amplitude is 0.285926523965756
2023-07-05 21:57:03,633 -  [BaseBLDC] left target amplitude is -0.285926523965756
2023-07-05 21:57:03,741 -  [BaseBLDC] right stroke amp is 0.5582001508989172
2023-07-05 21:57:03,741 -  [BaseBLDC] left stroke amp is -0.5582000266199872
2023-07-05 21:57:03,744 -  [BaseBLDC] right target amplitude is 0.247755235588734
2023-07-05 21:57:03,744 -  [BaseBLDC] left target amplitude is -0.247755235588734
2023-07-05 21:57:03,853 -  [BaseBLDC] right stroke amp is 0.5271556812427975
2023-07-05 21:57:03,854 -  [BaseBLDC] left stroke amp is -0.527155547516862
2023-07-05 21:57:03,856 -  [BaseBLDC] right target amplitude is 0.209231895891031
2023-07-05 21:57:03,856 -  [BaseBLDC] left target amplitude is -0.209231895891031
2023-07-05 21:57:03,964 -  [BaseBLDC] right stroke amp is 0.49536332335165606
2023-07-05 21:57:03,964 -  [BaseBLDC] left stroke amp is -0.4953631823542789
2023-07-05 21:57:03,967 -  [BaseBLDC] right target amplitude is 0.170411245159369
2023-07-05 21:57:03,967 -  [BaseBLDC] left target amplitude is -0.170411245159369
2023-07-05 21:57:04,073 -  [BaseBLDC] right stroke amp is 0.46286813491402173
2023-07-05 21:57:04,073 -  [BaseBLDC] left stroke amp is -0.46286798863478784
2023-07-05 21:57:04,076 -  [BaseBLDC] right target amplitude is 0.131348446148775
2023-07-05 21:57:04,076 -  [BaseBLDC] left target amplitude is -0.131348446148775
2023-07-05 21:57:04,184 -  [BaseBLDC] right stroke amp is 0.42971618413065693
2023-07-05 21:57:04,184 -  [BaseBLDC] left stroke amp is -0.4297160343861866
2023-07-05 21:57:04,187 -  [BaseBLDC] right target amplitude is 0.0920990056982888
2023-07-05 21:57:04,187 -  [BaseBLDC] left target amplitude is -0.0920990056982888
2023-07-05 21:57:04,295 -  [BaseBLDC] right stroke amp is 0.3959544830682473
2023-07-05 21:57:04,295 -  [BaseBLDC] left stroke amp is -0.39595433151739684
2023-07-05 21:57:04,298 -  [BaseBLDC] right target amplitude is 0.0527186958577289
2023-07-05 21:57:04,298 -  [BaseBLDC] left target amplitude is -0.0527186958577289
2023-07-05 21:57:04,407 -  [BaseBLDC] right stroke amp is 0.3616309197939128
2023-07-05 21:57:04,407 -  [BaseBLDC] left stroke amp is -0.36163076795143
2023-07-05 21:57:04,410 -  [BaseBLDC] right target amplitude is 0.0132634746376215
2023-07-05 21:57:04,410 -  [BaseBLDC] left target amplitude is -0.0132634746376215
2023-07-05 21:57:04,519 -  [BaseBLDC] right stroke amp is 0.3267941966917962
2023-07-05 21:57:04,519 -  [BaseBLDC] left stroke amp is -0.3267940386200492
2023-07-05 21:57:04,522 -  [BaseBLDC] right target amplitude is -0.0262105935051284
2023-07-05 21:57:04,523 -  [BaseBLDC] left target amplitude is 0.0262105935051284
2023-07-05 21:57:04,629 -  [BaseBLDC] right stroke amp is 0.29149373700738157
2023-07-05 21:57:04,629 -  [BaseBLDC] left stroke amp is -0.2914935754075314
2023-07-05 21:57:04,632 -  [BaseBLDC] right target amplitude is -0.0656474173328172
2023-07-05 21:57:04,632 -  [BaseBLDC] left target amplitude is 0.0656474173328172
2023-07-05 21:57:04,741 -  [BaseBLDC] right stroke amp is 0.25577963880153437
2023-07-05 21:57:04,741 -  [BaseBLDC] left stroke amp is -0.25577947613349655
2023-07-05 21:57:04,744 -  [BaseBLDC] right target amplitude is -0.104990958530573
2023-07-05 21:57:04,744 -  [BaseBLDC] left target amplitude is 0.104990958530573
2023-07-05 21:57:04,851 -  [BaseBLDC] right stroke amp is 0.21970260201514175
2023-07-05 21:57:04,851 -  [BaseBLDC] left stroke amp is -0.21970243266708964
2023-07-05 21:57:04,854 -  [BaseBLDC] right target amplitude is -0.144185311334791
2023-07-05 21:57:04,854 -  [BaseBLDC] left target amplitude is 0.144185311334791
2023-07-05 21:57:04,963 -  [BaseBLDC] right stroke amp is 0.1833138303764136
2023-07-05 21:57:04,963 -  [BaseBLDC] left stroke amp is -0.1833136582669016
2023-07-05 21:57:04,966 -  [BaseBLDC] right target amplitude is -0.183174781973219
2023-07-05 21:57:04,966 -  [BaseBLDC] left target amplitude is 0.183174781973219
2023-07-05 21:57:05,074 -  [BaseBLDC] right stroke amp is 0.14666498555638555
2023-07-05 21:57:05,074 -  [BaseBLDC] left stroke amp is -0.14666481424288955
2023-07-05 21:57:05,077 -  [BaseBLDC] right target amplitude is -0.221903967803803
2023-07-05 21:57:05,077 -  [BaseBLDC] left target amplitude is 0.221903967803803
2023-07-05 21:57:05,185 -  [BaseBLDC] right stroke amp is 0.10980811015323455
2023-07-05 21:57:05,186 -  [BaseBLDC] left stroke amp is -0.10980793603822034
2023-07-05 21:57:05,188 -  [BaseBLDC] right target amplitude is -0.260317836039854
2023-07-05 21:57:05,189 -  [BaseBLDC] left target amplitude is 0.260317836039854
2023-07-05 21:57:05,296 -  [BaseBLDC] right stroke amp is 0.07279553819434502
2023-07-05 21:57:05,296 -  [BaseBLDC] left stroke amp is -0.07279535883041288
2023-07-05 21:57:05,299 -  [BaseBLDC] right target amplitude is -0.298361801949668
2023-07-05 21:57:05,299 -  [BaseBLDC] left target amplitude is 0.298361801949668
2023-07-05 21:57:05,407 -  [BaseBLDC] right stroke amp is 0.03567982698437211
2023-07-05 21:57:05,407 -  [BaseBLDC] left stroke amp is -0.035679642752404817
2023-07-05 21:57:05,411 -  [BaseBLDC] right target amplitude is -0.335981806419460
2023-07-05 21:57:05,411 -  [BaseBLDC] left target amplitude is 0.335981806419460
