2023-07-05 21:21:13,725 -  [BaseWing] the length is 0.10559576566307186
2023-07-05 21:21:13,725 -  [BaseWing] the chord of root is 0.013679980005579979
2023-07-05 21:21:13,726 -  [BaseWing] the chord of tip is 0.009028786803682786
2023-07-05 21:21:13,726 -  [BaseWing] the length is 0.10559576566307186
2023-07-05 21:21:13,726 -  [BaseWing] the chord of root is 0.013679980005579979
2023-07-05 21:21:13,726 -  [BaseWing] the chord of tip is 0.009028786803682786
2023-07-05 21:21:13,968 -  [BaseBLDC] right target amplitude is 1.04719755119660
2023-07-05 21:21:13,970 -  [BaseBLDC] left target amplitude is 1.04719755119660
2023-07-05 21:21:14,080 -  [BaseBLDC] right stroke amp is -3.3038868168966635e-08
2023-07-05 21:21:14,080 -  [BaseBLDC] left stroke amp is -3.918072513695483e-08
2023-07-05 21:21:14,083 -  [BaseBLDC] right target amplitude is 1.04645353607079
2023-07-05 21:21:14,084 -  [BaseBLDC] left target amplitude is 1.04645353607079
2023-07-05 21:21:14,191 -  [BaseBLDC] right stroke amp is -3.925415977813537e-08
2023-07-05 21:21:14,191 -  [BaseBLDC] left stroke amp is -4.5490734291740357e-08
2023-07-05 21:21:14,194 -  [BaseBLDC] right target amplitude is 1.04422254791229
2023-07-05 21:21:14,195 -  [BaseBLDC] left target amplitude is 1.04422254791229
2023-07-05 21:21:14,301 -  [BaseBLDC] right stroke amp is -3.6173961755448914e-08
2023-07-05 21:21:14,301 -  [BaseBLDC] left stroke amp is -4.159633103420946e-08
2023-07-05 21:21:14,304 -  [BaseBLDC] right target amplitude is 1.04050775687551
2023-07-05 21:21:14,304 -  [BaseBLDC] left target amplitude is 1.04050775687551
2023-07-05 21:21:14,412 -  [BaseBLDC] right stroke amp is -3.0702472251662036e-08
2023-07-05 21:21:14,413 -  [BaseBLDC] left stroke amp is -3.5197151514846775e-08
2023-07-05 21:21:14,416 -  [BaseBLDC] right target amplitude is 1.03531444154575
2023-07-05 21:21:14,416 -  [BaseBLDC] left target amplitude is 1.03531444154575
2023-07-05 21:21:14,524 -  [BaseBLDC] right stroke amp is -2.5213117188775635e-08
2023-07-05 21:21:14,524 -  [BaseBLDC] left stroke amp is -2.8866437064030177e-08
2023-07-05 21:21:14,527 -  [BaseBLDC] right target amplitude is 1.02864998143846
2023-07-05 21:21:14,527 -  [BaseBLDC] left target amplitude is 1.02864998143846
2023-07-05 21:21:14,635 -  [BaseBLDC] right stroke amp is -2.0410910020975118e-08
2023-07-05 21:21:14,635 -  [BaseBLDC] left stroke amp is -2.3354696657880864e-08
2023-07-05 21:21:14,639 -  [BaseBLDC] right target amplitude is 1.02052384651324
2023-07-05 21:21:14,639 -  [BaseBLDC] left target amplitude is 1.02052384651324
2023-07-05 21:21:14,747 -  [BaseBLDC] right stroke amp is -1.641749267057704e-08
2023-07-05 21:21:14,747 -  [BaseBLDC] left stroke amp is -1.8780233298432016e-08
2023-07-05 21:21:14,750 -  [BaseBLDC] right target amplitude is 1.01094758371736
2023-07-05 21:21:14,750 -  [BaseBLDC] left target amplitude is 1.01094758371736
2023-07-05 21:21:14,858 -  [BaseBLDC] right stroke amp is -1.3166764541657167e-08
2023-07-05 21:21:14,859 -  [BaseBLDC] left stroke amp is -1.5059737680452436e-08
2023-07-05 21:21:14,862 -  [BaseBLDC] right target amplitude is 0.999934800577948
2023-07-05 21:21:14,862 -  [BaseBLDC] left target amplitude is 0.999934800577948
2023-07-05 21:21:14,968 -  [BaseBLDC] right stroke amp is -1.0545506159262612e-08
2023-07-05 21:21:14,968 -  [BaseBLDC] left stroke amp is -1.2060864011736711e-08
2023-07-05 21:21:14,971 -  [BaseBLDC] right target amplitude is 0.987501145866170
2023-07-05 21:21:14,971 -  [BaseBLDC] left target amplitude is 0.987501145866170
2023-07-05 21:21:15,079 -  [BaseBLDC] right stroke amp is -8.440863797405158e-09
2023-07-05 21:21:15,080 -  [BaseBLDC] left stroke amp is -9.653480025498585e-09
2023-07-05 21:21:15,083 -  [BaseBLDC] right target amplitude is 0.973664287360898
2023-07-05 21:21:15,083 -  [BaseBLDC] left target amplitude is 0.973664287360898
2023-07-05 21:21:15,191 -  [BaseBLDC] right stroke amp is -6.754329065691012e-09
2023-07-05 21:21:15,191 -  [BaseBLDC] left stroke amp is -7.724525106383752e-09
2023-07-05 21:21:15,194 -  [BaseBLDC] right target amplitude is 0.958443886743414
2023-07-05 21:21:15,195 -  [BaseBLDC] left target amplitude is 0.958443886743414
2023-07-05 21:21:15,301 -  [BaseBLDC] right stroke amp is -7.195439776085347e-09
2023-07-05 21:21:15,302 -  [BaseBLDC] left stroke amp is -7.724525106383752e-09
2023-07-05 21:21:15,304 -  [BaseBLDC] right target amplitude is 0.941861571658857
2023-07-05 21:21:15,305 -  [BaseBLDC] left target amplitude is 0.941861571658857
2023-07-05 21:21:15,413 -  [BaseBLDC] right stroke amp is -7.932142918711463e-09
2023-07-05 21:21:15,413 -  [BaseBLDC] left stroke amp is -7.724525106383752e-09
2023-07-05 21:21:15,416 -  [BaseBLDC] right target amplitude is 0.923940904984112
2023-07-05 21:21:15,417 -  [BaseBLDC] left target amplitude is 0.923940904984112
2023-07-05 21:21:15,524 -  [BaseBLDC] right stroke amp is -8.746068481395292e-09
2023-07-05 21:21:15,524 -  [BaseBLDC] left stroke amp is -7.724525106383752e-09
2023-07-05 21:21:15,527 -  [BaseBLDC] right target amplitude is 0.904707351345790
2023-07-05 21:21:15,527 -  [BaseBLDC] left target amplitude is 0.904707351345790
2023-07-05 21:21:15,636 -  [BaseBLDC] right stroke amp is -9.54478089559176e-09
2023-07-05 21:21:15,636 -  [BaseBLDC] left stroke amp is -7.724525106383752e-09
2023-07-05 21:21:15,639 -  [BaseBLDC] right target amplitude is 0.884188240935905
2023-07-05 21:21:15,639 -  [BaseBLDC] left target amplitude is 0.884188240935905
2023-07-05 21:21:15,747 -  [BaseBLDC] right stroke amp is -7.224745911396478e-09
2023-07-05 21:21:15,747 -  [BaseBLDC] left stroke amp is -5.084498084249956e-09
2023-07-05 21:21:15,751 -  [BaseBLDC] right target amplitude is 0.862412730676639
2023-07-05 21:21:15,751 -  [BaseBLDC] left target amplitude is 0.862412730676639
2023-07-05 21:21:15,857 -  [BaseBLDC] right stroke amp is -5.3598980093872164e-09
2023-07-05 21:21:15,857 -  [BaseBLDC] left stroke amp is -3.7084024953994697e-09
2023-07-05 21:21:15,860 -  [BaseBLDC] right target amplitude is 0.839411762789393
2023-07-05 21:21:15,861 -  [BaseBLDC] left target amplitude is 0.839411762789393
2023-07-05 21:21:15,968 -  [BaseBLDC] right stroke amp is -5.446334031516357e-09
2023-07-05 21:21:15,968 -  [BaseBLDC] left stroke amp is -3.7084024953994697e-09
2023-07-05 21:21:15,971 -  [BaseBLDC] right target amplitude is 0.815218020826987
2023-07-05 21:21:15,972 -  [BaseBLDC] left target amplitude is 0.815218020826987
2023-07-05 21:21:16,078 -  [BaseBLDC] right stroke amp is -5.679879155515427e-09
2023-07-05 21:21:16,078 -  [BaseBLDC] left stroke amp is -3.7084024953994697e-09
2023-07-05 21:21:16,081 -  [BaseBLDC] right target amplitude is 0.789865883231501
2023-07-05 21:21:16,081 -  [BaseBLDC] left target amplitude is 0.789865883231501
2023-07-05 21:21:16,190 -  [BaseBLDC] right stroke amp is -5.9036171751536375e-09
2023-07-05 21:21:16,191 -  [BaseBLDC] left stroke amp is -3.7084024953994697e-09
2023-07-05 21:21:16,194 -  [BaseBLDC] right target amplitude is 0.763391374483726
2023-07-05 21:21:16,194 -  [BaseBLDC] left target amplitude is 0.763391374483726
2023-07-05 21:21:16,301 -  [BaseBLDC] right stroke amp is -6.092094109662325e-09
2023-07-05 21:21:16,301 -  [BaseBLDC] left stroke amp is -3.7084024953994697e-09
2023-07-05 21:21:16,304 -  [BaseBLDC] right target amplitude is 0.735832113913662
2023-07-05 21:21:16,304 -  [BaseBLDC] left target amplitude is 0.735832113913662
2023-07-05 21:21:16,412 -  [BaseBLDC] right stroke amp is -6.242145031880683e-09
2023-07-05 21:21:16,413 -  [BaseBLDC] left stroke amp is -3.7084024953994697e-09
2023-07-05 21:21:16,416 -  [BaseBLDC] right target amplitude is 0.707227262244792
2023-07-05 21:21:16,416 -  [BaseBLDC] left target amplitude is 0.707227262244792
2023-07-05 21:21:16,523 -  [BaseBLDC] right stroke amp is -6.355976238581448e-09
2023-07-05 21:21:16,523 -  [BaseBLDC] left stroke amp is -3.7084024953994697e-09
2023-07-05 21:21:16,527 -  [BaseBLDC] right target amplitude is 0.677617465948086
2023-07-05 21:21:16,527 -  [BaseBLDC] left target amplitude is 0.677617465948086
2023-07-05 21:21:16,634 -  [BaseBLDC] right stroke amp is -6.437810671451008e-09
2023-07-05 21:21:16,634 -  [BaseBLDC] left stroke amp is -3.7084024953994697e-09
2023-07-05 21:21:16,637 -  [BaseBLDC] right target amplitude is 0.647044799484823
2023-07-05 21:21:16,637 -  [BaseBLDC] left target amplitude is 0.647044799484823
2023-07-05 21:21:16,746 -  [BaseBLDC] right stroke amp is -6.492713065621008e-09
2023-07-05 21:21:16,746 -  [BaseBLDC] left stroke amp is -3.7084024953994697e-09
2023-07-05 21:21:16,749 -  [BaseBLDC] right target amplitude is 0.615552705520273
2023-07-05 21:21:16,749 -  [BaseBLDC] left target amplitude is 0.615552705520273
2023-07-05 21:21:16,858 -  [BaseBLDC] right stroke amp is -6.525924237582734e-09
2023-07-05 21:21:16,858 -  [BaseBLDC] left stroke amp is -3.7084024953994697e-09
2023-07-05 21:21:16,861 -  [BaseBLDC] right target amplitude is 0.583185933193230
2023-07-05 21:21:16,861 -  [BaseBLDC] left target amplitude is 0.583185933193230
2023-07-05 21:21:16,970 -  [BaseBLDC] right stroke amp is -6.542432275012571e-09
2023-07-05 21:21:16,970 -  [BaseBLDC] left stroke amp is -3.7084024953994697e-09
2023-07-05 21:21:16,973 -  [BaseBLDC] right target amplitude is 0.549990474529080
2023-07-05 21:21:16,973 -  [BaseBLDC] left target amplitude is 0.549990474529080
2023-07-05 21:21:17,080 -  [BaseBLDC] right stroke amp is -6.5467094270985145e-09
2023-07-05 21:21:17,081 -  [BaseBLDC] left stroke amp is -3.7084024953994697e-09
2023-07-05 21:21:17,084 -  [BaseBLDC] right target amplitude is 0.516013499086778
2023-07-05 21:21:17,084 -  [BaseBLDC] left target amplitude is 0.516013499086778
2023-07-05 21:21:17,192 -  [BaseBLDC] right stroke amp is -6.542574118482567e-09
2023-07-05 21:21:17,192 -  [BaseBLDC] left stroke amp is -3.7084024953994697e-09
2023-07-05 21:21:17,195 -  [BaseBLDC] right target amplitude is 0.481303286932590
2023-07-05 21:21:17,195 -  [BaseBLDC] left target amplitude is 0.481303286932590
