2023-07-05 21:35:47,723 -  [BaseWing] the length is 0.10559576566307186
2023-07-05 21:35:47,723 -  [BaseWing] the chord of root is 0.013679980005579979
2023-07-05 21:35:47,723 -  [BaseWing] the chord of tip is 0.009028786803682786
2023-07-05 21:35:47,724 -  [BaseWing] the length is 0.10559576566307186
2023-07-05 21:35:47,724 -  [BaseWing] the chord of root is 0.013679980005579979
2023-07-05 21:35:47,724 -  [BaseWing] the chord of tip is 0.009028786803682786
2023-07-05 21:35:47,866 -  [BaseBLDC] right target amplitude is 1.04719755119660
2023-07-05 21:35:47,867 -  [BaseBLDC] left target amplitude is 1.04719755119660
2023-07-05 21:35:47,975 -  [BaseBLDC] right stroke amp is 0.05236018778682086
2023-07-05 21:35:47,976 -  [BaseBLDC] left stroke amp is 0.05235987755982989
2023-07-05 21:35:47,978 -  [BaseBLDC] right target amplitude is 1.04645353607079
2023-07-05 21:35:47,978 -  [BaseBLDC] left target amplitude is 1.04645353607079
2023-07-05 21:35:48,086 -  [BaseBLDC] right stroke amp is 0.15142504129635206
2023-07-05 21:35:48,086 -  [BaseBLDC] left stroke amp is 0.1514241667174448
2023-07-05 21:35:48,089 -  [BaseBLDC] right target amplitude is 1.04422254791229
2023-07-05 21:35:48,089 -  [BaseBLDC] left target amplitude is 1.04422254791229
2023-07-05 21:35:48,196 -  [BaseBLDC] right stroke amp is 0.28804528186630185
2023-07-05 21:35:48,196 -  [BaseBLDC] left stroke amp is 0.2880435918586298
2023-07-05 21:35:48,199 -  [BaseBLDC] right target amplitude is 1.04050775687551
2023-07-05 21:35:48,199 -  [BaseBLDC] left target amplitude is 1.04050775687551
2023-07-05 21:35:48,307 -  [BaseBLDC] right stroke amp is 0.4552368465698413
2023-07-05 21:35:48,308 -  [BaseBLDC] left stroke amp is 0.4552342420454204
2023-07-05 21:35:48,310 -  [BaseBLDC] right target amplitude is 1.03531444154575
2023-07-05 21:35:48,311 -  [BaseBLDC] left target amplitude is 1.03531444154575
2023-07-05 21:35:48,418 -  [BaseBLDC] right stroke amp is 0.6427789502394328
2023-07-05 21:35:48,418 -  [BaseBLDC] left stroke amp is 0.6427754662929689
2023-07-05 21:35:48,420 -  [BaseBLDC] right target amplitude is 1.02864998143846
2023-07-05 21:35:48,421 -  [BaseBLDC] left target amplitude is 1.02864998143846
2023-07-05 21:35:48,529 -  [BaseBLDC] right stroke amp is 0.839870987433221
2023-07-05 21:35:48,529 -  [BaseBLDC] left stroke amp is 0.8398667883105133
2023-07-05 21:35:48,532 -  [BaseBLDC] right target amplitude is 1.02052384651324
2023-07-05 21:35:48,532 -  [BaseBLDC] left target amplitude is 1.02052384651324
2023-07-05 21:35:48,640 -  [BaseBLDC] right stroke amp is 1.0357019859924468
2023-07-05 21:35:48,640 -  [BaseBLDC] left stroke amp is 1.0356973612180425
2023-07-05 21:35:48,643 -  [BaseBLDC] right target amplitude is 1.01094758371736
2023-07-05 21:35:48,643 -  [BaseBLDC] left target amplitude is 1.01094758371736
2023-07-05 21:35:48,752 -  [BaseBLDC] right stroke amp is 1.2199923403061652
2023-07-05 21:35:48,752 -  [BaseBLDC] left stroke amp is 1.219987651018765
2023-07-05 21:35:48,755 -  [BaseBLDC] right target amplitude is 0.999934800577948
2023-07-05 21:35:48,755 -  [BaseBLDC] left target amplitude is 0.999934800577948
2023-07-05 21:35:48,864 -  [BaseBLDC] right stroke amp is 1.383482246369988
2023-07-05 21:35:48,864 -  [BaseBLDC] left stroke amp is 1.3834779093210887
2023-07-05 21:35:48,867 -  [BaseBLDC] right target amplitude is 0.987501145866170
2023-07-05 21:35:48,867 -  [BaseBLDC] left target amplitude is 0.987501145866170
2023-07-05 21:35:48,974 -  [BaseBLDC] right stroke amp is 1.5183411176167763
2023-07-05 21:35:48,975 -  [BaseBLDC] left stroke amp is 1.5183375821674892
2023-07-05 21:35:48,977 -  [BaseBLDC] right target amplitude is 0.973664287360898
2023-07-05 21:35:48,978 -  [BaseBLDC] left target amplitude is 0.973664287360898
2023-07-05 21:35:49,084 -  [BaseBLDC] right stroke amp is 1.618475947697314
2023-07-05 21:35:49,084 -  [BaseBLDC] left stroke amp is 1.6184736839002005
2023-07-05 21:35:49,086 -  [BaseBLDC] right target amplitude is 0.958443886743414
2023-07-05 21:35:49,087 -  [BaseBLDC] left target amplitude is 0.958443886743414
2023-07-05 21:35:49,195 -  [BaseBLDC] right stroke amp is 1.679714877172971
2023-07-05 21:35:49,196 -  [BaseBLDC] left stroke amp is 1.6797143824610794
2023-07-05 21:35:49,198 -  [BaseBLDC] right target amplitude is 0.941861571658857
2023-07-05 21:35:49,198 -  [BaseBLDC] left target amplitude is 0.941861571658857
2023-07-05 21:35:49,306 -  [BaseBLDC] right stroke amp is 1.6998999955023455
2023-07-05 21:35:49,306 -  [BaseBLDC] left stroke amp is 1.6999015747454544
2023-07-05 21:35:49,309 -  [BaseBLDC] right target amplitude is 0.923940904984112
2023-07-05 21:35:49,309 -  [BaseBLDC] left target amplitude is 0.923940904984112
2023-07-05 21:35:49,416 -  [BaseBLDC] right stroke amp is 1.679588896804061
2023-07-05 21:35:49,417 -  [BaseBLDC] left stroke amp is 1.6795903439810733
2023-07-05 21:35:49,419 -  [BaseBLDC] right target amplitude is 0.904707351345790
2023-07-05 21:35:49,419 -  [BaseBLDC] left target amplitude is 0.904707351345790
2023-07-05 21:35:49,527 -  [BaseBLDC] right stroke amp is 1.6236495164335465
2023-07-05 21:35:49,527 -  [BaseBLDC] left stroke amp is 1.623647129800051
2023-07-05 21:35:49,530 -  [BaseBLDC] right target amplitude is 0.884188240935905
2023-07-05 21:35:49,530 -  [BaseBLDC] left target amplitude is 0.884188240935905
2023-07-05 21:35:49,639 -  [BaseBLDC] right stroke amp is 1.532475537236199
2023-07-05 21:35:49,639 -  [BaseBLDC] left stroke amp is 1.5324698950733218
2023-07-05 21:35:49,642 -  [BaseBLDC] right target amplitude is 0.862412730676639
2023-07-05 21:35:49,642 -  [BaseBLDC] left target amplitude is 0.862412730676639
2023-07-05 21:35:49,750 -  [BaseBLDC] right stroke amp is 1.4112355713431777
2023-07-05 21:35:49,750 -  [BaseBLDC] left stroke amp is 1.4112273375584556
2023-07-05 21:35:49,753 -  [BaseBLDC] right target amplitude is 0.839411762789393
2023-07-05 21:35:49,753 -  [BaseBLDC] left target amplitude is 0.839411762789393
2023-07-05 21:35:49,861 -  [BaseBLDC] right stroke amp is 1.266283190238239
2023-07-05 21:35:49,862 -  [BaseBLDC] left stroke amp is 1.2662730657533174
2023-07-05 21:35:49,864 -  [BaseBLDC] right target amplitude is 0.815218020826987
2023-07-05 21:35:49,864 -  [BaseBLDC] left target amplitude is 0.815218020826987
2023-07-05 21:35:49,972 -  [BaseBLDC] right stroke amp is 1.1047819667748275
2023-07-05 21:35:49,972 -  [BaseBLDC] left stroke amp is 1.1047706464413682
2023-07-05 21:35:49,975 -  [BaseBLDC] right target amplitude is 0.789865883231501
2023-07-05 21:35:49,975 -  [BaseBLDC] left target amplitude is 0.789865883231501
2023-07-05 21:35:50,083 -  [BaseBLDC] right stroke amp is 0.9343088253153924
2023-07-05 21:35:50,083 -  [BaseBLDC] left stroke amp is 0.9342969622816539
2023-07-05 21:35:50,086 -  [BaseBLDC] right target amplitude is 0.763391374483726
2023-07-05 21:35:50,086 -  [BaseBLDC] left target amplitude is 0.763391374483726
2023-07-05 21:35:50,193 -  [BaseBLDC] right stroke amp is 0.7624565692360366
2023-07-05 21:35:50,193 -  [BaseBLDC] left stroke amp is 0.7624447532692469
2023-07-05 21:35:50,196 -  [BaseBLDC] right target amplitude is 0.735832113913662
2023-07-05 21:35:50,196 -  [BaseBLDC] left target amplitude is 0.735832113913662
2023-07-05 21:35:50,305 -  [BaseBLDC] right stroke amp is 0.5964555001411762
2023-07-05 21:35:50,305 -  [BaseBLDC] left stroke amp is 0.5964442282672417
2023-07-05 21:35:50,308 -  [BaseBLDC] right target amplitude is 0.707227262244792
2023-07-05 21:35:50,309 -  [BaseBLDC] left target amplitude is 0.707227262244792
2023-07-05 21:35:50,416 -  [BaseBLDC] right stroke amp is 0.4428317127079028
2023-07-05 21:35:50,416 -  [BaseBLDC] left stroke amp is 0.4428213810977134
2023-07-05 21:35:50,419 -  [BaseBLDC] right target amplitude is 0.677617465948086
2023-07-05 21:35:50,419 -  [BaseBLDC] left target amplitude is 0.677617465948086
2023-07-05 21:35:50,527 -  [BaseBLDC] right stroke amp is 0.30711958477304085
2023-07-05 21:35:50,527 -  [BaseBLDC] left stroke amp is 0.3071105100002313
2023-07-05 21:35:50,530 -  [BaseBLDC] right target amplitude is 0.647044799484823
2023-07-05 21:35:50,530 -  [BaseBLDC] left target amplitude is 0.647044799484823
2023-07-05 21:35:50,638 -  [BaseBLDC] right stroke amp is 0.19364397539443945
2023-07-05 21:35:50,639 -  [BaseBLDC] left stroke amp is 0.19363650958287953
2023-07-05 21:35:50,641 -  [BaseBLDC] right target amplitude is 0.615552705520273
2023-07-05 21:35:50,642 -  [BaseBLDC] left target amplitude is 0.615552705520273
2023-07-05 21:35:50,750 -  [BaseBLDC] right stroke amp is 0.10538273983196869
2023-07-05 21:35:50,751 -  [BaseBLDC] left stroke amp is 0.10537751778000867
2023-07-05 21:35:50,753 -  [BaseBLDC] right target amplitude is 0.583185933193230
2023-07-05 21:35:50,753 -  [BaseBLDC] left target amplitude is 0.583185933193230
2023-07-05 21:35:50,862 -  [BaseBLDC] right stroke amp is 0.04390645541657838
2023-07-05 21:35:50,862 -  [BaseBLDC] left stroke amp is 0.043904319793781565
2023-07-05 21:35:50,865 -  [BaseBLDC] right target amplitude is 0.549990474529080
2023-07-05 21:35:50,865 -  [BaseBLDC] left target amplitude is 0.549990474529080
2023-07-05 21:35:50,973 -  [BaseBLDC] right stroke amp is 0.00926953881131172
2023-07-05 21:35:50,973 -  [BaseBLDC] left stroke amp is 0.009267463450965935
2023-07-05 21:35:50,976 -  [BaseBLDC] right target amplitude is 0.516013499086778
2023-07-05 21:35:50,977 -  [BaseBLDC] left target amplitude is 0.516013499086778
2023-07-05 21:35:51,082 -  [BaseBLDC] right stroke amp is -0.0005792378178769205
2023-07-05 21:35:51,082 -  [BaseBLDC] left stroke amp is -0.0006007170436531026
2023-07-05 21:35:51,085 -  [BaseBLDC] right target amplitude is 0.481303286932590
2023-07-05 21:35:51,085 -  [BaseBLDC] left target amplitude is 0.481303286932590
2023-07-05 21:35:51,194 -  [BaseBLDC] right stroke amp is 0.01027111471216197
2023-07-05 21:35:51,194 -  [BaseBLDC] left stroke amp is 0.01021700358985766
2023-07-05 21:35:51,197 -  [BaseBLDC] right target amplitude is 0.445909160035849
2023-07-05 21:35:51,197 -  [BaseBLDC] left target amplitude is 0.445909160035849
2023-07-05 21:35:51,306 -  [BaseBLDC] right stroke amp is 0.040575043223331456
2023-07-05 21:35:51,306 -  [BaseBLDC] left stroke amp is 0.040492486886978415
2023-07-05 21:35:51,309 -  [BaseBLDC] right target amplitude is 0.409881412184201
2023-07-05 21:35:51,309 -  [BaseBLDC] left target amplitude is 0.409881412184201
2023-07-05 21:35:51,417 -  [BaseBLDC] right stroke amp is 0.08601292644481903
2023-07-05 21:35:51,417 -  [BaseBLDC] left stroke amp is 0.08590734789658214
2023-07-05 21:35:51,420 -  [BaseBLDC] right target amplitude is 0.373271237517931
2023-07-05 21:35:51,420 -  [BaseBLDC] left target amplitude is 0.373271237517931
2023-07-05 21:35:51,528 -  [BaseBLDC] right stroke amp is 0.14169791746468138
2023-07-05 21:35:51,528 -  [BaseBLDC] left stroke amp is 0.14157564343522877
2023-07-05 21:35:51,531 -  [BaseBLDC] right target amplitude is 0.336130657784932
2023-07-05 21:35:51,531 -  [BaseBLDC] left target amplitude is 0.336130657784932
2023-07-05 21:35:51,639 -  [BaseBLDC] right stroke amp is 0.20245124296582864
2023-07-05 21:35:51,640 -  [BaseBLDC] left stroke amp is 0.2023191460737048
2023-07-05 21:35:51,642 -  [BaseBLDC] right target amplitude is 0.298512448419653
2023-07-05 21:35:51,643 -  [BaseBLDC] left target amplitude is 0.298512448419653
2023-07-05 21:35:51,751 -  [BaseBLDC] right stroke amp is 0.2630784293620107
2023-07-05 21:35:51,751 -  [BaseBLDC] left stroke amp is 0.2629435738623682
2023-07-05 21:35:51,754 -  [BaseBLDC] right target amplitude is 0.260470063551113
2023-07-05 21:35:51,754 -  [BaseBLDC] left target amplitude is 0.260470063551113
2023-07-05 21:35:51,863 -  [BaseBLDC] right stroke amp is 0.3186323550233496
2023-07-05 21:35:51,864 -  [BaseBLDC] left stroke amp is 0.3185016159826068
2023-07-05 21:35:51,866 -  [BaseBLDC] right target amplitude is 0.222057560046490
2023-07-05 21:35:51,867 -  [BaseBLDC] left target amplitude is 0.222057560046490
2023-07-05 21:35:51,975 -  [BaseBLDC] right stroke amp is 0.3646510015304798
2023-07-05 21:35:51,975 -  [BaseBLDC] left stroke amp is 0.3645307610937728
2023-07-05 21:35:51,978 -  [BaseBLDC] right target amplitude is 0.183329520698255
2023-07-05 21:35:51,978 -  [BaseBLDC] left target amplitude is 0.183329520698255
2023-07-05 21:35:52,086 -  [BaseBLDC] right stroke amp is 0.3973577394488328
2023-07-05 21:35:52,087 -  [BaseBLDC] left stroke amp is 0.3972537716796309
2023-07-05 21:35:52,089 -  [BaseBLDC] right target amplitude is 0.144340976663988
2023-07-05 21:35:52,090 -  [BaseBLDC] left target amplitude is 0.144340976663988
2023-07-05 21:35:52,196 -  [BaseBLDC] right stroke amp is 0.4138156692309314
2023-07-05 21:35:52,196 -  [BaseBLDC] left stroke amp is 0.4137334229434349
2023-07-05 21:35:52,199 -  [BaseBLDC] right target amplitude is 0.105147329269070
2023-07-05 21:35:52,199 -  [BaseBLDC] left target amplitude is 0.105147329269070
2023-07-05 21:35:52,307 -  [BaseBLDC] right stroke amp is 0.4120290639923817
2023-07-05 21:35:52,308 -  [BaseBLDC] left stroke amp is 0.41197460179114376
2023-07-05 21:35:52,310 -  [BaseBLDC] right target amplitude is 0.0658042712833928
2023-07-05 21:35:52,310 -  [BaseBLDC] left target amplitude is 0.0658042712833928
2023-07-05 21:35:52,419 -  [BaseBLDC] right stroke amp is 0.3909882292598513
2023-07-05 21:35:52,419 -  [BaseBLDC] left stroke amp is 0.3909696675078658
2023-07-05 21:35:52,422 -  [BaseBLDC] right target amplitude is 0.0263677077839345
2023-07-05 21:35:52,422 -  [BaseBLDC] left target amplitude is 0.0263677077839345
2023-07-05 21:35:52,531 -  [BaseBLDC] right stroke amp is 0.3506695477707431
2023-07-05 21:35:52,531 -  [BaseBLDC] left stroke amp is 0.3506950792385467
2023-07-05 21:35:52,534 -  [BaseBLDC] right target amplitude is -0.0131063232843514
2023-07-05 21:35:52,535 -  [BaseBLDC] left target amplitude is -0.0131063232843514
2023-07-05 21:35:52,643 -  [BaseBLDC] right stroke amp is 0.2920635188685801
2023-07-05 21:35:52,643 -  [BaseBLDC] left stroke amp is 0.2921177799490765
2023-07-05 21:35:52,645 -  [BaseBLDC] right target amplitude is -0.0525617307364418
2023-07-05 21:35:52,646 -  [BaseBLDC] left target amplitude is -0.0525617307364418
2023-07-05 21:35:52,754 -  [BaseBLDC] right stroke amp is 0.21737742151660527
2023-07-05 21:35:52,755 -  [BaseBLDC] left stroke amp is 0.21735520567464722
2023-07-05 21:35:52,758 -  [BaseBLDC] right target amplitude is -0.0919424498508024
2023-07-05 21:35:52,758 -  [BaseBLDC] left target amplitude is -0.0919424498508024
2023-07-05 21:35:52,865 -  [BaseBLDC] right stroke amp is 0.13006849336103013
2023-07-05 21:35:52,865 -  [BaseBLDC] left stroke amp is 0.12979612073616045
2023-07-05 21:35:52,868 -  [BaseBLDC] right target amplitude is -0.131192522035345
2023-07-05 21:35:52,868 -  [BaseBLDC] left target amplitude is -0.131192522035345
2023-07-05 21:35:52,976 -  [BaseBLDC] right stroke amp is 0.032098009240046244
2023-07-05 21:35:52,976 -  [BaseBLDC] left stroke amp is 0.031600262896546966
2023-07-05 21:35:52,979 -  [BaseBLDC] right target amplitude is -0.170256174342578
2023-07-05 21:35:52,979 -  [BaseBLDC] left target amplitude is -0.170256174342578
2023-07-05 21:35:53,088 -  [BaseBLDC] right stroke amp is -0.07304632462592735
2023-07-05 21:35:53,088 -  [BaseBLDC] left stroke amp is -0.07373501508427845
2023-07-05 21:35:53,091 -  [BaseBLDC] right target amplitude is -0.209077898720959
2023-07-05 21:35:53,091 -  [BaseBLDC] left target amplitude is -0.209077898720959
2023-07-05 21:35:53,200 -  [BaseBLDC] right stroke amp is -0.18167725353498312
2023-07-05 21:35:53,200 -  [BaseBLDC] left stroke amp is -0.18251491418192256
2023-07-05 21:35:53,203 -  [BaseBLDC] right target amplitude is -0.247602530889847
2023-07-05 21:35:53,203 -  [BaseBLDC] left target amplitude is -0.247602530889847
2023-07-05 21:35:53,311 -  [BaseBLDC] right stroke amp is -0.29009941072684897
2023-07-05 21:35:53,311 -  [BaseBLDC] left stroke amp is -0.2910388887663135
2023-07-05 21:35:53,314 -  [BaseBLDC] right target amplitude is -0.285775328725964
2023-07-05 21:35:53,314 -  [BaseBLDC] left target amplitude is -0.285775328725964
2023-07-05 21:35:53,422 -  [BaseBLDC] right stroke amp is -0.39479178427611805
2023-07-05 21:35:53,423 -  [BaseBLDC] left stroke amp is -0.3957831778144621
2023-07-05 21:35:53,426 -  [BaseBLDC] right target amplitude is -0.323542050049986
2023-07-05 21:35:53,427 -  [BaseBLDC] left target amplitude is -0.323542050049986
2023-07-05 21:35:53,532 -  [BaseBLDC] right stroke amp is -0.4925725136284327
2023-07-05 21:35:53,532 -  [BaseBLDC] left stroke amp is -0.4935654756140619
2023-07-05 21:35:53,535 -  [BaseBLDC] right target amplitude is -0.360849029702735
2023-07-05 21:35:53,535 -  [BaseBLDC] left target amplitude is -0.360849029702735
2023-07-05 21:35:53,644 -  [BaseBLDC] right stroke amp is -0.5807352602051394
2023-07-05 21:35:53,645 -  [BaseBLDC] left stroke amp is -0.5816801380362544
2023-07-05 21:35:53,647 -  [BaseBLDC] right target amplitude is -0.397643255801443
2023-07-05 21:35:53,648 -  [BaseBLDC] left target amplitude is -0.397643255801443
2023-07-05 21:35:53,755 -  [BaseBLDC] right stroke amp is -0.6571517002576122
2023-07-05 21:35:53,755 -  [BaseBLDC] left stroke amp is -0.6580006520083297
2023-07-05 21:35:53,758 -  [BaseBLDC] right target amplitude is -0.433872445067743
2023-07-05 21:35:53,758 -  [BaseBLDC] left target amplitude is -0.433872445067743
