2023-07-05 21:59:16,862 -  [BaseWing] the length is 0.10559576566307186
2023-07-05 21:59:16,862 -  [BaseWing] the chord of root is 0.013679980005579979
2023-07-05 21:59:16,862 -  [BaseWing] the chord of tip is 0.009028786803682786
2023-07-05 21:59:16,862 -  [BaseWing] the length is 0.10559576566307186
2023-07-05 21:59:16,863 -  [BaseWing] the chord of root is 0.013679980005579979
2023-07-05 21:59:16,863 -  [BaseWing] the chord of tip is 0.009028786803682786
2023-07-05 21:59:17,017 -  [BaseBLDC] right target amplitude is 0
2023-07-05 21:59:17,017 -  [BaseBLDC] left target amplitude is 0
2023-07-05 21:59:17,119 -  [BaseBLDC] right stroke amp is -3.3038868168966635e-08
2023-07-05 21:59:17,119 -  [BaseBLDC] left stroke amp is -3.918072513695483e-08
2023-07-05 21:59:17,122 -  [BaseBLDC] right target amplitude is 0.0394678105132561
2023-07-05 21:59:17,122 -  [BaseBLDC] left target amplitude is -0.0394678105132561
2023-07-05 21:59:17,231 -  [BaseBLDC] right stroke amp is 0.00394679480438067
2023-07-05 21:59:17,231 -  [BaseBLDC] left stroke amp is -0.003946761934294676
2023-07-05 21:59:17,234 -  [BaseBLDC] right target amplitude is 0.0788795386806738
2023-07-05 21:59:17,234 -  [BaseBLDC] left target amplitude is -0.0788795386806738
2023-07-05 21:59:17,342 -  [BaseBLDC] right stroke amp is 0.011440129269066367
2023-07-05 21:59:17,342 -  [BaseBLDC] left stroke amp is -0.011439964485150868
2023-07-05 21:59:17,345 -  [BaseBLDC] right target amplitude is 0.118179181847414
2023-07-05 21:59:17,345 -  [BaseBLDC] left target amplitude is -0.118179181847414
2023-07-05 21:59:17,453 -  [BaseBLDC] right stroke amp is 0.022114088550308733
2023-07-05 21:59:17,454 -  [BaseBLDC] left stroke amp is -0.022113818665220122
2023-07-05 21:59:17,456 -  [BaseBLDC] right target amplitude is 0.157310896627400
2023-07-05 21:59:17,457 -  [BaseBLDC] left target amplitude is -0.157310896627400
2023-07-05 21:59:17,565 -  [BaseBLDC] right stroke amp is 0.03563381809774192
2023-07-05 21:59:17,565 -  [BaseBLDC] left stroke amp is -0.03563346550643935
2023-07-05 21:59:17,567 -  [BaseBLDC] right target amplitude is 0.196219078254759
2023-07-05 21:59:17,567 -  [BaseBLDC] left target amplitude is -0.196219078254759
2023-07-05 21:59:17,675 -  [BaseBLDC] right stroke amp is 0.05169238837942078
2023-07-05 21:59:17,675 -  [BaseBLDC] left stroke amp is -0.05169197140967788
2023-07-05 21:59:17,678 -  [BaseBLDC] right target amplitude is 0.234848439596204
2023-07-05 21:59:17,678 -  [BaseBLDC] left target amplitude is -0.234848439596204
2023-07-05 21:59:17,787 -  [BaseBLDC] right stroke amp is 0.07000805570495897
2023-07-05 21:59:17,787 -  [BaseBLDC] left stroke amp is -0.07000754039148785
2023-07-05 21:59:17,790 -  [BaseBLDC] right target amplitude is 0.273144089712063
2023-07-05 21:59:17,790 -  [BaseBLDC] left target amplitude is -0.273144089712063
2023-07-05 21:59:17,898 -  [BaseBLDC] right stroke amp is 0.09032171652555082
2023-07-05 21:59:17,899 -  [BaseBLDC] left stroke amp is -0.09032112343807173
2023-07-05 21:59:17,901 -  [BaseBLDC] right target amplitude is 0.311051611854332
2023-07-05 21:59:17,901 -  [BaseBLDC] left target amplitude is -0.311051611854332
2023-07-05 21:59:18,009 -  [BaseBLDC] right stroke amp is 0.11239468993835477
2023-07-05 21:59:18,009 -  [BaseBLDC] left stroke amp is -0.1123941722796978
2023-07-05 21:59:18,012 -  [BaseBLDC] right target amplitude is 0.348517140790926
2023-07-05 21:59:18,012 -  [BaseBLDC] left target amplitude is -0.348517140790926
2023-07-05 21:59:18,121 -  [BaseBLDC] right stroke amp is 0.13600691674423823
2023-07-05 21:59:18,121 -  [BaseBLDC] left stroke amp is -0.13600646913082065
2023-07-05 21:59:18,124 -  [BaseBLDC] right target amplitude is 0.385487439346237
2023-07-05 21:59:18,124 -  [BaseBLDC] left target amplitude is -0.385487439346237
2023-07-05 21:59:18,231 -  [BaseBLDC] right stroke amp is 0.1609549531398949
2023-07-05 21:59:18,231 -  [BaseBLDC] left stroke amp is -0.1609545661523623
2023-07-05 21:59:18,234 -  [BaseBLDC] right target amplitude is 0.421909974049254
2023-07-05 21:59:18,234 -  [BaseBLDC] left target amplitude is -0.421909974049254
2023-07-05 21:59:18,343 -  [BaseBLDC] right stroke amp is 0.18705043452564793
2023-07-05 21:59:18,343 -  [BaseBLDC] left stroke amp is -0.18705010694205151
2023-07-05 21:59:18,346 -  [BaseBLDC] right target amplitude is 0.457732989781741
2023-07-05 21:59:18,346 -  [BaseBLDC] left target amplitude is -0.457732989781741
2023-07-05 21:59:18,452 -  [BaseBLDC] right stroke amp is 0.2141186724936996
2023-07-05 21:59:18,452 -  [BaseBLDC] left stroke amp is -0.21411839522602052
2023-07-05 21:59:18,455 -  [BaseBLDC] right target amplitude is 0.492905583320407
2023-07-05 21:59:18,455 -  [BaseBLDC] left target amplitude is -0.492905583320407
2023-07-05 21:59:18,564 -  [BaseBLDC] right stroke amp is 0.2419973413484563
2023-07-05 21:59:18,564 -  [BaseBLDC] left stroke amp is -0.24199711403545912
2023-07-05 21:59:18,566 -  [BaseBLDC] right target amplitude is 0.527377775668558
2023-07-05 21:59:18,567 -  [BaseBLDC] left target amplitude is -0.527377775668558
2023-07-05 21:59:18,674 -  [BaseBLDC] right stroke amp is 0.2705353666875904
2023-07-05 21:59:18,674 -  [BaseBLDC] left stroke amp is -0.270535180198769
2023-07-05 21:59:18,677 -  [BaseBLDC] right target amplitude is 0.561100583074469
2023-07-05 21:59:18,677 -  [BaseBLDC] left target amplitude is -0.561100583074469
2023-07-05 21:59:18,786 -  [BaseBLDC] right stroke amp is 0.2995918667036941
2023-07-05 21:59:18,786 -  [BaseBLDC] left stroke amp is -0.299591720486339
2023-07-05 21:59:18,789 -  [BaseBLDC] right target amplitude is 0.594026086635535
2023-07-05 21:59:18,789 -  [BaseBLDC] left target amplitude is -0.594026086635535
2023-07-05 21:59:18,897 -  [BaseBLDC] right stroke amp is 0.3290352725485784
2023-07-05 21:59:18,897 -  [BaseBLDC] left stroke amp is -0.32903515710125864
2023-07-05 21:59:18,900 -  [BaseBLDC] right target amplitude is 0.626107500389324
2023-07-05 21:59:18,900 -  [BaseBLDC] left target amplitude is -0.626107500389324
2023-07-05 21:59:19,007 -  [BaseBLDC] right stroke amp is 0.35874247859392
2023-07-05 21:59:19,007 -  [BaseBLDC] left stroke amp is -0.35874239143006514
2023-07-05 21:59:19,011 -  [BaseBLDC] right target amplitude is 0.657299237794749
2023-07-05 21:59:19,011 -  [BaseBLDC] left target amplitude is -0.657299237794749
2023-07-05 21:59:19,118 -  [BaseBLDC] right stroke amp is 0.388598132735289
2023-07-05 21:59:19,118 -  [BaseBLDC] left stroke amp is -0.38859807606653357
2023-07-05 21:59:19,121 -  [BaseBLDC] right target amplitude is 0.687556976508922
2023-07-05 21:59:19,121 -  [BaseBLDC] left target amplitude is -0.687556976508922
2023-07-05 21:59:19,230 -  [BaseBLDC] right stroke amp is 0.41849399621064604
2023-07-05 21:59:19,230 -  [BaseBLDC] left stroke amp is -0.41849396611077244
2023-07-05 21:59:19,233 -  [BaseBLDC] right target amplitude is 0.716837721367612
2023-07-05 21:59:19,233 -  [BaseBLDC] left target amplitude is -0.716837721367612
2023-07-05 21:59:19,342 -  [BaseBLDC] right stroke amp is 0.44832838932851926
2023-07-05 21:59:19,342 -  [BaseBLDC] left stroke amp is -0.4483283416364564
2023-07-05 21:59:19,345 -  [BaseBLDC] right target amplitude is 0.745099865479846
2023-07-05 21:59:19,345 -  [BaseBLDC] left target amplitude is -0.745099865479846
2023-07-05 21:59:19,453 -  [BaseBLDC] right stroke amp is 0.478005478210691
2023-07-05 21:59:19,453 -  [BaseBLDC] left stroke amp is -0.47800556761251345
2023-07-05 21:59:19,494 -  [BaseBLDC] right target amplitude is 0.772303249349808
2023-07-05 21:59:19,494 -  [BaseBLDC] left target amplitude is -0.772303249349808
2023-07-05 21:59:19,596 -  [BaseBLDC] right stroke amp is 0.5074351949510265
2023-07-05 21:59:19,596 -  [BaseBLDC] left stroke amp is -0.5074354114362772
2023-07-05 21:59:19,599 -  [BaseBLDC] right target amplitude is 0.798409217942060
2023-07-05 21:59:19,599 -  [BaseBLDC] left target amplitude is -0.798409217942060
2023-07-05 21:59:19,708 -  [BaseBLDC] right stroke amp is 0.5365325441950931
2023-07-05 21:59:19,708 -  [BaseBLDC] left stroke amp is -0.5365328585686342
2023-07-05 21:59:19,711 -  [BaseBLDC] right target amplitude is 0.823380675608962
2023-07-05 21:59:19,712 -  [BaseBLDC] left target amplitude is -0.823380675608962
2023-07-05 21:59:19,820 -  [BaseBLDC] right stroke amp is 0.56521731426713
2023-07-05 21:59:19,820 -  [BaseBLDC] left stroke amp is -0.5652176942430861
2023-07-05 21:59:19,823 -  [BaseBLDC] right target amplitude is 0.847182138802268
2023-07-05 21:59:19,823 -  [BaseBLDC] left target amplitude is -0.847182138802268
2023-07-05 21:59:19,931 -  [BaseBLDC] right stroke amp is 0.593413745787343
2023-07-05 21:59:19,931 -  [BaseBLDC] left stroke amp is -0.5934142025249951
2023-07-05 21:59:19,934 -  [BaseBLDC] right target amplitude is 0.869779786493985
2023-07-05 21:59:19,934 -  [BaseBLDC] left target amplitude is -0.869779786493985
2023-07-05 21:59:20,042 -  [BaseBLDC] right stroke amp is 0.6210502915263341
2023-07-05 21:59:20,042 -  [BaseBLDC] left stroke amp is -0.6210508340197148
2023-07-05 21:59:20,045 -  [BaseBLDC] right target amplitude is 0.891141508234850
2023-07-05 21:59:20,045 -  [BaseBLDC] left target amplitude is -0.891141508234850
2023-07-05 21:59:20,154 -  [BaseBLDC] right stroke amp is 0.6480593705004021
2023-07-05 21:59:20,154 -  [BaseBLDC] left stroke amp is -0.6480599549462578
2023-07-05 21:59:20,157 -  [BaseBLDC] right target amplitude is 0.911236949782139
2023-07-05 21:59:20,157 -  [BaseBLDC] left target amplitude is -0.911236949782139
2023-07-05 21:59:20,265 -  [BaseBLDC] right stroke amp is 0.6743770815096531
2023-07-05 21:59:20,265 -  [BaseBLDC] left stroke amp is -0.674377713224979
2023-07-05 21:59:20,268 -  [BaseBLDC] right target amplitude is 0.930037556231960
2023-07-05 21:59:20,268 -  [BaseBLDC] left target amplitude is -0.930037556231960
2023-07-05 21:59:20,376 -  [BaseBLDC] right stroke amp is 0.6999430781375315
2023-07-05 21:59:20,376 -  [BaseBLDC] left stroke amp is -0.699943761238041
2023-07-05 21:59:20,379 -  [BaseBLDC] right target amplitude is 0.947516612594763
2023-07-05 21:59:20,379 -  [BaseBLDC] left target amplitude is -0.947516612594763
2023-07-05 21:59:20,486 -  [BaseBLDC] right stroke amp is 0.7247003771176389
2023-07-05 21:59:20,486 -  [BaseBLDC] left stroke amp is -0.724701114620812
2023-07-05 21:59:20,489 -  [BaseBLDC] right target amplitude is 0.963649281756389
2023-07-05 21:59:20,489 -  [BaseBLDC] left target amplitude is -0.963649281756389
2023-07-05 21:59:20,597 -  [BaseBLDC] right stroke amp is 0.7485952098007411
2023-07-05 21:59:20,597 -  [BaseBLDC] left stroke amp is -0.7485960037310245
2023-07-05 21:59:20,600 -  [BaseBLDC] right target amplitude is 0.978412639770728
2023-07-05 21:59:20,600 -  [BaseBLDC] left target amplitude is -0.978412639770728
2023-07-05 21:59:20,707 -  [BaseBLDC] right stroke amp is 0.7715768920093
2023-07-05 21:59:20,707 -  [BaseBLDC] left stroke amp is -0.7715777434940922
2023-07-05 21:59:20,710 -  [BaseBLDC] right target amplitude is 0.991785708433832
2023-07-05 21:59:20,710 -  [BaseBLDC] left target amplitude is -0.991785708433832
2023-07-05 21:59:20,818 -  [BaseBLDC] right stroke amp is 0.7935977321769142
2023-07-05 21:59:20,818 -  [BaseBLDC] left stroke amp is -0.7935985919449798
2023-07-05 21:59:20,821 -  [BaseBLDC] right target amplitude is 1.00374948509320
2023-07-05 21:59:20,821 -  [BaseBLDC] left target amplitude is -1.00374948509320
2023-07-05 21:59:20,929 -  [BaseBLDC] right stroke amp is 0.8146128644480544
2023-07-05 21:59:20,929 -  [BaseBLDC] left stroke amp is -0.8146137351468529
2023-07-05 21:59:20,932 -  [BaseBLDC] right target amplitude is 1.01428696964987
2023-07-05 21:59:20,932 -  [BaseBLDC] left target amplitude is -1.01428696964987
2023-07-05 21:59:21,040 -  [BaseBLDC] right stroke amp is 0.8345802305883876
2023-07-05 21:59:21,040 -  [BaseBLDC] left stroke amp is -0.8345811141797734
2023-07-05 21:59:21,043 -  [BaseBLDC] right target amplitude is 1.02338318871496
2023-07-05 21:59:21,043 -  [BaseBLDC] left target amplitude is -1.02338318871496
2023-07-05 21:59:21,151 -  [BaseBLDC] right stroke amp is 0.8534604808341465
2023-07-05 21:59:21,151 -  [BaseBLDC] left stroke amp is -0.853461378694697
2023-07-05 21:59:21,154 -  [BaseBLDC] right target amplitude is 1.03102521688633
2023-07-05 21:59:21,154 -  [BaseBLDC] left target amplitude is -1.03102521688633
2023-07-05 21:59:21,261 -  [BaseBLDC] right stroke amp is 0.8712169078274047
2023-07-05 21:59:21,261 -  [BaseBLDC] left stroke amp is -0.871217820875724
2023-07-05 21:59:21,264 -  [BaseBLDC] right target amplitude is 1.03720219511510
2023-07-05 21:59:21,264 -  [BaseBLDC] left target amplitude is -1.03720219511510
2023-07-05 21:59:21,372 -  [BaseBLDC] right stroke amp is 0.88781538899473
2023-07-05 21:59:21,372 -  [BaseBLDC] left stroke amp is -0.8878163178425064
2023-07-05 21:59:21,375 -  [BaseBLDC] right target amplitude is 1.04190534613600
2023-07-05 21:59:21,375 -  [BaseBLDC] left target amplitude is -1.04190534613600
2023-07-05 21:59:21,483 -  [BaseBLDC] right stroke amp is 0.9032243362274108
2023-07-05 21:59:21,483 -  [BaseBLDC] left stroke amp is -0.9032252813599799
2023-07-05 21:59:21,486 -  [BaseBLDC] right target amplitude is 1.04512798693952
2023-07-05 21:59:21,486 -  [BaseBLDC] left target amplitude is -1.04512798693952
2023-07-05 21:59:21,594 -  [BaseBLDC] right stroke amp is 0.9174146518386643
2023-07-05 21:59:21,594 -  [BaseBLDC] left stroke amp is -0.9174156138271372
2023-07-05 21:59:21,597 -  [BaseBLDC] right target amplitude is 1.04686553826828
2023-07-05 21:59:21,597 -  [BaseBLDC] left target amplitude is -1.04686553826828
2023-07-05 21:59:21,706 -  [BaseBLDC] right stroke amp is 0.9303596898756157
2023-07-05 21:59:21,706 -  [BaseBLDC] left stroke amp is -0.9303606696154789
2023-07-05 21:59:21,709 -  [BaseBLDC] right target amplitude is 1.04711553112394
2023-07-05 21:59:21,710 -  [BaseBLDC] left target amplitude is -1.04711553112394
2023-07-05 21:59:21,817 -  [BaseBLDC] right stroke amp is 0.9420352219571241
2023-07-05 21:59:21,817 -  [BaseBLDC] left stroke amp is -0.9420362209163351
2023-07-05 21:59:21,820 -  [BaseBLDC] right target amplitude is 1.04587761027559
2023-07-05 21:59:21,820 -  [BaseBLDC] left target amplitude is -1.04587761027559
2023-07-05 21:59:21,928 -  [BaseBLDC] right stroke amp is 0.9524194068936296
2023-07-05 21:59:21,928 -  [BaseBLDC] left stroke amp is -0.9524204273354396
2023-07-05 21:59:21,931 -  [BaseBLDC] right target amplitude is 1.04315353476450
2023-07-05 21:59:21,931 -  [BaseBLDC] left target amplitude is -1.04315353476450
2023-07-05 21:59:22,040 -  [BaseBLDC] right stroke amp is 0.9614927634224797
2023-07-05 21:59:22,040 -  [BaseBLDC] left stroke amp is -0.9614938085444498
2023-07-05 21:59:22,043 -  [BaseBLDC] right target amplitude is 1.03894717540461
2023-07-05 21:59:22,043 -  [BaseBLDC] left target amplitude is -1.03894717540461
2023-07-05 21:59:22,151 -  [BaseBLDC] right stroke amp is 0.969238145460712
2023-07-05 21:59:22,152 -  [BaseBLDC] left stroke amp is -0.969239219365482
2023-07-05 21:59:22,155 -  [BaseBLDC] right target amplitude is 1.03326450928223
2023-07-05 21:59:22,155 -  [BaseBLDC] left target amplitude is -1.03326450928223
2023-07-05 21:59:22,263 -  [BaseBLDC] right stroke amp is 0.9756407193336203
2023-07-05 21:59:22,263 -  [BaseBLDC] left stroke amp is -0.9756418267321111
2023-07-05 21:59:22,266 -  [BaseBLDC] right target amplitude is 1.02611361126279
2023-07-05 21:59:22,266 -  [BaseBLDC] left target amplitude is -1.02611361126279
2023-07-05 21:59:22,375 -  [BaseBLDC] right stroke amp is 0.9806880282987309
2023-07-05 21:59:22,376 -  [BaseBLDC] left stroke amp is -0.9806890051851794
2023-07-05 21:59:22,378 -  [BaseBLDC] right target amplitude is 1.01750464251679
2023-07-05 21:59:22,379 -  [BaseBLDC] left target amplitude is -1.01750464251679
2023-07-05 21:59:22,486 -  [BaseBLDC] right stroke amp is 0.9843697062555016
2023-07-05 21:59:22,486 -  [BaseBLDC] left stroke amp is -0.9843705689183408
2023-07-05 21:59:22,489 -  [BaseBLDC] right target amplitude is 1.00744983608109
2023-07-05 21:59:22,489 -  [BaseBLDC] left target amplitude is -1.00744983608109
2023-07-05 21:59:22,596 -  [BaseBLDC] right stroke amp is 0.9866777358707978
2023-07-05 21:59:22,596 -  [BaseBLDC] left stroke amp is -0.9866784956346157
2023-07-05 21:59:22,599 -  [BaseBLDC] right target amplitude is 0.995963479476208
2023-07-05 21:59:22,599 -  [BaseBLDC] left target amplitude is -0.995963479476208
2023-07-05 21:59:22,708 -  [BaseBLDC] right stroke amp is 0.9876063269350082
2023-07-05 21:59:22,708 -  [BaseBLDC] left stroke amp is -0.9876069940187749
2023-07-05 21:59:22,711 -  [BaseBLDC] right target amplitude is 0.983061894404285
2023-07-05 21:59:22,711 -  [BaseBLDC] left target amplitude is -0.983061894404285
2023-07-05 21:59:22,819 -  [BaseBLDC] right stroke amp is 0.9871519004292655
2023-07-05 21:59:22,819 -  [BaseBLDC] left stroke amp is -0.9871524840573259
2023-07-05 21:59:22,822 -  [BaseBLDC] right target amplitude is 0.968763413556498
2023-07-05 21:59:22,822 -  [BaseBLDC] left target amplitude is -0.968763413556498
2023-07-05 21:59:22,931 -  [BaseBLDC] right stroke amp is 0.9853130685059417
2023-07-05 21:59:22,931 -  [BaseBLDC] left stroke amp is -0.9853135770072431
2023-07-05 21:59:22,934 -  [BaseBLDC] right target amplitude is 0.953088354562969
2023-07-05 21:59:22,934 -  [BaseBLDC] left target amplitude is -0.953088354562969
2023-07-05 21:59:23,042 -  [BaseBLDC] right stroke amp is 0.9820906138654291
2023-07-05 21:59:23,042 -  [BaseBLDC] left stroke amp is -0.9820910547628157
2023-07-05 21:59:23,045 -  [BaseBLDC] right target amplitude is 0.936058991122128
2023-07-05 21:59:23,045 -  [BaseBLDC] left target amplitude is -0.936058991122128
2023-07-05 21:59:23,154 -  [BaseBLDC] right stroke amp is 0.9774874683081821
2023-07-05 21:59:23,154 -  [BaseBLDC] left stroke amp is -0.9774878483987469
2023-07-05 21:59:23,157 -  [BaseBLDC] right target amplitude is 0.917699521350579
2023-07-05 21:59:23,157 -  [BaseBLDC] left target amplitude is -0.917699521350579
2023-07-05 21:59:23,265 -  [BaseBLDC] right stroke amp is 0.9715086902665446
2023-07-05 21:59:23,265 -  [BaseBLDC] left stroke amp is -0.9715090156939301
2023-07-05 21:59:23,268 -  [BaseBLDC] right target amplitude is 0.898036033398437
2023-07-05 21:59:23,269 -  [BaseBLDC] left target amplitude is -0.898036033398437
2023-07-05 21:59:23,377 -  [BaseBLDC] right stroke amp is 0.9641614411449295
2023-07-05 21:59:23,377 -  [BaseBLDC] left stroke amp is -0.9641617174643807
2023-07-05 21:59:23,380 -  [BaseBLDC] right target amplitude is 0.877096468378990
2023-07-05 21:59:23,380 -  [BaseBLDC] left target amplitude is -0.877096468378990
2023-07-05 21:59:23,488 -  [BaseBLDC] right stroke amp is 0.9554549603189489
2023-07-05 21:59:23,488 -  [BaseBLDC] left stroke amp is -0.9554551925558417
2023-07-05 21:59:23,491 -  [BaseBLDC] right target amplitude is 0.854910580665373
2023-07-05 21:59:23,491 -  [BaseBLDC] left target amplitude is -0.854910580665373
2023-07-05 21:59:23,598 -  [BaseBLDC] right stroke amp is 0.9454005386643003
2023-07-05 21:59:23,598 -  [BaseBLDC] left stroke amp is -0.9454007313667948
2023-07-05 21:59:23,601 -  [BaseBLDC] right target amplitude is 0.831509895610660
2023-07-05 21:59:23,601 -  [BaseBLDC] left target amplitude is -0.831509895610660
2023-07-05 21:59:23,710 -  [BaseBLDC] right stroke amp is 0.934011490504775
2023-07-05 21:59:23,710 -  [BaseBLDC] left stroke amp is -0.9340116477911813
2023-07-05 21:59:23,713 -  [BaseBLDC] right target amplitude is 0.806927664751456
2023-07-05 21:59:23,713 -  [BaseBLDC] left target amplitude is -0.806927664751456
2023-07-05 21:59:23,821 -  [BaseBLDC] right stroke amp is 0.921303123885827
2023-07-05 21:59:23,821 -  [BaseBLDC] left stroke amp is -0.9213032494872088
2023-07-05 21:59:23,824 -  [BaseBLDC] right target amplitude is 0.781198818558652
2023-07-05 21:59:23,824 -  [BaseBLDC] left target amplitude is -0.781198818558652
2023-07-05 21:59:23,932 -  [BaseBLDC] right stroke amp is 0.9072927090958602
2023-07-05 21:59:23,933 -  [BaseBLDC] left stroke amp is -0.9072928063943532
2023-07-05 21:59:23,935 -  [BaseBLDC] right target amplitude is 0.754359916802466
2023-07-05 21:59:23,935 -  [BaseBLDC] left target amplitude is -0.754359916802466
2023-07-05 21:59:24,042 -  [BaseBLDC] right stroke amp is 0.891999445371894
2023-07-05 21:59:24,042 -  [BaseBLDC] left stroke amp is -0.8919995174351645
2023-07-05 21:59:24,045 -  [BaseBLDC] right target amplitude is 0.726449096602309
2023-07-05 21:59:24,045 -  [BaseBLDC] left target amplitude is -0.726449096602309
2023-07-05 21:59:24,154 -  [BaseBLDC] right stroke amp is 0.8754444257396483
2023-07-05 21:59:24,155 -  [BaseBLDC] left stroke amp is -0.875444475351879
2023-07-05 21:59:24,157 -  [BaseBLDC] right target amplitude is 0.697506018235303
2023-07-05 21:59:24,158 -  [BaseBLDC] left target amplitude is -0.697506018235303
2023-07-05 21:59:24,266 -  [BaseBLDC] right stroke amp is 0.857650607711417
2023-07-05 21:59:24,266 -  [BaseBLDC] left stroke amp is -0.8576506296402213
2023-07-05 21:59:24,269 -  [BaseBLDC] right target amplitude is 0.667571808780440
2023-07-05 21:59:24,269 -  [BaseBLDC] left target amplitude is -0.667571808780440
2023-07-05 21:59:24,377 -  [BaseBLDC] right stroke amp is 0.8386427500787563
2023-07-05 21:59:24,377 -  [BaseBLDC] left stroke amp is -0.8386427475542432
2023-07-05 21:59:24,380 -  [BaseBLDC] right target amplitude is 0.636689003678465
2023-07-05 21:59:24,380 -  [BaseBLDC] left target amplitude is -0.636689003678465
2023-07-05 21:59:24,489 -  [BaseBLDC] right stroke amp is 0.8184473972020895
2023-07-05 21:59:24,489 -  [BaseBLDC] left stroke amp is -0.8184473731666654
2023-07-05 21:59:24,492 -  [BaseBLDC] right target amplitude is 0.604901486290540
2023-07-05 21:59:24,492 -  [BaseBLDC] left target amplitude is -0.604901486290540
2023-07-05 21:59:24,600 -  [BaseBLDC] right stroke amp is 0.7970928273451228
2023-07-05 21:59:24,600 -  [BaseBLDC] left stroke amp is -0.7970927844790529
2023-07-05 21:59:24,603 -  [BaseBLDC] right target amplitude is 0.572254425541553
2023-07-05 21:59:24,603 -  [BaseBLDC] left target amplitude is -0.572254425541553
2023-07-05 21:59:24,711 -  [BaseBLDC] right stroke amp is 0.7746090078385948
2023-07-05 21:59:24,711 -  [BaseBLDC] left stroke amp is -0.7746089485853028
2023-07-05 21:59:24,714 -  [BaseBLDC] right target amplitude is 0.538794211736684
2023-07-05 21:59:24,714 -  [BaseBLDC] left target amplitude is -0.538794211736684
2023-07-05 21:59:24,822 -  [BaseBLDC] right stroke amp is 0.7510275483116461
2023-07-05 21:59:24,822 -  [BaseBLDC] left stroke amp is -0.751027474900441
2023-07-05 21:59:24,825 -  [BaseBLDC] right target amplitude is 0.504568390642449
2023-07-05 21:59:24,825 -  [BaseBLDC] left target amplitude is -0.504568390642449
2023-07-05 21:59:24,934 -  [BaseBLDC] right stroke amp is 0.7263816520081557
2023-07-05 21:59:24,934 -  [BaseBLDC] left stroke amp is -0.7263815664746418
2023-07-05 21:59:24,937 -  [BaseBLDC] right target amplitude is 0.469625595925861
2023-07-05 21:59:24,937 -  [BaseBLDC] left target amplitude is -0.469625595925861
2023-07-05 21:59:25,046 -  [BaseBLDC] right stroke amp is 0.7007060652153598
2023-07-05 21:59:25,046 -  [BaseBLDC] left stroke amp is -0.7007059694197637
2023-07-05 21:59:25,049 -  [BaseBLDC] right target amplitude is 0.434015480047730
2023-07-05 21:59:25,049 -  [BaseBLDC] left target amplitude is -0.434015480047730
2023-07-05 21:59:25,157 -  [BaseBLDC] right stroke amp is 0.674037024838937
2023-07-05 21:59:25,157 -  [BaseBLDC] left stroke amp is -0.6740369204825603
2023-07-05 21:59:25,160 -  [BaseBLDC] right target amplitude is 0.397788643708292
2023-07-05 21:59:25,160 -  [BaseBLDC] left target amplitude is -0.397788643708292
2023-07-05 21:59:25,268 -  [BaseBLDC] right stroke amp is 0.6464122041651477
2023-07-05 21:59:25,268 -  [BaseBLDC] left stroke amp is -0.6464120928051335
2023-07-05 21:59:25,271 -  [BaseBLDC] right target amplitude is 0.360996563945434
2023-07-05 21:59:25,272 -  [BaseBLDC] left target amplitude is -0.360996563945434
2023-07-05 21:59:25,378 -  [BaseBLDC] right stroke amp is 0.6178706568565795
2023-07-05 21:59:25,378 -  [BaseBLDC] left stroke amp is -0.6178705399191635
2023-07-05 21:59:25,381 -  [BaseBLDC] right target amplitude is 0.323691520987658
2023-07-05 21:59:25,381 -  [BaseBLDC] left target amplitude is -0.323691520987658
2023-07-05 21:59:25,490 -  [BaseBLDC] right stroke amp is 0.5884527592336151
2023-07-05 21:59:25,490 -  [BaseBLDC] left stroke amp is -0.588452638026013
2023-07-05 21:59:25,493 -  [BaseBLDC] right target amplitude is 0.285926523965756
2023-07-05 21:59:25,493 -  [BaseBLDC] left target amplitude is -0.285926523965756
2023-07-05 21:59:25,600 -  [BaseBLDC] right stroke amp is 0.5582001508989172
2023-07-05 21:59:25,600 -  [BaseBLDC] left stroke amp is -0.5582000266199872
2023-07-05 21:59:25,603 -  [BaseBLDC] right target amplitude is 0.247755235588734
2023-07-05 21:59:25,603 -  [BaseBLDC] left target amplitude is -0.247755235588734
2023-07-05 21:59:25,711 -  [BaseBLDC] right stroke amp is 0.5271556812427975
2023-07-05 21:59:25,711 -  [BaseBLDC] left stroke amp is -0.527155547516862
2023-07-05 21:59:25,714 -  [BaseBLDC] right target amplitude is 0.209231895891031
2023-07-05 21:59:25,714 -  [BaseBLDC] left target amplitude is -0.209231895891031
2023-07-05 21:59:25,823 -  [BaseBLDC] right stroke amp is 0.49536332335165606
2023-07-05 21:59:25,823 -  [BaseBLDC] left stroke amp is -0.4953631823542789
2023-07-05 21:59:25,826 -  [BaseBLDC] right target amplitude is 0.170411245159369
2023-07-05 21:59:25,826 -  [BaseBLDC] left target amplitude is -0.170411245159369
2023-07-05 21:59:25,934 -  [BaseBLDC] right stroke amp is 0.46286813491402173
2023-07-05 21:59:25,935 -  [BaseBLDC] left stroke amp is -0.46286798863478784
2023-07-05 21:59:25,937 -  [BaseBLDC] right target amplitude is 0.131348446148775
2023-07-05 21:59:25,938 -  [BaseBLDC] left target amplitude is -0.131348446148775
2023-07-05 21:59:26,046 -  [BaseBLDC] right stroke amp is 0.42971618413065693
2023-07-05 21:59:26,046 -  [BaseBLDC] left stroke amp is -0.4297160343861866
2023-07-05 21:59:26,049 -  [BaseBLDC] right target amplitude is 0.0920990056982888
2023-07-05 21:59:26,049 -  [BaseBLDC] left target amplitude is -0.0920990056982888
2023-07-05 21:59:26,158 -  [BaseBLDC] right stroke amp is 0.3959544830682473
2023-07-05 21:59:26,159 -  [BaseBLDC] left stroke amp is -0.39595433151739684
2023-07-05 21:59:26,161 -  [BaseBLDC] right target amplitude is 0.0527186958577289
2023-07-05 21:59:26,161 -  [BaseBLDC] left target amplitude is -0.0527186958577289
2023-07-05 21:59:26,269 -  [BaseBLDC] right stroke amp is 0.3616309197939128
2023-07-05 21:59:26,269 -  [BaseBLDC] left stroke amp is -0.36163076795143
2023-07-05 21:59:26,272 -  [BaseBLDC] right target amplitude is 0.0132634746376215
2023-07-05 21:59:26,272 -  [BaseBLDC] left target amplitude is -0.0132634746376215
2023-07-05 21:59:26,381 -  [BaseBLDC] right stroke amp is 0.3267941966917962
2023-07-05 21:59:26,381 -  [BaseBLDC] left stroke amp is -0.3267940386200492
2023-07-05 21:59:26,384 -  [BaseBLDC] right target amplitude is -0.0262105935051284
2023-07-05 21:59:26,384 -  [BaseBLDC] left target amplitude is 0.0262105935051284
2023-07-05 21:59:26,492 -  [BaseBLDC] right stroke amp is 0.29149373700738157
2023-07-05 21:59:26,492 -  [BaseBLDC] left stroke amp is -0.2914935754075314
2023-07-05 21:59:26,495 -  [BaseBLDC] right target amplitude is -0.0656474173328172
2023-07-05 21:59:26,495 -  [BaseBLDC] left target amplitude is 0.0656474173328172
2023-07-05 21:59:26,603 -  [BaseBLDC] right stroke amp is 0.25577963880153437
2023-07-05 21:59:26,603 -  [BaseBLDC] left stroke amp is -0.25577947613349655
2023-07-05 21:59:26,606 -  [BaseBLDC] right target amplitude is -0.104990958530573
2023-07-05 21:59:26,607 -  [BaseBLDC] left target amplitude is 0.104990958530573
2023-07-05 21:59:26,714 -  [BaseBLDC] right stroke amp is 0.21970260201514175
2023-07-05 21:59:26,714 -  [BaseBLDC] left stroke amp is -0.21970243266708964
2023-07-05 21:59:26,717 -  [BaseBLDC] right target amplitude is -0.144185311334791
2023-07-05 21:59:26,717 -  [BaseBLDC] left target amplitude is 0.144185311334791
2023-07-05 21:59:26,825 -  [BaseBLDC] right stroke amp is 0.1833138303764136
2023-07-05 21:59:26,825 -  [BaseBLDC] left stroke amp is -0.1833136582669016
2023-07-05 21:59:26,828 -  [BaseBLDC] right target amplitude is -0.183174781973219
2023-07-05 21:59:26,828 -  [BaseBLDC] left target amplitude is 0.183174781973219
2023-07-05 21:59:26,937 -  [BaseBLDC] right stroke amp is 0.14666498555638555
2023-07-05 21:59:26,937 -  [BaseBLDC] left stroke amp is -0.14666481424288955
2023-07-05 21:59:26,940 -  [BaseBLDC] right target amplitude is -0.221903967803803
2023-07-05 21:59:26,940 -  [BaseBLDC] left target amplitude is 0.221903967803803
2023-07-05 21:59:27,049 -  [BaseBLDC] right stroke amp is 0.10980811015323455
2023-07-05 21:59:27,049 -  [BaseBLDC] left stroke amp is -0.10980793603822034
2023-07-05 21:59:27,052 -  [BaseBLDC] right target amplitude is -0.260317836039854
2023-07-05 21:59:27,052 -  [BaseBLDC] left target amplitude is 0.260317836039854
2023-07-05 21:59:27,160 -  [BaseBLDC] right stroke amp is 0.07279553819434502
2023-07-05 21:59:27,160 -  [BaseBLDC] left stroke amp is -0.07279535883041288
2023-07-05 21:59:27,163 -  [BaseBLDC] right target amplitude is -0.298361801949668
2023-07-05 21:59:27,163 -  [BaseBLDC] left target amplitude is 0.298361801949668
2023-07-05 21:59:27,272 -  [BaseBLDC] right stroke amp is 0.03567982698437211
2023-07-05 21:59:27,272 -  [BaseBLDC] left stroke amp is -0.035679642752404817
2023-07-05 21:59:27,275 -  [BaseBLDC] right target amplitude is -0.335981806419460
2023-07-05 21:59:27,275 -  [BaseBLDC] left target amplitude is 0.335981806419460
2023-07-05 21:59:27,383 -  [BaseBLDC] right stroke amp is -0.0014863194216890377
2023-07-05 21:59:27,383 -  [BaseBLDC] left stroke amp is 0.0014865021647817028
2023-07-05 21:59:27,386 -  [BaseBLDC] right target amplitude is -0.373124392769437
2023-07-05 21:59:27,386 -  [BaseBLDC] left target amplitude is 0.373124392769437
2023-07-05 21:59:27,494 -  [BaseBLDC] right stroke amp is -0.038650142296519176
2023-07-05 21:59:27,494 -  [BaseBLDC] left stroke amp is 0.03865029122524723
2023-07-05 21:59:27,497 -  [BaseBLDC] right target amplitude is -0.409736782713815
2023-07-05 21:59:27,497 -  [BaseBLDC] left target amplitude is 0.409736782713815
2023-07-05 21:59:27,605 -  [BaseBLDC] right stroke amp is -0.07575882505993749
2023-07-05 21:59:27,605 -  [BaseBLDC] left stroke amp is 0.07575894037410402
2023-07-05 21:59:27,608 -  [BaseBLDC] right target amplitude is -0.445766951356874
2023-07-05 21:59:27,608 -  [BaseBLDC] left target amplitude is 0.445766951356874
2023-07-05 21:59:27,716 -  [BaseBLDC] right stroke amp is -0.11275965345919609
2023-07-05 21:59:27,716 -  [BaseBLDC] left stroke amp is 0.11275974147238099
2023-07-05 21:59:27,719 -  [BaseBLDC] right target amplitude is -0.481163701118467
2023-07-05 21:59:27,719 -  [BaseBLDC] left target amplitude is 0.481163701118467
2023-07-05 21:59:27,828 -  [BaseBLDC] right stroke amp is -0.14959999727652745
2023-07-05 21:59:27,828 -  [BaseBLDC] left stroke amp is 0.14960021380871108
2023-07-05 21:59:27,831 -  [BaseBLDC] right target amplitude is -0.515876734483956
2023-07-05 21:59:27,831 -  [BaseBLDC] left target amplitude is 0.515876734483956
2023-07-05 21:59:27,939 -  [BaseBLDC] right stroke amp is -0.1862276183267441
2023-07-05 21:59:27,939 -  [BaseBLDC] left stroke amp is 0.18622793187559028
2023-07-05 21:59:27,942 -  [BaseBLDC] right target amplitude is -0.549856725475164
2023-07-05 21:59:27,943 -  [BaseBLDC] left target amplitude is 0.549856725475164
2023-07-05 21:59:28,051 -  [BaseBLDC] right stroke amp is -0.22259048617131472
2023-07-05 21:59:28,051 -  [BaseBLDC] left stroke amp is 0.22259086495524735
2023-07-05 21:59:28,054 -  [BaseBLDC] right target amplitude is -0.583055389740840
2023-07-05 21:59:28,054 -  [BaseBLDC] left target amplitude is 0.583055389740840
2023-07-05 21:59:28,162 -  [BaseBLDC] right stroke amp is -0.25863692534385097
2023-07-05 21:59:28,162 -  [BaseBLDC] left stroke amp is 0.25863738157275984
2023-07-05 21:59:28,165 -  [BaseBLDC] right target amplitude is -0.615425553166983
2023-07-05 21:59:28,165 -  [BaseBLDC] left target amplitude is 0.615425553166983
2023-07-05 21:59:28,273 -  [BaseBLDC] right stroke amp is -0.2943157286938498
2023-07-05 21:59:28,273 -  [BaseBLDC] left stroke amp is 0.2943162732078199
2023-07-05 21:59:28,276 -  [BaseBLDC] right target amplitude is -0.646921218909578
2023-07-05 21:59:28,276 -  [BaseBLDC] left target amplitude is 0.646921218909578
2023-07-05 21:59:28,384 -  [BaseBLDC] right stroke amp is -0.3295762334604673
2023-07-05 21:59:28,384 -  [BaseBLDC] left stroke amp is 0.32957682323557286
2023-07-05 21:59:28,387 -  [BaseBLDC] right target amplitude is -0.677497632754464
2023-07-05 21:59:28,387 -  [BaseBLDC] left target amplitude is 0.677497632754464
2023-07-05 21:59:28,494 -  [BaseBLDC] right stroke amp is -0.36436832388993606
2023-07-05 21:59:28,494 -  [BaseBLDC] left stroke amp is 0.3643689662186492
2023-07-05 21:59:28,497 -  [BaseBLDC] right target amplitude is -0.707111346711471
2023-07-05 21:59:28,497 -  [BaseBLDC] left target amplitude is 0.707111346711471
2023-07-05 21:59:28,604 -  [BaseBLDC] right stroke amp is -0.398642571512087
2023-07-05 21:59:28,604 -  [BaseBLDC] left stroke amp is 0.3986432727662596
2023-07-05 21:59:28,607 -  [BaseBLDC] right target amplitude is -0.735720280752471
2023-07-05 21:59:28,607 -  [BaseBLDC] left target amplitude is 0.735720280752471
2023-07-05 21:59:28,715 -  [BaseBLDC] right stroke amp is -0.432350282727644
2023-07-05 21:59:28,715 -  [BaseBLDC] left stroke amp is 0.4323510483902168
2023-07-05 21:59:28,718 -  [BaseBLDC] right target amplitude is -0.763283782605585
2023-07-05 21:59:28,718 -  [BaseBLDC] left target amplitude is 0.763283782605585
2023-07-05 21:59:28,826 -  [BaseBLDC] right stroke amp is -0.46544359040741967
2023-07-05 21:59:28,826 -  [BaseBLDC] left stroke amp is 0.46544437483110046
2023-07-05 21:59:28,829 -  [BaseBLDC] right target amplitude is -0.789762685520621
2023-07-05 21:59:28,829 -  [BaseBLDC] left target amplitude is 0.789762685520621
2023-07-05 21:59:28,938 -  [BaseBLDC] right stroke amp is -0.4978754545014523
2023-07-05 21:59:28,938 -  [BaseBLDC] left stroke amp is 0.49787626281519803
2023-07-05 21:59:28,941 -  [BaseBLDC] right target amplitude is -0.815119363923624
2023-07-05 21:59:28,941 -  [BaseBLDC] left target amplitude is 0.815119363923624
2023-07-05 21:59:29,050 -  [BaseBLDC] right stroke amp is -0.529599797024224
2023-07-05 21:59:29,050 -  [BaseBLDC] left stroke amp is 0.5296006336019952
2023-07-05 21:59:29,053 -  [BaseBLDC] right target amplitude is -0.839317786881477
2023-07-05 21:59:29,053 -  [BaseBLDC] left target amplitude is 0.839317786881477
2023-07-05 21:59:29,161 -  [BaseBLDC] right stroke amp is -0.5605715447164228
2023-07-05 21:59:29,161 -  [BaseBLDC] left stroke amp is 0.560572413205223
2023-07-05 21:59:29,164 -  [BaseBLDC] right target amplitude is -0.862323569300577
2023-07-05 21:59:29,164 -  [BaseBLDC] left target amplitude is 0.862323569300577
2023-07-05 21:59:29,273 -  [BaseBLDC] right stroke amp is -0.5907466931501071
2023-07-05 21:59:29,273 -  [BaseBLDC] left stroke amp is 0.5907475965091107
2023-07-05 21:59:29,277 -  [BaseBLDC] right target amplitude is -0.884104020786821
2023-07-05 21:59:29,277 -  [BaseBLDC] left target amplitude is 0.884104020786821
